[2020-03-24 11:03:51,839] [basehttp.py:154] [basehttp:log_message] [INFO]- "GET /TestPlanSW/TestPlanSW-search/ HTTP/1.1" 302 0
[2020-03-24 11:03:51,866] [basehttp.py:154] [basehttp:log_message] [INFO]- "GET /login/ HTTP/1.1" 200 4677
[2020-03-24 11:03:51,899] [basehttp.py:154] [basehttp:log_message] [INFO]- "GET /static/css/bootstrap.min.css HTTP/1.1" 200 144877
[2020-03-24 11:03:52,003] [basehttp.py:154] [basehttp:log_message] [INFO]- "GET /favicon.ico HTTP/1.1" 302 0
[2020-03-24 11:03:52,006] [basehttp.py:154] [basehttp:log_message] [INFO]- "GET /login/ HTTP/1.1" 200 4677
[2020-03-24 11:03:53,602] [basehttp.py:154] [basehttp:log_message] [INFO]- "POST /login/ HTTP/1.1" 302 0
[2020-03-24 11:03:53,704] [basehttp.py:154] [basehttp:log_message] [INFO]- "GET /index/ HTTP/1.1" 200 24497
[2020-03-24 11:03:53,773] [basehttp.py:154] [basehttp:log_message] [INFO]- "GET /static/download_UPK/element-ui@2.12.0/lib/theme-chalk/index.css HTTP/1.1" 200 232694
[2020-03-24 11:03:53,786] [basehttp.py:154] [basehttp:log_message] [INFO]- "GET /static/css/lib/calendar2/pignose.calendar.min.css HTTP/1.1" 200 14709
[2020-03-24 11:03:53,792] [basehttp.py:154] [basehttp:log_message] [INFO]- "GET /static/css/lib/owl.carousel.min.css HTTP/1.1" 200 3011
[2020-03-24 11:03:53,802] [basehttp.py:154] [basehttp:log_message] [INFO]- "GET /static/css/lib/chartist/chartist.min.css HTTP/1.1" 200 11508
[2020-03-24 11:03:53,805] [basehttp.py:154] [basehttp:log_message] [INFO]- "GET /static/css/lib/themify-icons.css HTTP/1.1" 200 17551
[2020-03-24 11:03:53,812] [basehttp.py:154] [basehttp:log_message] [INFO]- "GET /static/css/lib/font-awesome.min.css HTTP/1.1" 200 38722
[2020-03-24 11:03:53,841] [basehttp.py:154] [basehttp:log_message] [INFO]- "GET /static/css/lib/weather-icons.css HTTP/1.1" 200 30752
[2020-03-24 11:03:53,849] [basehttp.py:154] [basehttp:log_message] [INFO]- "GET /static/css/lib/owl.theme.default.min.css HTTP/1.1" 200 1003
[2020-03-24 11:03:53,886] [basehttp.py:154] [basehttp:log_message] [INFO]- "GET /static/css/lib/menubar/sidebar.css HTTP/1.1" 200 17210
[2020-03-24 11:03:53,892] [basehttp.py:154] [basehttp:log_message] [INFO]- "GET /static/css/lib/helper.css HTTP/1.1" 200 55773
[2020-03-24 11:03:53,898] [basehttp.py:154] [basehttp:log_message] [INFO]- "GET /static/css/uploadbutton.css HTTP/1.1" 200 175
[2020-03-24 11:03:53,899] [basehttp.py:154] [basehttp:log_message] [INFO]- "GET /static/css/style.css HTTP/1.1" 200 91465
[2020-03-24 11:03:53,903] [log.py:228] [log:log_response] [WARNING]- Not Found: /static/jquery-3.2.1.js
[2020-03-24 11:03:53,904] [basehttp.py:154] [basehttp:log_message] [WARNING]- "GET /static/jquery-3.2.1.js HTTP/1.1" 404 77
[2020-03-24 11:03:53,961] [basehttp.py:154] [basehttp:log_message] [INFO]- "GET /static/js/lib/calendar-2/prism.min.js HTTP/1.1" 200 8822
[2020-03-24 11:03:54,108] [basehttp.py:154] [basehttp:log_message] [INFO]- "GET /static/js/lib/calendar-2/semantic.ui.min.js HTTP/1.1" 200 287763
[2020-03-24 11:03:54,216] [basehttp.py:154] [basehttp:log_message] [INFO]- "GET /static/css/admin/assets/fonts/themify.woff?-fvbane HTTP/1.1" 200 0
[2020-03-24 11:03:54,220] [basehttp.py:154] [basehttp:log_message] [INFO]- "GET /static/fonts/fontawesome-webfont.woff2?v=4.7.0 HTTP/1.1" 200 77160
[2020-03-24 11:03:54,282] [basehttp.py:154] [basehttp:log_message] [INFO]- "GET /static/css/admin/assets/fonts/themify.ttf?-fvbane HTTP/1.1" 200 0
[2020-03-24 11:03:54,358] [basehttp.py:154] [basehttp:log_message] [INFO]- "GET /favicon.ico HTTP/1.1" 200 15333
[2020-03-24 11:04:01,071] [basehttp.py:154] [basehttp:log_message] [INFO]- "GET /TestPlanSW/TestPlanSW-search/ HTTP/1.1" 200 56352
[2020-03-24 11:04:01,116] [log.py:228] [log:log_response] [WARNING]- Not Found: /static/jquery-3.2.1.js
[2020-03-24 11:04:01,123] [basehttp.py:154] [basehttp:log_message] [WARNING]- "GET /static/jquery-3.2.1.js HTTP/1.1" 404 77
[2020-03-24 11:04:01,128] [basehttp.py:154] [basehttp:log_message] [INFO]- "GET /static/css/bouncing_edit.css HTTP/1.1" 200 6053
[2020-03-24 11:04:01,129] [basehttp.py:154] [basehttp:log_message] [INFO]- "GET /static/css/bouncing.css HTTP/1.1" 200 2137
[2020-03-24 11:04:01,133] [basehttp.py:154] [basehttp:log_message] [INFO]- "GET /static/css/ElementUI.css HTTP/1.1" 200 232696
[2020-03-24 11:04:01,179] [basehttp.py:154] [basehttp:log_message] [INFO]- "GET /static/js/xlsx/FileSaver.min.js HTTP/1.1" 200 2611
[2020-03-24 11:04:01,187] [basehttp.py:154] [basehttp:log_message] [INFO]- "GET /static/js/qs.js HTTP/1.1" 200 25398
[2020-03-24 11:04:01,197] [basehttp.py:154] [basehttp:log_message] [INFO]- "GET /static/js/axios.min.js HTTP/1.1" 200 13696
[2020-03-24 11:04:01,217] [basehttp.py:154] [basehttp:log_message] [INFO]- "GET /static/js/Element/table.js HTTP/1.1" 200 28389
[2020-03-24 11:04:01,217] [basehttp.py:154] [basehttp:log_message] [INFO]- "GET /static/js/Element/main.js HTTP/1.1" 200 8726
[2020-03-24 11:04:01,232] [basehttp.py:154] [basehttp:log_message] [INFO]- "GET /static/js/Element/input.js HTTP/1.1" 200 29207
[2020-03-24 11:04:01,234] [basehttp.py:154] [basehttp:log_message] [INFO]- "GET /static/js/es6/polyfill.min.js HTTP/1.1" 200 97799
[2020-03-24 11:04:01,236] [basehttp.py:154] [basehttp:log_message] [INFO]- "GET /static/js/vue.min.js HTTP/1.1" 200 93675
[2020-03-24 11:04:01,279] [basehttp.py:154] [basehttp:log_message] [INFO]- "GET /static/js/Element/icon.js HTTP/1.1" 200 8700
[2020-03-24 11:04:01,281] [basehttp.py:154] [basehttp:log_message] [INFO]- "GET /static/js/Element/table-column.js HTTP/1.1" 200 28341
[2020-03-24 11:04:01,324] [basehttp.py:154] [basehttp:log_message] [INFO]- "GET /static/js/Element/dialog.js HTTP/1.1" 200 11942
[2020-03-24 11:04:01,331] [basehttp.py:154] [basehttp:log_message] [INFO]- "GET /static/js/Element/message.js HTTP/1.1" 200 11022
[2020-03-24 11:04:01,361] [basehttp.py:154] [basehttp:log_message] [INFO]- "GET /static/js/Element/tooltip.js HTTP/1.1" 200 8439
[2020-03-24 11:04:01,379] [basehttp.py:154] [basehttp:log_message] [INFO]- "GET /static/js/Element/date-picker.js HTTP/1.1" 200 186049
[2020-03-24 11:04:01,387] [basehttp.py:154] [basehttp:log_message] [INFO]- "GET /static/js/Element/pagination.js HTTP/1.1" 200 22168
[2020-03-24 11:04:01,582] [basehttp.py:154] [basehttp:log_message] [INFO]- "GET /static/js/es6/babel.min.js HTTP/1.1" 200 791258
[2020-03-24 11:04:01,591] [basehttp.py:154] [basehttp:log_message] [INFO]- "GET /static/js/Element/index.js HTTP/1.1" 200 563790
[2020-03-24 11:04:02,136] [basehttp.py:154] [basehttp:log_message] [INFO]- "GET /TestPlanSW/TestPlanSW-search/?action=first HTTP/1.1" 200 120
[2020-03-24 11:04:02,223] [basehttp.py:154] [basehttp:log_message] [INFO]- "GET /static/css/fonts/element-icons.ttf HTTP/1.1" 200 55956
[2020-03-24 11:04:02,282] [basehttp.py:154] [basehttp:log_message] [INFO]- "GET /favicon.ico HTTP/1.1" 200 15333
[2020-03-24 11:04:06,316] [basehttp.py:154] [basehttp:log_message] [INFO]- "GET /TestPlanSW/TestPlanSW-search/?action=getCategory&customer=C38(NB)&project=EL4C2&phase=2 HTTP/1.1" 200 642
[2020-03-24 11:04:11,571] [log.py:228] [log:log_response] [ERROR]- Internal Server Error: /TestPlanSW/TestPlanSW-search/
Traceback (most recent call last):
  File "C:\Python372\mecheck\lib\site-packages\django\core\handlers\exception.py", line 34, in inner
    response = get_response(request)
  File "C:\Python372\mecheck\lib\site-packages\django\core\handlers\base.py", line 126, in _get_response
    response = self.process_exception_by_middleware(e, request)
  File "C:\Python372\mecheck\lib\site-packages\django\core\handlers\base.py", line 124, in _get_response
    response = wrapped_callback(request, *callback_args, **callback_kwargs)
  File "C:\djangoproject\Reliability_Row_data\TestPlanSW\views.py", line 1943, in TestPlanSW_search
    i['BTS'] = TestPlanSW.objects.filter(Items=CategoryItemSum,Projectinfo=ProjectSum).aggregate(Sum('BaseTime'))['BaseTime__sum']
  File "C:\Python372\mecheck\lib\site-packages\django\db\models\query.py", line 367, in aggregate
    query.add_annotation(aggregate_expr, alias, is_summary=True)
  File "C:\Python372\mecheck\lib\site-packages\django\db\models\sql\query.py", line 988, in add_annotation
    summarize=is_summary)
  File "C:\Python372\mecheck\lib\site-packages\django\db\models\aggregates.py", line 39, in resolve_expression
    c = super().resolve_expression(query, allow_joins, reuse, summarize)
  File "C:\Python372\mecheck\lib\site-packages\django\db\models\expressions.py", line 597, in resolve_expression
    c.source_expressions[pos] = arg.resolve_expression(query, allow_joins, reuse, summarize, for_save)
  File "C:\Python372\mecheck\lib\site-packages\django\db\models\expressions.py", line 509, in resolve_expression
    return query.resolve_ref(self.name, allow_joins, reuse, summarize)
  File "C:\Python372\mecheck\lib\site-packages\django\db\models\sql\query.py", line 1570, in resolve_ref
    join_info = self.setup_joins(field_list, self.get_meta(), self.get_initial_alias(), can_reuse=reuse)
  File "C:\Python372\mecheck\lib\site-packages\django\db\models\sql\query.py", line 1473, in setup_joins
    names[:pivot], opts, allow_many, fail_on_missing=True,
  File "C:\Python372\mecheck\lib\site-packages\django\db\models\sql\query.py", line 1389, in names_to_path
    "Choices are: %s" % (name, ", ".join(available)))
django.core.exceptions.FieldError: Cannot resolve keyword 'BaseTime' into field. Choices are: AttendTimeOptimize, BaseTimeSupport, CommentsLeverage, CommentsSmart, ConfigAutomationItem, ConfigAutomationTime, ConfigLeverageItem, ConfigLeverageTime, ConfigRetestCycle, ConfigRetestSKU, ConfigRetestTime, ConfigSmartItem, ConfigSmartItemPer, ConfigSmartTime, FeatureSupport, Items, Items_id, ProjectTestSKUOptimize, ProjectTestSKUfollowMatrix, Projectinfo, Projectinfo_id, SKU1, SKU10, SKU11, SKU12, SKU13, SKU14, SKU15, SKU16, SKU17, SKU18, SKU19, SKU2, SKU20, SKU3, SKU4, SKU5, SKU6, SKU7, SKU8, SKU9, Schedule, TE, TimewConfigFollowmatrix, edit_time, editor, id
[2020-03-24 11:04:11,632] [basehttp.py:154] [basehttp:log_message] [ERROR]- "GET /TestPlanSW/TestPlanSW-search/?action=getContent&customer=C38(NB)&project=EL4C2&phase=2&category=Others%20(Project%20Leader%20update)(1.%20Base%20on%20Golden%20BIOS/Image%27s%20change%20list)(2.%20Retest%20for%20w/o%20solution%E2%80%99s%20issue%20)%20for%20full%20function%20test HTTP/1.1" 500 27
[2020-03-24 11:05:16,682] [basehttp.py:154] [basehttp:log_message] [INFO]- "GET /TestPlanSW/TestPlanSW-search/ HTTP/1.1" 200 56352
[2020-03-24 11:05:16,740] [log.py:228] [log:log_response] [WARNING]- Not Found: /static/jquery-3.2.1.js
[2020-03-24 11:05:16,741] [basehttp.py:154] [basehttp:log_message] [WARNING]- "GET /static/jquery-3.2.1.js HTTP/1.1" 404 77
[2020-03-24 11:05:17,859] [basehttp.py:154] [basehttp:log_message] [INFO]- "GET /TestPlanSW/TestPlanSW-search/?action=first HTTP/1.1" 200 120
[2020-03-24 11:05:18,067] [basehttp.py:154] [basehttp:log_message] [INFO]- "GET /favicon.ico HTTP/1.1" 200 15333
[2020-03-24 11:05:22,175] [basehttp.py:154] [basehttp:log_message] [INFO]- "GET /TestPlanSW/TestPlanSW-search/?action=getCategory&customer=C38(NB)&project=EL4C2&phase=2 HTTP/1.1" 200 642
[2020-03-24 11:05:26,843] [log.py:228] [log:log_response] [ERROR]- Internal Server Error: /TestPlanSW/TestPlanSW-search/
Traceback (most recent call last):
  File "C:\Python372\mecheck\lib\site-packages\django\core\handlers\exception.py", line 34, in inner
    response = get_response(request)
  File "C:\Python372\mecheck\lib\site-packages\django\core\handlers\base.py", line 126, in _get_response
    response = self.process_exception_by_middleware(e, request)
  File "C:\Python372\mecheck\lib\site-packages\django\core\handlers\base.py", line 124, in _get_response
    response = wrapped_callback(request, *callback_args, **callback_kwargs)
  File "C:\djangoproject\Reliability_Row_data\TestPlanSW\views.py", line 1943, in TestPlanSW_search
    i['BTS'] = TestPlanSW.objects.filter(Items=CategoryItemSum,Projectinfo=ProjectSum).aggregate(Sum('BaseTimeSupport'))['BaseTimeSupport__sum']
  File "C:\Python372\mecheck\lib\site-packages\django\db\models\query.py", line 370, in aggregate
    return query.get_aggregation(self.db, kwargs)
  File "C:\Python372\mecheck\lib\site-packages\django\db\models\sql\query.py", line 483, in get_aggregation
    result = compiler.execute_sql(SINGLE)
  File "C:\Python372\mecheck\lib\site-packages\django\db\models\sql\compiler.py", line 1052, in execute_sql
    sql, params = self.as_sql()
  File "C:\Python372\mecheck\lib\site-packages\django\db\models\sql\compiler.py", line 464, in as_sql
    where, w_params = self.compile(self.where) if self.where is not None else ("", [])
  File "C:\Python372\mecheck\lib\site-packages\django\db\models\sql\compiler.py", line 390, in compile
    sql, params = node.as_sql(self, self.connection)
  File "C:\Python372\mecheck\lib\site-packages\django\db\models\sql\where.py", line 81, in as_sql
    sql, params = compiler.compile(child)
  File "C:\Python372\mecheck\lib\site-packages\django\db\models\sql\compiler.py", line 390, in compile
    sql, params = node.as_sql(self, self.connection)
  File "C:\Python372\mecheck\lib\site-packages\django\db\models\fields\related_lookups.py", line 130, in as_sql
    return super().as_sql(compiler, connection)
  File "C:\Python372\mecheck\lib\site-packages\django\db\models\lookups.py", line 163, in as_sql
    rhs_sql, rhs_params = self.process_rhs(compiler, connection)
  File "C:\Python372\mecheck\lib\site-packages\django\db\models\lookups.py", line 257, in process_rhs
    'The QuerySet value for an exact lookup must be limited to '
ValueError: The QuerySet value for an exact lookup must be limited to one result using slicing.
[2020-03-24 11:05:26,888] [basehttp.py:154] [basehttp:log_message] [ERROR]- "GET /TestPlanSW/TestPlanSW-search/?action=getContent&customer=C38(NB)&project=EL4C2&phase=2&category=Others%20(Project%20Leader%20update)(1.%20Base%20on%20Golden%20BIOS/Image%27s%20change%20list)(2.%20Retest%20for%20w/o%20solution%E2%80%99s%20issue%20)%20for%20full%20function%20test HTTP/1.1" 500 27
[2020-03-24 11:23:56,686] [basehttp.py:154] [basehttp:log_message] [INFO]- "GET /TestPlanSW/TestPlanSW-search/ HTTP/1.1" 200 56352
[2020-03-24 11:23:56,732] [log.py:228] [log:log_response] [WARNING]- Not Found: /static/jquery-3.2.1.js
[2020-03-24 11:23:56,732] [basehttp.py:154] [basehttp:log_message] [WARNING]- "GET /static/jquery-3.2.1.js HTTP/1.1" 404 77
[2020-03-24 11:23:57,559] [basehttp.py:154] [basehttp:log_message] [INFO]- "GET /TestPlanSW/TestPlanSW-search/?action=first HTTP/1.1" 200 120
[2020-03-24 11:23:57,767] [basehttp.py:154] [basehttp:log_message] [INFO]- "GET /favicon.ico HTTP/1.1" 200 15333
[2020-03-24 11:24:01,805] [basehttp.py:154] [basehttp:log_message] [INFO]- "GET /TestPlanSW/TestPlanSW-search/?action=getCategory&customer=C38(NB)&project=EL4C2&phase=2 HTTP/1.1" 200 642
[2020-03-24 11:24:12,071] [log.py:228] [log:log_response] [ERROR]- Internal Server Error: /TestPlanSW/TestPlanSW-search/
Traceback (most recent call last):
  File "C:\Python372\mecheck\lib\site-packages\django\core\handlers\exception.py", line 34, in inner
    response = get_response(request)
  File "C:\Python372\mecheck\lib\site-packages\django\core\handlers\base.py", line 126, in _get_response
    response = self.process_exception_by_middleware(e, request)
  File "C:\Python372\mecheck\lib\site-packages\django\core\handlers\base.py", line 124, in _get_response
    response = wrapped_callback(request, *callback_args, **callback_kwargs)
  File "C:\djangoproject\Reliability_Row_data\TestPlanSW\views.py", line 1944, in TestPlanSW_search
    i['BTS'] = TestPlanSW.objects.filter(Q(Items__Customer=Customer) & Q(Items__Phase=Phase) & Q(Items__Category2=i['category']) & Q(Projectinfo__Projrct=Project) & Q(Projectinfo__Phase=Phase)).aggregate(Sum('BaseTimeSupport'))['BaseTimeSupport__sum']
  File "C:\Python372\mecheck\lib\site-packages\django\db\models\manager.py", line 82, in manager_method
    return getattr(self.get_queryset(), name)(*args, **kwargs)
  File "C:\Python372\mecheck\lib\site-packages\django\db\models\query.py", line 844, in filter
    return self._filter_or_exclude(False, *args, **kwargs)
  File "C:\Python372\mecheck\lib\site-packages\django\db\models\query.py", line 862, in _filter_or_exclude
    clone.query.add_q(Q(*args, **kwargs))
  File "C:\Python372\mecheck\lib\site-packages\django\db\models\sql\query.py", line 1263, in add_q
    clause, _ = self._add_q(q_object, self.used_aliases)
  File "C:\Python372\mecheck\lib\site-packages\django\db\models\sql\query.py", line 1281, in _add_q
    current_negated, allow_joins, split_subq)
  File "C:\Python372\mecheck\lib\site-packages\django\db\models\sql\query.py", line 1287, in _add_q
    split_subq=split_subq,
  File "C:\Python372\mecheck\lib\site-packages\django\db\models\sql\query.py", line 1225, in build_filter
    condition = self.build_lookup(lookups, col, value)
  File "C:\Python372\mecheck\lib\site-packages\django\db\models\sql\query.py", line 1087, in build_lookup
    raise FieldError('Related Field got invalid lookup: {}'.format(lookup_name))
django.core.exceptions.FieldError: Related Field got invalid lookup: Projrct
[2020-03-24 11:24:12,081] [basehttp.py:154] [basehttp:log_message] [ERROR]- "GET /TestPlanSW/TestPlanSW-search/?action=getContent&customer=C38(NB)&project=EL4C2&phase=2&category=Others%20(Project%20Leader%20update)(1.%20Base%20on%20Golden%20BIOS/Image%27s%20change%20list)(2.%20Retest%20for%20w/o%20solution%E2%80%99s%20issue%20)%20for%20full%20function%20test HTTP/1.1" 500 27
[2020-03-24 11:24:44,477] [basehttp.py:154] [basehttp:log_message] [INFO]- "GET /TestPlanSW/TestPlanSW-search/ HTTP/1.1" 200 56352
[2020-03-24 11:24:44,542] [log.py:228] [log:log_response] [WARNING]- Not Found: /static/jquery-3.2.1.js
[2020-03-24 11:24:44,544] [basehttp.py:154] [basehttp:log_message] [WARNING]- "GET /static/jquery-3.2.1.js HTTP/1.1" 404 77
[2020-03-24 11:24:44,548] [basehttp.py:154] [basehttp:log_message] [INFO]- "GET /static/css/bootstrap.min.css HTTP/1.1" 200 144877
[2020-03-24 11:24:45,486] [basehttp.py:154] [basehttp:log_message] [INFO]- "GET /TestPlanSW/TestPlanSW-search/?action=first HTTP/1.1" 200 120
[2020-03-24 11:24:45,614] [basehttp.py:154] [basehttp:log_message] [INFO]- "GET /favicon.ico HTTP/1.1" 200 15333
[2020-03-24 11:24:49,097] [basehttp.py:154] [basehttp:log_message] [INFO]- "GET /TestPlanSW/TestPlanSW-search/?action=getCategory&customer=C38(NB)&project=EL4C2&phase=2 HTTP/1.1" 200 642
[2020-03-24 11:25:06,749] [basehttp.py:154] [basehttp:log_message] [INFO]- "GET /TestPlanSW/TestPlanSW-search/?action=getContent&customer=C38(NB)&project=EL4C2&phase=2&category=Others%20(Project%20Leader%20update)(1.%20Base%20on%20Golden%20BIOS/Image%27s%20change%20list)(2.%20Retest%20for%20w/o%20solution%E2%80%99s%20issue%20)%20for%20full%20function%20test HTTP/1.1" 200 3155
[2020-03-24 11:58:38,866] [basehttp.py:154] [basehttp:log_message] [INFO]- "GET /TestPlanSW/TestPlanSW-search/ HTTP/1.1" 200 56352
[2020-03-24 11:58:38,919] [log.py:228] [log:log_response] [WARNING]- Not Found: /static/jquery-3.2.1.js
[2020-03-24 11:58:38,920] [basehttp.py:154] [basehttp:log_message] [WARNING]- "GET /static/jquery-3.2.1.js HTTP/1.1" 404 77
[2020-03-24 11:58:39,904] [basehttp.py:154] [basehttp:log_message] [INFO]- "GET /TestPlanSW/TestPlanSW-search/?action=first HTTP/1.1" 200 120
[2020-03-24 11:58:40,076] [basehttp.py:154] [basehttp:log_message] [INFO]- "GET /favicon.ico HTTP/1.1" 200 15333
[2020-03-24 11:58:45,164] [basehttp.py:154] [basehttp:log_message] [INFO]- "GET /TestPlanSW/TestPlanSW-search/?action=getCategory&customer=C38(NB)&project=EL4C2&phase=2 HTTP/1.1" 200 642
[2020-03-24 11:58:49,388] [log.py:228] [log:log_response] [ERROR]- Internal Server Error: /TestPlanSW/TestPlanSW-search/
Traceback (most recent call last):
  File "C:\Python372\mecheck\lib\site-packages\django\core\handlers\exception.py", line 34, in inner
    response = get_response(request)
  File "C:\Python372\mecheck\lib\site-packages\django\core\handlers\base.py", line 126, in _get_response
    response = self.process_exception_by_middleware(e, request)
  File "C:\Python372\mecheck\lib\site-packages\django\core\handlers\base.py", line 124, in _get_response
    response = wrapped_callback(request, *callback_args, **callback_kwargs)
  File "C:\djangoproject\Reliability_Row_data\TestPlanSW\views.py", line 1943, in TestPlanSW_search
    i['BTS'] = TestPlanSW.objects.filter(Q(Items=CategoryItemSum)&Q(Projectinfo=ProjectSum)).aggregate(Sum('BaseTimeSupport'))['BaseTimeSupport__sum']
  File "C:\Python372\mecheck\lib\site-packages\django\db\models\query.py", line 370, in aggregate
    return query.get_aggregation(self.db, kwargs)
  File "C:\Python372\mecheck\lib\site-packages\django\db\models\sql\query.py", line 483, in get_aggregation
    result = compiler.execute_sql(SINGLE)
  File "C:\Python372\mecheck\lib\site-packages\django\db\models\sql\compiler.py", line 1052, in execute_sql
    sql, params = self.as_sql()
  File "C:\Python372\mecheck\lib\site-packages\django\db\models\sql\compiler.py", line 464, in as_sql
    where, w_params = self.compile(self.where) if self.where is not None else ("", [])
  File "C:\Python372\mecheck\lib\site-packages\django\db\models\sql\compiler.py", line 390, in compile
    sql, params = node.as_sql(self, self.connection)
  File "C:\Python372\mecheck\lib\site-packages\django\db\models\sql\where.py", line 81, in as_sql
    sql, params = compiler.compile(child)
  File "C:\Python372\mecheck\lib\site-packages\django\db\models\sql\compiler.py", line 390, in compile
    sql, params = node.as_sql(self, self.connection)
  File "C:\Python372\mecheck\lib\site-packages\django\db\models\fields\related_lookups.py", line 130, in as_sql
    return super().as_sql(compiler, connection)
  File "C:\Python372\mecheck\lib\site-packages\django\db\models\lookups.py", line 163, in as_sql
    rhs_sql, rhs_params = self.process_rhs(compiler, connection)
  File "C:\Python372\mecheck\lib\site-packages\django\db\models\lookups.py", line 257, in process_rhs
    'The QuerySet value for an exact lookup must be limited to '
ValueError: The QuerySet value for an exact lookup must be limited to one result using slicing.
[2020-03-24 11:58:49,394] [basehttp.py:154] [basehttp:log_message] [ERROR]- "GET /TestPlanSW/TestPlanSW-search/?action=getContent&customer=C38(NB)&project=EL4C2&phase=2&category=Others%20(Project%20Leader%20update)(1.%20Base%20on%20Golden%20BIOS/Image%27s%20change%20list)(2.%20Retest%20for%20w/o%20solution%E2%80%99s%20issue%20)%20for%20full%20function%20test HTTP/1.1" 500 27
[2020-03-24 12:02:04,472] [basehttp.py:154] [basehttp:log_message] [INFO]- "GET /TestPlanSW/TestPlanSW-search/ HTTP/1.1" 200 56352
[2020-03-24 12:02:04,568] [log.py:228] [log:log_response] [WARNING]- Not Found: /static/jquery-3.2.1.js
[2020-03-24 12:02:04,569] [basehttp.py:154] [basehttp:log_message] [WARNING]- "GET /static/jquery-3.2.1.js HTTP/1.1" 404 77
[2020-03-24 12:02:05,590] [basehttp.py:154] [basehttp:log_message] [INFO]- "GET /TestPlanSW/TestPlanSW-search/?action=first HTTP/1.1" 200 120
[2020-03-24 12:02:05,756] [basehttp.py:154] [basehttp:log_message] [INFO]- "GET /favicon.ico HTTP/1.1" 200 15333
[2020-03-24 12:02:09,404] [basehttp.py:154] [basehttp:log_message] [INFO]- "GET /TestPlanSW/TestPlanSW-search/?action=getCategory&customer=C38(NB)&project=EL4C2&phase=2 HTTP/1.1" 200 642
[2020-03-24 12:02:27,569] [basehttp.py:154] [basehttp:log_message] [INFO]- "GET /TestPlanSW/TestPlanSW-search/?action=getContent&customer=C38(NB)&project=EL4C2&phase=2&category=Others%20(Project%20Leader%20update)(1.%20Base%20on%20Golden%20BIOS/Image%27s%20change%20list)(2.%20Retest%20for%20w/o%20solution%E2%80%99s%20issue%20)%20for%20full%20function%20test HTTP/1.1" 200 3155
[2020-03-24 12:07:48,427] [basehttp.py:154] [basehttp:log_message] [INFO]- "GET /TestPlanSW/TestPlanSW-search/ HTTP/1.1" 200 56352
[2020-03-24 12:07:48,501] [log.py:228] [log:log_response] [WARNING]- Not Found: /static/jquery-3.2.1.js
[2020-03-24 12:07:48,503] [basehttp.py:154] [basehttp:log_message] [WARNING]- "GET /static/jquery-3.2.1.js HTTP/1.1" 404 77
[2020-03-24 12:07:49,171] [basehttp.py:154] [basehttp:log_message] [INFO]- "GET /TestPlanSW/TestPlanSW-search/?action=first HTTP/1.1" 200 120
[2020-03-24 12:07:49,355] [basehttp.py:154] [basehttp:log_message] [INFO]- "GET /favicon.ico HTTP/1.1" 200 15333
[2020-03-24 12:07:53,991] [basehttp.py:154] [basehttp:log_message] [INFO]- "GET /TestPlanSW/TestPlanSW-search/?action=getCategory&customer=C38(NB)&project=EL4C2&phase=2 HTTP/1.1" 200 642
[2020-03-24 12:08:14,504] [basehttp.py:154] [basehttp:log_message] [INFO]- "GET /TestPlanSW/TestPlanSW-search/?action=getContent&customer=C38(NB)&project=EL4C2&phase=2&category=Others%20(Project%20Leader%20update)(1.%20Base%20on%20Golden%20BIOS/Image%27s%20change%20list)(2.%20Retest%20for%20w/o%20solution%E2%80%99s%20issue%20)%20for%20full%20function%20test HTTP/1.1" 200 3155
[2020-03-24 13:33:48,241] [basehttp.py:154] [basehttp:log_message] [INFO]- "GET /TestPlanSW/TestPlanSW-search/ HTTP/1.1" 200 56352
[2020-03-24 13:33:48,300] [log.py:228] [log:log_response] [WARNING]- Not Found: /static/jquery-3.2.1.js
[2020-03-24 13:33:48,301] [basehttp.py:154] [basehttp:log_message] [WARNING]- "GET /static/jquery-3.2.1.js HTTP/1.1" 404 77
[2020-03-24 13:33:49,065] [basehttp.py:154] [basehttp:log_message] [INFO]- "GET /TestPlanSW/TestPlanSW-search/?action=first HTTP/1.1" 200 120
[2020-03-24 13:33:49,244] [basehttp.py:154] [basehttp:log_message] [INFO]- "GET /favicon.ico HTTP/1.1" 200 15333
[2020-03-24 13:33:53,622] [basehttp.py:154] [basehttp:log_message] [INFO]- "GET /TestPlanSW/TestPlanSW-search/?action=getCategory&customer=C38(NB)&project=EL4C2&phase=2 HTTP/1.1" 200 642
[2020-03-24 13:34:11,176] [basehttp.py:154] [basehttp:log_message] [INFO]- "GET /TestPlanSW/TestPlanSW-search/?action=getContent&customer=C38(NB)&project=EL4C2&phase=2&category=Others%20(Project%20Leader%20update)(1.%20Base%20on%20Golden%20BIOS/Image%27s%20change%20list)(2.%20Retest%20for%20w/o%20solution%E2%80%99s%20issue%20)%20for%20full%20function%20test HTTP/1.1" 200 2960
[2020-03-24 13:34:36,634] [basehttp.py:154] [basehttp:log_message] [INFO]- "GET /TestPlanSW/TestPlanSW-search/ HTTP/1.1" 200 56352
[2020-03-24 13:34:36,681] [log.py:228] [log:log_response] [WARNING]- Not Found: /static/jquery-3.2.1.js
[2020-03-24 13:34:36,682] [basehttp.py:154] [basehttp:log_message] [WARNING]- "GET /static/jquery-3.2.1.js HTTP/1.1" 404 77
[2020-03-24 13:34:37,423] [basehttp.py:154] [basehttp:log_message] [INFO]- "GET /TestPlanSW/TestPlanSW-search/?action=first HTTP/1.1" 200 120
[2020-03-24 13:34:37,601] [basehttp.py:154] [basehttp:log_message] [INFO]- "GET /favicon.ico HTTP/1.1" 200 15333
[2020-03-24 13:34:42,531] [basehttp.py:154] [basehttp:log_message] [INFO]- "GET /TestPlanSW/TestPlanSW-search/?action=getCategory&customer=C38(NB)&project=EL4C2&phase=2 HTTP/1.1" 200 642
[2020-03-24 13:35:01,444] [log.py:228] [log:log_response] [ERROR]- Internal Server Error: /TestPlanSW/TestPlanSW-search/
Traceback (most recent call last):
  File "C:\Python372\mecheck\lib\site-packages\django\core\handlers\exception.py", line 34, in inner
    response = get_response(request)
  File "C:\Python372\mecheck\lib\site-packages\django\core\handlers\base.py", line 126, in _get_response
    response = self.process_exception_by_middleware(e, request)
  File "C:\Python372\mecheck\lib\site-packages\django\core\handlers\base.py", line 124, in _get_response
    response = wrapped_callback(request, *callback_args, **callback_kwargs)
  File "C:\djangoproject\Reliability_Row_data\TestPlanSW\views.py", line 2223, in TestPlanSW_search
    return HttpResponse(json.dumps(updateData), content_type="application/json")
  File "C:\Python372\lib\json\__init__.py", line 231, in dumps
    return _default_encoder.encode(obj)
  File "C:\Python372\lib\json\encoder.py", line 199, in encode
    chunks = self.iterencode(o, _one_shot=True)
  File "C:\Python372\lib\json\encoder.py", line 257, in iterencode
    return _iterencode(o, 0)
  File "C:\Python372\lib\json\encoder.py", line 179, in default
    raise TypeError(f'Object of type {o.__class__.__name__} '
TypeError: Object of type QuerySet is not JSON serializable
[2020-03-24 13:35:01,473] [basehttp.py:154] [basehttp:log_message] [ERROR]- "GET /TestPlanSW/TestPlanSW-search/?action=getContent&customer=C38(NB)&project=EL4C2&phase=2&category=Others%20(Project%20Leader%20update)(1.%20Base%20on%20Golden%20BIOS/Image%27s%20change%20list)(2.%20Retest%20for%20w/o%20solution%E2%80%99s%20issue%20)%20for%20full%20function%20test HTTP/1.1" 500 27
[2020-03-24 13:35:34,138] [basehttp.py:154] [basehttp:log_message] [INFO]- "GET /TestPlanSW/TestPlanSW-search/ HTTP/1.1" 200 56352
[2020-03-24 13:35:34,197] [log.py:228] [log:log_response] [WARNING]- Not Found: /static/jquery-3.2.1.js
[2020-03-24 13:35:34,197] [basehttp.py:154] [basehttp:log_message] [WARNING]- "GET /static/jquery-3.2.1.js HTTP/1.1" 404 77
[2020-03-24 13:35:34,976] [basehttp.py:154] [basehttp:log_message] [INFO]- "GET /TestPlanSW/TestPlanSW-search/?action=first HTTP/1.1" 200 120
[2020-03-24 13:35:35,165] [basehttp.py:154] [basehttp:log_message] [INFO]- "GET /favicon.ico HTTP/1.1" 200 15333
[2020-03-24 13:35:40,893] [basehttp.py:154] [basehttp:log_message] [INFO]- "GET /TestPlanSW/TestPlanSW-search/?action=getCategory&customer=C38(NB)&project=EL4C2&phase=2 HTTP/1.1" 200 642
[2020-03-24 13:35:58,931] [basehttp.py:154] [basehttp:log_message] [INFO]- "GET /TestPlanSW/TestPlanSW-search/?action=getContent&customer=C38(NB)&project=EL4C2&phase=2&category=Others%20(Project%20Leader%20update)(1.%20Base%20on%20Golden%20BIOS/Image%27s%20change%20list)(2.%20Retest%20for%20w/o%20solution%E2%80%99s%20issue%20)%20for%20full%20function%20test HTTP/1.1" 200 2960
[2020-03-24 13:41:29,933] [basehttp.py:154] [basehttp:log_message] [INFO]- "GET /TestPlanSW/TestPlanSW-search/ HTTP/1.1" 200 56352
[2020-03-24 13:41:29,968] [log.py:228] [log:log_response] [WARNING]- Not Found: /static/jquery-3.2.1.js
[2020-03-24 13:41:29,968] [basehttp.py:154] [basehttp:log_message] [WARNING]- "GET /static/jquery-3.2.1.js HTTP/1.1" 404 77
[2020-03-24 13:41:30,600] [basehttp.py:154] [basehttp:log_message] [INFO]- "GET /TestPlanSW/TestPlanSW-search/?action=first HTTP/1.1" 200 120
[2020-03-24 13:41:30,749] [basehttp.py:154] [basehttp:log_message] [INFO]- "GET /favicon.ico HTTP/1.1" 200 15333
[2020-03-24 13:41:35,907] [basehttp.py:154] [basehttp:log_message] [INFO]- "GET /TestPlanSW/TestPlanSW-search/?action=getCategory&customer=C38(NB)&project=EL4C2&phase=2 HTTP/1.1" 200 642
[2020-03-24 13:41:54,913] [basehttp.py:154] [basehttp:log_message] [INFO]- "GET /TestPlanSW/TestPlanSW-search/?action=getContent&customer=C38(NB)&project=EL4C2&phase=2&category=Others%20(Project%20Leader%20update)(1.%20Base%20on%20Golden%20BIOS/Image%27s%20change%20list)(2.%20Retest%20for%20w/o%20solution%E2%80%99s%20issue%20)%20for%20full%20function%20test HTTP/1.1" 200 2960
[2020-03-24 13:44:00,142] [basehttp.py:154] [basehttp:log_message] [INFO]- "GET /TestPlanSW/TestPlanSW-search/ HTTP/1.1" 200 56352
[2020-03-24 13:44:00,185] [log.py:228] [log:log_response] [WARNING]- Not Found: /static/jquery-3.2.1.js
[2020-03-24 13:44:00,185] [basehttp.py:154] [basehttp:log_message] [WARNING]- "GET /static/jquery-3.2.1.js HTTP/1.1" 404 77
[2020-03-24 13:44:01,044] [basehttp.py:154] [basehttp:log_message] [INFO]- "GET /TestPlanSW/TestPlanSW-search/?action=first HTTP/1.1" 200 120
[2020-03-24 13:44:01,261] [basehttp.py:154] [basehttp:log_message] [INFO]- "GET /favicon.ico HTTP/1.1" 200 15333
[2020-03-24 13:44:05,300] [basehttp.py:154] [basehttp:log_message] [INFO]- "GET /TestPlanSW/TestPlanSW-search/?action=getCategory&customer=C38(NB)&project=EL4C2&phase=2 HTTP/1.1" 200 642
[2020-03-24 13:44:23,807] [basehttp.py:154] [basehttp:log_message] [INFO]- "GET /TestPlanSW/TestPlanSW-search/?action=getContent&customer=C38(NB)&project=EL4C2&phase=2&category=Others%20(Project%20Leader%20update)(1.%20Base%20on%20Golden%20BIOS/Image%27s%20change%20list)(2.%20Retest%20for%20w/o%20solution%E2%80%99s%20issue%20)%20for%20full%20function%20test HTTP/1.1" 200 2960
[2020-03-24 13:45:37,399] [basehttp.py:154] [basehttp:log_message] [INFO]- "GET /TestPlanSW/TestPlanSW-search/?action=getContent&customer=C38(NB)&project=EL4C2&phase=2&category=Others%20(Project%20Leader%20update)(1.%20Base%20on%20Golden%20BIOS/Image%27s%20change%20list)(2.%20Retest%20for%20w/o%20solution%E2%80%99s%20issue%20)%20for%20full%20function%20test HTTP/1.1" 200 2960
[2020-03-24 13:46:57,427] [basehttp.py:154] [basehttp:log_message] [INFO]- "GET /TestPlanSW/TestPlanSW-search/?action=getContent&customer=C38(NB)&project=EL4C2&phase=2&category=Others%20(Project%20Leader%20update)(1.%20Base%20on%20Golden%20BIOS/Image%27s%20change%20list)(2.%20Retest%20for%20w/o%20solution%E2%80%99s%20issue%20)%20for%20full%20function%20test HTTP/1.1" 200 2960
[2020-03-24 13:47:24,519] [basehttp.py:154] [basehttp:log_message] [INFO]- "GET /TestPlanSW/TestPlanSW-search/?action=getContent&customer=C38(NB)&project=EL4C2&phase=2&category=Basic HTTP/1.1" 200 196536
[2020-03-24 13:49:32,981] [basehttp.py:154] [basehttp:log_message] [INFO]- "GET /TestPlanSW/TestPlanSW-search/?action=getContent&customer=C38(NB)&project=EL4C2&phase=2&category=Others%20(Project%20Leader%20update)(1.%20Base%20on%20Golden%20BIOS/Image%27s%20change%20list)(2.%20Retest%20for%20w/o%20solution%E2%80%99s%20issue%20)%20for%20full%20function%20test HTTP/1.1" 200 3140
[2020-03-24 14:07:41,349] [basehttp.py:154] [basehttp:log_message] [INFO]- "GET /TestPlanSW/TestPlanSW-search/?action=getContent&customer=C38(NB)&project=EL4C2&phase=2&category=Others%20(Project%20Leader%20update)(1.%20Base%20on%20Golden%20BIOS/Image%27s%20change%20list)(2.%20Retest%20for%20w/o%20solution%E2%80%99s%20issue%20)%20for%20full%20function%20test HTTP/1.1" 200 3140
[2020-03-24 14:19:17,197] [basehttp.py:154] [basehttp:log_message] [INFO]- "GET /TestPlanSW/TestPlanSW-search/?action=getContent&customer=C38(NB)&project=EL4C2&phase=2&category=Others%20(Project%20Leader%20update)(1.%20Base%20on%20Golden%20BIOS/Image%27s%20change%20list)(2.%20Retest%20for%20w/o%20solution%E2%80%99s%20issue%20)%20for%20full%20function%20test HTTP/1.1" 200 3140
[2020-03-24 14:35:35,451] [basehttp.py:154] [basehttp:log_message] [INFO]- "GET /TestPlanSW/TestPlanSW-search/?action=getContent&customer=C38(NB)&project=EL4C2&phase=2&category=Others%20(Project%20Leader%20update)(1.%20Base%20on%20Golden%20BIOS/Image%27s%20change%20list)(2.%20Retest%20for%20w/o%20solution%E2%80%99s%20issue%20)%20for%20full%20function%20test HTTP/1.1" 200 5572
[2020-03-24 14:44:23,223] [basehttp.py:154] [basehttp:log_message] [INFO]- "GET /TestPlanSW/TestPlanSW-search/?action=getContent&customer=C38(NB)&project=EL4C2&phase=2&category=Others%20(Project%20Leader%20update)(1.%20Base%20on%20Golden%20BIOS/Image%27s%20change%20list)(2.%20Retest%20for%20w/o%20solution%E2%80%99s%20issue%20)%20for%20full%20function%20test HTTP/1.1" 200 5572
[2020-03-24 15:51:14,734] [basehttp.py:154] [basehttp:log_message] [INFO]- "GET /TestPlanSW/TestPlanSW-search/?action=getContent&customer=C38(NB)&project=EL4C2&phase=2&category=Others%20(Project%20Leader%20update)(1.%20Base%20on%20Golden%20BIOS/Image%27s%20change%20list)(2.%20Retest%20for%20w/o%20solution%E2%80%99s%20issue%20)%20for%20full%20function%20test HTTP/1.1" 200 5572
[2020-03-24 15:56:51,660] [basehttp.py:154] [basehttp:log_message] [INFO]- "GET /FilesDownload/ HTTP/1.1" 200 25064
[2020-03-24 15:56:51,713] [log.py:228] [log:log_response] [WARNING]- Not Found: /static/jquery-3.2.1.js
[2020-03-24 15:56:51,713] [basehttp.py:154] [basehttp:log_message] [WARNING]- "GET /static/jquery-3.2.1.js HTTP/1.1" 404 77
[2020-03-24 15:56:51,716] [basehttp.py:154] [basehttp:log_message] [INFO]- "GET /static/src/back/edit_copy_3_48px_539689_easyicon.net.png HTTP/1.1" 200 2313
[2020-03-24 15:56:51,719] [basehttp.py:154] [basehttp:log_message] [INFO]- "GET /static/src/back/edit_copy_4_48px_539690_easyicon.net.png HTTP/1.1" 200 2700
[2020-03-24 15:56:51,750] [basehttp.py:154] [basehttp:log_message] [INFO]- "GET /static/src/back/edit_copy_6_48px_539691_easyicon.net.png HTTP/1.1" 200 2737
[2020-03-24 15:56:51,753] [basehttp.py:154] [basehttp:log_message] [INFO]- "GET /static/src/back/edit_copy_2_48px_539688_easyicon.net.png HTTP/1.1" 200 2626
[2020-03-24 15:56:51,757] [basehttp.py:154] [basehttp:log_message] [INFO]- "GET /static/src/back/document_new_3_48px_539619_easyicon.net.png HTTP/1.1" 200 3045
[2020-03-24 15:56:51,759] [basehttp.py:154] [basehttp:log_message] [INFO]- "GET /static/src/back/document_properties_3_48px_539646_easyicon.net.png HTTP/1.1" 200 2016
[2020-03-24 15:56:51,762] [basehttp.py:154] [basehttp:log_message] [INFO]- "GET /static/src/back/document_open_5_48px_539625_easyicon.net.png HTTP/1.1" 200 3442
[2020-03-24 15:56:52,001] [basehttp.py:154] [basehttp:log_message] [INFO]- "GET /favicon.ico HTTP/1.1" 200 15333
[2020-03-24 15:57:03,327] [basehttp.py:154] [basehttp:log_message] [INFO]- "GET /TestPlanSW/TestPlanSW-edit/ HTTP/1.1" 200 101193
[2020-03-24 15:57:03,365] [log.py:228] [log:log_response] [WARNING]- Not Found: /static/jquery-3.2.1.js
[2020-03-24 15:57:03,366] [basehttp.py:154] [basehttp:log_message] [WARNING]- "GET /static/jquery-3.2.1.js HTTP/1.1" 404 77
[2020-03-24 15:57:03,422] [basehttp.py:154] [basehttp:log_message] [INFO]- "GET /static/js/Element/form.js HTTP/1.1" 200 10145
[2020-03-24 15:57:04,205] [basehttp.py:154] [basehttp:log_message] [INFO]- "GET /TestPlanSW/TestPlanSW-edit/?action=first HTTP/1.1" 200 120
[2020-03-24 15:57:04,355] [basehttp.py:154] [basehttp:log_message] [INFO]- "GET /favicon.ico HTTP/1.1" 200 15333
[2020-03-24 15:57:08,535] [basehttp.py:154] [basehttp:log_message] [INFO]- "GET /TestPlanSW/ItemSW-upload/ HTTP/1.1" 200 20148
[2020-03-24 15:57:08,578] [log.py:228] [log:log_response] [WARNING]- Not Found: /static/jquery-3.2.1.js
[2020-03-24 15:57:08,579] [basehttp.py:154] [basehttp:log_message] [WARNING]- "GET /static/jquery-3.2.1.js HTTP/1.1" 404 77
[2020-03-24 15:57:08,614] [basehttp.py:154] [basehttp:log_message] [INFO]- "GET /static/bootstrap-3.3.7-dist/js/bootstrap.min.js HTTP/1.1" 200 37045
[2020-03-24 15:57:08,746] [basehttp.py:154] [basehttp:log_message] [INFO]- "GET /favicon.ico HTTP/1.1" 200 15333
[2020-03-24 15:57:09,661] [basehttp.py:154] [basehttp:log_message] [INFO]- "GET /static/src/modelfiles/TestItemSW.xlsx HTTP/1.1" 200 404946
[2020-03-24 15:57:49,169] [basehttp.py:154] [basehttp:log_message] [INFO]- "GET /TestPlanSW/TestPlanSW-search/ HTTP/1.1" 200 56352
[2020-03-24 15:57:49,212] [log.py:228] [log:log_response] [WARNING]- Not Found: /static/jquery-3.2.1.js
[2020-03-24 15:57:49,212] [basehttp.py:154] [basehttp:log_message] [WARNING]- "GET /static/jquery-3.2.1.js HTTP/1.1" 404 77
[2020-03-24 15:57:49,707] [basehttp.py:154] [basehttp:log_message] [INFO]- "GET /TestPlanSW/TestPlanSW-search/?action=first HTTP/1.1" 200 120
[2020-03-24 15:57:49,847] [basehttp.py:154] [basehttp:log_message] [INFO]- "GET /favicon.ico HTTP/1.1" 200 15333
[2020-03-24 15:57:55,464] [basehttp.py:154] [basehttp:log_message] [INFO]- "GET /TestPlanSW/TestPlanSW-search/?action=getCategory&customer=C38(NB)&project=EL4C2&phase=2 HTTP/1.1" 200 642
[2020-03-24 15:58:31,345] [basehttp.py:154] [basehttp:log_message] [INFO]- "GET /TestPlanSW/TestPlanSW-search/?action=getContent&customer=C38(NB)&project=EL4C2&phase=2&category=Basic HTTP/1.1" 200 199148
[2020-03-24 16:03:12,914] [log.py:228] [log:log_response] [ERROR]- Internal Server Error: /TestPlanSW/TestPlanSW-search/
Traceback (most recent call last):
  File "C:\Python372\mecheck\lib\site-packages\django\core\handlers\exception.py", line 34, in inner
    response = get_response(request)
  File "C:\Python372\mecheck\lib\site-packages\django\core\handlers\base.py", line 126, in _get_response
    response = self.process_exception_by_middleware(e, request)
  File "C:\Python372\mecheck\lib\site-packages\django\core\handlers\base.py", line 124, in _get_response
    response = wrapped_callback(request, *callback_args, **callback_kwargs)
  File "C:\djangoproject\Reliability_Row_data\TestPlanSW\views.py", line 1945, in TestPlanSW_search
    HC=round(ATOsum[Num]['AttendTimeOptimize__sum'] / 6 / TestProjectSW.objects.filter(**dic_ProjectSum).first().Full_Function_Duration, 2)
TypeError: unsupported operand type(s) for /: 'NoneType' and 'int'
[2020-03-24 16:03:12,937] [basehttp.py:154] [basehttp:log_message] [ERROR]- "GET /TestPlanSW/TestPlanSW-search/?action=getContent&customer=C38(NB)&project=EL4C2&phase=2&category=Others%20(Project%20Leader%20update)(1.%20Base%20on%20Golden%20BIOS/Image%27s%20change%20list)(2.%20Retest%20for%20w/o%20solution%E2%80%99s%20issue%20)%20for%20full%20function%20test HTTP/1.1" 500 27
[2020-03-24 16:03:50,186] [log.py:228] [log:log_response] [ERROR]- Internal Server Error: /TestPlanSW/TestPlanSW-search/
Traceback (most recent call last):
  File "C:\Python372\mecheck\lib\site-packages\django\core\handlers\exception.py", line 34, in inner
    response = get_response(request)
  File "C:\Python372\mecheck\lib\site-packages\django\core\handlers\base.py", line 126, in _get_response
    response = self.process_exception_by_middleware(e, request)
  File "C:\Python372\mecheck\lib\site-packages\django\core\handlers\base.py", line 124, in _get_response
    response = wrapped_callback(request, *callback_args, **callback_kwargs)
  File "C:\djangoproject\Reliability_Row_data\TestPlanSW\views.py", line 1946, in TestPlanSW_search
    HC=round(ATOsum[Num]['AttendTimeOptimize__sum'] / 6 / TestProjectSW.objects.filter(**dic_ProjectSum).first().Full_Function_Duration, 2)
TypeError: unsupported operand type(s) for /: 'NoneType' and 'int'
[2020-03-24 16:03:50,189] [basehttp.py:154] [basehttp:log_message] [ERROR]- "GET /TestPlanSW/TestPlanSW-search/?action=getContent&customer=C38(NB)&project=EL4C2&phase=2&category=Others%20(Project%20Leader%20update)(1.%20Base%20on%20Golden%20BIOS/Image%27s%20change%20list)(2.%20Retest%20for%20w/o%20solution%E2%80%99s%20issue%20)%20for%20full%20function%20test HTTP/1.1" 500 27
[2020-03-24 16:06:59,503] [basehttp.py:154] [basehttp:log_message] [INFO]- "GET /TestPlanSW/TestPlanSW-search/?action=getContent&customer=C38(NB)&project=EL4C2&phase=2&category=Others%20(Project%20Leader%20update)(1.%20Base%20on%20Golden%20BIOS/Image%27s%20change%20list)(2.%20Retest%20for%20w/o%20solution%E2%80%99s%20issue%20)%20for%20full%20function%20test HTTP/1.1" 200 5572
[2020-03-24 16:14:08,987] [log.py:228] [log:log_response] [ERROR]- Internal Server Error: /TestPlanSW/TestPlanSW-search/
Traceback (most recent call last):
  File "C:\Python372\mecheck\lib\site-packages\django\core\handlers\exception.py", line 34, in inner
    response = get_response(request)
  File "C:\Python372\mecheck\lib\site-packages\django\core\handlers\base.py", line 126, in _get_response
    response = self.process_exception_by_middleware(e, request)
  File "C:\Python372\mecheck\lib\site-packages\django\core\handlers\base.py", line 124, in _get_response
    response = wrapped_callback(request, *callback_args, **callback_kwargs)
  File "C:\djangoproject\Reliability_Row_data\TestPlanSW\views.py", line 1959, in TestPlanSW_search
    HC = round(ATOsum[Num]['AttendTimeOptimize__sum'] / 6 / TestProjectSW.objects.filter(
TypeError: unsupported operand type(s) for /: 'NoneType' and 'int'
[2020-03-24 16:14:08,991] [basehttp.py:154] [basehttp:log_message] [ERROR]- "GET /TestPlanSW/TestPlanSW-search/?action=getContent&customer=C38(NB)&project=EL4C2&phase=2&category=Others%20(Project%20Leader%20update)(1.%20Base%20on%20Golden%20BIOS/Image%27s%20change%20list)(2.%20Retest%20for%20w/o%20solution%E2%80%99s%20issue%20)%20for%20full%20function%20test HTTP/1.1" 500 27
[2020-03-24 16:15:18,519] [log.py:228] [log:log_response] [ERROR]- Internal Server Error: /TestPlanSW/TestPlanSW-search/
Traceback (most recent call last):
  File "C:\Python372\mecheck\lib\site-packages\django\core\handlers\exception.py", line 34, in inner
    response = get_response(request)
  File "C:\Python372\mecheck\lib\site-packages\django\core\handlers\base.py", line 126, in _get_response
    response = self.process_exception_by_middleware(e, request)
  File "C:\Python372\mecheck\lib\site-packages\django\core\handlers\base.py", line 124, in _get_response
    response = wrapped_callback(request, *callback_args, **callback_kwargs)
  File "C:\djangoproject\Reliability_Row_data\TestPlanSW\views.py", line 1959, in TestPlanSW_search
    HC = round(ATOsum[Num]['AttendTimeOptimize__sum'] / 6 / TestProjectSW.objects.filter(
TypeError: unsupported operand type(s) for /: 'NoneType' and 'int'
[2020-03-24 16:15:18,523] [basehttp.py:154] [basehttp:log_message] [ERROR]- "GET /TestPlanSW/TestPlanSW-search/?action=getContent&customer=C38(NB)&project=EL4C2&phase=2&category=Others%20(Project%20Leader%20update)(1.%20Base%20on%20Golden%20BIOS/Image%27s%20change%20list)(2.%20Retest%20for%20w/o%20solution%E2%80%99s%20issue%20)%20for%20full%20function%20test HTTP/1.1" 500 27
[2020-03-24 16:16:10,639] [log.py:228] [log:log_response] [ERROR]- Internal Server Error: /TestPlanSW/TestPlanSW-search/
Traceback (most recent call last):
  File "C:\Python372\mecheck\lib\site-packages\django\core\handlers\exception.py", line 34, in inner
    response = get_response(request)
  File "C:\Python372\mecheck\lib\site-packages\django\core\handlers\base.py", line 126, in _get_response
    response = self.process_exception_by_middleware(e, request)
  File "C:\Python372\mecheck\lib\site-packages\django\core\handlers\base.py", line 124, in _get_response
    response = wrapped_callback(request, *callback_args, **callback_kwargs)
  File "C:\djangoproject\Reliability_Row_data\TestPlanSW\views.py", line 1960, in TestPlanSW_search
    HC = round(ATOsum[Num]['AttendTimeOptimize__sum'] / 6 / TestProjectSW.objects.filter(
TypeError: unsupported operand type(s) for /: 'NoneType' and 'int'
[2020-03-24 16:16:10,643] [basehttp.py:154] [basehttp:log_message] [ERROR]- "GET /TestPlanSW/TestPlanSW-search/?action=getContent&customer=C38(NB)&project=EL4C2&phase=2&category=Others%20(Project%20Leader%20update)(1.%20Base%20on%20Golden%20BIOS/Image%27s%20change%20list)(2.%20Retest%20for%20w/o%20solution%E2%80%99s%20issue%20)%20for%20full%20function%20test HTTP/1.1" 500 27
[2020-03-24 16:25:20,655] [log.py:228] [log:log_response] [ERROR]- Internal Server Error: /TestPlanSW/TestPlanSW-search/
Traceback (most recent call last):
  File "C:\Python372\mecheck\lib\site-packages\django\core\handlers\exception.py", line 34, in inner
    response = get_response(request)
  File "C:\Python372\mecheck\lib\site-packages\django\core\handlers\base.py", line 126, in _get_response
    response = self.process_exception_by_middleware(e, request)
  File "C:\Python372\mecheck\lib\site-packages\django\core\handlers\base.py", line 124, in _get_response
    response = wrapped_callback(request, *callback_args, **callback_kwargs)
  File "C:\djangoproject\Reliability_Row_data\TestPlanSW\views.py", line 1960, in TestPlanSW_search
    HC = round(ATOsum[Num]['AttendTimeOptimize__sum'] / 6 / TestProjectSW.objects.filter(
TypeError: unsupported operand type(s) for /: 'NoneType' and 'int'
[2020-03-24 16:25:20,658] [basehttp.py:154] [basehttp:log_message] [ERROR]- "GET /TestPlanSW/TestPlanSW-search/?action=getContent&customer=C38(NB)&project=EL4C2&phase=2&category=Others%20(Project%20Leader%20update)(1.%20Base%20on%20Golden%20BIOS/Image%27s%20change%20list)(2.%20Retest%20for%20w/o%20solution%E2%80%99s%20issue%20)%20for%20full%20function%20test HTTP/1.1" 500 27
[2020-03-24 16:32:54,177] [basehttp.py:154] [basehttp:log_message] [INFO]- "GET /TestPlanSW/TestPlanSW-search/?action=getContent&customer=C38(NB)&project=EL4C2&phase=2&category=Others%20(Project%20Leader%20update)(1.%20Base%20on%20Golden%20BIOS/Image%27s%20change%20list)(2.%20Retest%20for%20w/o%20solution%E2%80%99s%20issue%20)%20for%20full%20function%20test HTTP/1.1" 200 5572
[2020-03-24 16:58:10,962] [basehttp.py:154] [basehttp:log_message] [INFO]- "GET /TestPlanSW/TestPlanSW-search/?action=getContent&customer=C38(NB)&project=EL4C2&phase=2&category=Others%20(Project%20Leader%20update)(1.%20Base%20on%20Golden%20BIOS/Image%27s%20change%20list)(2.%20Retest%20for%20w/o%20solution%E2%80%99s%20issue%20)%20for%20full%20function%20test HTTP/1.1" 200 3164
[2020-03-24 16:59:49,802] [log.py:228] [log:log_response] [ERROR]- Internal Server Error: /TestPlanSW/TestPlanSW-search/
Traceback (most recent call last):
  File "C:\Python372\mecheck\lib\site-packages\django\core\handlers\exception.py", line 34, in inner
    response = get_response(request)
  File "C:\Python372\mecheck\lib\site-packages\django\core\handlers\base.py", line 126, in _get_response
    response = self.process_exception_by_middleware(e, request)
  File "C:\Python372\mecheck\lib\site-packages\django\core\handlers\base.py", line 124, in _get_response
    response = wrapped_callback(request, *callback_args, **callback_kwargs)
  File "C:\djangoproject\Reliability_Row_data\TestPlanSW\views.py", line 1988, in TestPlanSW_search
    print(RetestItemSW.objects.filter(**dicSum_check))
UnboundLocalError: local variable 'dicSum_check' referenced before assignment
[2020-03-24 16:59:49,804] [basehttp.py:154] [basehttp:log_message] [ERROR]- "GET /TestPlanSW/TestPlanSW-search/?action=getContent&customer=C38(NB)&project=EL4C2&phase=2&category=Others%20(Project%20Leader%20update)(1.%20Base%20on%20Golden%20BIOS/Image%27s%20change%20list)(2.%20Retest%20for%20w/o%20solution%E2%80%99s%20issue%20)%20for%20full%20function%20test HTTP/1.1" 500 27
[2020-03-24 17:00:17,509] [basehttp.py:154] [basehttp:log_message] [INFO]- "GET /TestPlanSW/TestPlanSW-search/?action=getContent&customer=C38(NB)&project=EL4C2&phase=2&category=Others%20(Project%20Leader%20update)(1.%20Base%20on%20Golden%20BIOS/Image%27s%20change%20list)(2.%20Retest%20for%20w/o%20solution%E2%80%99s%20issue%20)%20for%20full%20function%20test HTTP/1.1" 200 3164
