[2024-01-18 08:32:42,978] [autoreload.py:637] [autoreload:run_with_reloader] [INFO]- Watching for file changes with StatReloader
[2024-01-18 08:53:07,215] [autoreload.py:597] [autoreload:run_with_reloader] [INFO]- Watching for file changes with StatReloader
[2024-01-18 09:02:44,492] [autoreload.py:217] [autoreload:trigger_reload] [INFO]- C:\Python372\mecheck\Lib\site-packages\typing_extensions.py changed, reloading.
[2024-01-18 09:02:46,353] [autoreload.py:597] [autoreload:run_with_reloader] [INFO]- Watching for file changes with StatReloader
[2024-01-18 09:19:10,706] [basehttp.py:154] [basehttp:log_message] [INFO]- "GET / HTTP/1.1" 302 0
[2024-01-18 09:19:10,708] [basehttp.py:154] [basehttp:log_message] [INFO]- "GET /login/ HTTP/1.1" 200 4665
[2024-01-18 09:19:11,871] [basehttp.py:154] [basehttp:log_message] [INFO]- "GET /favicon.ico HTTP/1.1" 302 0
[2024-01-18 09:19:11,874] [basehttp.py:154] [basehttp:log_message] [INFO]- "GET /login/ HTTP/1.1" 200 4665
[2024-01-18 09:19:18,732] [UserIP.py:90] [UserIP:process_response] [INFO]- 2024-01-18 09:19:18 C1010S3>Edwin None>LAPTOP-GQJTF2B7>0A098 127.0.0.1 127.0.0.1 /login/ POST
[2024-01-18 09:19:18,771] [basehttp.py:154] [basehttp:log_message] [INFO]- "POST /login/?next= HTTP/1.1" 302 0
[2024-01-18 09:19:18,790] [basehttp.py:154] [basehttp:log_message] [INFO]- "GET /login/ HTTP/1.1" 302 0
[2024-01-18 09:19:19,315] [log.py:228] [log:log_response] [ERROR]- Internal Server Error: /index/
Traceback (most recent call last):
  File "C:\Python372\mecheck\lib\site-packages\django\template\defaulttags.py", line 1020, in find_library
    return parser.libraries[name]
KeyError: 'notifications_tags'

During handling of the above exception, another exception occurred:

Traceback (most recent call last):
  File "C:\Python372\mecheck\lib\site-packages\django\core\handlers\exception.py", line 34, in inner
    response = get_response(request)
  File "C:\Python372\mecheck\lib\site-packages\django\core\handlers\base.py", line 126, in _get_response
    response = self.process_exception_by_middleware(e, request)
  File "C:\Python372\mecheck\lib\site-packages\django\core\handlers\base.py", line 124, in _get_response
    response = wrapped_callback(request, *callback_args, **callback_kwargs)
  File "C:\Python372\mecheck\lib\site-packages\django\views\decorators\csrf.py", line 54, in wrapped_view
    return view_func(*args, **kwargs)
  File "C:\djangoproject\Reliability_Row_data\app01\views.py", line 199, in index
    return render(request, 'index.html', locals())
  File "C:\Python372\mecheck\lib\site-packages\django\shortcuts.py", line 36, in render
    content = loader.render_to_string(template_name, context, request, using=using)
  File "C:\Python372\mecheck\lib\site-packages\django\template\loader.py", line 62, in render_to_string
    return template.render(context, request)
  File "C:\Python372\mecheck\lib\site-packages\django\template\backends\django.py", line 61, in render
    return self.template.render(context)
  File "C:\Python372\mecheck\lib\site-packages\django\template\base.py", line 171, in render
    return self._render(context)
  File "C:\Python372\mecheck\lib\site-packages\django\template\base.py", line 163, in _render
    return self.nodelist.render(context)
  File "C:\Python372\mecheck\lib\site-packages\django\template\base.py", line 937, in render
    bit = node.render_annotated(context)
  File "C:\Python372\mecheck\lib\site-packages\django\template\base.py", line 904, in render_annotated
    return self.render(context)
  File "C:\Python372\mecheck\lib\site-packages\django\template\loader_tags.py", line 127, in render
    compiled_parent = self.get_parent(context)
  File "C:\Python372\mecheck\lib\site-packages\django\template\loader_tags.py", line 124, in get_parent
    return self.find_template(parent, context)
  File "C:\Python372\mecheck\lib\site-packages\django\template\loader_tags.py", line 104, in find_template
    template_name, skip=history,
  File "C:\Python372\mecheck\lib\site-packages\django\template\engine.py", line 126, in find_template
    template = loader.get_template(name, skip=skip)
  File "C:\Python372\mecheck\lib\site-packages\django\template\loaders\base.py", line 30, in get_template
    contents, origin, origin.template_name, self.engine,
  File "C:\Python372\mecheck\lib\site-packages\django\template\base.py", line 156, in __init__
    self.nodelist = self.compile_nodelist()
  File "C:\Python372\mecheck\lib\site-packages\django\template\base.py", line 194, in compile_nodelist
    return parser.parse()
  File "C:\Python372\mecheck\lib\site-packages\django\template\base.py", line 478, in parse
    raise self.error(token, e)
  File "C:\Python372\mecheck\lib\site-packages\django\template\base.py", line 476, in parse
    compiled_result = compile_func(self, token)
  File "C:\Python372\mecheck\lib\site-packages\django\template\defaulttags.py", line 1077, in load
    lib = find_library(parser, name)
  File "C:\Python372\mecheck\lib\site-packages\django\template\defaulttags.py", line 1024, in find_library
    name, "\n".join(sorted(parser.libraries)),
django.template.exceptions.TemplateSyntaxError: 'notifications_tags' is not a registered tag library. Must be one of:
admin_list
admin_modify
admin_static
admin_urls
cache
custom_tag
custom_tag20230828 Non v-pre
custom_tag20230828 Non v-pre horizontal
custom_tagbootstrap20210128
custom_taglinshi
custom_tagvue20210128v_pre
i18n
l10n
log
rest_framework
simpletags
static
staticfiles
tz
[2024-01-18 09:19:19,335] [basehttp.py:154] [basehttp:log_message] [ERROR]- "GET /index/ HTTP/1.1" 500 232166
[2024-01-18 09:19:19,527] [log.py:228] [log:log_response] [ERROR]- Internal Server Error: /favicon.ico
Traceback (most recent call last):
  File "C:\Python372\mecheck\lib\site-packages\django\template\defaulttags.py", line 1020, in find_library
    return parser.libraries[name]
KeyError: 'notifications_tags'

During handling of the above exception, another exception occurred:

Traceback (most recent call last):
  File "C:\Python372\mecheck\lib\site-packages\django\core\handlers\exception.py", line 34, in inner
    response = get_response(request)
  File "C:\djangoproject\Reliability_Row_data\middleware\checkper.py", line 14, in __call__
    response = self.process_request(request)
  File "C:\djangoproject\Reliability_Row_data\middleware\checkper.py", line 86, in process_request
    return render(request, 'NoPerm.html', locals())
  File "C:\Python372\mecheck\lib\site-packages\django\shortcuts.py", line 36, in render
    content = loader.render_to_string(template_name, context, request, using=using)
  File "C:\Python372\mecheck\lib\site-packages\django\template\loader.py", line 62, in render_to_string
    return template.render(context, request)
  File "C:\Python372\mecheck\lib\site-packages\django\template\backends\django.py", line 61, in render
    return self.template.render(context)
  File "C:\Python372\mecheck\lib\site-packages\django\template\base.py", line 171, in render
    return self._render(context)
  File "C:\Python372\mecheck\lib\site-packages\django\template\base.py", line 163, in _render
    return self.nodelist.render(context)
  File "C:\Python372\mecheck\lib\site-packages\django\template\base.py", line 937, in render
    bit = node.render_annotated(context)
  File "C:\Python372\mecheck\lib\site-packages\django\template\base.py", line 904, in render_annotated
    return self.render(context)
  File "C:\Python372\mecheck\lib\site-packages\django\template\loader_tags.py", line 127, in render
    compiled_parent = self.get_parent(context)
  File "C:\Python372\mecheck\lib\site-packages\django\template\loader_tags.py", line 124, in get_parent
    return self.find_template(parent, context)
  File "C:\Python372\mecheck\lib\site-packages\django\template\loader_tags.py", line 104, in find_template
    template_name, skip=history,
  File "C:\Python372\mecheck\lib\site-packages\django\template\engine.py", line 126, in find_template
    template = loader.get_template(name, skip=skip)
  File "C:\Python372\mecheck\lib\site-packages\django\template\loaders\base.py", line 30, in get_template
    contents, origin, origin.template_name, self.engine,
  File "C:\Python372\mecheck\lib\site-packages\django\template\base.py", line 156, in __init__
    self.nodelist = self.compile_nodelist()
  File "C:\Python372\mecheck\lib\site-packages\django\template\base.py", line 194, in compile_nodelist
    return parser.parse()
  File "C:\Python372\mecheck\lib\site-packages\django\template\base.py", line 478, in parse
    raise self.error(token, e)
  File "C:\Python372\mecheck\lib\site-packages\django\template\base.py", line 476, in parse
    compiled_result = compile_func(self, token)
  File "C:\Python372\mecheck\lib\site-packages\django\template\defaulttags.py", line 1077, in load
    lib = find_library(parser, name)
  File "C:\Python372\mecheck\lib\site-packages\django\template\defaulttags.py", line 1024, in find_library
    name, "\n".join(sorted(parser.libraries)),
django.template.exceptions.TemplateSyntaxError: 'notifications_tags' is not a registered tag library. Must be one of:
admin_list
admin_modify
admin_static
admin_urls
cache
custom_tag
custom_tag20230828 Non v-pre
custom_tag20230828 Non v-pre horizontal
custom_tagbootstrap20210128
custom_taglinshi
custom_tagvue20210128v_pre
i18n
l10n
log
rest_framework
simpletags
static
staticfiles
tz
[2024-01-18 09:19:19,530] [basehttp.py:154] [basehttp:log_message] [ERROR]- "GET /favicon.ico HTTP/1.1" 500 232599
[2024-01-18 09:36:51,881] [log.py:228] [log:log_response] [ERROR]- Internal Server Error: /
Traceback (most recent call last):
  File "C:\Python372\mecheck\lib\site-packages\django\template\defaulttags.py", line 1020, in find_library
    return parser.libraries[name]
KeyError: 'notifications_tags'

During handling of the above exception, another exception occurred:

Traceback (most recent call last):
  File "C:\Python372\mecheck\lib\site-packages\django\core\handlers\exception.py", line 34, in inner
    response = get_response(request)
  File "C:\djangoproject\Reliability_Row_data\middleware\checkper.py", line 14, in __call__
    response = self.process_request(request)
  File "C:\djangoproject\Reliability_Row_data\middleware\checkper.py", line 86, in process_request
    return render(request, 'NoPerm.html', locals())
  File "C:\Python372\mecheck\lib\site-packages\django\shortcuts.py", line 36, in render
    content = loader.render_to_string(template_name, context, request, using=using)
  File "C:\Python372\mecheck\lib\site-packages\django\template\loader.py", line 62, in render_to_string
    return template.render(context, request)
  File "C:\Python372\mecheck\lib\site-packages\django\template\backends\django.py", line 61, in render
    return self.template.render(context)
  File "C:\Python372\mecheck\lib\site-packages\django\template\base.py", line 171, in render
    return self._render(context)
  File "C:\Python372\mecheck\lib\site-packages\django\template\base.py", line 163, in _render
    return self.nodelist.render(context)
  File "C:\Python372\mecheck\lib\site-packages\django\template\base.py", line 937, in render
    bit = node.render_annotated(context)
  File "C:\Python372\mecheck\lib\site-packages\django\template\base.py", line 904, in render_annotated
    return self.render(context)
  File "C:\Python372\mecheck\lib\site-packages\django\template\loader_tags.py", line 127, in render
    compiled_parent = self.get_parent(context)
  File "C:\Python372\mecheck\lib\site-packages\django\template\loader_tags.py", line 124, in get_parent
    return self.find_template(parent, context)
  File "C:\Python372\mecheck\lib\site-packages\django\template\loader_tags.py", line 104, in find_template
    template_name, skip=history,
  File "C:\Python372\mecheck\lib\site-packages\django\template\engine.py", line 126, in find_template
    template = loader.get_template(name, skip=skip)
  File "C:\Python372\mecheck\lib\site-packages\django\template\loaders\base.py", line 30, in get_template
    contents, origin, origin.template_name, self.engine,
  File "C:\Python372\mecheck\lib\site-packages\django\template\base.py", line 156, in __init__
    self.nodelist = self.compile_nodelist()
  File "C:\Python372\mecheck\lib\site-packages\django\template\base.py", line 194, in compile_nodelist
    return parser.parse()
  File "C:\Python372\mecheck\lib\site-packages\django\template\base.py", line 478, in parse
    raise self.error(token, e)
  File "C:\Python372\mecheck\lib\site-packages\django\template\base.py", line 476, in parse
    compiled_result = compile_func(self, token)
  File "C:\Python372\mecheck\lib\site-packages\django\template\defaulttags.py", line 1077, in load
    lib = find_library(parser, name)
  File "C:\Python372\mecheck\lib\site-packages\django\template\defaulttags.py", line 1024, in find_library
    name, "\n".join(sorted(parser.libraries)),
django.template.exceptions.TemplateSyntaxError: 'notifications_tags' is not a registered tag library. Must be one of:
admin_list
admin_modify
admin_static
admin_urls
cache
custom_tag
custom_tag20230828 Non v-pre
custom_tag20230828 Non v-pre horizontal
custom_tagbootstrap20210128
custom_taglinshi
custom_tagvue20210128v_pre
i18n
l10n
log
rest_framework
simpletags
static
staticfiles
tz
[2024-01-18 09:36:51,884] [basehttp.py:154] [basehttp:log_message] [ERROR]- "GET / HTTP/1.1" 500 232753
[2024-01-18 09:36:52,095] [log.py:228] [log:log_response] [ERROR]- Internal Server Error: /favicon.ico
Traceback (most recent call last):
  File "C:\Python372\mecheck\lib\site-packages\django\template\defaulttags.py", line 1020, in find_library
    return parser.libraries[name]
KeyError: 'notifications_tags'

During handling of the above exception, another exception occurred:

Traceback (most recent call last):
  File "C:\Python372\mecheck\lib\site-packages\django\core\handlers\exception.py", line 34, in inner
    response = get_response(request)
  File "C:\djangoproject\Reliability_Row_data\middleware\checkper.py", line 14, in __call__
    response = self.process_request(request)
  File "C:\djangoproject\Reliability_Row_data\middleware\checkper.py", line 86, in process_request
    return render(request, 'NoPerm.html', locals())
  File "C:\Python372\mecheck\lib\site-packages\django\shortcuts.py", line 36, in render
    content = loader.render_to_string(template_name, context, request, using=using)
  File "C:\Python372\mecheck\lib\site-packages\django\template\loader.py", line 62, in render_to_string
    return template.render(context, request)
  File "C:\Python372\mecheck\lib\site-packages\django\template\backends\django.py", line 61, in render
    return self.template.render(context)
  File "C:\Python372\mecheck\lib\site-packages\django\template\base.py", line 171, in render
    return self._render(context)
  File "C:\Python372\mecheck\lib\site-packages\django\template\base.py", line 163, in _render
    return self.nodelist.render(context)
  File "C:\Python372\mecheck\lib\site-packages\django\template\base.py", line 937, in render
    bit = node.render_annotated(context)
  File "C:\Python372\mecheck\lib\site-packages\django\template\base.py", line 904, in render_annotated
    return self.render(context)
  File "C:\Python372\mecheck\lib\site-packages\django\template\loader_tags.py", line 127, in render
    compiled_parent = self.get_parent(context)
  File "C:\Python372\mecheck\lib\site-packages\django\template\loader_tags.py", line 124, in get_parent
    return self.find_template(parent, context)
  File "C:\Python372\mecheck\lib\site-packages\django\template\loader_tags.py", line 104, in find_template
    template_name, skip=history,
  File "C:\Python372\mecheck\lib\site-packages\django\template\engine.py", line 126, in find_template
    template = loader.get_template(name, skip=skip)
  File "C:\Python372\mecheck\lib\site-packages\django\template\loaders\base.py", line 30, in get_template
    contents, origin, origin.template_name, self.engine,
  File "C:\Python372\mecheck\lib\site-packages\django\template\base.py", line 156, in __init__
    self.nodelist = self.compile_nodelist()
  File "C:\Python372\mecheck\lib\site-packages\django\template\base.py", line 194, in compile_nodelist
    return parser.parse()
  File "C:\Python372\mecheck\lib\site-packages\django\template\base.py", line 478, in parse
    raise self.error(token, e)
  File "C:\Python372\mecheck\lib\site-packages\django\template\base.py", line 476, in parse
    compiled_result = compile_func(self, token)
  File "C:\Python372\mecheck\lib\site-packages\django\template\defaulttags.py", line 1077, in load
    lib = find_library(parser, name)
  File "C:\Python372\mecheck\lib\site-packages\django\template\defaulttags.py", line 1024, in find_library
    name, "\n".join(sorted(parser.libraries)),
django.template.exceptions.TemplateSyntaxError: 'notifications_tags' is not a registered tag library. Must be one of:
admin_list
admin_modify
admin_static
admin_urls
cache
custom_tag
custom_tag20230828 Non v-pre
custom_tag20230828 Non v-pre horizontal
custom_tagbootstrap20210128
custom_taglinshi
custom_tagvue20210128v_pre
i18n
l10n
log
rest_framework
simpletags
static
staticfiles
tz
[2024-01-18 09:36:52,097] [basehttp.py:154] [basehttp:log_message] [ERROR]- "GET /favicon.ico HTTP/1.1" 500 232593
[2024-01-18 09:39:16,617] [log.py:228] [log:log_response] [ERROR]- Internal Server Error: /index/
Traceback (most recent call last):
  File "C:\Python372\mecheck\lib\site-packages\django\template\defaulttags.py", line 1020, in find_library
    return parser.libraries[name]
KeyError: 'notifications_tags'

During handling of the above exception, another exception occurred:

Traceback (most recent call last):
  File "C:\Python372\mecheck\lib\site-packages\django\core\handlers\exception.py", line 34, in inner
    response = get_response(request)
  File "C:\Python372\mecheck\lib\site-packages\django\core\handlers\base.py", line 126, in _get_response
    response = self.process_exception_by_middleware(e, request)
  File "C:\Python372\mecheck\lib\site-packages\django\core\handlers\base.py", line 124, in _get_response
    response = wrapped_callback(request, *callback_args, **callback_kwargs)
  File "C:\Python372\mecheck\lib\site-packages\django\views\decorators\csrf.py", line 54, in wrapped_view
    return view_func(*args, **kwargs)
  File "C:\djangoproject\Reliability_Row_data\app01\views.py", line 199, in index
    return render(request, 'index.html', locals())
  File "C:\Python372\mecheck\lib\site-packages\django\shortcuts.py", line 36, in render
    content = loader.render_to_string(template_name, context, request, using=using)
  File "C:\Python372\mecheck\lib\site-packages\django\template\loader.py", line 62, in render_to_string
    return template.render(context, request)
  File "C:\Python372\mecheck\lib\site-packages\django\template\backends\django.py", line 61, in render
    return self.template.render(context)
  File "C:\Python372\mecheck\lib\site-packages\django\template\base.py", line 171, in render
    return self._render(context)
  File "C:\Python372\mecheck\lib\site-packages\django\template\base.py", line 163, in _render
    return self.nodelist.render(context)
  File "C:\Python372\mecheck\lib\site-packages\django\template\base.py", line 937, in render
    bit = node.render_annotated(context)
  File "C:\Python372\mecheck\lib\site-packages\django\template\base.py", line 904, in render_annotated
    return self.render(context)
  File "C:\Python372\mecheck\lib\site-packages\django\template\loader_tags.py", line 127, in render
    compiled_parent = self.get_parent(context)
  File "C:\Python372\mecheck\lib\site-packages\django\template\loader_tags.py", line 124, in get_parent
    return self.find_template(parent, context)
  File "C:\Python372\mecheck\lib\site-packages\django\template\loader_tags.py", line 104, in find_template
    template_name, skip=history,
  File "C:\Python372\mecheck\lib\site-packages\django\template\engine.py", line 126, in find_template
    template = loader.get_template(name, skip=skip)
  File "C:\Python372\mecheck\lib\site-packages\django\template\loaders\base.py", line 30, in get_template
    contents, origin, origin.template_name, self.engine,
  File "C:\Python372\mecheck\lib\site-packages\django\template\base.py", line 156, in __init__
    self.nodelist = self.compile_nodelist()
  File "C:\Python372\mecheck\lib\site-packages\django\template\base.py", line 194, in compile_nodelist
    return parser.parse()
  File "C:\Python372\mecheck\lib\site-packages\django\template\base.py", line 478, in parse
    raise self.error(token, e)
  File "C:\Python372\mecheck\lib\site-packages\django\template\base.py", line 476, in parse
    compiled_result = compile_func(self, token)
  File "C:\Python372\mecheck\lib\site-packages\django\template\defaulttags.py", line 1077, in load
    lib = find_library(parser, name)
  File "C:\Python372\mecheck\lib\site-packages\django\template\defaulttags.py", line 1024, in find_library
    name, "\n".join(sorted(parser.libraries)),
django.template.exceptions.TemplateSyntaxError: 'notifications_tags' is not a registered tag library. Must be one of:
admin_list
admin_modify
admin_static
admin_urls
cache
custom_tag
custom_tag20230828 Non v-pre
custom_tag20230828 Non v-pre horizontal
custom_tagbootstrap20210128
custom_taglinshi
custom_tagvue20210128v_pre
i18n
l10n
log
rest_framework
simpletags
static
staticfiles
tz
[2024-01-18 09:39:16,623] [basehttp.py:154] [basehttp:log_message] [ERROR]- "GET /index/ HTTP/1.1" 500 232166
[2024-01-18 09:39:16,709] [log.py:228] [log:log_response] [ERROR]- Internal Server Error: /favicon.ico
Traceback (most recent call last):
  File "C:\Python372\mecheck\lib\site-packages\django\template\defaulttags.py", line 1020, in find_library
    return parser.libraries[name]
KeyError: 'notifications_tags'

During handling of the above exception, another exception occurred:

Traceback (most recent call last):
  File "C:\Python372\mecheck\lib\site-packages\django\core\handlers\exception.py", line 34, in inner
    response = get_response(request)
  File "C:\djangoproject\Reliability_Row_data\middleware\checkper.py", line 14, in __call__
    response = self.process_request(request)
  File "C:\djangoproject\Reliability_Row_data\middleware\checkper.py", line 86, in process_request
    return render(request, 'NoPerm.html', locals())
  File "C:\Python372\mecheck\lib\site-packages\django\shortcuts.py", line 36, in render
    content = loader.render_to_string(template_name, context, request, using=using)
  File "C:\Python372\mecheck\lib\site-packages\django\template\loader.py", line 62, in render_to_string
    return template.render(context, request)
  File "C:\Python372\mecheck\lib\site-packages\django\template\backends\django.py", line 61, in render
    return self.template.render(context)
  File "C:\Python372\mecheck\lib\site-packages\django\template\base.py", line 171, in render
    return self._render(context)
  File "C:\Python372\mecheck\lib\site-packages\django\template\base.py", line 163, in _render
    return self.nodelist.render(context)
  File "C:\Python372\mecheck\lib\site-packages\django\template\base.py", line 937, in render
    bit = node.render_annotated(context)
  File "C:\Python372\mecheck\lib\site-packages\django\template\base.py", line 904, in render_annotated
    return self.render(context)
  File "C:\Python372\mecheck\lib\site-packages\django\template\loader_tags.py", line 127, in render
    compiled_parent = self.get_parent(context)
  File "C:\Python372\mecheck\lib\site-packages\django\template\loader_tags.py", line 124, in get_parent
    return self.find_template(parent, context)
  File "C:\Python372\mecheck\lib\site-packages\django\template\loader_tags.py", line 104, in find_template
    template_name, skip=history,
  File "C:\Python372\mecheck\lib\site-packages\django\template\engine.py", line 126, in find_template
    template = loader.get_template(name, skip=skip)
  File "C:\Python372\mecheck\lib\site-packages\django\template\loaders\base.py", line 30, in get_template
    contents, origin, origin.template_name, self.engine,
  File "C:\Python372\mecheck\lib\site-packages\django\template\base.py", line 156, in __init__
    self.nodelist = self.compile_nodelist()
  File "C:\Python372\mecheck\lib\site-packages\django\template\base.py", line 194, in compile_nodelist
    return parser.parse()
  File "C:\Python372\mecheck\lib\site-packages\django\template\base.py", line 478, in parse
    raise self.error(token, e)
  File "C:\Python372\mecheck\lib\site-packages\django\template\base.py", line 476, in parse
    compiled_result = compile_func(self, token)
  File "C:\Python372\mecheck\lib\site-packages\django\template\defaulttags.py", line 1077, in load
    lib = find_library(parser, name)
  File "C:\Python372\mecheck\lib\site-packages\django\template\defaulttags.py", line 1024, in find_library
    name, "\n".join(sorted(parser.libraries)),
django.template.exceptions.TemplateSyntaxError: 'notifications_tags' is not a registered tag library. Must be one of:
admin_list
admin_modify
admin_static
admin_urls
cache
custom_tag
custom_tag20230828 Non v-pre
custom_tag20230828 Non v-pre horizontal
custom_tagbootstrap20210128
custom_taglinshi
custom_tagvue20210128v_pre
i18n
l10n
log
rest_framework
simpletags
static
staticfiles
tz
[2024-01-18 09:39:16,710] [basehttp.py:154] [basehttp:log_message] [ERROR]- "GET /favicon.ico HTTP/1.1" 500 232599
[2024-01-18 09:39:41,866] [log.py:228] [log:log_response] [ERROR]- Internal Server Error: /
Traceback (most recent call last):
  File "C:\Python372\mecheck\lib\site-packages\django\template\defaulttags.py", line 1020, in find_library
    return parser.libraries[name]
KeyError: 'notifications_tags'

During handling of the above exception, another exception occurred:

Traceback (most recent call last):
  File "C:\Python372\mecheck\lib\site-packages\django\core\handlers\exception.py", line 34, in inner
    response = get_response(request)
  File "C:\djangoproject\Reliability_Row_data\middleware\checkper.py", line 14, in __call__
    response = self.process_request(request)
  File "C:\djangoproject\Reliability_Row_data\middleware\checkper.py", line 86, in process_request
    return render(request, 'NoPerm.html', locals())
  File "C:\Python372\mecheck\lib\site-packages\django\shortcuts.py", line 36, in render
    content = loader.render_to_string(template_name, context, request, using=using)
  File "C:\Python372\mecheck\lib\site-packages\django\template\loader.py", line 62, in render_to_string
    return template.render(context, request)
  File "C:\Python372\mecheck\lib\site-packages\django\template\backends\django.py", line 61, in render
    return self.template.render(context)
  File "C:\Python372\mecheck\lib\site-packages\django\template\base.py", line 171, in render
    return self._render(context)
  File "C:\Python372\mecheck\lib\site-packages\django\template\base.py", line 163, in _render
    return self.nodelist.render(context)
  File "C:\Python372\mecheck\lib\site-packages\django\template\base.py", line 937, in render
    bit = node.render_annotated(context)
  File "C:\Python372\mecheck\lib\site-packages\django\template\base.py", line 904, in render_annotated
    return self.render(context)
  File "C:\Python372\mecheck\lib\site-packages\django\template\loader_tags.py", line 127, in render
    compiled_parent = self.get_parent(context)
  File "C:\Python372\mecheck\lib\site-packages\django\template\loader_tags.py", line 124, in get_parent
    return self.find_template(parent, context)
  File "C:\Python372\mecheck\lib\site-packages\django\template\loader_tags.py", line 104, in find_template
    template_name, skip=history,
  File "C:\Python372\mecheck\lib\site-packages\django\template\engine.py", line 126, in find_template
    template = loader.get_template(name, skip=skip)
  File "C:\Python372\mecheck\lib\site-packages\django\template\loaders\base.py", line 30, in get_template
    contents, origin, origin.template_name, self.engine,
  File "C:\Python372\mecheck\lib\site-packages\django\template\base.py", line 156, in __init__
    self.nodelist = self.compile_nodelist()
  File "C:\Python372\mecheck\lib\site-packages\django\template\base.py", line 194, in compile_nodelist
    return parser.parse()
  File "C:\Python372\mecheck\lib\site-packages\django\template\base.py", line 478, in parse
    raise self.error(token, e)
  File "C:\Python372\mecheck\lib\site-packages\django\template\base.py", line 476, in parse
    compiled_result = compile_func(self, token)
  File "C:\Python372\mecheck\lib\site-packages\django\template\defaulttags.py", line 1077, in load
    lib = find_library(parser, name)
  File "C:\Python372\mecheck\lib\site-packages\django\template\defaulttags.py", line 1024, in find_library
    name, "\n".join(sorted(parser.libraries)),
django.template.exceptions.TemplateSyntaxError: 'notifications_tags' is not a registered tag library. Must be one of:
admin_list
admin_modify
admin_static
admin_urls
cache
custom_tag
custom_tag20230828 Non v-pre
custom_tag20230828 Non v-pre horizontal
custom_tagbootstrap20210128
custom_taglinshi
custom_tagvue20210128v_pre
i18n
l10n
log
rest_framework
simpletags
static
staticfiles
tz
[2024-01-18 09:39:41,868] [basehttp.py:154] [basehttp:log_message] [ERROR]- "GET / HTTP/1.1" 500 232753
[2024-01-18 09:39:42,079] [log.py:228] [log:log_response] [ERROR]- Internal Server Error: /favicon.ico
Traceback (most recent call last):
  File "C:\Python372\mecheck\lib\site-packages\django\template\defaulttags.py", line 1020, in find_library
    return parser.libraries[name]
KeyError: 'notifications_tags'

During handling of the above exception, another exception occurred:

Traceback (most recent call last):
  File "C:\Python372\mecheck\lib\site-packages\django\core\handlers\exception.py", line 34, in inner
    response = get_response(request)
  File "C:\djangoproject\Reliability_Row_data\middleware\checkper.py", line 14, in __call__
    response = self.process_request(request)
  File "C:\djangoproject\Reliability_Row_data\middleware\checkper.py", line 86, in process_request
    return render(request, 'NoPerm.html', locals())
  File "C:\Python372\mecheck\lib\site-packages\django\shortcuts.py", line 36, in render
    content = loader.render_to_string(template_name, context, request, using=using)
  File "C:\Python372\mecheck\lib\site-packages\django\template\loader.py", line 62, in render_to_string
    return template.render(context, request)
  File "C:\Python372\mecheck\lib\site-packages\django\template\backends\django.py", line 61, in render
    return self.template.render(context)
  File "C:\Python372\mecheck\lib\site-packages\django\template\base.py", line 171, in render
    return self._render(context)
  File "C:\Python372\mecheck\lib\site-packages\django\template\base.py", line 163, in _render
    return self.nodelist.render(context)
  File "C:\Python372\mecheck\lib\site-packages\django\template\base.py", line 937, in render
    bit = node.render_annotated(context)
  File "C:\Python372\mecheck\lib\site-packages\django\template\base.py", line 904, in render_annotated
    return self.render(context)
  File "C:\Python372\mecheck\lib\site-packages\django\template\loader_tags.py", line 127, in render
    compiled_parent = self.get_parent(context)
  File "C:\Python372\mecheck\lib\site-packages\django\template\loader_tags.py", line 124, in get_parent
    return self.find_template(parent, context)
  File "C:\Python372\mecheck\lib\site-packages\django\template\loader_tags.py", line 104, in find_template
    template_name, skip=history,
  File "C:\Python372\mecheck\lib\site-packages\django\template\engine.py", line 126, in find_template
    template = loader.get_template(name, skip=skip)
  File "C:\Python372\mecheck\lib\site-packages\django\template\loaders\base.py", line 30, in get_template
    contents, origin, origin.template_name, self.engine,
  File "C:\Python372\mecheck\lib\site-packages\django\template\base.py", line 156, in __init__
    self.nodelist = self.compile_nodelist()
  File "C:\Python372\mecheck\lib\site-packages\django\template\base.py", line 194, in compile_nodelist
    return parser.parse()
  File "C:\Python372\mecheck\lib\site-packages\django\template\base.py", line 478, in parse
    raise self.error(token, e)
  File "C:\Python372\mecheck\lib\site-packages\django\template\base.py", line 476, in parse
    compiled_result = compile_func(self, token)
  File "C:\Python372\mecheck\lib\site-packages\django\template\defaulttags.py", line 1077, in load
    lib = find_library(parser, name)
  File "C:\Python372\mecheck\lib\site-packages\django\template\defaulttags.py", line 1024, in find_library
    name, "\n".join(sorted(parser.libraries)),
django.template.exceptions.TemplateSyntaxError: 'notifications_tags' is not a registered tag library. Must be one of:
admin_list
admin_modify
admin_static
admin_urls
cache
custom_tag
custom_tag20230828 Non v-pre
custom_tag20230828 Non v-pre horizontal
custom_tagbootstrap20210128
custom_taglinshi
custom_tagvue20210128v_pre
i18n
l10n
log
rest_framework
simpletags
static
staticfiles
tz
[2024-01-18 09:39:42,080] [basehttp.py:154] [basehttp:log_message] [ERROR]- "GET /favicon.ico HTTP/1.1" 500 232593
[2024-01-18 09:40:03,115] [basehttp.py:154] [basehttp:log_message] [INFO]- "GET / HTTP/1.1" 200 25193
[2024-01-18 09:40:03,247] [basehttp.py:154] [basehttp:log_message] [INFO]- "GET /favicon.ico HTTP/1.1" 200 25193
[2024-01-18 09:40:10,279] [basehttp.py:154] [basehttp:log_message] [INFO]- "GET /FilesDownload/ HTTP/1.1" 200 31824
[2024-01-18 09:40:10,285] [basehttp.py:154] [basehttp:log_message] [INFO]- "GET /static/src/gallery_01.jpg HTTP/1.1" 304 0
[2024-01-18 09:40:10,286] [basehttp.py:154] [basehttp:log_message] [INFO]- "GET /static/src/gallery_02.jpg HTTP/1.1" 304 0
[2024-01-18 09:40:10,288] [basehttp.py:154] [basehttp:log_message] [INFO]- "GET /static/css/ElementUI.css HTTP/1.1" 304 0
[2024-01-18 09:40:10,295] [basehttp.py:154] [basehttp:log_message] [INFO]- "GET /static/src/gallery_04.jpg HTTP/1.1" 304 0
[2024-01-18 09:40:10,296] [basehttp.py:154] [basehttp:log_message] [INFO]- "GET /static/src/gallery_03.jpg HTTP/1.1" 304 0
[2024-01-18 09:40:10,306] [basehttp.py:154] [basehttp:log_message] [INFO]- "GET /static/src/gallery_08.jpg HTTP/1.1" 304 0
[2024-01-18 09:40:10,306] [basehttp.py:154] [basehttp:log_message] [INFO]- "GET /static/src/gallery_07.jpg HTTP/1.1" 304 0
[2024-01-18 09:40:10,307] [basehttp.py:154] [basehttp:log_message] [INFO]- "GET /static/src/gallery_06.jpg HTTP/1.1" 304 0
[2024-01-18 09:40:10,311] [basehttp.py:154] [basehttp:log_message] [INFO]- "GET /static/src/gallery_09.jpg HTTP/1.1" 304 0
[2024-01-18 09:40:10,311] [basehttp.py:154] [basehttp:log_message] [INFO]- "GET /static/src/gallery_10.jpg HTTP/1.1" 304 0
[2024-01-18 09:40:10,531] [basehttp.py:154] [basehttp:log_message] [INFO]- "GET /favicon.ico HTTP/1.1" 200 25193
[2024-01-18 10:30:01,071] [basehttp.py:154] [basehttp:log_message] [INFO]- "GET / HTTP/1.1" 200 25193
[2024-01-18 10:30:01,249] [basehttp.py:154] [basehttp:log_message] [INFO]- "GET /favicon.ico HTTP/1.1" 200 25193
[2024-01-18 10:30:55,124] [basehttp.py:154] [basehttp:log_message] [INFO]- "GET /PersonalExperience/Summary/ HTTP/1.1" 200 41095
[2024-01-18 10:30:55,450] [basehttp.py:154] [basehttp:log_message] [INFO]- "GET /favicon.ico HTTP/1.1" 200 25193
[2024-01-18 10:30:55,496] [UserIP.py:90] [UserIP:process_response] [INFO]- 2024-01-18 10:30:55 C1010S3>Edwin None>LAPTOP-GQJTF2B7>0A098 127.0.0.1 127.0.0.1 /PersonalExperience/Summary/ POST
[2024-01-18 10:30:55,502] [basehttp.py:154] [basehttp:log_message] [INFO]- "POST /PersonalExperience/Summary/ HTTP/1.1" 200 4672
[2024-01-18 15:58:34,954] [runserver.py:141] [runserver:log_action] [INFO]- HTTP GET / 200 [0.09, 127.0.0.1:51623]
[2024-01-18 15:58:35,065] [runserver.py:141] [runserver:log_action] [INFO]- HTTP GET /favicon.ico 200 [0.03, 127.0.0.1:51623]
[2024-01-18 16:13:04,967] [runserver.py:141] [runserver:log_action] [INFO]- HTTP GET / 200 [0.08, 127.0.0.1:57895]
[2024-01-18 16:13:05,114] [runserver.py:141] [runserver:log_action] [INFO]- HTTP GET /favicon.ico 200 [0.02, 127.0.0.1:57895]
[2024-01-18 16:13:15,529] [runserver.py:141] [runserver:log_action] [INFO]- HTTP GET /PersonalInfo/Infos-upload/ 200 [0.02, 127.0.0.1:57912]
[2024-01-18 16:13:15,540] [runserver.py:145] [runserver:log_action] [INFO]- HTTP GET /static/css/b_upload.css 304 [0.00, 127.0.0.1:57912]
[2024-01-18 16:13:15,550] [runserver.py:141] [runserver:log_action] [INFO]- HTTP GET /static/js/xlsx/xlsx_pop1.js 200 [0.00, 127.0.0.1:57912]
[2024-01-18 16:13:15,566] [runserver.py:141] [runserver:log_action] [INFO]- HTTP GET /static/js/xlsx/xlsx_pop2.js 200 [0.00, 127.0.0.1:57912]
[2024-01-18 16:13:15,568] [runserver.py:141] [runserver:log_action] [INFO]- HTTP GET /static/js/xlsx/xlsx_pop3.js 200 [0.00, 127.0.0.1:57914]
[2024-01-18 16:13:15,569] [runserver.py:141] [runserver:log_action] [INFO]- HTTP GET /static/js/xlsx/xlsx_pop4.js 200 [0.01, 127.0.0.1:57915]
[2024-01-18 16:13:15,741] [runserver.py:141] [runserver:log_action] [INFO]- HTTP GET /favicon.ico 200 [0.04, 127.0.0.1:57915]
[2024-01-18 16:13:19,246] [runserver.py:141] [runserver:log_action] [INFO]- HTTP GET /PersonalInfo/PersonalInfo-search/ 200 [0.05, 127.0.0.1:57915]
[2024-01-18 16:13:19,839] [UserIP.py:90] [UserIP:process_response] [INFO]- 2024-01-18 16:13:19 C1010S3>Edwin None>None>None 127.0.0.1 127.0.0.1 /PersonalInfo/PersonalInfo-search/ POST
[2024-01-18 16:13:19,855] [runserver.py:141] [runserver:log_action] [INFO]- HTTP POST /PersonalInfo/PersonalInfo-search/ 200 [0.38, 127.0.0.1:57915]
[2024-01-18 16:13:19,882] [runserver.py:141] [runserver:log_action] [INFO]- HTTP GET /favicon.ico 200 [0.40, 127.0.0.1:57914]
[2024-01-18 16:18:12,702] [runserver.py:141] [runserver:log_action] [INFO]- HTTP GET /PersonalInfo/PersonalInfo-search/ 200 [0.02, 127.0.0.1:65105]
[2024-01-18 16:18:12,781] [runserver.py:162] [runserver:log_action] [INFO]- WebSocket HANDSHAKING /ws/msg/ITNest/ [127.0.0.1:65108]
[2024-01-18 16:18:13,121] [runserver.py:160] [runserver:log_action] [INFO]- WebSocket DISCONNECT /ws/msg/ITNest/ [127.0.0.1:65108]
[2024-01-18 16:18:13,263] [UserIP.py:90] [UserIP:process_response] [INFO]- 2024-01-18 16:18:13 C1010S3>Edwin None>None>None 127.0.0.1 127.0.0.1 /PersonalInfo/PersonalInfo-search/ POST
[2024-01-18 16:18:13,268] [runserver.py:141] [runserver:log_action] [INFO]- HTTP POST /PersonalInfo/PersonalInfo-search/ 200 [0.31, 127.0.0.1:65105]
[2024-01-18 16:18:13,281] [runserver.py:141] [runserver:log_action] [INFO]- HTTP GET /favicon.ico 200 [0.31, 127.0.0.1:65106]
[2024-01-18 16:40:43,250] [runserver.py:141] [runserver:log_action] [INFO]- HTTP GET /PersonalInfo/PersonalInfo-search/ 200 [0.03, 127.0.0.1:57499]
[2024-01-18 16:40:43,259] [runserver.py:141] [runserver:log_action] [INFO]- HTTP GET /static/toastr-master/build/toastr.min.css 200 [0.00, 127.0.0.1:57499]
[2024-01-18 16:40:43,263] [runserver.py:141] [runserver:log_action] [INFO]- HTTP GET /static/toastr-master/build/toastr.min.js 200 [0.00, 127.0.0.1:57500]
[2024-01-18 16:40:43,326] [runserver.py:162] [runserver:log_action] [INFO]- WebSocket HANDSHAKING /ws/msg/ITNest/ [127.0.0.1:57502]
[2024-01-18 16:40:43,777] [UserIP.py:90] [UserIP:process_response] [INFO]- 2024-01-18 16:40:43 C1010S3>Edwin None>None>None 127.0.0.1 127.0.0.1 /PersonalInfo/PersonalInfo-search/ POST
[2024-01-18 16:40:43,792] [runserver.py:141] [runserver:log_action] [INFO]- HTTP POST /PersonalInfo/PersonalInfo-search/ 200 [0.31, 127.0.0.1:57500]
[2024-01-18 16:40:43,817] [runserver.py:141] [runserver:log_action] [INFO]- HTTP GET /favicon.ico 200 [0.33, 127.0.0.1:57499]
[2024-01-18 16:40:44,103] [runserver.py:160] [runserver:log_action] [INFO]- WebSocket DISCONNECT /ws/msg/ITNest/ [127.0.0.1:57502]
[2024-01-18 16:41:53,279] [runserver.py:141] [runserver:log_action] [INFO]- HTTP GET /PersonalInfo/PersonalInfo-search/ 200 [0.04, 127.0.0.1:50819]
[2024-01-18 16:41:53,339] [runserver.py:162] [runserver:log_action] [INFO]- WebSocket HANDSHAKING /ws/msg/ITNest/ [127.0.0.1:50822]
[2024-01-18 16:41:53,422] [runserver.py:158] [runserver:log_action] [INFO]- WebSocket CONNECT /ws/msg/ITNest/ [127.0.0.1:50822]
[2024-01-18 16:41:53,758] [UserIP.py:90] [UserIP:process_response] [INFO]- 2024-01-18 16:41:53 C1010S3>Edwin None>None>None 127.0.0.1 127.0.0.1 /PersonalInfo/PersonalInfo-search/ POST
[2024-01-18 16:41:53,774] [runserver.py:141] [runserver:log_action] [INFO]- HTTP POST /PersonalInfo/PersonalInfo-search/ 200 [0.34, 127.0.0.1:50819]
[2024-01-18 16:41:53,787] [runserver.py:141] [runserver:log_action] [INFO]- HTTP GET /favicon.ico 200 [0.34, 127.0.0.1:50820]
[2024-01-18 16:41:54,298] [runserver.py:160] [runserver:log_action] [INFO]- WebSocket DISCONNECT /ws/msg/ITNest/ [127.0.0.1:50822]
[2024-01-18 16:47:34,836] [runserver.py:141] [runserver:log_action] [INFO]- HTTP GET /PersonalInfo/PersonalInfo-search/ 200 [0.06, 127.0.0.1:52818]
[2024-01-18 16:47:34,914] [runserver.py:162] [runserver:log_action] [INFO]- WebSocket HANDSHAKING /ws/msg/ITNest/ [127.0.0.1:52821]
[2024-01-18 16:47:35,184] [runserver.py:158] [runserver:log_action] [INFO]- WebSocket CONNECT /ws/msg/ITNest/ [127.0.0.1:52821]
[2024-01-18 16:47:35,470] [UserIP.py:90] [UserIP:process_response] [INFO]- 2024-01-18 16:47:35 C1010S3>Edwin None>None>None 127.0.0.1 127.0.0.1 /PersonalInfo/PersonalInfo-search/ POST
[2024-01-18 16:47:35,475] [runserver.py:141] [runserver:log_action] [INFO]- HTTP POST /PersonalInfo/PersonalInfo-search/ 200 [0.30, 127.0.0.1:52818]
[2024-01-18 16:47:35,504] [runserver.py:141] [runserver:log_action] [INFO]- HTTP GET /favicon.ico 200 [0.33, 127.0.0.1:52819]
[2024-01-18 16:54:35,050] [runserver.py:141] [runserver:log_action] [INFO]- HTTP GET /PersonalExperience/NPI-upload/ 200 [0.15, 127.0.0.1:63476]
[2024-01-18 16:54:35,061] [runserver.py:145] [runserver:log_action] [INFO]- HTTP GET /static/css/b_upload.css 304 [0.00, 127.0.0.1:63476]
[2024-01-18 16:54:35,133] [runserver.py:162] [runserver:log_action] [INFO]- WebSocket HANDSHAKING /ws/msg/ITNest/ [127.0.0.1:63479]
[2024-01-18 16:54:35,276] [runserver.py:158] [runserver:log_action] [INFO]- WebSocket CONNECT /ws/msg/ITNest/ [127.0.0.1:63479]
[2024-01-18 16:54:35,373] [UserIP.py:90] [UserIP:process_response] [INFO]- 2024-01-18 16:54:35 C1010S3>Edwin None>None>None 127.0.0.1 127.0.0.1 /PersonalExperience/NPI-upload/ POST
[2024-01-18 16:54:35,383] [runserver.py:141] [runserver:log_action] [INFO]- HTTP POST /PersonalExperience/NPI-upload/ 200 [0.06, 127.0.0.1:63476]
[2024-01-18 16:54:35,428] [runserver.py:141] [runserver:log_action] [INFO]- HTTP GET /favicon.ico 200 [0.10, 127.0.0.1:63477]
[2024-01-18 16:54:40,282] [runserver.py:141] [runserver:log_action] [INFO]- HTTP GET /PersonalExperience/NPI-upload/ 200 [0.08, 127.0.0.1:63477]
[2024-01-18 16:54:40,286] [runserver.py:160] [runserver:log_action] [INFO]- WebSocket DISCONNECT /ws/msg/ITNest/ [127.0.0.1:63479]
[2024-01-18 16:54:40,290] [runserver.py:145] [runserver:log_action] [INFO]- HTTP GET /static/css/b_upload.css 304 [0.00, 127.0.0.1:63477]
[2024-01-18 16:54:40,326] [runserver.py:162] [runserver:log_action] [INFO]- WebSocket HANDSHAKING /ws/msg/ITNest/ [127.0.0.1:63490]
[2024-01-18 16:54:40,329] [runserver.py:158] [runserver:log_action] [INFO]- WebSocket CONNECT /ws/msg/ITNest/ [127.0.0.1:63490]
[2024-01-18 16:54:40,431] [UserIP.py:90] [UserIP:process_response] [INFO]- 2024-01-18 16:54:40 C1010S3>Edwin None>None>None 127.0.0.1 127.0.0.1 /PersonalExperience/NPI-upload/ POST
[2024-01-18 16:54:40,441] [runserver.py:141] [runserver:log_action] [INFO]- HTTP POST /PersonalExperience/NPI-upload/ 200 [0.03, 127.0.0.1:63477]
[2024-01-18 16:54:40,479] [runserver.py:141] [runserver:log_action] [INFO]- HTTP GET /favicon.ico 200 [0.06, 127.0.0.1:63476]
[2024-01-18 16:54:50,514] [runserver.py:141] [runserver:log_action] [INFO]- HTTP GET /PersonalExperience/NPI-upload/ 200 [0.07, 127.0.0.1:63476]
[2024-01-18 16:54:50,519] [runserver.py:160] [runserver:log_action] [INFO]- WebSocket DISCONNECT /ws/msg/ITNest/ [127.0.0.1:63490]
[2024-01-18 16:54:50,525] [runserver.py:145] [runserver:log_action] [INFO]- HTTP GET /static/css/b_upload.css 304 [0.00, 127.0.0.1:63476]
[2024-01-18 16:54:50,564] [runserver.py:162] [runserver:log_action] [INFO]- WebSocket HANDSHAKING /ws/msg/ITNest/ [127.0.0.1:63502]
[2024-01-18 16:54:50,569] [runserver.py:158] [runserver:log_action] [INFO]- WebSocket CONNECT /ws/msg/ITNest/ [127.0.0.1:63502]
[2024-01-18 16:54:50,657] [UserIP.py:90] [UserIP:process_response] [INFO]- 2024-01-18 16:54:50 C1010S3>Edwin None>None>None 127.0.0.1 127.0.0.1 /PersonalExperience/NPI-upload/ POST
[2024-01-18 16:54:50,666] [runserver.py:141] [runserver:log_action] [INFO]- HTTP POST /PersonalExperience/NPI-upload/ 200 [0.03, 127.0.0.1:63476]
[2024-01-18 16:54:50,714] [runserver.py:141] [runserver:log_action] [INFO]- HTTP GET /favicon.ico 200 [0.07, 127.0.0.1:63477]
[2024-01-18 16:58:26,975] [runserver.py:141] [runserver:log_action] [INFO]- HTTP GET /PersonalExperience/NPI-upload/ 200 [0.05, 127.0.0.1:63354]
[2024-01-18 16:58:26,979] [runserver.py:160] [runserver:log_action] [INFO]- WebSocket DISCONNECT /ws/msg/ITNest/ [127.0.0.1:63502]
[2024-01-18 16:58:26,988] [runserver.py:145] [runserver:log_action] [INFO]- HTTP GET /static/css/b_upload.css 304 [0.00, 127.0.0.1:63354]
[2024-01-18 16:58:27,064] [runserver.py:162] [runserver:log_action] [INFO]- WebSocket HANDSHAKING /ws/msg/ITNest/ [127.0.0.1:63357]
[2024-01-18 16:58:27,065] [runserver.py:158] [runserver:log_action] [INFO]- WebSocket CONNECT /ws/msg/ITNest/ [127.0.0.1:63357]
[2024-01-18 16:58:27,224] [UserIP.py:90] [UserIP:process_response] [INFO]- 2024-01-18 16:58:27 C1010S3>Edwin None>None>None 127.0.0.1 127.0.0.1 /PersonalExperience/NPI-upload/ POST
[2024-01-18 16:58:27,229] [runserver.py:141] [runserver:log_action] [INFO]- HTTP POST /PersonalExperience/NPI-upload/ 200 [0.02, 127.0.0.1:63354]
[2024-01-18 16:58:27,267] [runserver.py:141] [runserver:log_action] [INFO]- HTTP GET /favicon.ico 200 [0.05, 127.0.0.1:63355]
[2024-01-18 17:07:39,408] [runserver.py:141] [runserver:log_action] [INFO]- HTTP GET /PersonalExperience/NPI-upload/ 200 [0.03, 127.0.0.1:51623]
[2024-01-18 17:07:39,412] [runserver.py:160] [runserver:log_action] [INFO]- WebSocket DISCONNECT /ws/msg/ITNest/ [127.0.0.1:63357]
[2024-01-18 17:07:39,423] [runserver.py:145] [runserver:log_action] [INFO]- HTTP GET /static/css/b_upload.css 304 [0.00, 127.0.0.1:51623]
[2024-01-18 17:07:39,487] [runserver.py:162] [runserver:log_action] [INFO]- WebSocket HANDSHAKING /ws/msg/ITNest/ [127.0.0.1:51626]
[2024-01-18 17:07:39,488] [runserver.py:158] [runserver:log_action] [INFO]- WebSocket CONNECT /ws/msg/ITNest/ [127.0.0.1:51626]
[2024-01-18 17:07:39,648] [UserIP.py:90] [UserIP:process_response] [INFO]- 2024-01-18 17:07:39 C1010S3>Edwin None>None>None 127.0.0.1 127.0.0.1 /PersonalExperience/NPI-upload/ POST
[2024-01-18 17:07:39,653] [runserver.py:141] [runserver:log_action] [INFO]- HTTP POST /PersonalExperience/NPI-upload/ 200 [0.02, 127.0.0.1:51623]
[2024-01-18 17:07:39,679] [runserver.py:141] [runserver:log_action] [INFO]- HTTP GET /favicon.ico 200 [0.04, 127.0.0.1:51625]
[2024-01-19 14:32:51,110] [runserver.py:147] [runserver:log_action] [INFO]- HTTP GET /admin/ 302 [0.14, 127.0.0.1:51195]
[2024-01-19 14:32:51,149] [runserver.py:141] [runserver:log_action] [INFO]- HTTP GET /admin/login/?next=/admin/ 200 [0.03, 127.0.0.1:51195]
[2024-01-19 14:32:51,174] [runserver.py:160] [runserver:log_action] [INFO]- WebSocket DISCONNECT /ws/msg/ITNest/ [127.0.0.1:51626]
[2024-01-19 14:32:51,354] [runserver.py:147] [runserver:log_action] [INFO]- HTTP GET /favicon.ico 302 [0.00, 127.0.0.1:51195]
[2024-01-19 14:32:51,360] [runserver.py:141] [runserver:log_action] [INFO]- HTTP GET /login/ 200 [0.00, 127.0.0.1:51195]
[2024-01-19 14:32:54,104] [UserIP.py:90] [UserIP:process_response] [INFO]- 2024-01-19 14:32:54 None>None None>None>None 127.0.0.1 127.0.0.1 /admin/login/ POST
[2024-01-19 14:32:54,108] [runserver.py:147] [runserver:log_action] [INFO]- HTTP POST /admin/login/?next=/admin/ 302 [0.19, 127.0.0.1:51195]
[2024-01-19 14:32:54,581] [runserver.py:141] [runserver:log_action] [INFO]- HTTP GET /admin/ 200 [0.47, 127.0.0.1:51195]
[2024-01-19 14:32:54,716] [runserver.py:147] [runserver:log_action] [INFO]- HTTP GET /favicon.ico 302 [0.02, 127.0.0.1:51195]
[2024-01-19 14:32:54,745] [runserver.py:141] [runserver:log_action] [INFO]- HTTP GET /login/ 200 [0.03, 127.0.0.1:51195]
[2024-01-19 14:34:56,414] [runserver.py:141] [runserver:log_action] [INFO]- HTTP GET /admin/app01/menu/ 200 [0.14, 127.0.0.1:51518]
[2024-01-19 14:34:56,431] [runserver.py:147] [runserver:log_action] [INFO]- HTTP GET /favicon.ico 302 [0.16, 127.0.0.1:51520]
[2024-01-19 14:34:56,443] [runserver.py:141] [runserver:log_action] [INFO]- HTTP GET /admin/jsi18n/ 200 [0.02, 127.0.0.1:51518]
[2024-01-19 14:34:56,454] [runserver.py:141] [runserver:log_action] [INFO]- HTTP GET /login/ 200 [0.02, 127.0.0.1:51520]
[2024-01-19 14:35:04,578] [runserver.py:141] [runserver:log_action] [INFO]- HTTP GET /admin/app01/menu/34/change/ 200 [0.14, 127.0.0.1:51520]
[2024-01-19 14:35:04,602] [runserver.py:141] [runserver:log_action] [INFO]- HTTP GET /admin/jsi18n/ 200 [0.01, 127.0.0.1:51520]
[2024-01-19 14:35:04,606] [runserver.py:141] [runserver:log_action] [INFO]- HTTP GET /static/admin/img/icon-changelink.svg 200 [0.01, 127.0.0.1:51518]
[2024-01-19 14:35:04,610] [runserver.py:141] [runserver:log_action] [INFO]- HTTP GET /static/admin/img/icon-deletelink.svg 200 [0.00, 127.0.0.1:51518]
[2024-01-19 14:35:19,094] [runserver.py:141] [runserver:log_action] [INFO]- HTTP GET /admin/app01/permission/ 200 [0.26, 127.0.0.1:51518]
[2024-01-19 14:35:19,106] [runserver.py:147] [runserver:log_action] [INFO]- HTTP GET /favicon.ico 302 [0.27, 127.0.0.1:51520]
[2024-01-19 14:35:19,126] [runserver.py:141] [runserver:log_action] [INFO]- HTTP GET /admin/jsi18n/ 200 [0.02, 127.0.0.1:51518]
[2024-01-19 14:35:19,133] [runserver.py:141] [runserver:log_action] [INFO]- HTTP GET /login/ 200 [0.02, 127.0.0.1:51520]
[2024-01-19 14:35:27,076] [runserver.py:141] [runserver:log_action] [INFO]- HTTP GET /admin/app01/permission/93/change/ 200 [0.14, 127.0.0.1:51520]
[2024-01-19 14:35:27,110] [runserver.py:141] [runserver:log_action] [INFO]- HTTP GET /admin/jsi18n/ 200 [0.03, 127.0.0.1:51520]
[2024-01-19 14:36:19,407] [runserver.py:141] [runserver:log_action] [INFO]- HTTP GET /admin/app01/permission/ 200 [0.23, 127.0.0.1:51520]
[2024-01-19 14:36:19,443] [runserver.py:141] [runserver:log_action] [INFO]- HTTP GET /admin/jsi18n/ 200 [0.03, 127.0.0.1:51520]
[2024-01-19 14:36:23,281] [runserver.py:141] [runserver:log_action] [INFO]- HTTP GET /admin/app01/role/ 200 [0.65, 127.0.0.1:51520]
[2024-01-19 14:36:23,312] [runserver.py:147] [runserver:log_action] [INFO]- HTTP GET /favicon.ico 302 [0.67, 127.0.0.1:51771]
[2024-01-19 14:36:23,345] [runserver.py:141] [runserver:log_action] [INFO]- HTTP GET /admin/jsi18n/ 200 [0.06, 127.0.0.1:51520]
[2024-01-19 14:36:23,377] [runserver.py:141] [runserver:log_action] [INFO]- HTTP GET /login/ 200 [0.06, 127.0.0.1:51771]
[2024-01-19 15:08:35,478] [runserver.py:147] [runserver:log_action] [INFO]- HTTP GET / 302 [0.01, 127.0.0.1:56929]
[2024-01-19 15:08:35,505] [runserver.py:141] [runserver:log_action] [INFO]- HTTP GET /login/ 200 [0.02, 127.0.0.1:56929]
[2024-01-19 15:08:35,582] [runserver.py:147] [runserver:log_action] [INFO]- HTTP GET /favicon.ico 302 [0.03, 127.0.0.1:56929]
[2024-01-19 15:08:35,615] [runserver.py:141] [runserver:log_action] [INFO]- HTTP GET /login/ 200 [0.03, 127.0.0.1:56929]
[2024-01-19 15:08:38,953] [UserIP.py:90] [UserIP:process_response] [INFO]- 2024-01-19 15:08:38 C1010S3>Edwin None>None>None 127.0.0.1 127.0.0.1 /login/ POST
[2024-01-19 15:08:38,968] [runserver.py:147] [runserver:log_action] [INFO]- HTTP POST /login/?next= 302 [0.05, 127.0.0.1:56929]
[2024-01-19 15:08:39,003] [runserver.py:147] [runserver:log_action] [INFO]- HTTP GET /login/ 302 [0.03, 127.0.0.1:56929]
[2024-01-19 15:08:39,085] [runserver.py:141] [runserver:log_action] [INFO]- HTTP GET /PersonalExperience/NPI-upload/ 200 [0.08, 127.0.0.1:56929]
[2024-01-19 15:08:39,100] [runserver.py:145] [runserver:log_action] [INFO]- HTTP GET /static/css/b_upload.css 304 [0.00, 127.0.0.1:56929]
[2024-01-19 15:08:39,188] [runserver.py:162] [runserver:log_action] [INFO]- WebSocket HANDSHAKING /ws/msg/ITNest/ [127.0.0.1:56944]
[2024-01-19 15:08:39,190] [runserver.py:158] [runserver:log_action] [INFO]- WebSocket CONNECT /ws/msg/ITNest/ [127.0.0.1:56944]
[2024-01-19 15:08:39,402] [UserIP.py:90] [UserIP:process_response] [INFO]- 2024-01-19 15:08:39 C1010S3>Edwin None>None>None 127.0.0.1 127.0.0.1 /PersonalExperience/NPI-upload/ POST
[2024-01-19 15:08:39,409] [runserver.py:141] [runserver:log_action] [INFO]- HTTP POST /PersonalExperience/NPI-upload/ 200 [0.02, 127.0.0.1:56929]
[2024-01-19 15:08:39,425] [runserver.py:141] [runserver:log_action] [INFO]- HTTP GET /favicon.ico 200 [0.03, 127.0.0.1:56948]
[2024-01-19 15:08:47,879] [runserver.py:141] [runserver:log_action] [INFO]- HTTP GET /PersonalExperience/NPI-upload/ 200 [0.06, 127.0.0.1:56948]
[2024-01-19 15:08:47,883] [runserver.py:160] [runserver:log_action] [INFO]- WebSocket DISCONNECT /ws/msg/ITNest/ [127.0.0.1:56944]
[2024-01-19 15:08:47,886] [runserver.py:145] [runserver:log_action] [INFO]- HTTP GET /static/css/b_upload.css 304 [0.00, 127.0.0.1:56948]
[2024-01-19 15:08:47,918] [runserver.py:162] [runserver:log_action] [INFO]- WebSocket HANDSHAKING /ws/msg/ITNest/ [127.0.0.1:56968]
[2024-01-19 15:08:47,920] [runserver.py:158] [runserver:log_action] [INFO]- WebSocket CONNECT /ws/msg/ITNest/ [127.0.0.1:56968]
[2024-01-19 15:08:48,019] [UserIP.py:90] [UserIP:process_response] [INFO]- 2024-01-19 15:08:48 C1010S3>Edwin None>None>None 127.0.0.1 127.0.0.1 /PersonalExperience/NPI-upload/ POST
[2024-01-19 15:08:48,026] [runserver.py:141] [runserver:log_action] [INFO]- HTTP POST /PersonalExperience/NPI-upload/ 200 [0.03, 127.0.0.1:56948]
[2024-01-19 15:08:48,043] [runserver.py:141] [runserver:log_action] [INFO]- HTTP GET /favicon.ico 200 [0.03, 127.0.0.1:56929]
[2024-01-19 15:33:24,873] [runserver.py:147] [runserver:log_action] [INFO]- HTTP GET /Navigation/ 302 [0.00, 127.0.0.1:60967]
[2024-01-19 15:33:24,884] [runserver.py:141] [runserver:log_action] [INFO]- HTTP GET /login/ 200 [0.00, 127.0.0.1:60967]
[2024-01-19 15:33:24,890] [runserver.py:160] [runserver:log_action] [INFO]- WebSocket DISCONNECT /ws/msg/ITNest/ [127.0.0.1:56968]
[2024-01-19 15:33:24,900] [runserver.py:141] [runserver:log_action] [INFO]- HTTP GET /static/vendor/fontawesome-free/css/all.min.css 200 [0.01, 127.0.0.1:60967]
[2024-01-19 15:33:24,906] [runserver.py:141] [runserver:log_action] [INFO]- HTTP GET /static/css/sb-admin.css 200 [0.01, 127.0.0.1:60968]
[2024-01-19 15:33:24,909] [runserver.py:141] [runserver:log_action] [INFO]- HTTP GET /static/css/test1.css 200 [0.02, 127.0.0.1:60971]
[2024-01-19 15:33:24,914] [runserver.py:141] [runserver:log_action] [INFO]- HTTP GET /static/css/bootstrap.min.css 200 [0.02, 127.0.0.1:60970]
[2024-01-19 15:33:24,919] [runserver.py:141] [runserver:log_action] [INFO]- HTTP GET /static/vendor/jquery/jquery.min.js 200 [0.03, 127.0.0.1:60972]
[2024-01-19 15:33:24,925] [runserver.py:141] [runserver:log_action] [INFO]- HTTP GET /static/vendor/bootstrap/js/bootstrap.bundle.min.js 200 [0.03, 127.0.0.1:60973]
[2024-01-19 15:33:24,930] [runserver.py:141] [runserver:log_action] [INFO]- HTTP GET /static/vendor/jquery-easing/jquery.easing.min.js 200 [0.03, 127.0.0.1:60967]
[2024-01-19 15:33:24,934] [runserver.py:141] [runserver:log_action] [INFO]- HTTP GET /static/src/ocean.jpg 200 [0.01, 127.0.0.1:60972]
[2024-01-19 15:33:24,950] [runserver.py:147] [runserver:log_action] [INFO]- HTTP GET /favicon.ico 302 [0.01, 127.0.0.1:60972]
[2024-01-19 15:33:24,954] [runserver.py:141] [runserver:log_action] [INFO]- HTTP GET /login/ 200 [0.00, 127.0.0.1:60972]
[2024-01-19 15:33:26,423] [UserIP.py:90] [UserIP:process_response] [INFO]- 2024-01-19 15:33:26 C1010S3>Edwin None>None>None 127.0.0.1 127.0.0.1 /login/ POST
[2024-01-19 15:33:26,435] [runserver.py:147] [runserver:log_action] [INFO]- HTTP POST /login/?next= 302 [0.03, 127.0.0.1:60972]
[2024-01-19 15:33:26,463] [runserver.py:147] [runserver:log_action] [INFO]- HTTP GET /login/ 302 [0.03, 127.0.0.1:60972]
[2024-01-19 15:33:26,503] [runserver.py:141] [runserver:log_action] [INFO]- HTTP GET /Navigation/ 200 [0.04, 127.0.0.1:60972]
[2024-01-19 15:33:26,512] [runserver.py:141] [runserver:log_action] [INFO]- HTTP GET /static/download_UPK/element-ui@2.12.0/lib/theme-chalk/index.css 200 [0.00, 127.0.0.1:60972]
[2024-01-19 15:33:26,515] [runserver.py:141] [runserver:log_action] [INFO]- HTTP GET /static/css/lib/calendar2/pignose.calendar.min.css 200 [0.01, 127.0.0.1:60967]
[2024-01-19 15:33:26,522] [runserver.py:141] [runserver:log_action] [INFO]- HTTP GET /static/css/lib/chartist/chartist.min.css 200 [0.01, 127.0.0.1:60973]
[2024-01-19 15:33:26,526] [runserver.py:141] [runserver:log_action] [INFO]- HTTP GET /static/css/lib/font-awesome.min.css 200 [0.02, 127.0.0.1:60970]
[2024-01-19 15:33:26,529] [runserver.py:141] [runserver:log_action] [INFO]- HTTP GET /static/css/lib/themify-icons.css 200 [0.02, 127.0.0.1:60971]
[2024-01-19 15:33:26,532] [runserver.py:141] [runserver:log_action] [INFO]- HTTP GET /static/css/lib/owl.carousel.min.css 200 [0.02, 127.0.0.1:60968]
[2024-01-19 15:33:26,535] [runserver.py:141] [runserver:log_action] [INFO]- HTTP GET /static/css/lib/owl.theme.default.min.css 200 [0.02, 127.0.0.1:60972]
[2024-01-19 15:33:26,538] [runserver.py:141] [runserver:log_action] [INFO]- HTTP GET /static/css/lib/weather-icons.css 200 [0.02, 127.0.0.1:60967]
[2024-01-19 15:33:26,540] [runserver.py:141] [runserver:log_action] [INFO]- HTTP GET /static/css/lib/menubar/sidebar.css 200 [0.02, 127.0.0.1:60973]
[2024-01-19 15:33:26,544] [runserver.py:141] [runserver:log_action] [INFO]- HTTP GET /static/node_modules/bootstrap-icons/font/bootstrap-icons.css 200 [0.02, 127.0.0.1:60970]
[2024-01-19 15:33:26,547] [runserver.py:141] [runserver:log_action] [INFO]- HTTP GET /static/css/lib/helper.css 200 [0.02, 127.0.0.1:60971]
[2024-01-19 15:33:26,549] [runserver.py:141] [runserver:log_action] [INFO]- HTTP GET /static/css/style.css 200 [0.02, 127.0.0.1:60968]
[2024-01-19 15:33:26,552] [runserver.py:141] [runserver:log_action] [INFO]- HTTP GET /static/css/uploadbutton.css 200 [0.02, 127.0.0.1:60972]
[2024-01-19 15:33:26,554] [runserver.py:141] [runserver:log_action] [INFO]- HTTP GET /static/toastr-master/build/toastr.min.css 200 [0.02, 127.0.0.1:60967]
[2024-01-19 15:33:26,557] [runserver.py:141] [runserver:log_action] [INFO]- HTTP GET /static/js/lib/jquery.min.js 200 [0.02, 127.0.0.1:60973]
[2024-01-19 15:33:26,560] [runserver.py:141] [runserver:log_action] [INFO]- HTTP GET /static/src/back/001.png 200 [0.01, 127.0.0.1:60970]
[2024-01-19 15:33:26,563] [runserver.py:141] [runserver:log_action] [INFO]- HTTP GET /static/js/lib/jquery.nanoscroller.min.js 200 [0.01, 127.0.0.1:60971]
[2024-01-19 15:33:26,566] [runserver.py:141] [runserver:log_action] [INFO]- HTTP GET /static/js/lib/menubar/sidebar.js 200 [0.01, 127.0.0.1:60968]
[2024-01-19 15:33:26,568] [runserver.py:141] [runserver:log_action] [INFO]- HTTP GET /static/js/lib/preloader/pace.min.js 200 [0.02, 127.0.0.1:60972]
[2024-01-19 15:33:26,571] [runserver.py:141] [runserver:log_action] [INFO]- HTTP GET /static/js/lib/bootstrap.min.js 200 [0.02, 127.0.0.1:60967]
[2024-01-19 15:33:26,573] [runserver.py:141] [runserver:log_action] [INFO]- HTTP GET /static/js/scripts.js 200 [0.02, 127.0.0.1:60973]
[2024-01-19 15:33:26,577] [runserver.py:141] [runserver:log_action] [INFO]- HTTP GET /static/js/lib/calendar-2/moment.latest.min.js 200 [0.02, 127.0.0.1:60970]
[2024-01-19 15:33:26,579] [runserver.py:141] [runserver:log_action] [INFO]- HTTP GET /static/js/lib/calendar-2/pignose.calendar.min.js 200 [0.01, 127.0.0.1:60971]
[2024-01-19 15:33:26,581] [runserver.py:141] [runserver:log_action] [INFO]- HTTP GET /static/js/lib/calendar-2/pignose.init.js 200 [0.01, 127.0.0.1:60968]
[2024-01-19 15:33:26,585] [runserver.py:141] [runserver:log_action] [INFO]- HTTP GET /static/js/lib/circle-progress/circle-progress.min.js 200 [0.01, 127.0.0.1:60972]
[2024-01-19 15:33:26,588] [runserver.py:141] [runserver:log_action] [INFO]- HTTP GET /static/js/lib/circle-progress/circle-progress-init.js 200 [0.02, 127.0.0.1:60967]
[2024-01-19 15:33:26,592] [runserver.py:141] [runserver:log_action] [INFO]- HTTP GET /static/js/lib/sparklinechart/jquery.sparkline.min.js 200 [0.02, 127.0.0.1:60973]
[2024-01-19 15:33:26,594] [runserver.py:141] [runserver:log_action] [INFO]- HTTP GET /static/js/lib/sparklinechart/sparkline.init.js 200 [0.02, 127.0.0.1:60970]
[2024-01-19 15:33:26,600] [runserver.py:141] [runserver:log_action] [INFO]- HTTP GET /static/js/lib/owl-carousel/owl.carousel.min.js 200 [0.02, 127.0.0.1:60971]
[2024-01-19 15:33:26,603] [runserver.py:141] [runserver:log_action] [INFO]- HTTP GET /static/src/blue.jpg 200 [0.02, 127.0.0.1:60968]
[2024-01-19 15:33:26,605] [runserver.py:141] [runserver:log_action] [INFO]- HTTP GET /static/css/admin/assets/fonts/themify.woff?-fvbane 200 [0.02, 127.0.0.1:60972]
[2024-01-19 15:33:26,608] [runserver.py:141] [runserver:log_action] [INFO]- HTTP GET /static/node_modules/bootstrap-icons/font/fonts/bootstrap-icons.woff2?30af91bf14e37666a085fb8a161ff36d 200 [0.02, 127.0.0.1:60967]
[2024-01-19 15:33:26,610] [runserver.py:141] [runserver:log_action] [INFO]- HTTP GET /static/js/lib/owl-carousel/owl.carousel-init.js 200 [0.02, 127.0.0.1:60973]
[2024-01-19 15:33:26,613] [runserver.py:141] [runserver:log_action] [INFO]- HTTP GET /static/js/date.js 200 [0.02, 127.0.0.1:60970]
[2024-01-19 15:33:26,616] [runserver.py:141] [runserver:log_action] [INFO]- HTTP GET /static/vendor/datatables/jquery.dataTables.js 200 [0.01, 127.0.0.1:60971]
[2024-01-19 15:33:26,625] [runserver.py:141] [runserver:log_action] [INFO]- HTTP GET /static/js/datapicker.js 200 [0.02, 127.0.0.1:60968]
[2024-01-19 15:33:26,629] [runserver.py:141] [runserver:log_action] [INFO]- HTTP GET /static/js/xlsx/xlsx.core.min.js 200 [0.02, 127.0.0.1:60972]
[2024-01-19 15:33:26,631] [runserver.py:141] [runserver:log_action] [INFO]- HTTP GET /static/css/admin/assets/fonts/themify.ttf?-fvbane 200 [0.02, 127.0.0.1:60967]
[2024-01-19 15:33:26,634] [runserver.py:141] [runserver:log_action] [INFO]- HTTP GET /static/toastr-master/build/toastr.min.js 200 [0.02, 127.0.0.1:60973]
[2024-01-19 15:33:26,637] [runserver.py:141] [runserver:log_action] [INFO]- HTTP GET /static/js/es6/polyfill.min.js 200 [0.02, 127.0.0.1:60970]
[2024-01-19 15:33:26,645] [runserver.py:141] [runserver:log_action] [INFO]- HTTP GET /static/js/es6/babel.min.js 200 [0.02, 127.0.0.1:60971]
[2024-01-19 15:33:26,648] [runserver.py:141] [runserver:log_action] [INFO]- HTTP GET /static/js/axios.min.js 200 [0.02, 127.0.0.1:60968]
[2024-01-19 15:33:26,653] [runserver.py:141] [runserver:log_action] [INFO]- HTTP GET /static/js/vue.min.js 200 [0.02, 127.0.0.1:60972]
[2024-01-19 15:33:26,661] [runserver.py:141] [runserver:log_action] [INFO]- HTTP GET /static/js/Element/index.js 200 [0.03, 127.0.0.1:60967]
[2024-01-19 15:33:26,664] [runserver.py:141] [runserver:log_action] [INFO]- HTTP GET /static/js/Element/table.js 200 [0.03, 127.0.0.1:60973]
[2024-01-19 15:33:26,667] [runserver.py:141] [runserver:log_action] [INFO]- HTTP GET /static/js/Element/main.js 200 [0.03, 127.0.0.1:60970]
[2024-01-19 15:33:26,669] [runserver.py:141] [runserver:log_action] [INFO]- HTTP GET /static/fonts/themify.woff?-fvbane 200 [0.02, 127.0.0.1:60971]
[2024-01-19 15:33:26,672] [runserver.py:162] [runserver:log_action] [INFO]- WebSocket HANDSHAKING /ws/msg/ITNest/ [127.0.0.1:60980]
[2024-01-19 15:33:26,673] [runserver.py:141] [runserver:log_action] [INFO]- HTTP GET /static/js/Element/input.js 200 [0.02, 127.0.0.1:60968]
[2024-01-19 15:33:26,676] [runserver.py:141] [runserver:log_action] [INFO]- HTTP GET /static/js/Element/table-column.js 200 [0.02, 127.0.0.1:60972]
[2024-01-19 15:33:26,677] [runserver.py:141] [runserver:log_action] [INFO]- HTTP GET /static/js/Element/icon.js 200 [0.01, 127.0.0.1:60967]
[2024-01-19 15:33:26,681] [runserver.py:141] [runserver:log_action] [INFO]- HTTP GET /static/js/Element/message.js 200 [0.01, 127.0.0.1:60973]
[2024-01-19 15:33:26,685] [runserver.py:158] [runserver:log_action] [INFO]- WebSocket CONNECT /ws/msg/ITNest/ [127.0.0.1:60980]
[2024-01-19 15:33:26,861] [runserver.py:141] [runserver:log_action] [INFO]- HTTP GET /favicon.ico 200 [0.04, 127.0.0.1:60973]
[2024-01-19 16:02:56,754] [runserver.py:141] [runserver:log_action] [INFO]- HTTP GET /Navigation/ 200 [0.04, 127.0.0.1:57064]
[2024-01-19 16:02:56,759] [runserver.py:160] [runserver:log_action] [INFO]- WebSocket DISCONNECT /ws/msg/ITNest/ [127.0.0.1:60980]
[2024-01-19 16:02:56,841] [runserver.py:162] [runserver:log_action] [INFO]- WebSocket HANDSHAKING /ws/msg/ITNest/ [127.0.0.1:57067]
[2024-01-19 16:02:56,860] [runserver.py:158] [runserver:log_action] [INFO]- WebSocket CONNECT /ws/msg/ITNest/ [127.0.0.1:57067]
[2024-01-19 16:02:57,038] [runserver.py:141] [runserver:log_action] [INFO]- HTTP GET /favicon.ico 200 [0.03, 127.0.0.1:57064]
[2024-01-19 16:03:35,610] [runserver.py:141] [runserver:log_action] [INFO]- HTTP GET /PersonalExperience/NPI-upload/ 200 [0.06, 127.0.0.1:57064]
[2024-01-19 16:03:35,615] [runserver.py:160] [runserver:log_action] [INFO]- WebSocket DISCONNECT /ws/msg/ITNest/ [127.0.0.1:57067]
[2024-01-19 16:03:35,623] [runserver.py:141] [runserver:log_action] [INFO]- HTTP GET /static/css/b_upload.css 200 [0.01, 127.0.0.1:57064]
[2024-01-19 16:03:35,629] [runserver.py:141] [runserver:log_action] [INFO]- HTTP GET /static/images/Func.png 200 [0.00, 127.0.0.1:57065]
[2024-01-19 16:03:35,633] [runserver.py:141] [runserver:log_action] [INFO]- HTTP GET /static/js/xlsx/xlsx_pop.js 200 [0.01, 127.0.0.1:57091]
[2024-01-19 16:03:35,636] [runserver.py:141] [runserver:log_action] [INFO]- HTTP GET /static/bootstrap-3.3.7-dist/js/bootstrap.min.js 200 [0.01, 127.0.0.1:57092]
[2024-01-19 16:03:35,638] [runserver.py:141] [runserver:log_action] [INFO]- HTTP GET /static/js/Element/image.js 200 [0.01, 127.0.0.1:57064]
[2024-01-19 16:03:35,646] [runserver.py:141] [runserver:log_action] [INFO]- HTTP GET /static/js/xlsx/FileSaver.min.js 200 [0.02, 127.0.0.1:57093]
[2024-01-19 16:03:35,648] [runserver.py:141] [runserver:log_action] [INFO]- HTTP GET /static/js/qs.js 200 [0.02, 127.0.0.1:57094]
[2024-01-19 16:03:35,655] [runserver.py:141] [runserver:log_action] [INFO]- HTTP GET /static/download_UPK/element-ui@2.12.0/lib/theme-chalk/fonts/element-icons.woff 200 [0.00, 127.0.0.1:57094]
[2024-01-19 16:03:35,690] [runserver.py:162] [runserver:log_action] [INFO]- WebSocket HANDSHAKING /ws/msg/ITNest/ [127.0.0.1:57095]
[2024-01-19 16:03:35,692] [runserver.py:158] [runserver:log_action] [INFO]- WebSocket CONNECT /ws/msg/ITNest/ [127.0.0.1:57095]
[2024-01-19 16:03:35,914] [UserIP.py:90] [UserIP:process_response] [INFO]- 2024-01-19 16:03:35 C1010S3>Edwin None>None>None 127.0.0.1 127.0.0.1 /PersonalExperience/NPI-upload/ POST
[2024-01-19 16:03:35,922] [runserver.py:141] [runserver:log_action] [INFO]- HTTP POST /PersonalExperience/NPI-upload/ 200 [0.05, 127.0.0.1:57094]
[2024-01-19 16:03:35,939] [runserver.py:141] [runserver:log_action] [INFO]- HTTP GET /favicon.ico 200 [0.06, 127.0.0.1:57093]
