[2020-06-05 09:22:45,283] [log.py:228] [log:log_response] [WARNING]- Bad Request: /mongotest/mongotest-upload/
[2020-06-05 09:22:45,284] [basehttp.py:154] [basehttp:log_message] [WARNING]- "POST /mongotest/mongotest-upload/ HTTP/1.1" 400 5691
[2020-06-05 09:22:45,368] [basehttp.py:154] [basehttp:log_message] [WARNING]- "GET /static/rest_framework/css/bootstrap.min.css.map HTTP/1.1" 404 1845
[2020-06-05 09:23:41,309] [log.py:228] [log:log_response] [ERROR]- Internal Server Error: /mongotest/mongotest-upload/
Traceback (most recent call last):
  File "C:\Python372\mecheck\lib\site-packages\mongoengine\document.py", line 408, in save
    object_id = self._save_create(doc, force_insert, write_concern)
  File "C:\Python372\mecheck\lib\site-packages\mongoengine\document.py", line 463, in _save_create
    return wc_collection.insert_one(doc).inserted_id
  File "C:\Python372\mecheck\lib\site-packages\pymongo\collection.py", line 698, in insert_one
    session=session),
  File "C:\Python372\mecheck\lib\site-packages\pymongo\collection.py", line 612, in _insert
    bypass_doc_val, session)
  File "C:\Python372\mecheck\lib\site-packages\pymongo\collection.py", line 600, in _insert_one
    acknowledged, _insert_command, session)
  File "C:\Python372\mecheck\lib\site-packages\pymongo\mongo_client.py", line 1491, in _retryable_write
    return self._retry_with_session(retryable, func, s, None)
  File "C:\Python372\mecheck\lib\site-packages\pymongo\mongo_client.py", line 1377, in _retry_with_session
    with self._get_socket(server, session) as sock_info:
  File "C:\Python372\lib\contextlib.py", line 112, in __enter__
    return next(self.gen)
  File "C:\Python372\mecheck\lib\site-packages\pymongo\mongo_client.py", line 1222, in _get_socket
    self.__all_credentials, checkout=exhaust) as sock_info:
  File "C:\Python372\lib\contextlib.py", line 112, in __enter__
    return next(self.gen)
  File "C:\Python372\mecheck\lib\site-packages\pymongo\pool.py", line 1138, in get_socket
    sock_info.check_auth(all_credentials)
  File "C:\Python372\mecheck\lib\site-packages\pymongo\pool.py", line 712, in check_auth
    auth.authenticate(credentials, self)
  File "C:\Python372\mecheck\lib\site-packages\pymongo\auth.py", line 564, in authenticate
    auth_func(credentials, sock_info)
  File "C:\Python372\mecheck\lib\site-packages\pymongo\auth.py", line 539, in _authenticate_default
    return _authenticate_scram(credentials, sock_info, 'SCRAM-SHA-1')
  File "C:\Python372\mecheck\lib\site-packages\pymongo\auth.py", line 263, in _authenticate_scram
    res = sock_info.command(source, cmd)
  File "C:\Python372\mecheck\lib\site-packages\pymongo\pool.py", line 613, in command
    user_fields=user_fields)
  File "C:\Python372\mecheck\lib\site-packages\pymongo\network.py", line 167, in command
    parse_write_concern_error=parse_write_concern_error)
  File "C:\Python372\mecheck\lib\site-packages\pymongo\helpers.py", line 159, in _check_command_response
    raise OperationFailure(msg % errmsg, code, response)
pymongo.errors.OperationFailure: Authentication failed.

During handling of the above exception, another exception occurred:

Traceback (most recent call last):
  File "C:\Python372\mecheck\lib\site-packages\django\core\handlers\exception.py", line 34, in inner
    response = get_response(request)
  File "C:\Python372\mecheck\lib\site-packages\django\core\handlers\base.py", line 126, in _get_response
    response = self.process_exception_by_middleware(e, request)
  File "C:\Python372\mecheck\lib\site-packages\django\core\handlers\base.py", line 124, in _get_response
    response = wrapped_callback(request, *callback_args, **callback_kwargs)
  File "C:\Python372\mecheck\lib\site-packages\django\views\decorators\csrf.py", line 54, in wrapped_view
    return view_func(*args, **kwargs)
  File "C:\Python372\mecheck\lib\site-packages\django\views\generic\base.py", line 68, in view
    return self.dispatch(request, *args, **kwargs)
  File "C:\Python372\mecheck\lib\site-packages\rest_framework\views.py", line 505, in dispatch
    response = self.handle_exception(exc)
  File "C:\Python372\mecheck\lib\site-packages\rest_framework\views.py", line 465, in handle_exception
    self.raise_uncaught_exception(exc)
  File "C:\Python372\mecheck\lib\site-packages\rest_framework\views.py", line 476, in raise_uncaught_exception
    raise exc
  File "C:\Python372\mecheck\lib\site-packages\rest_framework\views.py", line 502, in dispatch
    response = handler(request, *args, **kwargs)
  File "C:\djangoproject\Reliability_Row_data\mongotest\views.py", line 21, in post
    StudentModel.objects.create(name=name, age=age, password=password)
  File "C:\Python372\mecheck\lib\site-packages\mongoengine\queryset\base.py", line 281, in create
    return self._document(**kwargs).save(force_insert=True)
  File "C:\Python372\mecheck\lib\site-packages\mongoengine\document.py", line 439, in save
    raise OperationError(message % err)
mongoengine.errors.OperationError: Could not save document (Authentication failed.)
[2020-06-05 09:23:41,320] [basehttp.py:154] [basehttp:log_message] [ERROR]- "POST /mongotest/mongotest-upload/ HTTP/1.1" 500 211102
[2020-06-05 09:27:26,755] [log.py:228] [log:log_response] [WARNING]- Method Not Allowed: /mongotest/mongotest-upload/
[2020-06-05 09:27:26,756] [basehttp.py:154] [basehttp:log_message] [WARNING]- "GET /mongotest/mongotest-upload/ HTTP/1.1" 405 5669
[2020-06-05 09:27:26,831] [basehttp.py:154] [basehttp:log_message] [WARNING]- "GET /static/rest_framework/css/bootstrap.min.css.map HTTP/1.1" 404 1845
[2020-06-05 09:27:26,913] [basehttp.py:154] [basehttp:log_message] [INFO]- "GET /favicon.ico HTTP/1.1" 200 17089
[2020-06-05 09:28:05,871] [log.py:228] [log:log_response] [ERROR]- Internal Server Error: /mongotest/mongotest-upload/
Traceback (most recent call last):
  File "C:\Python372\mecheck\lib\site-packages\mongoengine\document.py", line 408, in save
    object_id = self._save_create(doc, force_insert, write_concern)
  File "C:\Python372\mecheck\lib\site-packages\mongoengine\document.py", line 463, in _save_create
    return wc_collection.insert_one(doc).inserted_id
  File "C:\Python372\mecheck\lib\site-packages\pymongo\collection.py", line 698, in insert_one
    session=session),
  File "C:\Python372\mecheck\lib\site-packages\pymongo\collection.py", line 612, in _insert
    bypass_doc_val, session)
  File "C:\Python372\mecheck\lib\site-packages\pymongo\collection.py", line 600, in _insert_one
    acknowledged, _insert_command, session)
  File "C:\Python372\mecheck\lib\site-packages\pymongo\mongo_client.py", line 1491, in _retryable_write
    return self._retry_with_session(retryable, func, s, None)
  File "C:\Python372\mecheck\lib\site-packages\pymongo\mongo_client.py", line 1377, in _retry_with_session
    with self._get_socket(server, session) as sock_info:
  File "C:\Python372\lib\contextlib.py", line 112, in __enter__
    return next(self.gen)
  File "C:\Python372\mecheck\lib\site-packages\pymongo\mongo_client.py", line 1222, in _get_socket
    self.__all_credentials, checkout=exhaust) as sock_info:
  File "C:\Python372\lib\contextlib.py", line 112, in __enter__
    return next(self.gen)
  File "C:\Python372\mecheck\lib\site-packages\pymongo\pool.py", line 1138, in get_socket
    sock_info.check_auth(all_credentials)
  File "C:\Python372\mecheck\lib\site-packages\pymongo\pool.py", line 712, in check_auth
    auth.authenticate(credentials, self)
  File "C:\Python372\mecheck\lib\site-packages\pymongo\auth.py", line 564, in authenticate
    auth_func(credentials, sock_info)
  File "C:\Python372\mecheck\lib\site-packages\pymongo\auth.py", line 539, in _authenticate_default
    return _authenticate_scram(credentials, sock_info, 'SCRAM-SHA-1')
  File "C:\Python372\mecheck\lib\site-packages\pymongo\auth.py", line 263, in _authenticate_scram
    res = sock_info.command(source, cmd)
  File "C:\Python372\mecheck\lib\site-packages\pymongo\pool.py", line 613, in command
    user_fields=user_fields)
  File "C:\Python372\mecheck\lib\site-packages\pymongo\network.py", line 167, in command
    parse_write_concern_error=parse_write_concern_error)
  File "C:\Python372\mecheck\lib\site-packages\pymongo\helpers.py", line 159, in _check_command_response
    raise OperationFailure(msg % errmsg, code, response)
pymongo.errors.OperationFailure: Authentication failed.

During handling of the above exception, another exception occurred:

Traceback (most recent call last):
  File "C:\Python372\mecheck\lib\site-packages\django\core\handlers\exception.py", line 34, in inner
    response = get_response(request)
  File "C:\Python372\mecheck\lib\site-packages\django\core\handlers\base.py", line 126, in _get_response
    response = self.process_exception_by_middleware(e, request)
  File "C:\Python372\mecheck\lib\site-packages\django\core\handlers\base.py", line 124, in _get_response
    response = wrapped_callback(request, *callback_args, **callback_kwargs)
  File "C:\Python372\mecheck\lib\site-packages\django\views\decorators\csrf.py", line 54, in wrapped_view
    return view_func(*args, **kwargs)
  File "C:\Python372\mecheck\lib\site-packages\django\views\generic\base.py", line 68, in view
    return self.dispatch(request, *args, **kwargs)
  File "C:\Python372\mecheck\lib\site-packages\rest_framework\views.py", line 505, in dispatch
    response = self.handle_exception(exc)
  File "C:\Python372\mecheck\lib\site-packages\rest_framework\views.py", line 465, in handle_exception
    self.raise_uncaught_exception(exc)
  File "C:\Python372\mecheck\lib\site-packages\rest_framework\views.py", line 476, in raise_uncaught_exception
    raise exc
  File "C:\Python372\mecheck\lib\site-packages\rest_framework\views.py", line 502, in dispatch
    response = handler(request, *args, **kwargs)
  File "C:\djangoproject\Reliability_Row_data\mongotest\views.py", line 21, in post
    StudentModel.objects.create(name=name, age=age, password=password)
  File "C:\Python372\mecheck\lib\site-packages\mongoengine\queryset\base.py", line 281, in create
    return self._document(**kwargs).save(force_insert=True)
  File "C:\Python372\mecheck\lib\site-packages\mongoengine\document.py", line 439, in save
    raise OperationError(message % err)
mongoengine.errors.OperationError: Could not save document (Authentication failed.)
[2020-06-05 09:28:05,877] [basehttp.py:154] [basehttp:log_message] [ERROR]- "POST /mongotest/mongotest-upload/ HTTP/1.1" 500 211100
[2020-06-05 09:42:24,196] [log.py:228] [log:log_response] [WARNING]- Forbidden: /mongotest/mongotest-upload/
[2020-06-05 09:42:24,196] [basehttp.py:154] [basehttp:log_message] [WARNING]- "GET /mongotest/mongotest-upload/ HTTP/1.1" 403 3943
[2020-06-05 09:42:24,287] [basehttp.py:154] [basehttp:log_message] [WARNING]- "GET /static/rest_framework/css/bootstrap.min.css.map HTTP/1.1" 404 1845
[2020-06-05 09:42:24,301] [basehttp.py:154] [basehttp:log_message] [INFO]- "GET /favicon.ico HTTP/1.1" 200 17089
[2020-06-05 09:42:39,853] [log.py:228] [log:log_response] [WARNING]- Forbidden: /mongotest/mongotest-upload/
[2020-06-05 09:42:39,854] [basehttp.py:154] [basehttp:log_message] [WARNING]- "GET /mongotest/mongotest-upload/ HTTP/1.1" 403 3943
[2020-06-05 09:42:39,975] [basehttp.py:154] [basehttp:log_message] [INFO]- "GET /favicon.ico HTTP/1.1" 200 17089
[2020-06-05 09:42:40,744] [log.py:228] [log:log_response] [WARNING]- Forbidden: /mongotest/mongotest-upload/
[2020-06-05 09:42:40,744] [basehttp.py:154] [basehttp:log_message] [WARNING]- "GET /mongotest/mongotest-upload/ HTTP/1.1" 403 3943
[2020-06-05 09:42:40,799] [basehttp.py:154] [basehttp:log_message] [INFO]- "GET /favicon.ico HTTP/1.1" 200 17089
[2020-06-05 09:42:40,940] [log.py:228] [log:log_response] [WARNING]- Forbidden: /mongotest/mongotest-upload/
[2020-06-05 09:42:40,940] [basehttp.py:154] [basehttp:log_message] [WARNING]- "GET /mongotest/mongotest-upload/ HTTP/1.1" 403 3943
[2020-06-05 09:42:41,018] [basehttp.py:154] [basehttp:log_message] [INFO]- "GET /favicon.ico HTTP/1.1" 200 17089
[2020-06-05 09:42:41,112] [log.py:228] [log:log_response] [WARNING]- Forbidden: /mongotest/mongotest-upload/
[2020-06-05 09:42:41,113] [basehttp.py:154] [basehttp:log_message] [WARNING]- "GET /mongotest/mongotest-upload/ HTTP/1.1" 403 3943
[2020-06-05 09:42:41,175] [basehttp.py:154] [basehttp:log_message] [INFO]- "GET /favicon.ico HTTP/1.1" 200 17089
[2020-06-05 09:42:41,287] [log.py:228] [log:log_response] [WARNING]- Forbidden: /mongotest/mongotest-upload/
[2020-06-05 09:42:41,287] [basehttp.py:154] [basehttp:log_message] [WARNING]- "GET /mongotest/mongotest-upload/ HTTP/1.1" 403 3943
[2020-06-05 09:42:41,356] [basehttp.py:154] [basehttp:log_message] [INFO]- "GET /favicon.ico HTTP/1.1" 200 17089
[2020-06-05 09:42:43,327] [log.py:228] [log:log_response] [WARNING]- Forbidden: /mongotest/mongotest-upload/
[2020-06-05 09:42:43,327] [basehttp.py:154] [basehttp:log_message] [WARNING]- "OPTIONS /mongotest/mongotest-upload/ HTTP/1.1" 403 3947
[2020-06-05 09:42:44,112] [log.py:228] [log:log_response] [WARNING]- Forbidden: /mongotest/mongotest-upload/
[2020-06-05 09:42:44,112] [basehttp.py:154] [basehttp:log_message] [WARNING]- "OPTIONS /mongotest/mongotest-upload/ HTTP/1.1" 403 3947
[2020-06-05 09:42:44,528] [log.py:228] [log:log_response] [WARNING]- Forbidden: /mongotest/mongotest-upload/
[2020-06-05 09:42:44,529] [basehttp.py:154] [basehttp:log_message] [WARNING]- "OPTIONS /mongotest/mongotest-upload/ HTTP/1.1" 403 3947
[2020-06-05 09:42:44,745] [log.py:228] [log:log_response] [WARNING]- Forbidden: /mongotest/mongotest-upload/
[2020-06-05 09:42:44,746] [basehttp.py:154] [basehttp:log_message] [WARNING]- "OPTIONS /mongotest/mongotest-upload/ HTTP/1.1" 403 3947
[2020-06-05 09:42:45,064] [log.py:228] [log:log_response] [WARNING]- Forbidden: /mongotest/mongotest-upload/
[2020-06-05 09:42:45,065] [basehttp.py:154] [basehttp:log_message] [WARNING]- "OPTIONS /mongotest/mongotest-upload/ HTTP/1.1" 403 3947
[2020-06-05 09:42:45,421] [log.py:228] [log:log_response] [WARNING]- Forbidden: /mongotest/mongotest-upload/
[2020-06-05 09:42:45,422] [basehttp.py:154] [basehttp:log_message] [WARNING]- "OPTIONS /mongotest/mongotest-upload/ HTTP/1.1" 403 3947
[2020-06-05 09:42:45,616] [log.py:228] [log:log_response] [WARNING]- Forbidden: /mongotest/mongotest-upload/
[2020-06-05 09:42:45,616] [basehttp.py:154] [basehttp:log_message] [WARNING]- "OPTIONS /mongotest/mongotest-upload/ HTTP/1.1" 403 3947
[2020-06-05 09:42:46,039] [log.py:228] [log:log_response] [WARNING]- Forbidden: /mongotest/mongotest-upload/
[2020-06-05 09:42:46,040] [basehttp.py:154] [basehttp:log_message] [WARNING]- "OPTIONS /mongotest/mongotest-upload/ HTTP/1.1" 403 3947
[2020-06-05 09:42:46,408] [log.py:228] [log:log_response] [WARNING]- Forbidden: /mongotest/mongotest-upload/
[2020-06-05 09:42:46,408] [basehttp.py:154] [basehttp:log_message] [WARNING]- "OPTIONS /mongotest/mongotest-upload/ HTTP/1.1" 403 3947
[2020-06-05 09:42:46,610] [log.py:228] [log:log_response] [WARNING]- Forbidden: /mongotest/mongotest-upload/
[2020-06-05 09:42:46,610] [basehttp.py:154] [basehttp:log_message] [WARNING]- "OPTIONS /mongotest/mongotest-upload/ HTTP/1.1" 403 3947
[2020-06-05 09:42:46,886] [log.py:228] [log:log_response] [WARNING]- Forbidden: /mongotest/mongotest-upload/
[2020-06-05 09:42:46,887] [basehttp.py:154] [basehttp:log_message] [WARNING]- "OPTIONS /mongotest/mongotest-upload/ HTTP/1.1" 403 3947
[2020-06-05 09:42:53,317] [log.py:228] [log:log_response] [WARNING]- Forbidden: /mongotest/mongotest-upload/
[2020-06-05 09:42:53,317] [basehttp.py:154] [basehttp:log_message] [WARNING]- "OPTIONS /mongotest/mongotest-upload/ HTTP/1.1" 403 3947
[2020-06-05 09:43:15,283] [log.py:228] [log:log_response] [WARNING]- Method Not Allowed: /mongotest/mongotest-upload/
[2020-06-05 09:43:15,284] [basehttp.py:154] [basehttp:log_message] [WARNING]- "GET /mongotest/mongotest-upload/ HTTP/1.1" 405 5669
[2020-06-05 09:43:15,417] [basehttp.py:154] [basehttp:log_message] [INFO]- "GET /favicon.ico HTTP/1.1" 200 17089
[2020-06-05 09:44:37,431] [log.py:228] [log:log_response] [ERROR]- Internal Server Error: /mongotest/mongotest-upload/
Traceback (most recent call last):
  File "C:\Python372\mecheck\lib\site-packages\mongoengine\document.py", line 408, in save
    object_id = self._save_create(doc, force_insert, write_concern)
  File "C:\Python372\mecheck\lib\site-packages\mongoengine\document.py", line 463, in _save_create
    return wc_collection.insert_one(doc).inserted_id
  File "C:\Python372\mecheck\lib\site-packages\pymongo\collection.py", line 698, in insert_one
    session=session),
  File "C:\Python372\mecheck\lib\site-packages\pymongo\collection.py", line 612, in _insert
    bypass_doc_val, session)
  File "C:\Python372\mecheck\lib\site-packages\pymongo\collection.py", line 600, in _insert_one
    acknowledged, _insert_command, session)
  File "C:\Python372\mecheck\lib\site-packages\pymongo\mongo_client.py", line 1491, in _retryable_write
    return self._retry_with_session(retryable, func, s, None)
  File "C:\Python372\mecheck\lib\site-packages\pymongo\mongo_client.py", line 1377, in _retry_with_session
    with self._get_socket(server, session) as sock_info:
  File "C:\Python372\lib\contextlib.py", line 112, in __enter__
    return next(self.gen)
  File "C:\Python372\mecheck\lib\site-packages\pymongo\mongo_client.py", line 1222, in _get_socket
    self.__all_credentials, checkout=exhaust) as sock_info:
  File "C:\Python372\lib\contextlib.py", line 112, in __enter__
    return next(self.gen)
  File "C:\Python372\mecheck\lib\site-packages\pymongo\pool.py", line 1138, in get_socket
    sock_info.check_auth(all_credentials)
  File "C:\Python372\mecheck\lib\site-packages\pymongo\pool.py", line 712, in check_auth
    auth.authenticate(credentials, self)
  File "C:\Python372\mecheck\lib\site-packages\pymongo\auth.py", line 564, in authenticate
    auth_func(credentials, sock_info)
  File "C:\Python372\mecheck\lib\site-packages\pymongo\auth.py", line 539, in _authenticate_default
    return _authenticate_scram(credentials, sock_info, 'SCRAM-SHA-1')
  File "C:\Python372\mecheck\lib\site-packages\pymongo\auth.py", line 263, in _authenticate_scram
    res = sock_info.command(source, cmd)
  File "C:\Python372\mecheck\lib\site-packages\pymongo\pool.py", line 613, in command
    user_fields=user_fields)
  File "C:\Python372\mecheck\lib\site-packages\pymongo\network.py", line 167, in command
    parse_write_concern_error=parse_write_concern_error)
  File "C:\Python372\mecheck\lib\site-packages\pymongo\helpers.py", line 159, in _check_command_response
    raise OperationFailure(msg % errmsg, code, response)
pymongo.errors.OperationFailure: Authentication failed.

During handling of the above exception, another exception occurred:

Traceback (most recent call last):
  File "C:\Python372\mecheck\lib\site-packages\django\core\handlers\exception.py", line 34, in inner
    response = get_response(request)
  File "C:\Python372\mecheck\lib\site-packages\django\core\handlers\base.py", line 126, in _get_response
    response = self.process_exception_by_middleware(e, request)
  File "C:\Python372\mecheck\lib\site-packages\django\core\handlers\base.py", line 124, in _get_response
    response = wrapped_callback(request, *callback_args, **callback_kwargs)
  File "C:\Python372\mecheck\lib\site-packages\django\views\decorators\csrf.py", line 54, in wrapped_view
    return view_func(*args, **kwargs)
  File "C:\Python372\mecheck\lib\site-packages\django\views\generic\base.py", line 68, in view
    return self.dispatch(request, *args, **kwargs)
  File "C:\Python372\mecheck\lib\site-packages\rest_framework\views.py", line 505, in dispatch
    response = self.handle_exception(exc)
  File "C:\Python372\mecheck\lib\site-packages\rest_framework\views.py", line 465, in handle_exception
    self.raise_uncaught_exception(exc)
  File "C:\Python372\mecheck\lib\site-packages\rest_framework\views.py", line 476, in raise_uncaught_exception
    raise exc
  File "C:\Python372\mecheck\lib\site-packages\rest_framework\views.py", line 502, in dispatch
    response = handler(request, *args, **kwargs)
  File "C:\djangoproject\Reliability_Row_data\mongotest\views.py", line 42, in post
    StudentModel.objects.create(name=name, age=age, password=password)
  File "C:\Python372\mecheck\lib\site-packages\mongoengine\queryset\base.py", line 281, in create
    return self._document(**kwargs).save(force_insert=True)
  File "C:\Python372\mecheck\lib\site-packages\mongoengine\document.py", line 439, in save
    raise OperationError(message % err)
mongoengine.errors.OperationError: Could not save document (Authentication failed.)
[2020-06-05 09:44:37,441] [basehttp.py:154] [basehttp:log_message] [ERROR]- "POST /mongotest/mongotest-upload/ HTTP/1.1" 500 211110
[2020-06-05 09:47:53,598] [log.py:228] [log:log_response] [WARNING]- Method Not Allowed: /mongotest/mongotest-upload/
[2020-06-05 09:47:53,599] [basehttp.py:154] [basehttp:log_message] [WARNING]- "GET /mongotest/mongotest-upload/ HTTP/1.1" 405 5669
[2020-06-05 09:47:53,718] [basehttp.py:154] [basehttp:log_message] [INFO]- "GET /favicon.ico HTTP/1.1" 200 17089
[2020-06-05 09:49:13,243] [log.py:228] [log:log_response] [ERROR]- Internal Server Error: /mongotest/mongotest-upload/
Traceback (most recent call last):
  File "C:\Python372\mecheck\lib\site-packages\mongoengine\document.py", line 408, in save
    object_id = self._save_create(doc, force_insert, write_concern)
  File "C:\Python372\mecheck\lib\site-packages\mongoengine\document.py", line 463, in _save_create
    return wc_collection.insert_one(doc).inserted_id
  File "C:\Python372\mecheck\lib\site-packages\pymongo\collection.py", line 698, in insert_one
    session=session),
  File "C:\Python372\mecheck\lib\site-packages\pymongo\collection.py", line 612, in _insert
    bypass_doc_val, session)
  File "C:\Python372\mecheck\lib\site-packages\pymongo\collection.py", line 600, in _insert_one
    acknowledged, _insert_command, session)
  File "C:\Python372\mecheck\lib\site-packages\pymongo\mongo_client.py", line 1491, in _retryable_write
    return self._retry_with_session(retryable, func, s, None)
  File "C:\Python372\mecheck\lib\site-packages\pymongo\mongo_client.py", line 1377, in _retry_with_session
    with self._get_socket(server, session) as sock_info:
  File "C:\Python372\lib\contextlib.py", line 112, in __enter__
    return next(self.gen)
  File "C:\Python372\mecheck\lib\site-packages\pymongo\mongo_client.py", line 1222, in _get_socket
    self.__all_credentials, checkout=exhaust) as sock_info:
  File "C:\Python372\lib\contextlib.py", line 112, in __enter__
    return next(self.gen)
  File "C:\Python372\mecheck\lib\site-packages\pymongo\pool.py", line 1138, in get_socket
    sock_info.check_auth(all_credentials)
  File "C:\Python372\mecheck\lib\site-packages\pymongo\pool.py", line 712, in check_auth
    auth.authenticate(credentials, self)
  File "C:\Python372\mecheck\lib\site-packages\pymongo\auth.py", line 564, in authenticate
    auth_func(credentials, sock_info)
  File "C:\Python372\mecheck\lib\site-packages\pymongo\auth.py", line 539, in _authenticate_default
    return _authenticate_scram(credentials, sock_info, 'SCRAM-SHA-1')
  File "C:\Python372\mecheck\lib\site-packages\pymongo\auth.py", line 263, in _authenticate_scram
    res = sock_info.command(source, cmd)
  File "C:\Python372\mecheck\lib\site-packages\pymongo\pool.py", line 613, in command
    user_fields=user_fields)
  File "C:\Python372\mecheck\lib\site-packages\pymongo\network.py", line 167, in command
    parse_write_concern_error=parse_write_concern_error)
  File "C:\Python372\mecheck\lib\site-packages\pymongo\helpers.py", line 159, in _check_command_response
    raise OperationFailure(msg % errmsg, code, response)
pymongo.errors.OperationFailure: Authentication failed.

During handling of the above exception, another exception occurred:

Traceback (most recent call last):
  File "C:\Python372\mecheck\lib\site-packages\django\core\handlers\exception.py", line 34, in inner
    response = get_response(request)
  File "C:\Python372\mecheck\lib\site-packages\django\core\handlers\base.py", line 126, in _get_response
    response = self.process_exception_by_middleware(e, request)
  File "C:\Python372\mecheck\lib\site-packages\django\core\handlers\base.py", line 124, in _get_response
    response = wrapped_callback(request, *callback_args, **callback_kwargs)
  File "C:\Python372\mecheck\lib\site-packages\django\views\decorators\csrf.py", line 54, in wrapped_view
    return view_func(*args, **kwargs)
  File "C:\Python372\mecheck\lib\site-packages\django\views\generic\base.py", line 68, in view
    return self.dispatch(request, *args, **kwargs)
  File "C:\Python372\mecheck\lib\site-packages\rest_framework\views.py", line 505, in dispatch
    response = self.handle_exception(exc)
  File "C:\Python372\mecheck\lib\site-packages\rest_framework\views.py", line 465, in handle_exception
    self.raise_uncaught_exception(exc)
  File "C:\Python372\mecheck\lib\site-packages\rest_framework\views.py", line 476, in raise_uncaught_exception
    raise exc
  File "C:\Python372\mecheck\lib\site-packages\rest_framework\views.py", line 502, in dispatch
    response = handler(request, *args, **kwargs)
  File "C:\djangoproject\Reliability_Row_data\mongotest\views.py", line 42, in post
    StudentModel.objects.create(name=name, age=age, password=password)
  File "C:\Python372\mecheck\lib\site-packages\mongoengine\queryset\base.py", line 281, in create
    return self._document(**kwargs).save(force_insert=True)
  File "C:\Python372\mecheck\lib\site-packages\mongoengine\document.py", line 439, in save
    raise OperationError(message % err)
mongoengine.errors.OperationError: Could not save document (Authentication failed.)
[2020-06-05 09:49:13,253] [basehttp.py:154] [basehttp:log_message] [ERROR]- "POST /mongotest/mongotest-upload/ HTTP/1.1" 500 210221
[2020-06-05 10:02:55,006] [basehttp.py:154] [basehttp:log_message] [INFO]- "GET /mongotest/mongotest-upload/ HTTP/1.1" 302 0
[2020-06-05 10:02:55,015] [basehttp.py:154] [basehttp:log_message] [INFO]- "GET /login/ HTTP/1.1" 200 4677
[2020-06-05 10:02:55,088] [basehttp.py:154] [basehttp:log_message] [INFO]- "GET /favicon.ico HTTP/1.1" 302 0
[2020-06-05 10:02:55,091] [basehttp.py:154] [basehttp:log_message] [INFO]- "GET /login/ HTTP/1.1" 200 4677
[2020-06-05 10:02:56,755] [basehttp.py:154] [basehttp:log_message] [INFO]- "POST /login/ HTTP/1.1" 302 0
[2020-06-05 10:02:56,853] [basehttp.py:154] [basehttp:log_message] [INFO]- "GET /index/ HTTP/1.1" 200 34070
[2020-06-05 10:02:57,069] [basehttp.py:154] [basehttp:log_message] [INFO]- "GET /index/ HTTP/1.1" 200 34070
[2020-06-05 10:02:57,367] [basehttp.py:154] [basehttp:log_message] [INFO]- "GET /favicon.ico HTTP/1.1" 200 16140
[2020-06-05 10:03:02,356] [basehttp.py:154] [basehttp:log_message] [INFO]- "GET /TestPlanME/TestPlanME-search/ HTTP/1.1" 200 58002
[2020-06-05 10:03:02,431] [basehttp.py:154] [basehttp:log_message] [INFO]- "GET /static/js/echart/echart.js HTTP/1.1" 304 0
[2020-06-05 10:03:03,120] [basehttp.py:154] [basehttp:log_message] [INFO]- "GET /TestPlanME/TestPlanME-search/?action=get HTTP/1.1" 200 803
[2020-06-05 10:03:03,148] [basehttp.py:154] [basehttp:log_message] [INFO]- "GET /favicon.ico HTTP/1.1" 200 16140
[2020-06-05 10:03:07,482] [basehttp.py:154] [basehttp:log_message] [INFO]- "GET /TestPlanME/TestPlanME-search/?action=search&customer=C38(NB)&project=EL334&phase=0 HTTP/1.1" 200 20091
[2020-06-05 10:03:42,499] [basehttp.py:154] [basehttp:log_message] [INFO]- "GET /admin/TestPlanSW/testplansw/ HTTP/1.1" 302 0
[2020-06-05 10:03:42,682] [basehttp.py:154] [basehttp:log_message] [INFO]- "GET /admin/login/?next=/admin/TestPlanSW/testplansw/ HTTP/1.1" 200 1865
[2020-06-05 10:03:42,707] [basehttp.py:154] [basehttp:log_message] [INFO]- "GET /static/admin/css/login.css HTTP/1.1" 200 1203
[2020-06-05 10:03:42,710] [basehttp.py:154] [basehttp:log_message] [INFO]- "GET /static/admin/css/base.css HTTP/1.1" 200 16225
[2020-06-05 10:03:42,711] [basehttp.py:154] [basehttp:log_message] [INFO]- "GET /static/admin/css/responsive.css HTTP/1.1" 200 17976
[2020-06-05 10:03:42,726] [basehttp.py:154] [basehttp:log_message] [INFO]- "GET /static/admin/css/fonts.css HTTP/1.1" 200 423
[2020-06-05 10:03:42,744] [basehttp.py:154] [basehttp:log_message] [INFO]- "GET /static/admin/fonts/Roboto-Light-webfont.woff HTTP/1.1" 200 81348
[2020-06-05 10:03:42,744] [basehttp.py:154] [basehttp:log_message] [INFO]- "GET /static/admin/fonts/Roboto-Regular-webfont.woff HTTP/1.1" 200 80304
[2020-06-05 10:03:45,667] [basehttp.py:154] [basehttp:log_message] [INFO]- "POST /admin/login/?next=/admin/TestPlanSW/testplansw/ HTTP/1.1" 302 0
[2020-06-05 10:03:48,816] [basehttp.py:154] [basehttp:log_message] [INFO]- "GET /admin/TestPlanSW/testplansw/ HTTP/1.1" 200 788805
[2020-06-05 10:03:48,866] [basehttp.py:154] [basehttp:log_message] [INFO]- "GET /static/admin/css/changelists.css HTTP/1.1" 200 6170
[2020-06-05 10:03:48,867] [basehttp.py:154] [basehttp:log_message] [INFO]- "GET /static/admin/js/jquery.init.js HTTP/1.1" 200 363
[2020-06-05 10:03:48,895] [basehttp.py:154] [basehttp:log_message] [INFO]- "GET /admin/jsi18n/ HTTP/1.1" 200 7684
[2020-06-05 10:03:48,898] [basehttp.py:154] [basehttp:log_message] [INFO]- "GET /static/admin/js/urlify.js HTTP/1.1" 200 8972
[2020-06-05 10:03:48,921] [basehttp.py:154] [basehttp:log_message] [INFO]- "GET /static/admin/js/core.js HTTP/1.1" 200 7135
[2020-06-05 10:03:48,928] [basehttp.py:154] [basehttp:log_message] [INFO]- "GET /static/admin/img/search.svg HTTP/1.1" 200 458
[2020-06-05 10:03:48,930] [basehttp.py:154] [basehttp:log_message] [INFO]- "GET /static/admin/js/actions.js HTTP/1.1" 200 6538
[2020-06-05 10:03:48,934] [basehttp.py:154] [basehttp:log_message] [INFO]- "GET /static/admin/js/admin/RelatedObjectLookups.js HTTP/1.1" 200 6918
[2020-06-05 10:03:48,935] [basehttp.py:154] [basehttp:log_message] [INFO]- "GET /static/admin/js/prepopulate.js HTTP/1.1" 200 1530
[2020-06-05 10:03:48,964] [basehttp.py:154] [basehttp:log_message] [INFO]- "GET /static/admin/js/vendor/jquery/jquery.js HTTP/1.1" 200 271751
[2020-06-05 10:03:48,978] [basehttp.py:154] [basehttp:log_message] [INFO]- "GET /static/admin/js/vendor/xregexp/xregexp.js HTTP/1.1" 200 128820
[2020-06-05 10:03:49,166] [basehttp.py:154] [basehttp:log_message] [INFO]- "GET /static/admin/fonts/Roboto-Bold-webfont.woff HTTP/1.1" 200 82564
[2020-06-05 10:03:49,821] [basehttp.py:154] [basehttp:log_message] [INFO]- "GET /static/admin/img/sorting-icons.svg HTTP/1.1" 200 1097
[2020-06-05 10:03:49,821] [basehttp.py:154] [basehttp:log_message] [INFO]- "GET /static/admin/img/tooltag-add.svg HTTP/1.1" 200 331
[2020-06-05 10:03:52,175] [basehttp.py:154] [basehttp:log_message] [INFO]- "GET /admin/ HTTP/1.1" 200 21018
[2020-06-05 10:03:52,188] [basehttp.py:154] [basehttp:log_message] [INFO]- "GET /static/admin/css/dashboard.css HTTP/1.1" 200 412
[2020-06-05 10:03:52,334] [basehttp.py:154] [basehttp:log_message] [INFO]- "GET /static/admin/img/icon-deletelink.svg HTTP/1.1" 200 392
[2020-06-05 10:03:52,335] [basehttp.py:154] [basehttp:log_message] [INFO]- "GET /static/admin/img/icon-addlink.svg HTTP/1.1" 200 331
[2020-06-05 10:03:52,337] [basehttp.py:154] [basehttp:log_message] [INFO]- "GET /static/admin/img/icon-changelink.svg HTTP/1.1" 200 380
[2020-06-05 10:03:55,189] [basehttp.py:154] [basehttp:log_message] [INFO]- "GET /admin/app01/permission/ HTTP/1.1" 200 26335
[2020-06-05 10:03:55,225] [basehttp.py:154] [basehttp:log_message] [INFO]- "GET /admin/jsi18n/ HTTP/1.1" 200 7684
[2020-06-05 10:04:00,733] [basehttp.py:154] [basehttp:log_message] [INFO]- "GET /admin/ HTTP/1.1" 200 21018
[2020-06-05 10:04:01,943] [basehttp.py:154] [basehttp:log_message] [INFO]- "GET /admin/app01/menu/ HTTP/1.1" 200 8705
[2020-06-05 10:04:01,969] [basehttp.py:154] [basehttp:log_message] [INFO]- "GET /admin/jsi18n/ HTTP/1.1" 200 7684
[2020-06-05 10:04:05,802] [basehttp.py:154] [basehttp:log_message] [INFO]- "GET /admin/app01/menu/10/change/ HTTP/1.1" 200 6133
[2020-06-05 10:04:05,836] [basehttp.py:154] [basehttp:log_message] [INFO]- "GET /admin/jsi18n/ HTTP/1.1" 200 7684
[2020-06-05 10:04:05,845] [basehttp.py:154] [basehttp:log_message] [INFO]- "GET /static/admin/js/prepopulate_init.js HTTP/1.1" 200 495
[2020-06-05 10:04:05,846] [basehttp.py:154] [basehttp:log_message] [INFO]- "GET /static/admin/js/change_form.js HTTP/1.1" 200 712
[2020-06-05 10:04:05,847] [basehttp.py:154] [basehttp:log_message] [INFO]- "GET /static/admin/css/forms.css HTTP/1.1" 200 8505
[2020-06-05 10:04:05,876] [basehttp.py:154] [basehttp:log_message] [INFO]- "GET /static/admin/css/widgets.css HTTP/1.1" 200 10340
[2020-06-05 10:04:07,343] [basehttp.py:154] [basehttp:log_message] [INFO]- "GET /admin/app01/menu/ HTTP/1.1" 200 8705
[2020-06-05 10:04:07,364] [basehttp.py:154] [basehttp:log_message] [INFO]- "GET /admin/jsi18n/ HTTP/1.1" 200 7684
[2020-06-05 10:04:08,552] [basehttp.py:154] [basehttp:log_message] [INFO]- "GET /admin/app01/menu/add/ HTTP/1.1" 200 5923
[2020-06-05 10:04:08,579] [basehttp.py:154] [basehttp:log_message] [INFO]- "GET /admin/jsi18n/ HTTP/1.1" 200 7684
[2020-06-05 10:04:15,808] [basehttp.py:154] [basehttp:log_message] [INFO]- "POST /admin/app01/menu/add/ HTTP/1.1" 302 0
[2020-06-05 10:04:15,914] [basehttp.py:154] [basehttp:log_message] [INFO]- "GET /admin/app01/menu/ HTTP/1.1" 200 9167
[2020-06-05 10:04:15,951] [basehttp.py:154] [basehttp:log_message] [INFO]- "GET /admin/jsi18n/ HTTP/1.1" 200 7684
[2020-06-05 10:04:16,065] [basehttp.py:154] [basehttp:log_message] [INFO]- "GET /static/admin/img/icon-yes.svg HTTP/1.1" 200 436
[2020-06-05 10:04:19,661] [basehttp.py:154] [basehttp:log_message] [INFO]- "GET /admin/app01/ HTTP/1.1" 200 4677
[2020-06-05 10:04:21,613] [basehttp.py:154] [basehttp:log_message] [INFO]- "GET /admin/app01/permission/ HTTP/1.1" 200 26335
[2020-06-05 10:04:21,641] [basehttp.py:154] [basehttp:log_message] [INFO]- "GET /admin/jsi18n/ HTTP/1.1" 200 7684
[2020-06-05 10:04:23,282] [basehttp.py:154] [basehttp:log_message] [INFO]- "GET /admin/app01/permission/add/ HTTP/1.1" 200 6489
[2020-06-05 10:04:23,298] [basehttp.py:154] [basehttp:log_message] [INFO]- "GET /admin/jsi18n/ HTTP/1.1" 200 7684
[2020-06-05 10:04:59,567] [basehttp.py:154] [basehttp:log_message] [INFO]- "POST /admin/app01/permission/add/ HTTP/1.1" 302 0
[2020-06-05 10:04:59,706] [basehttp.py:154] [basehttp:log_message] [INFO]- "GET /admin/app01/permission/ HTTP/1.1" 200 27094
[2020-06-05 10:04:59,731] [basehttp.py:154] [basehttp:log_message] [INFO]- "GET /admin/jsi18n/ HTTP/1.1" 200 7684
[2020-06-05 10:05:01,916] [basehttp.py:154] [basehttp:log_message] [INFO]- "GET /admin/app01/ HTTP/1.1" 200 4677
[2020-06-05 10:05:03,450] [basehttp.py:154] [basehttp:log_message] [INFO]- "GET /admin/app01/role/ HTTP/1.1" 200 6941
[2020-06-05 10:05:03,477] [basehttp.py:154] [basehttp:log_message] [INFO]- "GET /admin/jsi18n/ HTTP/1.1" 200 7684
[2020-06-05 10:05:05,216] [basehttp.py:154] [basehttp:log_message] [INFO]- "GET /admin/app01/role/1/change/ HTTP/1.1" 200 8042
[2020-06-05 10:05:05,240] [basehttp.py:154] [basehttp:log_message] [INFO]- "GET /admin/jsi18n/ HTTP/1.1" 200 7684
[2020-06-05 10:05:12,246] [basehttp.py:154] [basehttp:log_message] [INFO]- "POST /admin/app01/role/1/change/ HTTP/1.1" 302 0
[2020-06-05 10:05:12,338] [basehttp.py:154] [basehttp:log_message] [INFO]- "GET /admin/app01/role/ HTTP/1.1" 200 7101
[2020-06-05 10:05:12,379] [basehttp.py:154] [basehttp:log_message] [INFO]- "GET /admin/jsi18n/ HTTP/1.1" 200 7684
[2020-06-05 10:05:18,676] [basehttp.py:154] [basehttp:log_message] [INFO]- "GET /logout/ HTTP/1.1" 302 0
[2020-06-05 10:05:18,681] [basehttp.py:154] [basehttp:log_message] [INFO]- "GET /login/ HTTP/1.1" 200 4677
[2020-06-05 10:05:18,776] [basehttp.py:154] [basehttp:log_message] [INFO]- "GET /favicon.ico HTTP/1.1" 302 0
[2020-06-05 10:05:18,803] [basehttp.py:154] [basehttp:log_message] [INFO]- "GET /login/ HTTP/1.1" 200 4677
[2020-06-05 10:05:20,702] [basehttp.py:154] [basehttp:log_message] [INFO]- "POST /login/ HTTP/1.1" 302 0
[2020-06-05 10:05:20,771] [basehttp.py:154] [basehttp:log_message] [INFO]- "GET /index/ HTTP/1.1" 200 34360
[2020-06-05 10:05:20,912] [basehttp.py:154] [basehttp:log_message] [INFO]- "GET /index/ HTTP/1.1" 200 34360
[2020-06-05 10:05:21,009] [basehttp.py:154] [basehttp:log_message] [INFO]- "GET /favicon.ico HTTP/1.1" 200 16430
[2020-06-05 10:05:23,062] [log.py:228] [log:log_response] [WARNING]- Method Not Allowed: /mongotest/mongotest-upload/
[2020-06-05 10:05:23,062] [basehttp.py:154] [basehttp:log_message] [WARNING]- "GET /mongotest/mongotest-upload/ HTTP/1.1" 405 5669
[2020-06-05 10:05:23,168] [basehttp.py:154] [basehttp:log_message] [INFO]- "GET /favicon.ico HTTP/1.1" 200 16430
[2020-06-05 10:06:07,235] [log.py:228] [log:log_response] [ERROR]- Internal Server Error: /mongotest/mongotest-upload/
Traceback (most recent call last):
  File "C:\Python372\mecheck\lib\site-packages\mongoengine\document.py", line 408, in save
    object_id = self._save_create(doc, force_insert, write_concern)
  File "C:\Python372\mecheck\lib\site-packages\mongoengine\document.py", line 463, in _save_create
    return wc_collection.insert_one(doc).inserted_id
  File "C:\Python372\mecheck\lib\site-packages\pymongo\collection.py", line 698, in insert_one
    session=session),
  File "C:\Python372\mecheck\lib\site-packages\pymongo\collection.py", line 612, in _insert
    bypass_doc_val, session)
  File "C:\Python372\mecheck\lib\site-packages\pymongo\collection.py", line 600, in _insert_one
    acknowledged, _insert_command, session)
  File "C:\Python372\mecheck\lib\site-packages\pymongo\mongo_client.py", line 1491, in _retryable_write
    return self._retry_with_session(retryable, func, s, None)
  File "C:\Python372\mecheck\lib\site-packages\pymongo\mongo_client.py", line 1377, in _retry_with_session
    with self._get_socket(server, session) as sock_info:
  File "C:\Python372\lib\contextlib.py", line 112, in __enter__
    return next(self.gen)
  File "C:\Python372\mecheck\lib\site-packages\pymongo\mongo_client.py", line 1222, in _get_socket
    self.__all_credentials, checkout=exhaust) as sock_info:
  File "C:\Python372\lib\contextlib.py", line 112, in __enter__
    return next(self.gen)
  File "C:\Python372\mecheck\lib\site-packages\pymongo\pool.py", line 1138, in get_socket
    sock_info.check_auth(all_credentials)
  File "C:\Python372\mecheck\lib\site-packages\pymongo\pool.py", line 712, in check_auth
    auth.authenticate(credentials, self)
  File "C:\Python372\mecheck\lib\site-packages\pymongo\auth.py", line 564, in authenticate
    auth_func(credentials, sock_info)
  File "C:\Python372\mecheck\lib\site-packages\pymongo\auth.py", line 539, in _authenticate_default
    return _authenticate_scram(credentials, sock_info, 'SCRAM-SHA-1')
  File "C:\Python372\mecheck\lib\site-packages\pymongo\auth.py", line 263, in _authenticate_scram
    res = sock_info.command(source, cmd)
  File "C:\Python372\mecheck\lib\site-packages\pymongo\pool.py", line 613, in command
    user_fields=user_fields)
  File "C:\Python372\mecheck\lib\site-packages\pymongo\network.py", line 167, in command
    parse_write_concern_error=parse_write_concern_error)
  File "C:\Python372\mecheck\lib\site-packages\pymongo\helpers.py", line 159, in _check_command_response
    raise OperationFailure(msg % errmsg, code, response)
pymongo.errors.OperationFailure: Authentication failed.

During handling of the above exception, another exception occurred:

Traceback (most recent call last):
  File "C:\Python372\mecheck\lib\site-packages\django\core\handlers\exception.py", line 34, in inner
    response = get_response(request)
  File "C:\Python372\mecheck\lib\site-packages\django\core\handlers\base.py", line 126, in _get_response
    response = self.process_exception_by_middleware(e, request)
  File "C:\Python372\mecheck\lib\site-packages\django\core\handlers\base.py", line 124, in _get_response
    response = wrapped_callback(request, *callback_args, **callback_kwargs)
  File "C:\Python372\mecheck\lib\site-packages\django\views\decorators\csrf.py", line 54, in wrapped_view
    return view_func(*args, **kwargs)
  File "C:\Python372\mecheck\lib\site-packages\django\views\generic\base.py", line 68, in view
    return self.dispatch(request, *args, **kwargs)
  File "C:\Python372\mecheck\lib\site-packages\rest_framework\views.py", line 505, in dispatch
    response = self.handle_exception(exc)
  File "C:\Python372\mecheck\lib\site-packages\rest_framework\views.py", line 465, in handle_exception
    self.raise_uncaught_exception(exc)
  File "C:\Python372\mecheck\lib\site-packages\rest_framework\views.py", line 476, in raise_uncaught_exception
    raise exc
  File "C:\Python372\mecheck\lib\site-packages\rest_framework\views.py", line 502, in dispatch
    response = handler(request, *args, **kwargs)
  File "C:\djangoproject\Reliability_Row_data\mongotest\views.py", line 42, in post
    StudentModel.objects.create(name=name, age=age, password=password)
  File "C:\Python372\mecheck\lib\site-packages\mongoengine\queryset\base.py", line 281, in create
    return self._document(**kwargs).save(force_insert=True)
  File "C:\Python372\mecheck\lib\site-packages\mongoengine\document.py", line 439, in save
    raise OperationError(message % err)
mongoengine.errors.OperationError: Could not save document (Authentication failed.)
[2020-06-05 10:06:07,246] [basehttp.py:154] [basehttp:log_message] [ERROR]- "POST /mongotest/mongotest-upload/ HTTP/1.1" 500 211110
[2020-06-05 10:07:20,398] [log.py:228] [log:log_response] [WARNING]- Method Not Allowed: /mongotest/mongotest-upload/
[2020-06-05 10:07:20,399] [basehttp.py:154] [basehttp:log_message] [WARNING]- "GET /mongotest/mongotest-upload/ HTTP/1.1" 405 5669
[2020-06-05 10:07:20,533] [basehttp.py:154] [basehttp:log_message] [INFO]- "GET /favicon.ico HTTP/1.1" 200 16430
[2020-06-05 10:07:23,864] [log.py:228] [log:log_response] [ERROR]- Internal Server Error: /mongotest/mongotest-upload/
Traceback (most recent call last):
  File "C:\Python372\mecheck\lib\site-packages\mongoengine\document.py", line 408, in save
    object_id = self._save_create(doc, force_insert, write_concern)
  File "C:\Python372\mecheck\lib\site-packages\mongoengine\document.py", line 463, in _save_create
    return wc_collection.insert_one(doc).inserted_id
  File "C:\Python372\mecheck\lib\site-packages\pymongo\collection.py", line 698, in insert_one
    session=session),
  File "C:\Python372\mecheck\lib\site-packages\pymongo\collection.py", line 612, in _insert
    bypass_doc_val, session)
  File "C:\Python372\mecheck\lib\site-packages\pymongo\collection.py", line 600, in _insert_one
    acknowledged, _insert_command, session)
  File "C:\Python372\mecheck\lib\site-packages\pymongo\mongo_client.py", line 1491, in _retryable_write
    return self._retry_with_session(retryable, func, s, None)
  File "C:\Python372\mecheck\lib\site-packages\pymongo\mongo_client.py", line 1377, in _retry_with_session
    with self._get_socket(server, session) as sock_info:
  File "C:\Python372\lib\contextlib.py", line 112, in __enter__
    return next(self.gen)
  File "C:\Python372\mecheck\lib\site-packages\pymongo\mongo_client.py", line 1222, in _get_socket
    self.__all_credentials, checkout=exhaust) as sock_info:
  File "C:\Python372\lib\contextlib.py", line 112, in __enter__
    return next(self.gen)
  File "C:\Python372\mecheck\lib\site-packages\pymongo\pool.py", line 1138, in get_socket
    sock_info.check_auth(all_credentials)
  File "C:\Python372\mecheck\lib\site-packages\pymongo\pool.py", line 712, in check_auth
    auth.authenticate(credentials, self)
  File "C:\Python372\mecheck\lib\site-packages\pymongo\auth.py", line 564, in authenticate
    auth_func(credentials, sock_info)
  File "C:\Python372\mecheck\lib\site-packages\pymongo\auth.py", line 539, in _authenticate_default
    return _authenticate_scram(credentials, sock_info, 'SCRAM-SHA-1')
  File "C:\Python372\mecheck\lib\site-packages\pymongo\auth.py", line 263, in _authenticate_scram
    res = sock_info.command(source, cmd)
  File "C:\Python372\mecheck\lib\site-packages\pymongo\pool.py", line 613, in command
    user_fields=user_fields)
  File "C:\Python372\mecheck\lib\site-packages\pymongo\network.py", line 167, in command
    parse_write_concern_error=parse_write_concern_error)
  File "C:\Python372\mecheck\lib\site-packages\pymongo\helpers.py", line 159, in _check_command_response
    raise OperationFailure(msg % errmsg, code, response)
pymongo.errors.OperationFailure: Authentication failed.

During handling of the above exception, another exception occurred:

Traceback (most recent call last):
  File "C:\Python372\mecheck\lib\site-packages\django\core\handlers\exception.py", line 34, in inner
    response = get_response(request)
  File "C:\Python372\mecheck\lib\site-packages\django\core\handlers\base.py", line 126, in _get_response
    response = self.process_exception_by_middleware(e, request)
  File "C:\Python372\mecheck\lib\site-packages\django\core\handlers\base.py", line 124, in _get_response
    response = wrapped_callback(request, *callback_args, **callback_kwargs)
  File "C:\Python372\mecheck\lib\site-packages\django\views\decorators\csrf.py", line 54, in wrapped_view
    return view_func(*args, **kwargs)
  File "C:\Python372\mecheck\lib\site-packages\django\views\generic\base.py", line 68, in view
    return self.dispatch(request, *args, **kwargs)
  File "C:\Python372\mecheck\lib\site-packages\rest_framework\views.py", line 505, in dispatch
    response = self.handle_exception(exc)
  File "C:\Python372\mecheck\lib\site-packages\rest_framework\views.py", line 465, in handle_exception
    self.raise_uncaught_exception(exc)
  File "C:\Python372\mecheck\lib\site-packages\rest_framework\views.py", line 476, in raise_uncaught_exception
    raise exc
  File "C:\Python372\mecheck\lib\site-packages\rest_framework\views.py", line 502, in dispatch
    response = handler(request, *args, **kwargs)
  File "C:\djangoproject\Reliability_Row_data\mongotest\views.py", line 42, in post
    StudentModel.objects.create(name=name, age=age, password=password)
  File "C:\Python372\mecheck\lib\site-packages\mongoengine\queryset\base.py", line 281, in create
    return self._document(**kwargs).save(force_insert=True)
  File "C:\Python372\mecheck\lib\site-packages\mongoengine\document.py", line 439, in save
    raise OperationError(message % err)
mongoengine.errors.OperationError: Could not save document (Authentication failed.)
[2020-06-05 10:07:23,870] [basehttp.py:154] [basehttp:log_message] [ERROR]- "POST /mongotest/mongotest-upload/ HTTP/1.1" 500 211108
[2020-06-05 11:44:32,423] [log.py:228] [log:log_response] [ERROR]- Internal Server Error: /mongotest/mongotest-upload/
Traceback (most recent call last):
  File "C:\Python372\mecheck\lib\site-packages\django\core\handlers\exception.py", line 34, in inner
    response = get_response(request)
  File "C:\Python372\mecheck\lib\site-packages\django\core\handlers\base.py", line 126, in _get_response
    response = self.process_exception_by_middleware(e, request)
  File "C:\Python372\mecheck\lib\site-packages\django\core\handlers\base.py", line 124, in _get_response
    response = wrapped_callback(request, *callback_args, **callback_kwargs)
  File "C:\Python372\mecheck\lib\site-packages\django\views\decorators\csrf.py", line 54, in wrapped_view
    return view_func(*args, **kwargs)
  File "C:\Python372\mecheck\lib\site-packages\django\views\generic\base.py", line 68, in view
    return self.dispatch(request, *args, **kwargs)
  File "C:\Python372\mecheck\lib\site-packages\rest_framework\views.py", line 505, in dispatch
    response = self.handle_exception(exc)
  File "C:\Python372\mecheck\lib\site-packages\rest_framework\views.py", line 465, in handle_exception
    self.raise_uncaught_exception(exc)
  File "C:\Python372\mecheck\lib\site-packages\rest_framework\views.py", line 476, in raise_uncaught_exception
    raise exc
  File "C:\Python372\mecheck\lib\site-packages\rest_framework\views.py", line 502, in dispatch
    response = handler(request, *args, **kwargs)
  File "C:\Python372\mecheck\lib\site-packages\rest_framework_mongoengine\generics.py", line 71, in get
    return self.list(request, *args, **kwargs)
  File "C:\Python372\mecheck\lib\site-packages\rest_framework\mixins.py", line 46, in list
    return Response(serializer.data)
  File "C:\Python372\mecheck\lib\site-packages\rest_framework\serializers.py", line 760, in data
    ret = super().data
  File "C:\Python372\mecheck\lib\site-packages\rest_framework\serializers.py", line 260, in data
    self._data = self.to_representation(self.instance)
  File "C:\Python372\mecheck\lib\site-packages\rest_framework\serializers.py", line 678, in to_representation
    self.child.to_representation(item) for item in iterable
  File "C:\Python372\mecheck\lib\site-packages\rest_framework\serializers.py", line 678, in <listcomp>
    self.child.to_representation(item) for item in iterable
  File "C:\Python372\mecheck\lib\site-packages\mongoengine\queryset\queryset.py", line 110, in _iter_results
    self._populate_cache()
  File "C:\Python372\mecheck\lib\site-packages\mongoengine\queryset\queryset.py", line 129, in _populate_cache
    self._result_cache.append(next(self))
  File "C:\Python372\mecheck\lib\site-packages\mongoengine\queryset\base.py", line 1590, in __next__
    raw_doc = next(self._cursor)
  File "C:\Python372\mecheck\lib\site-packages\pymongo\cursor.py", line 1156, in next
    if len(self.__data) or self._refresh():
  File "C:\Python372\mecheck\lib\site-packages\pymongo\cursor.py", line 1073, in _refresh
    self.__send_message(q)
  File "C:\Python372\mecheck\lib\site-packages\pymongo\cursor.py", line 955, in __send_message
    address=self.__address)
  File "C:\Python372\mecheck\lib\site-packages\pymongo\mongo_client.py", line 1346, in _run_operation_with_response
    exhaust=exhaust)
  File "C:\Python372\mecheck\lib\site-packages\pymongo\mongo_client.py", line 1458, in _retryable_read
    exhaust=exhaust) as (sock_info,
  File "C:\Python372\lib\contextlib.py", line 112, in __enter__
    return next(self.gen)
  File "C:\Python372\mecheck\lib\site-packages\pymongo\mongo_client.py", line 1282, in _slaveok_for_server
    with self._get_socket(server, session, exhaust=exhaust) as sock_info:
  File "C:\Python372\lib\contextlib.py", line 112, in __enter__
    return next(self.gen)
  File "C:\Python372\mecheck\lib\site-packages\pymongo\mongo_client.py", line 1222, in _get_socket
    self.__all_credentials, checkout=exhaust) as sock_info:
  File "C:\Python372\lib\contextlib.py", line 112, in __enter__
    return next(self.gen)
  File "C:\Python372\mecheck\lib\site-packages\pymongo\pool.py", line 1138, in get_socket
    sock_info.check_auth(all_credentials)
  File "C:\Python372\mecheck\lib\site-packages\pymongo\pool.py", line 712, in check_auth
    auth.authenticate(credentials, self)
  File "C:\Python372\mecheck\lib\site-packages\pymongo\auth.py", line 564, in authenticate
    auth_func(credentials, sock_info)
  File "C:\Python372\mecheck\lib\site-packages\pymongo\auth.py", line 539, in _authenticate_default
    return _authenticate_scram(credentials, sock_info, 'SCRAM-SHA-1')
  File "C:\Python372\mecheck\lib\site-packages\pymongo\auth.py", line 263, in _authenticate_scram
    res = sock_info.command(source, cmd)
  File "C:\Python372\mecheck\lib\site-packages\pymongo\pool.py", line 613, in command
    user_fields=user_fields)
  File "C:\Python372\mecheck\lib\site-packages\pymongo\network.py", line 167, in command
    parse_write_concern_error=parse_write_concern_error)
  File "C:\Python372\mecheck\lib\site-packages\pymongo\helpers.py", line 159, in _check_command_response
    raise OperationFailure(msg % errmsg, code, response)
pymongo.errors.OperationFailure: Authentication failed.
[2020-06-05 11:44:32,435] [basehttp.py:154] [basehttp:log_message] [ERROR]- "GET /mongotest/mongotest-upload/ HTTP/1.1" 500 224986
[2020-06-05 11:44:32,651] [basehttp.py:154] [basehttp:log_message] [INFO]- "GET /favicon.ico HTTP/1.1" 200 16430
[2020-06-05 11:44:37,186] [basehttp.py:154] [basehttp:log_message] [INFO]- "GET /favicon.ico HTTP/1.1" 200 16430
[2020-06-05 11:44:40,384] [log.py:228] [log:log_response] [ERROR]- Internal Server Error: /mongotest/mongotest-upload/
Traceback (most recent call last):
  File "C:\Python372\mecheck\lib\site-packages\django\core\handlers\exception.py", line 34, in inner
    response = get_response(request)
  File "C:\Python372\mecheck\lib\site-packages\django\core\handlers\base.py", line 126, in _get_response
    response = self.process_exception_by_middleware(e, request)
  File "C:\Python372\mecheck\lib\site-packages\django\core\handlers\base.py", line 124, in _get_response
    response = wrapped_callback(request, *callback_args, **callback_kwargs)
  File "C:\Python372\mecheck\lib\site-packages\django\views\decorators\csrf.py", line 54, in wrapped_view
    return view_func(*args, **kwargs)
  File "C:\Python372\mecheck\lib\site-packages\django\views\generic\base.py", line 68, in view
    return self.dispatch(request, *args, **kwargs)
  File "C:\Python372\mecheck\lib\site-packages\rest_framework\views.py", line 505, in dispatch
    response = self.handle_exception(exc)
  File "C:\Python372\mecheck\lib\site-packages\rest_framework\views.py", line 465, in handle_exception
    self.raise_uncaught_exception(exc)
  File "C:\Python372\mecheck\lib\site-packages\rest_framework\views.py", line 476, in raise_uncaught_exception
    raise exc
  File "C:\Python372\mecheck\lib\site-packages\rest_framework\views.py", line 502, in dispatch
    response = handler(request, *args, **kwargs)
  File "C:\Python372\mecheck\lib\site-packages\rest_framework_mongoengine\generics.py", line 71, in get
    return self.list(request, *args, **kwargs)
  File "C:\Python372\mecheck\lib\site-packages\rest_framework\mixins.py", line 46, in list
    return Response(serializer.data)
  File "C:\Python372\mecheck\lib\site-packages\rest_framework\serializers.py", line 760, in data
    ret = super().data
  File "C:\Python372\mecheck\lib\site-packages\rest_framework\serializers.py", line 260, in data
    self._data = self.to_representation(self.instance)
  File "C:\Python372\mecheck\lib\site-packages\rest_framework\serializers.py", line 678, in to_representation
    self.child.to_representation(item) for item in iterable
  File "C:\Python372\mecheck\lib\site-packages\rest_framework\serializers.py", line 678, in <listcomp>
    self.child.to_representation(item) for item in iterable
  File "C:\Python372\mecheck\lib\site-packages\mongoengine\queryset\queryset.py", line 110, in _iter_results
    self._populate_cache()
  File "C:\Python372\mecheck\lib\site-packages\mongoengine\queryset\queryset.py", line 129, in _populate_cache
    self._result_cache.append(next(self))
  File "C:\Python372\mecheck\lib\site-packages\mongoengine\queryset\base.py", line 1590, in __next__
    raw_doc = next(self._cursor)
  File "C:\Python372\mecheck\lib\site-packages\pymongo\cursor.py", line 1156, in next
    if len(self.__data) or self._refresh():
  File "C:\Python372\mecheck\lib\site-packages\pymongo\cursor.py", line 1073, in _refresh
    self.__send_message(q)
  File "C:\Python372\mecheck\lib\site-packages\pymongo\cursor.py", line 955, in __send_message
    address=self.__address)
  File "C:\Python372\mecheck\lib\site-packages\pymongo\mongo_client.py", line 1346, in _run_operation_with_response
    exhaust=exhaust)
  File "C:\Python372\mecheck\lib\site-packages\pymongo\mongo_client.py", line 1458, in _retryable_read
    exhaust=exhaust) as (sock_info,
  File "C:\Python372\lib\contextlib.py", line 112, in __enter__
    return next(self.gen)
  File "C:\Python372\mecheck\lib\site-packages\pymongo\mongo_client.py", line 1282, in _slaveok_for_server
    with self._get_socket(server, session, exhaust=exhaust) as sock_info:
  File "C:\Python372\lib\contextlib.py", line 112, in __enter__
    return next(self.gen)
  File "C:\Python372\mecheck\lib\site-packages\pymongo\mongo_client.py", line 1222, in _get_socket
    self.__all_credentials, checkout=exhaust) as sock_info:
  File "C:\Python372\lib\contextlib.py", line 112, in __enter__
    return next(self.gen)
  File "C:\Python372\mecheck\lib\site-packages\pymongo\pool.py", line 1138, in get_socket
    sock_info.check_auth(all_credentials)
  File "C:\Python372\mecheck\lib\site-packages\pymongo\pool.py", line 712, in check_auth
    auth.authenticate(credentials, self)
  File "C:\Python372\mecheck\lib\site-packages\pymongo\auth.py", line 564, in authenticate
    auth_func(credentials, sock_info)
  File "C:\Python372\mecheck\lib\site-packages\pymongo\auth.py", line 539, in _authenticate_default
    return _authenticate_scram(credentials, sock_info, 'SCRAM-SHA-1')
  File "C:\Python372\mecheck\lib\site-packages\pymongo\auth.py", line 263, in _authenticate_scram
    res = sock_info.command(source, cmd)
  File "C:\Python372\mecheck\lib\site-packages\pymongo\pool.py", line 613, in command
    user_fields=user_fields)
  File "C:\Python372\mecheck\lib\site-packages\pymongo\network.py", line 167, in command
    parse_write_concern_error=parse_write_concern_error)
  File "C:\Python372\mecheck\lib\site-packages\pymongo\helpers.py", line 159, in _check_command_response
    raise OperationFailure(msg % errmsg, code, response)
pymongo.errors.OperationFailure: Authentication failed.
[2020-06-05 11:44:40,388] [basehttp.py:154] [basehttp:log_message] [ERROR]- "GET /mongotest/mongotest-upload/ HTTP/1.1" 500 224849
[2020-06-05 11:44:40,523] [basehttp.py:154] [basehttp:log_message] [INFO]- "GET /favicon.ico HTTP/1.1" 200 16430
[2020-06-05 11:53:33,321] [log.py:228] [log:log_response] [ERROR]- Internal Server Error: /mongotest/mongotest-upload/
Traceback (most recent call last):
  File "C:\Python372\mecheck\lib\site-packages\django\core\handlers\exception.py", line 34, in inner
    response = get_response(request)
  File "C:\Python372\mecheck\lib\site-packages\django\core\handlers\base.py", line 126, in _get_response
    response = self.process_exception_by_middleware(e, request)
  File "C:\Python372\mecheck\lib\site-packages\django\core\handlers\base.py", line 124, in _get_response
    response = wrapped_callback(request, *callback_args, **callback_kwargs)
  File "C:\Python372\mecheck\lib\site-packages\django\views\decorators\csrf.py", line 54, in wrapped_view
    return view_func(*args, **kwargs)
  File "C:\Python372\mecheck\lib\site-packages\django\views\generic\base.py", line 68, in view
    return self.dispatch(request, *args, **kwargs)
  File "C:\Python372\mecheck\lib\site-packages\rest_framework\views.py", line 505, in dispatch
    response = self.handle_exception(exc)
  File "C:\Python372\mecheck\lib\site-packages\rest_framework\views.py", line 465, in handle_exception
    self.raise_uncaught_exception(exc)
  File "C:\Python372\mecheck\lib\site-packages\rest_framework\views.py", line 476, in raise_uncaught_exception
    raise exc
  File "C:\Python372\mecheck\lib\site-packages\rest_framework\views.py", line 502, in dispatch
    response = handler(request, *args, **kwargs)
  File "C:\Python372\mecheck\lib\site-packages\rest_framework_mongoengine\generics.py", line 71, in get
    return self.list(request, *args, **kwargs)
  File "C:\Python372\mecheck\lib\site-packages\rest_framework\mixins.py", line 46, in list
    return Response(serializer.data)
  File "C:\Python372\mecheck\lib\site-packages\rest_framework\serializers.py", line 760, in data
    ret = super().data
  File "C:\Python372\mecheck\lib\site-packages\rest_framework\serializers.py", line 260, in data
    self._data = self.to_representation(self.instance)
  File "C:\Python372\mecheck\lib\site-packages\rest_framework\serializers.py", line 678, in to_representation
    self.child.to_representation(item) for item in iterable
  File "C:\Python372\mecheck\lib\site-packages\rest_framework\serializers.py", line 678, in <listcomp>
    self.child.to_representation(item) for item in iterable
  File "C:\Python372\mecheck\lib\site-packages\mongoengine\queryset\queryset.py", line 110, in _iter_results
    self._populate_cache()
  File "C:\Python372\mecheck\lib\site-packages\mongoengine\queryset\queryset.py", line 129, in _populate_cache
    self._result_cache.append(next(self))
  File "C:\Python372\mecheck\lib\site-packages\mongoengine\queryset\base.py", line 1590, in __next__
    raw_doc = next(self._cursor)
  File "C:\Python372\mecheck\lib\site-packages\pymongo\cursor.py", line 1156, in next
    if len(self.__data) or self._refresh():
  File "C:\Python372\mecheck\lib\site-packages\pymongo\cursor.py", line 1073, in _refresh
    self.__send_message(q)
  File "C:\Python372\mecheck\lib\site-packages\pymongo\cursor.py", line 955, in __send_message
    address=self.__address)
  File "C:\Python372\mecheck\lib\site-packages\pymongo\mongo_client.py", line 1346, in _run_operation_with_response
    exhaust=exhaust)
  File "C:\Python372\mecheck\lib\site-packages\pymongo\mongo_client.py", line 1458, in _retryable_read
    exhaust=exhaust) as (sock_info,
  File "C:\Python372\lib\contextlib.py", line 112, in __enter__
    return next(self.gen)
  File "C:\Python372\mecheck\lib\site-packages\pymongo\mongo_client.py", line 1282, in _slaveok_for_server
    with self._get_socket(server, session, exhaust=exhaust) as sock_info:
  File "C:\Python372\lib\contextlib.py", line 112, in __enter__
    return next(self.gen)
  File "C:\Python372\mecheck\lib\site-packages\pymongo\mongo_client.py", line 1222, in _get_socket
    self.__all_credentials, checkout=exhaust) as sock_info:
  File "C:\Python372\lib\contextlib.py", line 112, in __enter__
    return next(self.gen)
  File "C:\Python372\mecheck\lib\site-packages\pymongo\pool.py", line 1138, in get_socket
    sock_info.check_auth(all_credentials)
  File "C:\Python372\mecheck\lib\site-packages\pymongo\pool.py", line 712, in check_auth
    auth.authenticate(credentials, self)
  File "C:\Python372\mecheck\lib\site-packages\pymongo\auth.py", line 564, in authenticate
    auth_func(credentials, sock_info)
  File "C:\Python372\mecheck\lib\site-packages\pymongo\auth.py", line 539, in _authenticate_default
    return _authenticate_scram(credentials, sock_info, 'SCRAM-SHA-1')
  File "C:\Python372\mecheck\lib\site-packages\pymongo\auth.py", line 263, in _authenticate_scram
    res = sock_info.command(source, cmd)
  File "C:\Python372\mecheck\lib\site-packages\pymongo\pool.py", line 613, in command
    user_fields=user_fields)
  File "C:\Python372\mecheck\lib\site-packages\pymongo\network.py", line 167, in command
    parse_write_concern_error=parse_write_concern_error)
  File "C:\Python372\mecheck\lib\site-packages\pymongo\helpers.py", line 159, in _check_command_response
    raise OperationFailure(msg % errmsg, code, response)
pymongo.errors.OperationFailure: Authentication failed.
[2020-06-05 11:53:33,330] [basehttp.py:154] [basehttp:log_message] [ERROR]- "GET /mongotest/mongotest-upload/ HTTP/1.1" 500 224986
[2020-06-05 11:53:33,507] [basehttp.py:154] [basehttp:log_message] [INFO]- "GET /favicon.ico HTTP/1.1" 200 16430
[2020-06-05 12:02:22,386] [log.py:228] [log:log_response] [ERROR]- Internal Server Error: /mongotest/mongotest-upload/
Traceback (most recent call last):
  File "C:\Python372\mecheck\lib\site-packages\django\core\handlers\exception.py", line 34, in inner
    response = get_response(request)
  File "C:\Python372\mecheck\lib\site-packages\django\core\handlers\base.py", line 156, in _get_response
    response = self.process_exception_by_middleware(e, request)
  File "C:\Python372\mecheck\lib\site-packages\django\core\handlers\base.py", line 154, in _get_response
    response = response.render()
  File "C:\Python372\mecheck\lib\site-packages\django\template\response.py", line 106, in render
    self.content = self.rendered_content
  File "C:\Python372\mecheck\lib\site-packages\rest_framework\response.py", line 70, in rendered_content
    ret = renderer.render(self.data, accepted_media_type, context)
  File "C:\Python372\mecheck\lib\site-packages\rest_framework\renderers.py", line 724, in render
    context = self.get_context(data, accepted_media_type, renderer_context)
  File "C:\Python372\mecheck\lib\site-packages\rest_framework\renderers.py", line 655, in get_context
    raw_data_post_form = self.get_raw_data_form(data, view, 'POST', request)
  File "C:\Python372\mecheck\lib\site-packages\rest_framework\renderers.py", line 563, in get_raw_data_form
    data = serializer.data.copy()
  File "C:\Python372\mecheck\lib\site-packages\rest_framework\serializers.py", line 562, in data
    ret = super().data
  File "C:\Python372\mecheck\lib\site-packages\rest_framework\serializers.py", line 264, in data
    self._data = self.get_initial()
  File "C:\Python372\mecheck\lib\site-packages\rest_framework\serializers.py", line 412, in get_initial
    for field in self.fields.values()
  File "C:\Python372\mecheck\lib\site-packages\django\utils\functional.py", line 37, in __get__
    res = instance.__dict__[self.name] = self.func(instance)
  File "C:\Python372\mecheck\lib\site-packages\rest_framework\serializers.py", line 363, in fields
    for key, value in self.get_fields().items():
  File "C:\Python372\mecheck\lib\site-packages\rest_framework_mongoengine\serializers.py", line 304, in get_fields
    serializer_class=self.__class__.__name__
AssertionError: Class StudentSerializers missing "Meta.model" attribute
[2020-06-05 12:02:22,389] [basehttp.py:154] [basehttp:log_message] [ERROR]- "GET /mongotest/mongotest-upload/ HTTP/1.1" 500 118713
[2020-06-05 12:02:22,637] [basehttp.py:154] [basehttp:log_message] [INFO]- "GET /favicon.ico HTTP/1.1" 200 16430
[2020-06-05 12:03:43,182] [log.py:228] [log:log_response] [ERROR]- Internal Server Error: /mongotest/mongotest-upload/
Traceback (most recent call last):
  File "C:\Python372\mecheck\lib\site-packages\django\core\handlers\exception.py", line 34, in inner
    response = get_response(request)
  File "C:\Python372\mecheck\lib\site-packages\django\core\handlers\base.py", line 156, in _get_response
    response = self.process_exception_by_middleware(e, request)
  File "C:\Python372\mecheck\lib\site-packages\django\core\handlers\base.py", line 154, in _get_response
    response = response.render()
  File "C:\Python372\mecheck\lib\site-packages\django\template\response.py", line 106, in render
    self.content = self.rendered_content
  File "C:\Python372\mecheck\lib\site-packages\rest_framework\response.py", line 70, in rendered_content
    ret = renderer.render(self.data, accepted_media_type, context)
  File "C:\Python372\mecheck\lib\site-packages\rest_framework\renderers.py", line 724, in render
    context = self.get_context(data, accepted_media_type, renderer_context)
  File "C:\Python372\mecheck\lib\site-packages\rest_framework\renderers.py", line 655, in get_context
    raw_data_post_form = self.get_raw_data_form(data, view, 'POST', request)
  File "C:\Python372\mecheck\lib\site-packages\rest_framework\renderers.py", line 563, in get_raw_data_form
    data = serializer.data.copy()
  File "C:\Python372\mecheck\lib\site-packages\rest_framework\serializers.py", line 562, in data
    ret = super().data
  File "C:\Python372\mecheck\lib\site-packages\rest_framework\serializers.py", line 264, in data
    self._data = self.get_initial()
  File "C:\Python372\mecheck\lib\site-packages\rest_framework\serializers.py", line 412, in get_initial
    for field in self.fields.values()
  File "C:\Python372\mecheck\lib\site-packages\django\utils\functional.py", line 37, in __get__
    res = instance.__dict__[self.name] = self.func(instance)
  File "C:\Python372\mecheck\lib\site-packages\rest_framework\serializers.py", line 363, in fields
    for key, value in self.get_fields().items():
  File "C:\Python372\mecheck\lib\site-packages\rest_framework_mongoengine\serializers.py", line 304, in get_fields
    serializer_class=self.__class__.__name__
AssertionError: Class StudentSerializers missing "Meta.model" attribute
[2020-06-05 12:03:43,184] [basehttp.py:154] [basehttp:log_message] [ERROR]- "GET /mongotest/mongotest-upload/ HTTP/1.1" 500 118842
[2020-06-05 12:03:43,316] [basehttp.py:154] [basehttp:log_message] [INFO]- "GET /favicon.ico HTTP/1.1" 200 16430
[2020-06-05 12:09:08,073] [basehttp.py:154] [basehttp:log_message] [INFO]- "GET /mongotest/mongotest-upload/ HTTP/1.1" 200 9274
[2020-06-05 12:09:08,100] [basehttp.py:154] [basehttp:log_message] [INFO]- "GET /static/rest_framework/css/bootstrap-tweaks.css HTTP/1.1" 304 0
[2020-06-05 12:09:08,101] [basehttp.py:154] [basehttp:log_message] [INFO]- "GET /static/rest_framework/css/bootstrap.min.css HTTP/1.1" 304 0
[2020-06-05 12:09:08,106] [basehttp.py:154] [basehttp:log_message] [INFO]- "GET /static/rest_framework/css/default.css HTTP/1.1" 304 0
[2020-06-05 12:09:08,107] [basehttp.py:154] [basehttp:log_message] [INFO]- "GET /static/rest_framework/css/prettify.css HTTP/1.1" 304 0
[2020-06-05 12:09:08,113] [basehttp.py:154] [basehttp:log_message] [INFO]- "GET /static/rest_framework/js/jquery-3.4.1.min.js HTTP/1.1" 304 0
[2020-06-05 12:09:08,114] [basehttp.py:154] [basehttp:log_message] [INFO]- "GET /static/rest_framework/js/ajax-form.js HTTP/1.1" 304 0
[2020-06-05 12:09:08,117] [basehttp.py:154] [basehttp:log_message] [INFO]- "GET /static/rest_framework/js/csrf.js HTTP/1.1" 304 0
[2020-06-05 12:09:08,118] [basehttp.py:154] [basehttp:log_message] [INFO]- "GET /static/rest_framework/js/bootstrap.min.js HTTP/1.1" 304 0
[2020-06-05 12:09:08,120] [basehttp.py:154] [basehttp:log_message] [INFO]- "GET /static/rest_framework/js/prettify-min.js HTTP/1.1" 304 0
[2020-06-05 12:09:08,121] [basehttp.py:154] [basehttp:log_message] [INFO]- "GET /static/rest_framework/js/default.js HTTP/1.1" 304 0
[2020-06-05 12:09:08,148] [basehttp.py:154] [basehttp:log_message] [INFO]- "GET /static/rest_framework/img/grid.png HTTP/1.1" 304 0
[2020-06-05 12:09:08,266] [basehttp.py:154] [basehttp:log_message] [INFO]- "GET /favicon.ico HTTP/1.1" 200 16430
[2020-06-05 12:40:33,866] [basehttp.py:154] [basehttp:log_message] [INFO]- "POST /mongotest/mongotest-upload/ HTTP/1.1" 201 9521
[2020-06-05 12:40:33,974] [basehttp.py:154] [basehttp:log_message] [INFO]- "GET /favicon.ico HTTP/1.1" 200 16430
[2020-06-05 12:42:29,696] [basehttp.py:154] [basehttp:log_message] [INFO]- "POST /mongotest/mongotest-upload/ HTTP/1.1" 201 9523
[2020-06-05 12:42:29,818] [basehttp.py:154] [basehttp:log_message] [INFO]- "GET /favicon.ico HTTP/1.1" 200 16430
[2020-06-05 12:42:41,390] [basehttp.py:154] [basehttp:log_message] [INFO]- "POST /mongotest/mongotest-upload/ HTTP/1.1" 201 9523
[2020-06-05 12:42:41,511] [basehttp.py:154] [basehttp:log_message] [INFO]- "GET /favicon.ico HTTP/1.1" 200 16430
[2020-06-05 12:42:45,358] [basehttp.py:154] [basehttp:log_message] [INFO]- "GET /favicon.ico HTTP/1.1" 200 16430
[2020-06-05 12:42:45,856] [basehttp.py:154] [basehttp:log_message] [INFO]- "GET /mongotest/mongotest-upload/ HTTP/1.1" 200 10020
[2020-06-05 12:42:45,922] [basehttp.py:154] [basehttp:log_message] [INFO]- "GET /favicon.ico HTTP/1.1" 200 16430
[2020-06-05 12:42:52,189] [basehttp.py:154] [basehttp:log_message] [INFO]- "GET /index/ HTTP/1.1" 200 34360
[2020-06-05 12:42:52,673] [basehttp.py:154] [basehttp:log_message] [INFO]- "GET /favicon.ico HTTP/1.1" 200 16430
[2020-06-05 12:42:54,858] [basehttp.py:154] [basehttp:log_message] [INFO]- "GET /mongotest/mongotest-upload/ HTTP/1.1" 200 10020
[2020-06-05 12:42:54,951] [basehttp.py:154] [basehttp:log_message] [INFO]- "GET /favicon.ico HTTP/1.1" 200 16430
[2020-06-05 13:06:26,434] [basehttp.py:154] [basehttp:log_message] [INFO]- "GET /mongotest/mongotest-upload/ HTTP/1.1" 200 10020
[2020-06-05 13:06:26,563] [basehttp.py:154] [basehttp:log_message] [INFO]- "GET /favicon.ico HTTP/1.1" 200 16430
[2020-06-05 13:06:27,578] [basehttp.py:154] [basehttp:log_message] [INFO]- "GET /mongotest/mongotest-upload/ HTTP/1.1" 200 10020
[2020-06-05 13:06:27,682] [basehttp.py:154] [basehttp:log_message] [INFO]- "GET /favicon.ico HTTP/1.1" 200 16430
[2020-06-05 13:06:28,454] [basehttp.py:154] [basehttp:log_message] [INFO]- "GET /mongotest/mongotest-upload/ HTTP/1.1" 200 10020
[2020-06-05 13:06:28,541] [basehttp.py:154] [basehttp:log_message] [INFO]- "GET /favicon.ico HTTP/1.1" 200 16430
[2020-06-05 13:06:28,597] [basehttp.py:154] [basehttp:log_message] [INFO]- "GET /mongotest/mongotest-upload/ HTTP/1.1" 200 10020
[2020-06-05 13:06:28,696] [basehttp.py:154] [basehttp:log_message] [INFO]- "GET /favicon.ico HTTP/1.1" 200 16430
[2020-06-05 13:10:57,677] [log.py:228] [log:log_response] [ERROR]- Internal Server Error: /mongotest/mongotest-upload/
Traceback (most recent call last):
  File "C:\Python372\mecheck\lib\site-packages\django\core\handlers\exception.py", line 34, in inner
    response = get_response(request)
  File "C:\Python372\mecheck\lib\site-packages\django\core\handlers\base.py", line 126, in _get_response
    response = self.process_exception_by_middleware(e, request)
  File "C:\Python372\mecheck\lib\site-packages\django\core\handlers\base.py", line 124, in _get_response
    response = wrapped_callback(request, *callback_args, **callback_kwargs)
  File "C:\Python372\mecheck\lib\site-packages\django\views\decorators\csrf.py", line 54, in wrapped_view
    return view_func(*args, **kwargs)
  File "C:\Python372\mecheck\lib\site-packages\django\views\generic\base.py", line 68, in view
    return self.dispatch(request, *args, **kwargs)
  File "C:\Python372\mecheck\lib\site-packages\rest_framework\views.py", line 505, in dispatch
    response = self.handle_exception(exc)
  File "C:\Python372\mecheck\lib\site-packages\rest_framework\views.py", line 465, in handle_exception
    self.raise_uncaught_exception(exc)
  File "C:\Python372\mecheck\lib\site-packages\rest_framework\views.py", line 476, in raise_uncaught_exception
    raise exc
  File "C:\Python372\mecheck\lib\site-packages\rest_framework\views.py", line 502, in dispatch
    response = handler(request, *args, **kwargs)
  File "C:\Python372\mecheck\lib\site-packages\rest_framework_mongoengine\generics.py", line 71, in get
    return self.list(request, *args, **kwargs)
  File "C:\Python372\mecheck\lib\site-packages\rest_framework\mixins.py", line 46, in list
    return Response(serializer.data)
  File "C:\Python372\mecheck\lib\site-packages\rest_framework\serializers.py", line 760, in data
    ret = super().data
  File "C:\Python372\mecheck\lib\site-packages\rest_framework\serializers.py", line 260, in data
    self._data = self.to_representation(self.instance)
  File "C:\Python372\mecheck\lib\site-packages\rest_framework\serializers.py", line 678, in to_representation
    self.child.to_representation(item) for item in iterable
  File "C:\Python372\mecheck\lib\site-packages\rest_framework\serializers.py", line 678, in <listcomp>
    self.child.to_representation(item) for item in iterable
  File "C:\Python372\mecheck\lib\site-packages\mongoengine\queryset\queryset.py", line 110, in _iter_results
    self._populate_cache()
  File "C:\Python372\mecheck\lib\site-packages\mongoengine\queryset\queryset.py", line 129, in _populate_cache
    self._result_cache.append(next(self))
  File "C:\Python372\mecheck\lib\site-packages\mongoengine\queryset\base.py", line 1598, in __next__
    only_fields=self.only_fields,
  File "C:\Python372\mecheck\lib\site-packages\mongoengine\base\document.py", line 784, in _from_son
    __auto_convert=False, _created=created, __only_fields=only_fields, **data
  File "C:\Python372\mecheck\lib\site-packages\mongoengine\base\document.py", line 99, in __init__
    raise FieldDoesNotExist(msg)
mongoengine.errors.FieldDoesNotExist: The fields "{'lng', 'siteid', 'lat', 'title'}" do not exist on the document "StudentModel"
[2020-06-05 13:10:57,681] [basehttp.py:154] [basehttp:log_message] [ERROR]- "GET /mongotest/mongotest-upload/ HTTP/1.1" 500 144154
[2020-06-05 13:10:57,882] [basehttp.py:154] [basehttp:log_message] [INFO]- "GET /favicon.ico HTTP/1.1" 200 16430
[2020-06-05 13:14:24,042] [basehttp.py:154] [basehttp:log_message] [INFO]- "GET /TestPlanME/TestPlanME-search/ HTTP/1.1" 200 58292
[2020-06-05 13:14:24,344] [basehttp.py:154] [basehttp:log_message] [INFO]- "GET /MQM/MQM_search/ HTTP/1.1" 200 44275
[2020-06-05 13:14:24,543] [basehttp.py:154] [basehttp:log_message] [INFO]- "GET /static/images/spec.png HTTP/1.1" 304 0
[2020-06-05 13:14:25,180] [basehttp.py:154] [basehttp:log_message] [INFO]- "GET /TestPlanME/TestPlanME-search/?action=get HTTP/1.1" 200 803
[2020-06-05 13:14:25,193] [basehttp.py:154] [basehttp:log_message] [INFO]- "GET /favicon.ico HTTP/1.1" 200 16430
[2020-06-05 13:14:26,345] [basehttp.py:154] [basehttp:log_message] [INFO]- "POST /MQM/MQM_search/ HTTP/1.1" 200 13349
[2020-06-05 13:14:26,497] [basehttp.py:154] [basehttp:log_message] [INFO]- "GET /favicon.ico HTTP/1.1" 200 16430
[2020-06-05 13:14:29,527] [log.py:228] [log:log_response] [ERROR]- Internal Server Error: /mongotest/mongotest-upload/
Traceback (most recent call last):
  File "C:\Python372\mecheck\lib\site-packages\django\core\handlers\exception.py", line 34, in inner
    response = get_response(request)
  File "C:\Python372\mecheck\lib\site-packages\django\core\handlers\base.py", line 156, in _get_response
    response = self.process_exception_by_middleware(e, request)
  File "C:\Python372\mecheck\lib\site-packages\django\core\handlers\base.py", line 154, in _get_response
    response = response.render()
  File "C:\Python372\mecheck\lib\site-packages\django\template\response.py", line 106, in render
    self.content = self.rendered_content
  File "C:\Python372\mecheck\lib\site-packages\rest_framework\response.py", line 70, in rendered_content
    ret = renderer.render(self.data, accepted_media_type, context)
  File "C:\Python372\mecheck\lib\site-packages\rest_framework\renderers.py", line 724, in render
    context = self.get_context(data, accepted_media_type, renderer_context)
  File "C:\Python372\mecheck\lib\site-packages\rest_framework\renderers.py", line 655, in get_context
    raw_data_post_form = self.get_raw_data_form(data, view, 'POST', request)
  File "C:\Python372\mecheck\lib\site-packages\rest_framework\renderers.py", line 563, in get_raw_data_form
    data = serializer.data.copy()
  File "C:\Python372\mecheck\lib\site-packages\rest_framework\serializers.py", line 562, in data
    ret = super().data
  File "C:\Python372\mecheck\lib\site-packages\rest_framework\serializers.py", line 264, in data
    self._data = self.get_initial()
  File "C:\Python372\mecheck\lib\site-packages\rest_framework\serializers.py", line 412, in get_initial
    for field in self.fields.values()
  File "C:\Python372\mecheck\lib\site-packages\django\utils\functional.py", line 37, in __get__
    res = instance.__dict__[self.name] = self.func(instance)
  File "C:\Python372\mecheck\lib\site-packages\rest_framework\serializers.py", line 363, in fields
    for key, value in self.get_fields().items():
  File "C:\Python372\mecheck\lib\site-packages\rest_framework_mongoengine\serializers.py", line 304, in get_fields
    serializer_class=self.__class__.__name__
AssertionError: Class StudentSerializers missing "Meta.model" attribute
[2020-06-05 13:14:29,529] [basehttp.py:154] [basehttp:log_message] [ERROR]- "GET /mongotest/mongotest-upload/ HTTP/1.1" 500 119336
[2020-06-05 13:14:29,690] [basehttp.py:154] [basehttp:log_message] [INFO]- "GET /favicon.ico HTTP/1.1" 200 16430
[2020-06-05 13:15:16,681] [basehttp.py:154] [basehttp:log_message] [INFO]- "GET /mongotest/mongotest-upload/ HTTP/1.1" 200 9126
[2020-06-05 13:15:16,836] [basehttp.py:154] [basehttp:log_message] [INFO]- "GET /favicon.ico HTTP/1.1" 200 16430
[2020-06-05 13:18:04,949] [log.py:228] [log:log_response] [ERROR]- Internal Server Error: /mongotest/mongotest-upload/
Traceback (most recent call last):
  File "C:\Python372\mecheck\lib\site-packages\django\core\handlers\exception.py", line 34, in inner
    response = get_response(request)
  File "C:\Python372\mecheck\lib\site-packages\django\core\handlers\base.py", line 126, in _get_response
    response = self.process_exception_by_middleware(e, request)
  File "C:\Python372\mecheck\lib\site-packages\django\core\handlers\base.py", line 124, in _get_response
    response = wrapped_callback(request, *callback_args, **callback_kwargs)
  File "C:\Python372\mecheck\lib\site-packages\django\views\decorators\csrf.py", line 54, in wrapped_view
    return view_func(*args, **kwargs)
  File "C:\Python372\mecheck\lib\site-packages\django\views\generic\base.py", line 68, in view
    return self.dispatch(request, *args, **kwargs)
  File "C:\Python372\mecheck\lib\site-packages\rest_framework\views.py", line 505, in dispatch
    response = self.handle_exception(exc)
  File "C:\Python372\mecheck\lib\site-packages\rest_framework\views.py", line 465, in handle_exception
    self.raise_uncaught_exception(exc)
  File "C:\Python372\mecheck\lib\site-packages\rest_framework\views.py", line 476, in raise_uncaught_exception
    raise exc
  File "C:\Python372\mecheck\lib\site-packages\rest_framework\views.py", line 502, in dispatch
    response = handler(request, *args, **kwargs)
  File "C:\Python372\mecheck\lib\site-packages\rest_framework_mongoengine\generics.py", line 74, in post
    return self.create(request, *args, **kwargs)
  File "C:\Python372\mecheck\lib\site-packages\rest_framework\mixins.py", line 19, in create
    self.perform_create(serializer)
  File "C:\Python372\mecheck\lib\site-packages\rest_framework\mixins.py", line 24, in perform_create
    serializer.save()
  File "C:\Python372\mecheck\lib\site-packages\rest_framework\serializers.py", line 212, in save
    self.instance = self.create(validated_data)
  File "C:\Python372\mecheck\lib\site-packages\rest_framework_mongoengine\serializers.py", line 162, in create
    instance = self.recursive_save(validated_data)
  File "C:\Python372\mecheck\lib\site-packages\rest_framework_mongoengine\serializers.py", line 262, in recursive_save
    instance.save()
  File "C:\Python372\mecheck\lib\site-packages\mongoengine\document.py", line 408, in save
    object_id = self._save_create(doc, force_insert, write_concern)
  File "C:\Python372\mecheck\lib\site-packages\mongoengine\document.py", line 473, in _save_create
    object_id = wc_collection.insert_one(doc).inserted_id
  File "C:\Python372\mecheck\lib\site-packages\pymongo\collection.py", line 698, in insert_one
    session=session),
  File "C:\Python372\mecheck\lib\site-packages\pymongo\collection.py", line 612, in _insert
    bypass_doc_val, session)
  File "C:\Python372\mecheck\lib\site-packages\pymongo\collection.py", line 600, in _insert_one
    acknowledged, _insert_command, session)
  File "C:\Python372\mecheck\lib\site-packages\pymongo\mongo_client.py", line 1491, in _retryable_write
    return self._retry_with_session(retryable, func, s, None)
  File "C:\Python372\mecheck\lib\site-packages\pymongo\mongo_client.py", line 1384, in _retry_with_session
    return func(session, sock_info, retryable)
  File "C:\Python372\mecheck\lib\site-packages\pymongo\collection.py", line 595, in _insert_command
    retryable_write=retryable_write)
  File "C:\Python372\mecheck\lib\site-packages\pymongo\pool.py", line 618, in command
    self._raise_connection_failure(error)
  File "C:\Python372\mecheck\lib\site-packages\pymongo\pool.py", line 613, in command
    user_fields=user_fields)
  File "C:\Python372\mecheck\lib\site-packages\pymongo\network.py", line 167, in command
    parse_write_concern_error=parse_write_concern_error)
  File "C:\Python372\mecheck\lib\site-packages\pymongo\helpers.py", line 136, in _check_command_response
    raise NotMasterError(errmsg, response)
pymongo.errors.NotMasterError: not master
[2020-06-05 13:18:04,955] [basehttp.py:154] [basehttp:log_message] [ERROR]- "POST /mongotest/mongotest-upload/ HTTP/1.1" 500 205864
[2020-06-05 13:18:05,149] [basehttp.py:154] [basehttp:log_message] [INFO]- "GET /favicon.ico HTTP/1.1" 200 16430
[2020-06-05 13:19:56,352] [basehttp.py:154] [basehttp:log_message] [INFO]- "GET /mongotest/mongotest-upload/ HTTP/1.1" 200 9126
[2020-06-05 13:19:56,516] [basehttp.py:154] [basehttp:log_message] [INFO]- "GET /favicon.ico HTTP/1.1" 200 16430
[2020-06-05 13:19:58,599] [basehttp.py:154] [basehttp:log_message] [WARNING]- "GET /static/rest_framework/css/bootstrap.min.css.map HTTP/1.1" 404 1845
[2020-06-05 13:20:00,626] [log.py:228] [log:log_response] [ERROR]- Internal Server Error: /mongotest/mongotest-upload/
Traceback (most recent call last):
  File "C:\Python372\mecheck\lib\site-packages\django\core\handlers\exception.py", line 34, in inner
    response = get_response(request)
  File "C:\Python372\mecheck\lib\site-packages\django\core\handlers\base.py", line 126, in _get_response
    response = self.process_exception_by_middleware(e, request)
  File "C:\Python372\mecheck\lib\site-packages\django\core\handlers\base.py", line 124, in _get_response
    response = wrapped_callback(request, *callback_args, **callback_kwargs)
  File "C:\Python372\mecheck\lib\site-packages\django\views\decorators\csrf.py", line 54, in wrapped_view
    return view_func(*args, **kwargs)
  File "C:\Python372\mecheck\lib\site-packages\django\views\generic\base.py", line 68, in view
    return self.dispatch(request, *args, **kwargs)
  File "C:\Python372\mecheck\lib\site-packages\rest_framework\views.py", line 505, in dispatch
    response = self.handle_exception(exc)
  File "C:\Python372\mecheck\lib\site-packages\rest_framework\views.py", line 465, in handle_exception
    self.raise_uncaught_exception(exc)
  File "C:\Python372\mecheck\lib\site-packages\rest_framework\views.py", line 476, in raise_uncaught_exception
    raise exc
  File "C:\Python372\mecheck\lib\site-packages\rest_framework\views.py", line 502, in dispatch
    response = handler(request, *args, **kwargs)
  File "C:\Python372\mecheck\lib\site-packages\rest_framework_mongoengine\generics.py", line 74, in post
    return self.create(request, *args, **kwargs)
  File "C:\Python372\mecheck\lib\site-packages\rest_framework\mixins.py", line 19, in create
    self.perform_create(serializer)
  File "C:\Python372\mecheck\lib\site-packages\rest_framework\mixins.py", line 24, in perform_create
    serializer.save()
  File "C:\Python372\mecheck\lib\site-packages\rest_framework\serializers.py", line 212, in save
    self.instance = self.create(validated_data)
  File "C:\Python372\mecheck\lib\site-packages\rest_framework_mongoengine\serializers.py", line 162, in create
    instance = self.recursive_save(validated_data)
  File "C:\Python372\mecheck\lib\site-packages\rest_framework_mongoengine\serializers.py", line 262, in recursive_save
    instance.save()
  File "C:\Python372\mecheck\lib\site-packages\mongoengine\document.py", line 408, in save
    object_id = self._save_create(doc, force_insert, write_concern)
  File "C:\Python372\mecheck\lib\site-packages\mongoengine\document.py", line 473, in _save_create
    object_id = wc_collection.insert_one(doc).inserted_id
  File "C:\Python372\mecheck\lib\site-packages\pymongo\collection.py", line 698, in insert_one
    session=session),
  File "C:\Python372\mecheck\lib\site-packages\pymongo\collection.py", line 612, in _insert
    bypass_doc_val, session)
  File "C:\Python372\mecheck\lib\site-packages\pymongo\collection.py", line 600, in _insert_one
    acknowledged, _insert_command, session)
  File "C:\Python372\mecheck\lib\site-packages\pymongo\mongo_client.py", line 1491, in _retryable_write
    return self._retry_with_session(retryable, func, s, None)
  File "C:\Python372\mecheck\lib\site-packages\pymongo\mongo_client.py", line 1384, in _retry_with_session
    return func(session, sock_info, retryable)
  File "C:\Python372\mecheck\lib\site-packages\pymongo\collection.py", line 595, in _insert_command
    retryable_write=retryable_write)
  File "C:\Python372\mecheck\lib\site-packages\pymongo\pool.py", line 618, in command
    self._raise_connection_failure(error)
  File "C:\Python372\mecheck\lib\site-packages\pymongo\pool.py", line 613, in command
    user_fields=user_fields)
  File "C:\Python372\mecheck\lib\site-packages\pymongo\network.py", line 167, in command
    parse_write_concern_error=parse_write_concern_error)
  File "C:\Python372\mecheck\lib\site-packages\pymongo\helpers.py", line 136, in _check_command_response
    raise NotMasterError(errmsg, response)
pymongo.errors.NotMasterError: not master
[2020-06-05 13:20:00,628] [basehttp.py:154] [basehttp:log_message] [ERROR]- "POST /mongotest/mongotest-upload/ HTTP/1.1" 500 205861
[2020-06-05 13:20:00,901] [basehttp.py:154] [basehttp:log_message] [INFO]- "GET /favicon.ico HTTP/1.1" 200 16430
[2020-06-05 13:20:03,296] [basehttp.py:154] [basehttp:log_message] [WARNING]- "GET /static/rest_framework/css/bootstrap.min.css.map HTTP/1.1" 404 1845
[2020-06-05 13:20:03,391] [basehttp.py:154] [basehttp:log_message] [INFO]- "GET /favicon.ico HTTP/1.1" 200 16430
[2020-06-05 13:20:23,006] [log.py:228] [log:log_response] [ERROR]- Internal Server Error: /mongotest/mongotest-upload/
Traceback (most recent call last):
  File "C:\Python372\mecheck\lib\site-packages\django\core\handlers\exception.py", line 34, in inner
    response = get_response(request)
  File "C:\Python372\mecheck\lib\site-packages\django\core\handlers\base.py", line 126, in _get_response
    response = self.process_exception_by_middleware(e, request)
  File "C:\Python372\mecheck\lib\site-packages\django\core\handlers\base.py", line 124, in _get_response
    response = wrapped_callback(request, *callback_args, **callback_kwargs)
  File "C:\Python372\mecheck\lib\site-packages\django\views\decorators\csrf.py", line 54, in wrapped_view
    return view_func(*args, **kwargs)
  File "C:\Python372\mecheck\lib\site-packages\django\views\generic\base.py", line 68, in view
    return self.dispatch(request, *args, **kwargs)
  File "C:\Python372\mecheck\lib\site-packages\rest_framework\views.py", line 505, in dispatch
    response = self.handle_exception(exc)
  File "C:\Python372\mecheck\lib\site-packages\rest_framework\views.py", line 465, in handle_exception
    self.raise_uncaught_exception(exc)
  File "C:\Python372\mecheck\lib\site-packages\rest_framework\views.py", line 476, in raise_uncaught_exception
    raise exc
  File "C:\Python372\mecheck\lib\site-packages\rest_framework\views.py", line 502, in dispatch
    response = handler(request, *args, **kwargs)
  File "C:\Python372\mecheck\lib\site-packages\rest_framework_mongoengine\generics.py", line 74, in post
    return self.create(request, *args, **kwargs)
  File "C:\Python372\mecheck\lib\site-packages\rest_framework\mixins.py", line 19, in create
    self.perform_create(serializer)
  File "C:\Python372\mecheck\lib\site-packages\rest_framework\mixins.py", line 24, in perform_create
    serializer.save()
  File "C:\Python372\mecheck\lib\site-packages\rest_framework\serializers.py", line 212, in save
    self.instance = self.create(validated_data)
  File "C:\Python372\mecheck\lib\site-packages\rest_framework_mongoengine\serializers.py", line 162, in create
    instance = self.recursive_save(validated_data)
  File "C:\Python372\mecheck\lib\site-packages\rest_framework_mongoengine\serializers.py", line 262, in recursive_save
    instance.save()
  File "C:\Python372\mecheck\lib\site-packages\mongoengine\document.py", line 408, in save
    object_id = self._save_create(doc, force_insert, write_concern)
  File "C:\Python372\mecheck\lib\site-packages\mongoengine\document.py", line 473, in _save_create
    object_id = wc_collection.insert_one(doc).inserted_id
  File "C:\Python372\mecheck\lib\site-packages\pymongo\collection.py", line 698, in insert_one
    session=session),
  File "C:\Python372\mecheck\lib\site-packages\pymongo\collection.py", line 612, in _insert
    bypass_doc_val, session)
  File "C:\Python372\mecheck\lib\site-packages\pymongo\collection.py", line 600, in _insert_one
    acknowledged, _insert_command, session)
  File "C:\Python372\mecheck\lib\site-packages\pymongo\mongo_client.py", line 1491, in _retryable_write
    return self._retry_with_session(retryable, func, s, None)
  File "C:\Python372\mecheck\lib\site-packages\pymongo\mongo_client.py", line 1384, in _retry_with_session
    return func(session, sock_info, retryable)
  File "C:\Python372\mecheck\lib\site-packages\pymongo\collection.py", line 595, in _insert_command
    retryable_write=retryable_write)
  File "C:\Python372\mecheck\lib\site-packages\pymongo\pool.py", line 618, in command
    self._raise_connection_failure(error)
  File "C:\Python372\mecheck\lib\site-packages\pymongo\pool.py", line 613, in command
    user_fields=user_fields)
  File "C:\Python372\mecheck\lib\site-packages\pymongo\network.py", line 167, in command
    parse_write_concern_error=parse_write_concern_error)
  File "C:\Python372\mecheck\lib\site-packages\pymongo\helpers.py", line 136, in _check_command_response
    raise NotMasterError(errmsg, response)
pymongo.errors.NotMasterError: not master
[2020-06-05 13:20:23,008] [basehttp.py:154] [basehttp:log_message] [ERROR]- "POST /mongotest/mongotest-upload/ HTTP/1.1" 500 205854
[2020-06-05 13:20:23,194] [basehttp.py:154] [basehttp:log_message] [INFO]- "GET /favicon.ico HTTP/1.1" 200 16430
[2020-06-05 13:23:12,336] [log.py:228] [log:log_response] [ERROR]- Internal Server Error: /mongotest/mongotest-upload/
Traceback (most recent call last):
  File "C:\Python372\mecheck\lib\site-packages\django\core\handlers\exception.py", line 34, in inner
    response = get_response(request)
  File "C:\Python372\mecheck\lib\site-packages\django\core\handlers\base.py", line 126, in _get_response
    response = self.process_exception_by_middleware(e, request)
  File "C:\Python372\mecheck\lib\site-packages\django\core\handlers\base.py", line 124, in _get_response
    response = wrapped_callback(request, *callback_args, **callback_kwargs)
  File "C:\Python372\mecheck\lib\site-packages\django\views\decorators\csrf.py", line 54, in wrapped_view
    return view_func(*args, **kwargs)
  File "C:\Python372\mecheck\lib\site-packages\django\views\generic\base.py", line 68, in view
    return self.dispatch(request, *args, **kwargs)
  File "C:\Python372\mecheck\lib\site-packages\rest_framework\views.py", line 505, in dispatch
    response = self.handle_exception(exc)
  File "C:\Python372\mecheck\lib\site-packages\rest_framework\views.py", line 465, in handle_exception
    self.raise_uncaught_exception(exc)
  File "C:\Python372\mecheck\lib\site-packages\rest_framework\views.py", line 476, in raise_uncaught_exception
    raise exc
  File "C:\Python372\mecheck\lib\site-packages\rest_framework\views.py", line 502, in dispatch
    response = handler(request, *args, **kwargs)
  File "C:\Python372\mecheck\lib\site-packages\rest_framework_mongoengine\generics.py", line 74, in post
    return self.create(request, *args, **kwargs)
  File "C:\Python372\mecheck\lib\site-packages\rest_framework\mixins.py", line 19, in create
    self.perform_create(serializer)
  File "C:\Python372\mecheck\lib\site-packages\rest_framework\mixins.py", line 24, in perform_create
    serializer.save()
  File "C:\Python372\mecheck\lib\site-packages\rest_framework\serializers.py", line 212, in save
    self.instance = self.create(validated_data)
  File "C:\Python372\mecheck\lib\site-packages\rest_framework_mongoengine\serializers.py", line 162, in create
    instance = self.recursive_save(validated_data)
  File "C:\Python372\mecheck\lib\site-packages\rest_framework_mongoengine\serializers.py", line 262, in recursive_save
    instance.save()
  File "C:\Python372\mecheck\lib\site-packages\mongoengine\document.py", line 408, in save
    object_id = self._save_create(doc, force_insert, write_concern)
  File "C:\Python372\mecheck\lib\site-packages\mongoengine\document.py", line 473, in _save_create
    object_id = wc_collection.insert_one(doc).inserted_id
  File "C:\Python372\mecheck\lib\site-packages\pymongo\collection.py", line 698, in insert_one
    session=session),
  File "C:\Python372\mecheck\lib\site-packages\pymongo\collection.py", line 612, in _insert
    bypass_doc_val, session)
  File "C:\Python372\mecheck\lib\site-packages\pymongo\collection.py", line 600, in _insert_one
    acknowledged, _insert_command, session)
  File "C:\Python372\mecheck\lib\site-packages\pymongo\mongo_client.py", line 1491, in _retryable_write
    return self._retry_with_session(retryable, func, s, None)
  File "C:\Python372\mecheck\lib\site-packages\pymongo\mongo_client.py", line 1384, in _retry_with_session
    return func(session, sock_info, retryable)
  File "C:\Python372\mecheck\lib\site-packages\pymongo\collection.py", line 595, in _insert_command
    retryable_write=retryable_write)
  File "C:\Python372\mecheck\lib\site-packages\pymongo\pool.py", line 618, in command
    self._raise_connection_failure(error)
  File "C:\Python372\mecheck\lib\site-packages\pymongo\pool.py", line 613, in command
    user_fields=user_fields)
  File "C:\Python372\mecheck\lib\site-packages\pymongo\network.py", line 167, in command
    parse_write_concern_error=parse_write_concern_error)
  File "C:\Python372\mecheck\lib\site-packages\pymongo\helpers.py", line 136, in _check_command_response
    raise NotMasterError(errmsg, response)
pymongo.errors.NotMasterError: not master
[2020-06-05 13:23:12,341] [basehttp.py:154] [basehttp:log_message] [ERROR]- "POST /mongotest/mongotest-upload/ HTTP/1.1" 500 203681
[2020-06-05 13:23:12,587] [basehttp.py:154] [basehttp:log_message] [INFO]- "GET /favicon.ico HTTP/1.1" 200 16430
[2020-06-05 13:23:29,239] [basehttp.py:154] [basehttp:log_message] [WARNING]- "GET /static/rest_framework/css/bootstrap.min.css.map HTTP/1.1" 404 1845
[2020-06-05 13:23:29,294] [basehttp.py:154] [basehttp:log_message] [INFO]- "GET /favicon.ico HTTP/1.1" 200 16430
[2020-06-05 13:23:31,310] [basehttp.py:154] [basehttp:log_message] [WARNING]- "GET /static/css/bootstrap.min.css.map HTTP/1.1" 404 1800
[2020-06-05 13:23:31,384] [basehttp.py:154] [basehttp:log_message] [WARNING]- "GET /static/js/lib/bootstrap.min.js.map HTTP/1.1" 404 1806
[2020-06-05 13:23:31,874] [basehttp.py:154] [basehttp:log_message] [INFO]- "GET /favicon.ico HTTP/1.1" 200 16430
[2020-06-05 13:23:31,880] [basehttp.py:154] [basehttp:log_message] [WARNING]- "GET /static/js/lib/bootstrap.min.js.map HTTP/1.1" 404 1806
[2020-06-05 13:23:34,631] [basehttp.py:154] [basehttp:log_message] [INFO]- "GET /mongotest/mongotest-upload/ HTTP/1.1" 200 10020
[2020-06-05 13:23:34,749] [basehttp.py:154] [basehttp:log_message] [WARNING]- "GET /static/rest_framework/css/bootstrap.min.css.map HTTP/1.1" 404 1845
[2020-06-05 13:23:34,845] [basehttp.py:154] [basehttp:log_message] [INFO]- "GET /favicon.ico HTTP/1.1" 200 16430
[2020-06-05 13:23:46,655] [log.py:228] [log:log_response] [ERROR]- Internal Server Error: /mongotest/mongotest-upload/
Traceback (most recent call last):
  File "C:\Python372\mecheck\lib\site-packages\django\core\handlers\exception.py", line 34, in inner
    response = get_response(request)
  File "C:\Python372\mecheck\lib\site-packages\django\core\handlers\base.py", line 126, in _get_response
    response = self.process_exception_by_middleware(e, request)
  File "C:\Python372\mecheck\lib\site-packages\django\core\handlers\base.py", line 124, in _get_response
    response = wrapped_callback(request, *callback_args, **callback_kwargs)
  File "C:\Python372\mecheck\lib\site-packages\django\views\decorators\csrf.py", line 54, in wrapped_view
    return view_func(*args, **kwargs)
  File "C:\Python372\mecheck\lib\site-packages\django\views\generic\base.py", line 68, in view
    return self.dispatch(request, *args, **kwargs)
  File "C:\Python372\mecheck\lib\site-packages\rest_framework\views.py", line 505, in dispatch
    response = self.handle_exception(exc)
  File "C:\Python372\mecheck\lib\site-packages\rest_framework\views.py", line 465, in handle_exception
    self.raise_uncaught_exception(exc)
  File "C:\Python372\mecheck\lib\site-packages\rest_framework\views.py", line 476, in raise_uncaught_exception
    raise exc
  File "C:\Python372\mecheck\lib\site-packages\rest_framework\views.py", line 502, in dispatch
    response = handler(request, *args, **kwargs)
  File "C:\Python372\mecheck\lib\site-packages\rest_framework_mongoengine\generics.py", line 74, in post
    return self.create(request, *args, **kwargs)
  File "C:\Python372\mecheck\lib\site-packages\rest_framework\mixins.py", line 19, in create
    self.perform_create(serializer)
  File "C:\Python372\mecheck\lib\site-packages\rest_framework\mixins.py", line 24, in perform_create
    serializer.save()
  File "C:\Python372\mecheck\lib\site-packages\rest_framework\serializers.py", line 212, in save
    self.instance = self.create(validated_data)
  File "C:\Python372\mecheck\lib\site-packages\rest_framework_mongoengine\serializers.py", line 162, in create
    instance = self.recursive_save(validated_data)
  File "C:\Python372\mecheck\lib\site-packages\rest_framework_mongoengine\serializers.py", line 262, in recursive_save
    instance.save()
  File "C:\Python372\mecheck\lib\site-packages\mongoengine\document.py", line 408, in save
    object_id = self._save_create(doc, force_insert, write_concern)
  File "C:\Python372\mecheck\lib\site-packages\mongoengine\document.py", line 473, in _save_create
    object_id = wc_collection.insert_one(doc).inserted_id
  File "C:\Python372\mecheck\lib\site-packages\pymongo\collection.py", line 698, in insert_one
    session=session),
  File "C:\Python372\mecheck\lib\site-packages\pymongo\collection.py", line 612, in _insert
    bypass_doc_val, session)
  File "C:\Python372\mecheck\lib\site-packages\pymongo\collection.py", line 600, in _insert_one
    acknowledged, _insert_command, session)
  File "C:\Python372\mecheck\lib\site-packages\pymongo\mongo_client.py", line 1491, in _retryable_write
    return self._retry_with_session(retryable, func, s, None)
  File "C:\Python372\mecheck\lib\site-packages\pymongo\mongo_client.py", line 1384, in _retry_with_session
    return func(session, sock_info, retryable)
  File "C:\Python372\mecheck\lib\site-packages\pymongo\collection.py", line 595, in _insert_command
    retryable_write=retryable_write)
  File "C:\Python372\mecheck\lib\site-packages\pymongo\pool.py", line 618, in command
    self._raise_connection_failure(error)
  File "C:\Python372\mecheck\lib\site-packages\pymongo\pool.py", line 613, in command
    user_fields=user_fields)
  File "C:\Python372\mecheck\lib\site-packages\pymongo\network.py", line 167, in command
    parse_write_concern_error=parse_write_concern_error)
  File "C:\Python372\mecheck\lib\site-packages\pymongo\helpers.py", line 136, in _check_command_response
    raise NotMasterError(errmsg, response)
pymongo.errors.NotMasterError: not master
[2020-06-05 13:23:46,662] [basehttp.py:154] [basehttp:log_message] [ERROR]- "POST /mongotest/mongotest-upload/ HTTP/1.1" 500 206935
[2020-06-05 13:23:46,835] [basehttp.py:154] [basehttp:log_message] [INFO]- "GET /favicon.ico HTTP/1.1" 200 16430
[2020-06-05 13:28:20,612] [basehttp.py:154] [basehttp:log_message] [INFO]- "GET /favicon.ico HTTP/1.1" 200 16430
[2020-06-05 13:28:22,962] [basehttp.py:154] [basehttp:log_message] [INFO]- "GET /favicon.ico HTTP/1.1" 200 16430
[2020-06-05 13:28:24,353] [basehttp.py:154] [basehttp:log_message] [INFO]- "GET /mongotest/mongotest-upload/ HTTP/1.1" 200 9126
[2020-06-05 13:28:24,416] [basehttp.py:154] [basehttp:log_message] [INFO]- "GET /favicon.ico HTTP/1.1" 200 16430
[2020-06-05 13:28:32,020] [basehttp.py:154] [basehttp:log_message] [INFO]- "POST /mongotest/mongotest-upload/ HTTP/1.1" 201 9319
[2020-06-05 13:28:32,132] [basehttp.py:154] [basehttp:log_message] [INFO]- "GET /favicon.ico HTTP/1.1" 200 16430
[2020-06-05 13:30:22,914] [basehttp.py:154] [basehttp:log_message] [INFO]- "POST /mongotest/mongotest-upload/ HTTP/1.1" 201 9319
[2020-06-05 13:30:23,043] [basehttp.py:154] [basehttp:log_message] [INFO]- "GET /favicon.ico HTTP/1.1" 200 16430
[2020-06-05 13:30:24,695] [basehttp.py:154] [basehttp:log_message] [INFO]- "GET /mongotest/mongotest-upload/ HTTP/1.1" 200 9526
[2020-06-05 13:30:24,750] [basehttp.py:154] [basehttp:log_message] [INFO]- "GET /favicon.ico HTTP/1.1" 200 16430
[2020-06-05 13:30:28,581] [basehttp.py:154] [basehttp:log_message] [INFO]- "GET /favicon.ico HTTP/1.1" 200 16430
[2020-06-05 13:30:30,845] [basehttp.py:154] [basehttp:log_message] [INFO]- "GET /mongotest/mongotest-upload/ HTTP/1.1" 200 9526
[2020-06-05 13:30:30,896] [basehttp.py:154] [basehttp:log_message] [INFO]- "GET /favicon.ico HTTP/1.1" 200 16430
[2020-06-05 15:11:48,668] [basehttp.py:154] [basehttp:log_message] [INFO]- "GET /mongotest/mongotest-upload/ HTTP/1.1" 200 40078
[2020-06-05 15:11:48,814] [basehttp.py:154] [basehttp:log_message] [INFO]- "GET /static/src/cqmspec.png HTTP/1.1" 304 0
[2020-06-05 15:11:48,855] [basehttp.py:154] [basehttp:log_message] [INFO]- "GET /mongotest/mongotest-upload/ HTTP/1.1" 200 40078
[2020-06-05 15:11:49,464] [basehttp.py:154] [basehttp:log_message] [INFO]- "POST /CQM/CQM_search/ HTTP/1.1" 200 2711
[2020-06-05 15:11:49,512] [basehttp.py:154] [basehttp:log_message] [INFO]- "GET /favicon.ico HTTP/1.1" 200 16430
[2020-06-05 15:12:49,494] [basehttp.py:154] [basehttp:log_message] [INFO]- "GET /mongotest/mongotest-upload/ HTTP/1.1" 200 58755
[2020-06-05 15:12:49,656] [basehttp.py:154] [basehttp:log_message] [INFO]- "GET /mongotest/mongotest-upload/ HTTP/1.1" 200 58755
[2020-06-05 15:12:50,308] [basehttp.py:154] [basehttp:log_message] [INFO]- "POST /TestPlanSW/TestPlanSW-summary/ HTTP/1.1" 200 144
[2020-06-05 15:12:50,361] [basehttp.py:154] [basehttp:log_message] [INFO]- "GET /favicon.ico HTTP/1.1" 200 16430
[2020-06-05 15:14:38,418] [basehttp.py:154] [basehttp:log_message] [INFO]- "GET /mongotest/mongotest-upload/ HTTP/1.1" 200 50854
[2020-06-05 15:14:38,601] [basehttp.py:154] [basehttp:log_message] [INFO]- "GET /mongotest/mongotest-upload/ HTTP/1.1" 200 50854
[2020-06-05 15:14:39,106] [basehttp.py:154] [basehttp:log_message] [INFO]- "POST /TestPlanSW/TestPlanSW-summary/ HTTP/1.1" 200 144
[2020-06-05 15:14:39,169] [basehttp.py:154] [basehttp:log_message] [INFO]- "GET /favicon.ico HTTP/1.1" 200 16430
[2020-06-05 15:15:04,176] [basehttp.py:154] [basehttp:log_message] [INFO]- "GET /mongotest/mongotest-upload/ HTTP/1.1" 200 49918
[2020-06-05 15:15:04,318] [basehttp.py:154] [basehttp:log_message] [INFO]- "GET /mongotest/mongotest-upload/ HTTP/1.1" 200 49918
[2020-06-05 15:15:04,794] [basehttp.py:154] [basehttp:log_message] [INFO]- "POST /TestPlanSW/TestPlanSW-summary/ HTTP/1.1" 200 144
[2020-06-05 15:15:04,812] [basehttp.py:154] [basehttp:log_message] [INFO]- "GET /favicon.ico HTTP/1.1" 200 16430
[2020-06-05 15:27:16,680] [basehttp.py:154] [basehttp:log_message] [INFO]- "GET /mongotest/mongotest-upload/ HTTP/1.1" 200 49917
[2020-06-05 15:27:16,819] [basehttp.py:154] [basehttp:log_message] [INFO]- "GET /mongotest/mongotest-upload/ HTTP/1.1" 200 49917
[2020-06-05 15:27:17,507] [basehttp.py:154] [basehttp:log_message] [INFO]- "POST /TestPlanSW/TestPlanSW-summary/ HTTP/1.1" 200 144
[2020-06-05 15:27:17,533] [basehttp.py:154] [basehttp:log_message] [INFO]- "GET /favicon.ico HTTP/1.1" 200 16430
[2020-06-05 15:28:50,814] [basehttp.py:154] [basehttp:log_message] [INFO]- "GET /mongotest/mongotest-upload/ HTTP/1.1" 200 50064
[2020-06-05 15:28:50,955] [basehttp.py:154] [basehttp:log_message] [INFO]- "GET /mongotest/mongotest-upload/ HTTP/1.1" 200 50064
[2020-06-05 15:28:51,754] [basehttp.py:154] [basehttp:log_message] [INFO]- "POST /TestPlanSW/TestPlanSW-summary/ HTTP/1.1" 200 144
[2020-06-05 15:28:51,757] [basehttp.py:154] [basehttp:log_message] [INFO]- "GET /favicon.ico HTTP/1.1" 200 16430
[2020-06-05 15:28:56,975] [basehttp.py:154] [basehttp:log_message] [WARNING]- "GET /static/js/lib/bootstrap.min.js.map HTTP/1.1" 404 1806
[2020-06-05 15:28:56,976] [basehttp.py:154] [basehttp:log_message] [WARNING]- "GET /static/js/axios.min.map HTTP/1.1" 404 1773
[2020-06-05 15:28:57,273] [basehttp.py:154] [basehttp:log_message] [WARNING]- "GET /static/js/xlsx/FileSaver.min.js.map HTTP/1.1" 404 1809
[2020-06-05 15:28:57,333] [basehttp.py:154] [basehttp:log_message] [WARNING]- "GET /static/css/bootstrap.min.css.map HTTP/1.1" 404 1800
[2020-06-05 15:30:00,326] [basehttp.py:154] [basehttp:log_message] [INFO]- "GET /favicon.ico HTTP/1.1" 200 16430
[2020-06-05 15:30:50,257] [basehttp.py:154] [basehttp:log_message] [INFO]- "GET /mongotest/mongotest-upload/ HTTP/1.1" 200 50089
[2020-06-05 15:30:50,403] [basehttp.py:154] [basehttp:log_message] [INFO]- "GET /mongotest/mongotest-upload/ HTTP/1.1" 200 50089
[2020-06-05 15:30:50,440] [basehttp.py:154] [basehttp:log_message] [WARNING]- "GET /static/css/bootstrap.min.css.map HTTP/1.1" 404 1800
[2020-06-05 15:30:50,512] [basehttp.py:154] [basehttp:log_message] [WARNING]- "GET /static/js/lib/bootstrap.min.js.map HTTP/1.1" 404 1806
[2020-06-05 15:30:50,730] [basehttp.py:154] [basehttp:log_message] [WARNING]- "GET /static/js/axios.min.map HTTP/1.1" 404 1773
[2020-06-05 15:30:51,035] [basehttp.py:154] [basehttp:log_message] [WARNING]- "GET /static/js/xlsx/FileSaver.min.js.map HTTP/1.1" 404 1809
[2020-06-05 15:30:51,374] [basehttp.py:154] [basehttp:log_message] [INFO]- "POST /TestPlanSW/TestPlanSW-summary/ HTTP/1.1" 200 144
[2020-06-05 15:30:51,399] [basehttp.py:154] [basehttp:log_message] [INFO]- "GET /favicon.ico HTTP/1.1" 200 16430
[2020-06-05 15:32:01,298] [basehttp.py:154] [basehttp:log_message] [WARNING]- "GET /static/js/lib/bootstrap.min.js.map HTTP/1.1" 404 1806
[2020-06-05 15:32:01,603] [basehttp.py:154] [basehttp:log_message] [WARNING]- "GET /static/js/axios.min.map HTTP/1.1" 404 1773
[2020-06-05 15:32:01,606] [basehttp.py:154] [basehttp:log_message] [WARNING]- "GET /static/js/xlsx/FileSaver.min.js.map HTTP/1.1" 404 1809
[2020-06-05 15:32:01,669] [basehttp.py:154] [basehttp:log_message] [WARNING]- "GET /static/css/bootstrap.min.css.map HTTP/1.1" 404 1800
[2020-06-05 15:33:35,496] [basehttp.py:154] [basehttp:log_message] [INFO]- "GET /mongotest/mongotest-upload/ HTTP/1.1" 200 58721
[2020-06-05 15:33:35,671] [basehttp.py:154] [basehttp:log_message] [INFO]- "GET /mongotest/mongotest-upload/ HTTP/1.1" 200 58721
[2020-06-05 15:33:35,739] [basehttp.py:154] [basehttp:log_message] [WARNING]- "GET /static/css/bootstrap.min.css.map HTTP/1.1" 404 1800
[2020-06-05 15:33:35,803] [basehttp.py:154] [basehttp:log_message] [WARNING]- "GET /static/js/lib/bootstrap.min.js.map HTTP/1.1" 404 1806
[2020-06-05 15:33:36,009] [basehttp.py:154] [basehttp:log_message] [WARNING]- "GET /static/js/axios.min.map HTTP/1.1" 404 1773
[2020-06-05 15:33:36,318] [basehttp.py:154] [basehttp:log_message] [WARNING]- "GET /static/js/xlsx/FileSaver.min.js.map HTTP/1.1" 404 1809
[2020-06-05 15:33:36,758] [basehttp.py:154] [basehttp:log_message] [INFO]- "POST /TestPlanSW/TestPlanSW-summary/ HTTP/1.1" 200 144
[2020-06-05 15:33:36,780] [basehttp.py:154] [basehttp:log_message] [INFO]- "GET /favicon.ico HTTP/1.1" 200 16430
[2020-06-05 15:33:37,894] [basehttp.py:154] [basehttp:log_message] [INFO]- "POST /TestPlanSW/TestPlanSW-summary/ HTTP/1.1" 200 583
[2020-06-05 15:34:13,458] [basehttp.py:154] [basehttp:log_message] [WARNING]- "GET /static/js/lib/bootstrap.min.js.map HTTP/1.1" 404 1806
[2020-06-05 15:34:13,769] [basehttp.py:154] [basehttp:log_message] [WARNING]- "GET /static/js/xlsx/FileSaver.min.js.map HTTP/1.1" 404 1809
[2020-06-05 15:34:13,769] [basehttp.py:154] [basehttp:log_message] [WARNING]- "GET /static/js/axios.min.map HTTP/1.1" 404 1773
[2020-06-05 15:34:13,843] [basehttp.py:154] [basehttp:log_message] [WARNING]- "GET /static/css/bootstrap.min.css.map HTTP/1.1" 404 1800
[2020-06-05 15:34:14,274] [basehttp.py:154] [basehttp:log_message] [INFO]- "POST /TestPlanSW/TestPlanSW-summary/ HTTP/1.1" 200 693
[2020-06-05 15:35:23,901] [basehttp.py:154] [basehttp:log_message] [INFO]- "POST /TestPlanSW/TestPlanSW-summary/ HTTP/1.1" 200 693
[2020-06-05 15:36:46,938] [basehttp.py:154] [basehttp:log_message] [INFO]- "GET /mongotest/mongotest-upload/ HTTP/1.1" 200 58721
[2020-06-05 15:36:47,092] [basehttp.py:154] [basehttp:log_message] [INFO]- "GET /mongotest/mongotest-upload/ HTTP/1.1" 200 58721
[2020-06-05 15:36:47,169] [basehttp.py:154] [basehttp:log_message] [WARNING]- "GET /static/css/bootstrap.min.css.map HTTP/1.1" 404 1800
[2020-06-05 15:36:47,263] [basehttp.py:154] [basehttp:log_message] [WARNING]- "GET /static/js/lib/bootstrap.min.js.map HTTP/1.1" 404 1806
[2020-06-05 15:36:47,440] [basehttp.py:154] [basehttp:log_message] [WARNING]- "GET /static/js/axios.min.map HTTP/1.1" 404 1773
[2020-06-05 15:36:47,747] [basehttp.py:154] [basehttp:log_message] [WARNING]- "GET /static/js/xlsx/FileSaver.min.js.map HTTP/1.1" 404 1809
[2020-06-05 15:36:48,230] [basehttp.py:154] [basehttp:log_message] [INFO]- "POST /TestPlanSW/TestPlanSW-summary/ HTTP/1.1" 200 144
[2020-06-05 15:36:48,256] [basehttp.py:154] [basehttp:log_message] [INFO]- "GET /favicon.ico HTTP/1.1" 200 16430
[2020-06-05 15:36:49,904] [basehttp.py:154] [basehttp:log_message] [INFO]- "POST /TestPlanSW/TestPlanSW-summary/ HTTP/1.1" 200 583
[2020-06-05 15:36:53,516] [basehttp.py:154] [basehttp:log_message] [INFO]- "POST /TestPlanSW/TestPlanSW-summary/ HTTP/1.1" 200 693
[2020-06-05 15:39:31,367] [basehttp.py:154] [basehttp:log_message] [INFO]- "GET /mongotest/mongotest-upload/ HTTP/1.1" 200 58700
[2020-06-05 15:39:31,500] [basehttp.py:154] [basehttp:log_message] [INFO]- "GET /mongotest/mongotest-upload/ HTTP/1.1" 200 58700
[2020-06-05 15:39:32,167] [basehttp.py:154] [basehttp:log_message] [INFO]- "POST /mongotest/mongotest-upload/ HTTP/1.1" 200 58700
[2020-06-05 15:39:32,295] [basehttp.py:154] [basehttp:log_message] [INFO]- "GET /favicon.ico HTTP/1.1" 200 16430
[2020-06-05 15:39:40,032] [basehttp.py:154] [basehttp:log_message] [INFO]- "POST /mongotest/mongotest-upload/ HTTP/1.1" 200 58700
[2020-06-05 15:39:53,553] [basehttp.py:154] [basehttp:log_message] [WARNING]- "GET /static/js/lib/bootstrap.min.js.map HTTP/1.1" 404 1806
[2020-06-05 15:39:53,858] [basehttp.py:154] [basehttp:log_message] [WARNING]- "GET /static/js/xlsx/FileSaver.min.js.map HTTP/1.1" 404 1809
[2020-06-05 15:39:53,858] [basehttp.py:154] [basehttp:log_message] [WARNING]- "GET /static/js/axios.min.map HTTP/1.1" 404 1773
[2020-06-05 15:39:53,933] [basehttp.py:154] [basehttp:log_message] [WARNING]- "GET /static/css/bootstrap.min.css.map HTTP/1.1" 404 1800
[2020-06-05 15:39:59,433] [basehttp.py:154] [basehttp:log_message] [INFO]- "GET /mongotest/mongotest-upload/ HTTP/1.1" 200 58700
[2020-06-05 15:39:59,554] [basehttp.py:154] [basehttp:log_message] [INFO]- "GET /mongotest/mongotest-upload/ HTTP/1.1" 200 58700
[2020-06-05 15:39:59,581] [basehttp.py:154] [basehttp:log_message] [WARNING]- "GET /static/css/bootstrap.min.css.map HTTP/1.1" 404 1800
[2020-06-05 15:39:59,651] [basehttp.py:154] [basehttp:log_message] [WARNING]- "GET /static/js/lib/bootstrap.min.js.map HTTP/1.1" 404 1806
[2020-06-05 15:39:59,817] [basehttp.py:154] [basehttp:log_message] [WARNING]- "GET /static/js/axios.min.map HTTP/1.1" 404 1773
[2020-06-05 15:40:00,118] [basehttp.py:154] [basehttp:log_message] [WARNING]- "GET /static/js/xlsx/FileSaver.min.js.map HTTP/1.1" 404 1809
[2020-06-05 15:40:00,498] [basehttp.py:154] [basehttp:log_message] [INFO]- "POST /mongotest/mongotest-upload/ HTTP/1.1" 200 58700
[2020-06-05 15:40:00,526] [basehttp.py:154] [basehttp:log_message] [INFO]- "GET /favicon.ico HTTP/1.1" 200 16430
[2020-06-05 15:40:02,413] [basehttp.py:154] [basehttp:log_message] [INFO]- "POST /mongotest/mongotest-upload/ HTTP/1.1" 200 58700
[2020-06-05 15:41:28,195] [basehttp.py:154] [basehttp:log_message] [INFO]- "POST /mongotest/mongotest-upload/ HTTP/1.1" 200 58700
