[2023-06-15 10:16:26,165] [basehttp.py:154] [basehttp:log_message] [INFO]- "GET / HTTP/1.1" 302 0
[2023-06-15 10:16:26,172] [basehttp.py:154] [basehttp:log_message] [INFO]- "GET /login/ HTTP/1.1" 200 4677
[2023-06-15 10:16:26,281] [basehttp.py:154] [basehttp:log_message] [INFO]- "GET /favicon.ico HTTP/1.1" 302 0
[2023-06-15 10:16:26,284] [basehttp.py:154] [basehttp:log_message] [INFO]- "GET /login/ HTTP/1.1" 200 4677
[2023-06-15 10:16:30,620] [basehttp.py:154] [basehttp:log_message] [INFO]- "GET /admin/ HTTP/1.1" 302 0
[2023-06-15 10:16:30,661] [basehttp.py:154] [basehttp:log_message] [INFO]- "GET /admin/login/?next=/admin/ HTTP/1.1" 200 4026
[2023-06-15 10:16:30,858] [basehttp.py:154] [basehttp:log_message] [INFO]- "GET /favicon.ico HTTP/1.1" 200 22870
[2023-06-15 10:16:34,317] [UserIP.py:90] [UserIP:process_response] [INFO]- 2023-06-15 10:16:34 C1010S3>Edwin None>LAPTOP-EJP4HNEV>543 127.0.0.1 127.0.0.1 /admin/login/ POST
[2023-06-15 10:16:34,326] [basehttp.py:154] [basehttp:log_message] [INFO]- "POST /admin/login/?next=/admin/ HTTP/1.1" 302 0
[2023-06-15 10:16:35,186] [basehttp.py:154] [basehttp:log_message] [INFO]- "GET /admin/ HTTP/1.1" 200 42147
[2023-06-15 10:16:35,203] [basehttp.py:154] [basehttp:log_message] [INFO]- "GET /static/admin/simpleui-x/js/index.js?_=2022.4.9 HTTP/1.1" 304 0
[2023-06-15 10:16:35,245] [basehttp.py:154] [basehttp:log_message] [INFO]- "GET /static/admin/simpleui-x/css/index.css.map HTTP/1.1" 200 3250
[2023-06-15 10:16:35,283] [basehttp.py:154] [basehttp:log_message] [INFO]- "GET /static/admin/simpleui-x/waves/waves.min.js.map HTTP/1.1" 200 9739
[2023-06-15 10:16:35,383] [basehttp.py:154] [basehttp:log_message] [INFO]- "GET /favicon.ico HTTP/1.1" 200 22870
[2023-06-15 10:16:38,496] [basehttp.py:154] [basehttp:log_message] [INFO]- "GET /favicon.ico HTTP/1.1" 200 22870
[2023-06-15 10:16:38,535] [basehttp.py:154] [basehttp:log_message] [INFO]- "GET /admin/app01/role/ HTTP/1.1" 200 41099
[2023-06-15 10:16:38,560] [basehttp.py:154] [basehttp:log_message] [INFO]- "GET /admin/jsi18n/ HTTP/1.1" 200 7684
[2023-06-15 10:16:38,635] [basehttp.py:154] [basehttp:log_message] [INFO]- "GET /static/admin/simpleui-x/theme/simpleui.css.map HTTP/1.1" 200 1935
[2023-06-15 10:16:38,703] [basehttp.py:154] [basehttp:log_message] [INFO]- "GET /static/admin/simpleui-x/js/axios.min.map HTTP/1.1" 200 117473
[2023-06-15 10:17:07,282] [basehttp.py:154] [basehttp:log_message] [INFO]- "GET /admin/ HTTP/1.1" 200 42147
[2023-06-15 10:17:08,055] [basehttp.py:154] [basehttp:log_message] [INFO]- "GET /admin/app01/role/ HTTP/1.1" 200 41099
[2023-06-15 10:17:08,141] [basehttp.py:154] [basehttp:log_message] [INFO]- "GET /admin/jsi18n/ HTTP/1.1" 200 7684
[2023-06-15 10:17:08,870] [basehttp.py:154] [basehttp:log_message] [INFO]- "GET /favicon.ico HTTP/1.1" 200 22870
[2023-06-15 10:17:20,129] [log.py:228] [log:log_response] [ERROR]- Internal Server Error: /admin/app01/role/21/change/
Traceback (most recent call last):
  File "C:\Python372\mecheck\lib\site-packages\django\contrib\admin\options.py", line 703, in get_form
    return modelform_factory(self.model, **defaults)
  File "C:\Python372\mecheck\lib\site-packages\django\forms\models.py", line 551, in modelform_factory
    return type(form)(class_name, (form,), form_class_attrs)
  File "C:\Python372\mecheck\lib\site-packages\django\forms\models.py", line 266, in __new__
    raise FieldError(message)
django.core.exceptions.FieldError: Unknown field(s) (show_users) specified for Role

During handling of the above exception, another exception occurred:

Traceback (most recent call last):
  File "C:\Python372\mecheck\lib\site-packages\django\core\handlers\exception.py", line 34, in inner
    response = get_response(request)
  File "C:\Python372\mecheck\lib\site-packages\django\core\handlers\base.py", line 126, in _get_response
    response = self.process_exception_by_middleware(e, request)
  File "C:\Python372\mecheck\lib\site-packages\django\core\handlers\base.py", line 124, in _get_response
    response = wrapped_callback(request, *callback_args, **callback_kwargs)
  File "C:\Python372\mecheck\lib\site-packages\django\contrib\admin\options.py", line 604, in wrapper
    return self.admin_site.admin_view(view)(*args, **kwargs)
  File "C:\Python372\mecheck\lib\site-packages\django\utils\decorators.py", line 142, in _wrapped_view
    response = view_func(request, *args, **kwargs)
  File "C:\Python372\mecheck\lib\site-packages\django\views\decorators\cache.py", line 44, in _wrapped_view_func
    response = view_func(request, *args, **kwargs)
  File "C:\Python372\mecheck\lib\site-packages\django\contrib\admin\sites.py", line 223, in inner
    return view(request, *args, **kwargs)
  File "C:\Python372\mecheck\lib\site-packages\django\contrib\admin\options.py", line 1640, in change_view
    return self.changeform_view(request, object_id, form_url, extra_context)
  File "C:\Python372\mecheck\lib\site-packages\django\utils\decorators.py", line 45, in _wrapper
    return bound_method(*args, **kwargs)
  File "C:\Python372\mecheck\lib\site-packages\django\utils\decorators.py", line 142, in _wrapped_view
    response = view_func(request, *args, **kwargs)
  File "C:\Python372\mecheck\lib\site-packages\django\contrib\admin\options.py", line 1525, in changeform_view
    return self._changeform_view(request, object_id, form_url, extra_context)
  File "C:\Python372\mecheck\lib\site-packages\django\contrib\admin\options.py", line 1554, in _changeform_view
    ModelForm = self.get_form(request, obj, change=not add)
  File "C:\Python372\mecheck\lib\site-packages\django\contrib\admin\options.py", line 707, in get_form
    % (e, self.__class__.__name__)
django.core.exceptions.FieldError: Unknown field(s) (show_users) specified for Role. Check fields/fieldsets/exclude attributes of class RoleAdmin.
[2023-06-15 10:17:20,132] [basehttp.py:154] [basehttp:log_message] [ERROR]- "GET /admin/app01/role/21/change/ HTTP/1.1" 500 142562
[2023-06-15 10:19:00,427] [basehttp.py:154] [basehttp:log_message] [INFO]- "GET /admin/app01/role/ HTTP/1.1" 200 41099
[2023-06-15 10:19:02,764] [basehttp.py:154] [basehttp:log_message] [INFO]- "GET /admin/ HTTP/1.1" 200 42147
[2023-06-15 10:19:03,137] [basehttp.py:154] [basehttp:log_message] [INFO]- "GET /admin/app01/role/ HTTP/1.1" 200 41099
[2023-06-15 10:19:03,198] [basehttp.py:154] [basehttp:log_message] [INFO]- "GET /admin/jsi18n/ HTTP/1.1" 200 7684
[2023-06-15 10:19:03,378] [basehttp.py:154] [basehttp:log_message] [INFO]- "GET /favicon.ico HTTP/1.1" 200 22870
[2023-06-15 10:19:05,225] [log.py:228] [log:log_response] [ERROR]- Internal Server Error: /admin/app01/role/21/change/
Traceback (most recent call last):
  File "C:\Python372\mecheck\lib\site-packages\django\contrib\admin\options.py", line 703, in get_form
    return modelform_factory(self.model, **defaults)
  File "C:\Python372\mecheck\lib\site-packages\django\forms\models.py", line 551, in modelform_factory
    return type(form)(class_name, (form,), form_class_attrs)
  File "C:\Python372\mecheck\lib\site-packages\django\forms\models.py", line 266, in __new__
    raise FieldError(message)
django.core.exceptions.FieldError: Unknown field(s) (show_users) specified for Role

During handling of the above exception, another exception occurred:

Traceback (most recent call last):
  File "C:\Python372\mecheck\lib\site-packages\django\core\handlers\exception.py", line 34, in inner
    response = get_response(request)
  File "C:\Python372\mecheck\lib\site-packages\django\core\handlers\base.py", line 126, in _get_response
    response = self.process_exception_by_middleware(e, request)
  File "C:\Python372\mecheck\lib\site-packages\django\core\handlers\base.py", line 124, in _get_response
    response = wrapped_callback(request, *callback_args, **callback_kwargs)
  File "C:\Python372\mecheck\lib\site-packages\django\contrib\admin\options.py", line 604, in wrapper
    return self.admin_site.admin_view(view)(*args, **kwargs)
  File "C:\Python372\mecheck\lib\site-packages\django\utils\decorators.py", line 142, in _wrapped_view
    response = view_func(request, *args, **kwargs)
  File "C:\Python372\mecheck\lib\site-packages\django\views\decorators\cache.py", line 44, in _wrapped_view_func
    response = view_func(request, *args, **kwargs)
  File "C:\Python372\mecheck\lib\site-packages\django\contrib\admin\sites.py", line 223, in inner
    return view(request, *args, **kwargs)
  File "C:\Python372\mecheck\lib\site-packages\django\contrib\admin\options.py", line 1640, in change_view
    return self.changeform_view(request, object_id, form_url, extra_context)
  File "C:\Python372\mecheck\lib\site-packages\django\utils\decorators.py", line 45, in _wrapper
    return bound_method(*args, **kwargs)
  File "C:\Python372\mecheck\lib\site-packages\django\utils\decorators.py", line 142, in _wrapped_view
    response = view_func(request, *args, **kwargs)
  File "C:\Python372\mecheck\lib\site-packages\django\contrib\admin\options.py", line 1525, in changeform_view
    return self._changeform_view(request, object_id, form_url, extra_context)
  File "C:\Python372\mecheck\lib\site-packages\django\contrib\admin\options.py", line 1554, in _changeform_view
    ModelForm = self.get_form(request, obj, change=not add)
  File "C:\Python372\mecheck\lib\site-packages\django\contrib\admin\options.py", line 707, in get_form
    % (e, self.__class__.__name__)
django.core.exceptions.FieldError: Unknown field(s) (show_users) specified for Role. Check fields/fieldsets/exclude attributes of class RoleAdmin.
[2023-06-15 10:19:05,238] [basehttp.py:154] [basehttp:log_message] [ERROR]- "GET /admin/app01/role/21/change/ HTTP/1.1" 500 142562
[2023-06-15 10:24:17,370] [basehttp.py:154] [basehttp:log_message] [INFO]- "GET /admin/app01/role/ HTTP/1.1" 200 41099
[2023-06-15 10:24:19,660] [basehttp.py:154] [basehttp:log_message] [INFO]- "GET /admin/ HTTP/1.1" 200 42147
[2023-06-15 10:24:19,840] [basehttp.py:154] [basehttp:log_message] [INFO]- "GET /admin/app01/role/ HTTP/1.1" 200 41099
[2023-06-15 10:24:19,878] [basehttp.py:154] [basehttp:log_message] [INFO]- "GET /admin/jsi18n/ HTTP/1.1" 200 7684
[2023-06-15 10:24:20,042] [basehttp.py:154] [basehttp:log_message] [INFO]- "GET /favicon.ico HTTP/1.1" 200 22870
[2023-06-15 10:24:22,047] [log.py:228] [log:log_response] [ERROR]- Internal Server Error: /admin/app01/role/21/change/
Traceback (most recent call last):
  File "C:\Python372\mecheck\lib\site-packages\django\contrib\admin\options.py", line 703, in get_form
    return modelform_factory(self.model, **defaults)
  File "C:\Python372\mecheck\lib\site-packages\django\forms\models.py", line 551, in modelform_factory
    return type(form)(class_name, (form,), form_class_attrs)
  File "C:\Python372\mecheck\lib\site-packages\django\forms\models.py", line 266, in __new__
    raise FieldError(message)
django.core.exceptions.FieldError: Unknown field(s) (show_users) specified for Role

During handling of the above exception, another exception occurred:

Traceback (most recent call last):
  File "C:\Python372\mecheck\lib\site-packages\django\core\handlers\exception.py", line 34, in inner
    response = get_response(request)
  File "C:\Python372\mecheck\lib\site-packages\django\core\handlers\base.py", line 126, in _get_response
    response = self.process_exception_by_middleware(e, request)
  File "C:\Python372\mecheck\lib\site-packages\django\core\handlers\base.py", line 124, in _get_response
    response = wrapped_callback(request, *callback_args, **callback_kwargs)
  File "C:\Python372\mecheck\lib\site-packages\django\contrib\admin\options.py", line 604, in wrapper
    return self.admin_site.admin_view(view)(*args, **kwargs)
  File "C:\Python372\mecheck\lib\site-packages\django\utils\decorators.py", line 142, in _wrapped_view
    response = view_func(request, *args, **kwargs)
  File "C:\Python372\mecheck\lib\site-packages\django\views\decorators\cache.py", line 44, in _wrapped_view_func
    response = view_func(request, *args, **kwargs)
  File "C:\Python372\mecheck\lib\site-packages\django\contrib\admin\sites.py", line 223, in inner
    return view(request, *args, **kwargs)
  File "C:\Python372\mecheck\lib\site-packages\django\contrib\admin\options.py", line 1640, in change_view
    return self.changeform_view(request, object_id, form_url, extra_context)
  File "C:\Python372\mecheck\lib\site-packages\django\utils\decorators.py", line 45, in _wrapper
    return bound_method(*args, **kwargs)
  File "C:\Python372\mecheck\lib\site-packages\django\utils\decorators.py", line 142, in _wrapped_view
    response = view_func(request, *args, **kwargs)
  File "C:\Python372\mecheck\lib\site-packages\django\contrib\admin\options.py", line 1525, in changeform_view
    return self._changeform_view(request, object_id, form_url, extra_context)
  File "C:\Python372\mecheck\lib\site-packages\django\contrib\admin\options.py", line 1554, in _changeform_view
    ModelForm = self.get_form(request, obj, change=not add)
  File "C:\Python372\mecheck\lib\site-packages\django\contrib\admin\options.py", line 707, in get_form
    % (e, self.__class__.__name__)
django.core.exceptions.FieldError: Unknown field(s) (show_users) specified for Role. Check fields/fieldsets/exclude attributes of class RoleAdmin.
[2023-06-15 10:24:22,063] [basehttp.py:154] [basehttp:log_message] [ERROR]- "GET /admin/app01/role/21/change/ HTTP/1.1" 500 142562
[2023-06-15 10:27:00,153] [basehttp.py:154] [basehttp:log_message] [INFO]- "GET /admin/app01/role/ HTTP/1.1" 200 41099
[2023-06-15 10:27:04,106] [basehttp.py:154] [basehttp:log_message] [INFO]- "GET /admin/ HTTP/1.1" 200 42147
[2023-06-15 10:27:04,506] [basehttp.py:154] [basehttp:log_message] [INFO]- "GET /admin/app01/role/ HTTP/1.1" 200 41099
[2023-06-15 10:27:04,564] [basehttp.py:154] [basehttp:log_message] [INFO]- "GET /admin/jsi18n/ HTTP/1.1" 200 7684
[2023-06-15 10:27:04,754] [basehttp.py:154] [basehttp:log_message] [INFO]- "GET /favicon.ico HTTP/1.1" 200 22870
[2023-06-15 10:27:06,645] [basehttp.py:154] [basehttp:log_message] [INFO]- "GET /admin/app01/role/23/change/ HTTP/1.1" 200 24386
[2023-06-15 10:27:06,657] [basehttp.py:154] [basehttp:log_message] [INFO]- "GET /static/admin/js/SelectFilter2.js HTTP/1.1" 304 0
[2023-06-15 10:27:06,663] [basehttp.py:154] [basehttp:log_message] [INFO]- "GET /static/admin/js/SelectBox.js HTTP/1.1" 304 0
[2023-06-15 10:27:06,679] [basehttp.py:154] [basehttp:log_message] [INFO]- "GET /admin/jsi18n/ HTTP/1.1" 200 7684
[2023-06-15 10:27:06,750] [basehttp.py:154] [basehttp:log_message] [INFO]- "GET /static/admin/img/icon-addlink.svg HTTP/1.1" 304 0
[2023-06-15 10:27:06,792] [basehttp.py:154] [basehttp:log_message] [INFO]- "GET /static/admin/img/search.svg HTTP/1.1" 304 0
[2023-06-15 10:27:06,793] [basehttp.py:154] [basehttp:log_message] [INFO]- "GET /static/admin/img/icon-unknown.svg HTTP/1.1" 304 0
[2023-06-15 10:27:06,793] [basehttp.py:154] [basehttp:log_message] [INFO]- "GET /static/admin/img/selector-icons.svg HTTP/1.1" 304 0
[2023-06-15 10:27:06,794] [basehttp.py:154] [basehttp:log_message] [INFO]- "GET /static/admin/img/icon-unknown-alt.svg HTTP/1.1" 304 0
[2023-06-15 10:27:08,946] [basehttp.py:154] [basehttp:log_message] [INFO]- "GET /admin/app01/role/ HTTP/1.1" 200 41099
[2023-06-15 10:49:02,355] [basehttp.py:154] [basehttp:log_message] [INFO]- "GET /admin/ HTTP/1.1" 200 42147
[2023-06-15 10:49:02,571] [basehttp.py:154] [basehttp:log_message] [INFO]- "GET /admin/app01/role/ HTTP/1.1" 200 41099
[2023-06-15 10:49:02,595] [basehttp.py:154] [basehttp:log_message] [INFO]- "GET /admin/jsi18n/ HTTP/1.1" 200 7684
[2023-06-15 10:49:02,740] [basehttp.py:154] [basehttp:log_message] [INFO]- "GET /favicon.ico HTTP/1.1" 200 22870
[2023-06-15 10:49:57,376] [basehttp.py:154] [basehttp:log_message] [INFO]- "GET /admin/ HTTP/1.1" 200 42147
[2023-06-15 10:49:57,617] [log.py:228] [log:log_response] [ERROR]- Internal Server Error: /admin/app01/role/
Traceback (most recent call last):
  File "C:\Python372\mecheck\lib\site-packages\django\db\models\options.py", line 564, in get_field
    return self.fields_map[field_name]
KeyError: 'show_users'

During handling of the above exception, another exception occurred:

Traceback (most recent call last):
  File "C:\Python372\mecheck\lib\site-packages\django\contrib\admin\utils.py", line 278, in lookup_field
    f = _get_non_gfk_field(opts, name)
  File "C:\Python372\mecheck\lib\site-packages\django\contrib\admin\utils.py", line 309, in _get_non_gfk_field
    field = opts.get_field(name)
  File "C:\Python372\mecheck\lib\site-packages\django\db\models\options.py", line 566, in get_field
    raise FieldDoesNotExist("%s has no field named '%s'" % (self.object_name, field_name))
django.core.exceptions.FieldDoesNotExist: Role has no field named 'show_users'

During handling of the above exception, another exception occurred:

Traceback (most recent call last):
  File "C:\Python372\mecheck\lib\site-packages\django\core\handlers\exception.py", line 34, in inner
    response = get_response(request)
  File "C:\Python372\mecheck\lib\site-packages\django\core\handlers\base.py", line 156, in _get_response
    response = self.process_exception_by_middleware(e, request)
  File "C:\Python372\mecheck\lib\site-packages\django\core\handlers\base.py", line 154, in _get_response
    response = response.render()
  File "C:\Python372\mecheck\lib\site-packages\django\template\response.py", line 106, in render
    self.content = self.rendered_content
  File "C:\Python372\mecheck\lib\site-packages\django\template\response.py", line 83, in rendered_content
    content = template.render(context, self._request)
  File "C:\Python372\mecheck\lib\site-packages\django\template\backends\django.py", line 61, in render
    return self.template.render(context)
  File "C:\Python372\mecheck\lib\site-packages\django\template\base.py", line 171, in render
    return self._render(context)
  File "C:\Python372\mecheck\lib\site-packages\django\template\base.py", line 163, in _render
    return self.nodelist.render(context)
  File "C:\Python372\mecheck\lib\site-packages\django\template\base.py", line 937, in render
    bit = node.render_annotated(context)
  File "C:\Python372\mecheck\lib\site-packages\django\template\base.py", line 904, in render_annotated
    return self.render(context)
  File "C:\Python372\mecheck\lib\site-packages\django\template\loader_tags.py", line 150, in render
    return compiled_parent._render(context)
  File "C:\Python372\mecheck\lib\site-packages\django\template\base.py", line 163, in _render
    return self.nodelist.render(context)
  File "C:\Python372\mecheck\lib\site-packages\django\template\base.py", line 937, in render
    bit = node.render_annotated(context)
  File "C:\Python372\mecheck\lib\site-packages\django\template\base.py", line 904, in render_annotated
    return self.render(context)
  File "C:\Python372\mecheck\lib\site-packages\django\template\loader_tags.py", line 150, in render
    return compiled_parent._render(context)
  File "C:\Python372\mecheck\lib\site-packages\django\template\base.py", line 163, in _render
    return self.nodelist.render(context)
  File "C:\Python372\mecheck\lib\site-packages\django\template\base.py", line 937, in render
    bit = node.render_annotated(context)
  File "C:\Python372\mecheck\lib\site-packages\django\template\base.py", line 904, in render_annotated
    return self.render(context)
  File "C:\Python372\mecheck\lib\site-packages\django\template\loader_tags.py", line 62, in render
    result = block.nodelist.render(context)
  File "C:\Python372\mecheck\lib\site-packages\django\template\base.py", line 937, in render
    bit = node.render_annotated(context)
  File "C:\Python372\mecheck\lib\site-packages\django\template\base.py", line 904, in render_annotated
    return self.render(context)
  File "C:\Python372\mecheck\lib\site-packages\django\template\loader_tags.py", line 62, in render
    result = block.nodelist.render(context)
  File "C:\Python372\mecheck\lib\site-packages\django\template\base.py", line 937, in render
    bit = node.render_annotated(context)
  File "C:\Python372\mecheck\lib\site-packages\django\template\base.py", line 904, in render_annotated
    return self.render(context)
  File "C:\Python372\mecheck\lib\site-packages\django\contrib\admin\templatetags\base.py", line 33, in render
    return super().render(context)
  File "C:\Python372\mecheck\lib\site-packages\django\template\library.py", line 214, in render
    _dict = self.func(*resolved_args, **resolved_kwargs)
  File "C:\Python372\mecheck\lib\site-packages\django\contrib\admin\templatetags\admin_list.py", line 341, in result_list
    'results': list(results(cl))}
  File "C:\Python372\mecheck\lib\site-packages\django\contrib\admin\templatetags\admin_list.py", line 318, in results
    yield ResultList(None, items_for_result(cl, res, None))
  File "C:\Python372\mecheck\lib\site-packages\django\contrib\admin\templatetags\admin_list.py", line 309, in __init__
    super().__init__(*items)
  File "C:\Python372\mecheck\lib\site-packages\django\contrib\admin\templatetags\admin_list.py", line 228, in items_for_result
    f, attr, value = lookup_field(field_name, result, cl.model_admin)
  File "C:\Python372\mecheck\lib\site-packages\django\contrib\admin\utils.py", line 287, in lookup_field
    value = attr(obj)
  File "C:\djangoproject\Reliability_Row_data\app01\admin.py", line 955, in show_users
    for user in obj.userInfo_set.all():
AttributeError: 'Role' object has no attribute 'userInfo_set'
[2023-06-15 10:49:57,636] [basehttp.py:154] [basehttp:log_message] [ERROR]- "GET /admin/app01/role/ HTTP/1.1" 500 386734
[2023-06-15 10:49:57,746] [basehttp.py:154] [basehttp:log_message] [INFO]- "GET /favicon.ico HTTP/1.1" 200 22870
[2023-06-15 10:50:41,922] [basehttp.py:154] [basehttp:log_message] [INFO]- "GET /admin/ HTTP/1.1" 200 42147
[2023-06-15 10:50:44,884] [basehttp.py:154] [basehttp:log_message] [INFO]- "GET /admin/app01/role/ HTTP/1.1" 200 50671
[2023-06-15 10:50:44,921] [basehttp.py:154] [basehttp:log_message] [INFO]- "GET /admin/jsi18n/ HTTP/1.1" 200 7684
[2023-06-15 10:50:45,081] [basehttp.py:154] [basehttp:log_message] [INFO]- "GET /favicon.ico HTTP/1.1" 200 22870
[2023-06-15 10:51:17,013] [basehttp.py:154] [basehttp:log_message] [INFO]- "GET /admin/ HTTP/1.1" 200 42147
[2023-06-15 10:51:17,268] [log.py:228] [log:log_response] [ERROR]- Internal Server Error: /admin/app01/role/
Traceback (most recent call last):
  File "C:\Python372\mecheck\lib\site-packages\django\db\models\options.py", line 564, in get_field
    return self.fields_map[field_name]
KeyError: 'show_pers'

During handling of the above exception, another exception occurred:

Traceback (most recent call last):
  File "C:\Python372\mecheck\lib\site-packages\django\contrib\admin\utils.py", line 278, in lookup_field
    f = _get_non_gfk_field(opts, name)
  File "C:\Python372\mecheck\lib\site-packages\django\contrib\admin\utils.py", line 309, in _get_non_gfk_field
    field = opts.get_field(name)
  File "C:\Python372\mecheck\lib\site-packages\django\db\models\options.py", line 566, in get_field
    raise FieldDoesNotExist("%s has no field named '%s'" % (self.object_name, field_name))
django.core.exceptions.FieldDoesNotExist: Role has no field named 'show_pers'

During handling of the above exception, another exception occurred:

Traceback (most recent call last):
  File "C:\Python372\mecheck\lib\site-packages\django\core\handlers\exception.py", line 34, in inner
    response = get_response(request)
  File "C:\Python372\mecheck\lib\site-packages\django\core\handlers\base.py", line 156, in _get_response
    response = self.process_exception_by_middleware(e, request)
  File "C:\Python372\mecheck\lib\site-packages\django\core\handlers\base.py", line 154, in _get_response
    response = response.render()
  File "C:\Python372\mecheck\lib\site-packages\django\template\response.py", line 106, in render
    self.content = self.rendered_content
  File "C:\Python372\mecheck\lib\site-packages\django\template\response.py", line 83, in rendered_content
    content = template.render(context, self._request)
  File "C:\Python372\mecheck\lib\site-packages\django\template\backends\django.py", line 61, in render
    return self.template.render(context)
  File "C:\Python372\mecheck\lib\site-packages\django\template\base.py", line 171, in render
    return self._render(context)
  File "C:\Python372\mecheck\lib\site-packages\django\template\base.py", line 163, in _render
    return self.nodelist.render(context)
  File "C:\Python372\mecheck\lib\site-packages\django\template\base.py", line 937, in render
    bit = node.render_annotated(context)
  File "C:\Python372\mecheck\lib\site-packages\django\template\base.py", line 904, in render_annotated
    return self.render(context)
  File "C:\Python372\mecheck\lib\site-packages\django\template\loader_tags.py", line 150, in render
    return compiled_parent._render(context)
  File "C:\Python372\mecheck\lib\site-packages\django\template\base.py", line 163, in _render
    return self.nodelist.render(context)
  File "C:\Python372\mecheck\lib\site-packages\django\template\base.py", line 937, in render
    bit = node.render_annotated(context)
  File "C:\Python372\mecheck\lib\site-packages\django\template\base.py", line 904, in render_annotated
    return self.render(context)
  File "C:\Python372\mecheck\lib\site-packages\django\template\loader_tags.py", line 150, in render
    return compiled_parent._render(context)
  File "C:\Python372\mecheck\lib\site-packages\django\template\base.py", line 163, in _render
    return self.nodelist.render(context)
  File "C:\Python372\mecheck\lib\site-packages\django\template\base.py", line 937, in render
    bit = node.render_annotated(context)
  File "C:\Python372\mecheck\lib\site-packages\django\template\base.py", line 904, in render_annotated
    return self.render(context)
  File "C:\Python372\mecheck\lib\site-packages\django\template\loader_tags.py", line 62, in render
    result = block.nodelist.render(context)
  File "C:\Python372\mecheck\lib\site-packages\django\template\base.py", line 937, in render
    bit = node.render_annotated(context)
  File "C:\Python372\mecheck\lib\site-packages\django\template\base.py", line 904, in render_annotated
    return self.render(context)
  File "C:\Python372\mecheck\lib\site-packages\django\template\loader_tags.py", line 62, in render
    result = block.nodelist.render(context)
  File "C:\Python372\mecheck\lib\site-packages\django\template\base.py", line 937, in render
    bit = node.render_annotated(context)
  File "C:\Python372\mecheck\lib\site-packages\django\template\base.py", line 904, in render_annotated
    return self.render(context)
  File "C:\Python372\mecheck\lib\site-packages\django\contrib\admin\templatetags\base.py", line 33, in render
    return super().render(context)
  File "C:\Python372\mecheck\lib\site-packages\django\template\library.py", line 214, in render
    _dict = self.func(*resolved_args, **resolved_kwargs)
  File "C:\Python372\mecheck\lib\site-packages\django\contrib\admin\templatetags\admin_list.py", line 341, in result_list
    'results': list(results(cl))}
  File "C:\Python372\mecheck\lib\site-packages\django\contrib\admin\templatetags\admin_list.py", line 318, in results
    yield ResultList(None, items_for_result(cl, res, None))
  File "C:\Python372\mecheck\lib\site-packages\django\contrib\admin\templatetags\admin_list.py", line 309, in __init__
    super().__init__(*items)
  File "C:\Python372\mecheck\lib\site-packages\django\contrib\admin\templatetags\admin_list.py", line 228, in items_for_result
    f, attr, value = lookup_field(field_name, result, cl.model_admin)
  File "C:\Python372\mecheck\lib\site-packages\django\contrib\admin\utils.py", line 287, in lookup_field
    value = attr(obj)
  File "C:\djangoproject\Reliability_Row_data\app01\admin.py", line 964, in show_pers
    per_list.append(perm.name)
AttributeError: 'Permission' object has no attribute 'name'
[2023-06-15 10:51:17,282] [basehttp.py:154] [basehttp:log_message] [ERROR]- "GET /admin/app01/role/ HTTP/1.1" 500 386825
[2023-06-15 10:51:17,408] [basehttp.py:154] [basehttp:log_message] [INFO]- "GET /favicon.ico HTTP/1.1" 200 22870
[2023-06-15 10:51:49,213] [basehttp.py:154] [basehttp:log_message] [INFO]- "GET /admin/ HTTP/1.1" 200 42147
[2023-06-15 10:51:49,424] [log.py:228] [log:log_response] [ERROR]- Internal Server Error: /admin/app01/role/
Traceback (most recent call last):
  File "C:\Python372\mecheck\lib\site-packages\django\db\models\options.py", line 564, in get_field
    return self.fields_map[field_name]
KeyError: 'show_pers'

During handling of the above exception, another exception occurred:

Traceback (most recent call last):
  File "C:\Python372\mecheck\lib\site-packages\django\contrib\admin\utils.py", line 278, in lookup_field
    f = _get_non_gfk_field(opts, name)
  File "C:\Python372\mecheck\lib\site-packages\django\contrib\admin\utils.py", line 309, in _get_non_gfk_field
    field = opts.get_field(name)
  File "C:\Python372\mecheck\lib\site-packages\django\db\models\options.py", line 566, in get_field
    raise FieldDoesNotExist("%s has no field named '%s'" % (self.object_name, field_name))
django.core.exceptions.FieldDoesNotExist: Role has no field named 'show_pers'

During handling of the above exception, another exception occurred:

Traceback (most recent call last):
  File "C:\Python372\mecheck\lib\site-packages\django\core\handlers\exception.py", line 34, in inner
    response = get_response(request)
  File "C:\Python372\mecheck\lib\site-packages\django\core\handlers\base.py", line 156, in _get_response
    response = self.process_exception_by_middleware(e, request)
  File "C:\Python372\mecheck\lib\site-packages\django\core\handlers\base.py", line 154, in _get_response
    response = response.render()
  File "C:\Python372\mecheck\lib\site-packages\django\template\response.py", line 106, in render
    self.content = self.rendered_content
  File "C:\Python372\mecheck\lib\site-packages\django\template\response.py", line 83, in rendered_content
    content = template.render(context, self._request)
  File "C:\Python372\mecheck\lib\site-packages\django\template\backends\django.py", line 61, in render
    return self.template.render(context)
  File "C:\Python372\mecheck\lib\site-packages\django\template\base.py", line 171, in render
    return self._render(context)
  File "C:\Python372\mecheck\lib\site-packages\django\template\base.py", line 163, in _render
    return self.nodelist.render(context)
  File "C:\Python372\mecheck\lib\site-packages\django\template\base.py", line 937, in render
    bit = node.render_annotated(context)
  File "C:\Python372\mecheck\lib\site-packages\django\template\base.py", line 904, in render_annotated
    return self.render(context)
  File "C:\Python372\mecheck\lib\site-packages\django\template\loader_tags.py", line 150, in render
    return compiled_parent._render(context)
  File "C:\Python372\mecheck\lib\site-packages\django\template\base.py", line 163, in _render
    return self.nodelist.render(context)
  File "C:\Python372\mecheck\lib\site-packages\django\template\base.py", line 937, in render
    bit = node.render_annotated(context)
  File "C:\Python372\mecheck\lib\site-packages\django\template\base.py", line 904, in render_annotated
    return self.render(context)
  File "C:\Python372\mecheck\lib\site-packages\django\template\loader_tags.py", line 150, in render
    return compiled_parent._render(context)
  File "C:\Python372\mecheck\lib\site-packages\django\template\base.py", line 163, in _render
    return self.nodelist.render(context)
  File "C:\Python372\mecheck\lib\site-packages\django\template\base.py", line 937, in render
    bit = node.render_annotated(context)
  File "C:\Python372\mecheck\lib\site-packages\django\template\base.py", line 904, in render_annotated
    return self.render(context)
  File "C:\Python372\mecheck\lib\site-packages\django\template\loader_tags.py", line 62, in render
    result = block.nodelist.render(context)
  File "C:\Python372\mecheck\lib\site-packages\django\template\base.py", line 937, in render
    bit = node.render_annotated(context)
  File "C:\Python372\mecheck\lib\site-packages\django\template\base.py", line 904, in render_annotated
    return self.render(context)
  File "C:\Python372\mecheck\lib\site-packages\django\template\loader_tags.py", line 62, in render
    result = block.nodelist.render(context)
  File "C:\Python372\mecheck\lib\site-packages\django\template\base.py", line 937, in render
    bit = node.render_annotated(context)
  File "C:\Python372\mecheck\lib\site-packages\django\template\base.py", line 904, in render_annotated
    return self.render(context)
  File "C:\Python372\mecheck\lib\site-packages\django\contrib\admin\templatetags\base.py", line 33, in render
    return super().render(context)
  File "C:\Python372\mecheck\lib\site-packages\django\template\library.py", line 214, in render
    _dict = self.func(*resolved_args, **resolved_kwargs)
  File "C:\Python372\mecheck\lib\site-packages\django\contrib\admin\templatetags\admin_list.py", line 341, in result_list
    'results': list(results(cl))}
  File "C:\Python372\mecheck\lib\site-packages\django\contrib\admin\templatetags\admin_list.py", line 318, in results
    yield ResultList(None, items_for_result(cl, res, None))
  File "C:\Python372\mecheck\lib\site-packages\django\contrib\admin\templatetags\admin_list.py", line 309, in __init__
    super().__init__(*items)
  File "C:\Python372\mecheck\lib\site-packages\django\contrib\admin\templatetags\admin_list.py", line 228, in items_for_result
    f, attr, value = lookup_field(field_name, result, cl.model_admin)
  File "C:\Python372\mecheck\lib\site-packages\django\contrib\admin\utils.py", line 287, in lookup_field
    value = attr(obj)
  File "C:\djangoproject\Reliability_Row_data\app01\admin.py", line 964, in show_pers
    per_list.append(perm.perms)
AttributeError: 'Permission' object has no attribute 'perms'
[2023-06-15 10:51:49,442] [basehttp.py:154] [basehttp:log_message] [ERROR]- "GET /admin/app01/role/ HTTP/1.1" 500 386833
[2023-06-15 10:51:49,537] [basehttp.py:154] [basehttp:log_message] [INFO]- "GET /favicon.ico HTTP/1.1" 200 22870
[2023-06-15 10:54:04,752] [basehttp.py:154] [basehttp:log_message] [INFO]- "GET /admin/ HTTP/1.1" 200 42147
[2023-06-15 10:54:05,784] [basehttp.py:154] [basehttp:log_message] [INFO]- "GET /admin/app01/role/ HTTP/1.1" 200 56910
[2023-06-15 10:54:05,834] [basehttp.py:154] [basehttp:log_message] [INFO]- "GET /admin/jsi18n/ HTTP/1.1" 200 7684
[2023-06-15 10:54:06,002] [basehttp.py:154] [basehttp:log_message] [INFO]- "GET /favicon.ico HTTP/1.1" 200 22870
[2023-06-15 10:54:54,851] [basehttp.py:154] [basehttp:log_message] [INFO]- "GET /admin/ HTTP/1.1" 200 42147
[2023-06-15 10:54:55,111] [log.py:228] [log:log_response] [ERROR]- Internal Server Error: /admin/app01/role/
Traceback (most recent call last):
  File "C:\Python372\mecheck\lib\site-packages\django\db\models\options.py", line 564, in get_field
    return self.fields_map[field_name]
KeyError: 'show_pers'

During handling of the above exception, another exception occurred:

Traceback (most recent call last):
  File "C:\Python372\mecheck\lib\site-packages\django\contrib\admin\utils.py", line 278, in lookup_field
    f = _get_non_gfk_field(opts, name)
  File "C:\Python372\mecheck\lib\site-packages\django\contrib\admin\utils.py", line 309, in _get_non_gfk_field
    field = opts.get_field(name)
  File "C:\Python372\mecheck\lib\site-packages\django\db\models\options.py", line 566, in get_field
    raise FieldDoesNotExist("%s has no field named '%s'" % (self.object_name, field_name))
django.core.exceptions.FieldDoesNotExist: Role has no field named 'show_pers'

During handling of the above exception, another exception occurred:

Traceback (most recent call last):
  File "C:\Python372\mecheck\lib\site-packages\django\core\handlers\exception.py", line 34, in inner
    response = get_response(request)
  File "C:\Python372\mecheck\lib\site-packages\django\core\handlers\base.py", line 156, in _get_response
    response = self.process_exception_by_middleware(e, request)
  File "C:\Python372\mecheck\lib\site-packages\django\core\handlers\base.py", line 154, in _get_response
    response = response.render()
  File "C:\Python372\mecheck\lib\site-packages\django\template\response.py", line 106, in render
    self.content = self.rendered_content
  File "C:\Python372\mecheck\lib\site-packages\django\template\response.py", line 83, in rendered_content
    content = template.render(context, self._request)
  File "C:\Python372\mecheck\lib\site-packages\django\template\backends\django.py", line 61, in render
    return self.template.render(context)
  File "C:\Python372\mecheck\lib\site-packages\django\template\base.py", line 171, in render
    return self._render(context)
  File "C:\Python372\mecheck\lib\site-packages\django\template\base.py", line 163, in _render
    return self.nodelist.render(context)
  File "C:\Python372\mecheck\lib\site-packages\django\template\base.py", line 937, in render
    bit = node.render_annotated(context)
  File "C:\Python372\mecheck\lib\site-packages\django\template\base.py", line 904, in render_annotated
    return self.render(context)
  File "C:\Python372\mecheck\lib\site-packages\django\template\loader_tags.py", line 150, in render
    return compiled_parent._render(context)
  File "C:\Python372\mecheck\lib\site-packages\django\template\base.py", line 163, in _render
    return self.nodelist.render(context)
  File "C:\Python372\mecheck\lib\site-packages\django\template\base.py", line 937, in render
    bit = node.render_annotated(context)
  File "C:\Python372\mecheck\lib\site-packages\django\template\base.py", line 904, in render_annotated
    return self.render(context)
  File "C:\Python372\mecheck\lib\site-packages\django\template\loader_tags.py", line 150, in render
    return compiled_parent._render(context)
  File "C:\Python372\mecheck\lib\site-packages\django\template\base.py", line 163, in _render
    return self.nodelist.render(context)
  File "C:\Python372\mecheck\lib\site-packages\django\template\base.py", line 937, in render
    bit = node.render_annotated(context)
  File "C:\Python372\mecheck\lib\site-packages\django\template\base.py", line 904, in render_annotated
    return self.render(context)
  File "C:\Python372\mecheck\lib\site-packages\django\template\loader_tags.py", line 62, in render
    result = block.nodelist.render(context)
  File "C:\Python372\mecheck\lib\site-packages\django\template\base.py", line 937, in render
    bit = node.render_annotated(context)
  File "C:\Python372\mecheck\lib\site-packages\django\template\base.py", line 904, in render_annotated
    return self.render(context)
  File "C:\Python372\mecheck\lib\site-packages\django\template\loader_tags.py", line 62, in render
    result = block.nodelist.render(context)
  File "C:\Python372\mecheck\lib\site-packages\django\template\base.py", line 937, in render
    bit = node.render_annotated(context)
  File "C:\Python372\mecheck\lib\site-packages\django\template\base.py", line 904, in render_annotated
    return self.render(context)
  File "C:\Python372\mecheck\lib\site-packages\django\contrib\admin\templatetags\base.py", line 33, in render
    return super().render(context)
  File "C:\Python372\mecheck\lib\site-packages\django\template\library.py", line 214, in render
    _dict = self.func(*resolved_args, **resolved_kwargs)
  File "C:\Python372\mecheck\lib\site-packages\django\contrib\admin\templatetags\admin_list.py", line 341, in result_list
    'results': list(results(cl))}
  File "C:\Python372\mecheck\lib\site-packages\django\contrib\admin\templatetags\admin_list.py", line 318, in results
    yield ResultList(None, items_for_result(cl, res, None))
  File "C:\Python372\mecheck\lib\site-packages\django\contrib\admin\templatetags\admin_list.py", line 309, in __init__
    super().__init__(*items)
  File "C:\Python372\mecheck\lib\site-packages\django\contrib\admin\templatetags\admin_list.py", line 228, in items_for_result
    f, attr, value = lookup_field(field_name, result, cl.model_admin)
  File "C:\Python372\mecheck\lib\site-packages\django\contrib\admin\utils.py", line 287, in lookup_field
    value = attr(obj)
  File "C:\djangoproject\Reliability_Row_data\app01\admin.py", line 965, in show_pers
    return 'ï¼Œ '.join(per_list)
TypeError: sequence item 0: expected str instance, Menu found
[2023-06-15 10:54:55,117] [basehttp.py:154] [basehttp:log_message] [ERROR]- "GET /admin/app01/role/ HTTP/1.1" 500 387818
[2023-06-15 10:54:55,230] [basehttp.py:154] [basehttp:log_message] [INFO]- "GET /favicon.ico HTTP/1.1" 200 22870
[2023-06-15 10:55:26,774] [basehttp.py:154] [basehttp:log_message] [INFO]- "GET /admin/ HTTP/1.1" 200 42147
[2023-06-15 10:55:27,152] [log.py:228] [log:log_response] [ERROR]- Internal Server Error: /admin/app01/role/
Traceback (most recent call last):
  File "C:\Python372\mecheck\lib\site-packages\django\db\models\options.py", line 564, in get_field
    return self.fields_map[field_name]
KeyError: 'show_pers'

During handling of the above exception, another exception occurred:

Traceback (most recent call last):
  File "C:\Python372\mecheck\lib\site-packages\django\contrib\admin\utils.py", line 278, in lookup_field
    f = _get_non_gfk_field(opts, name)
  File "C:\Python372\mecheck\lib\site-packages\django\contrib\admin\utils.py", line 309, in _get_non_gfk_field
    field = opts.get_field(name)
  File "C:\Python372\mecheck\lib\site-packages\django\db\models\options.py", line 566, in get_field
    raise FieldDoesNotExist("%s has no field named '%s'" % (self.object_name, field_name))
django.core.exceptions.FieldDoesNotExist: Role has no field named 'show_pers'

During handling of the above exception, another exception occurred:

Traceback (most recent call last):
  File "C:\Python372\mecheck\lib\site-packages\django\core\handlers\exception.py", line 34, in inner
    response = get_response(request)
  File "C:\Python372\mecheck\lib\site-packages\django\core\handlers\base.py", line 156, in _get_response
    response = self.process_exception_by_middleware(e, request)
  File "C:\Python372\mecheck\lib\site-packages\django\core\handlers\base.py", line 154, in _get_response
    response = response.render()
  File "C:\Python372\mecheck\lib\site-packages\django\template\response.py", line 106, in render
    self.content = self.rendered_content
  File "C:\Python372\mecheck\lib\site-packages\django\template\response.py", line 83, in rendered_content
    content = template.render(context, self._request)
  File "C:\Python372\mecheck\lib\site-packages\django\template\backends\django.py", line 61, in render
    return self.template.render(context)
  File "C:\Python372\mecheck\lib\site-packages\django\template\base.py", line 171, in render
    return self._render(context)
  File "C:\Python372\mecheck\lib\site-packages\django\template\base.py", line 163, in _render
    return self.nodelist.render(context)
  File "C:\Python372\mecheck\lib\site-packages\django\template\base.py", line 937, in render
    bit = node.render_annotated(context)
  File "C:\Python372\mecheck\lib\site-packages\django\template\base.py", line 904, in render_annotated
    return self.render(context)
  File "C:\Python372\mecheck\lib\site-packages\django\template\loader_tags.py", line 150, in render
    return compiled_parent._render(context)
  File "C:\Python372\mecheck\lib\site-packages\django\template\base.py", line 163, in _render
    return self.nodelist.render(context)
  File "C:\Python372\mecheck\lib\site-packages\django\template\base.py", line 937, in render
    bit = node.render_annotated(context)
  File "C:\Python372\mecheck\lib\site-packages\django\template\base.py", line 904, in render_annotated
    return self.render(context)
  File "C:\Python372\mecheck\lib\site-packages\django\template\loader_tags.py", line 150, in render
    return compiled_parent._render(context)
  File "C:\Python372\mecheck\lib\site-packages\django\template\base.py", line 163, in _render
    return self.nodelist.render(context)
  File "C:\Python372\mecheck\lib\site-packages\django\template\base.py", line 937, in render
    bit = node.render_annotated(context)
  File "C:\Python372\mecheck\lib\site-packages\django\template\base.py", line 904, in render_annotated
    return self.render(context)
  File "C:\Python372\mecheck\lib\site-packages\django\template\loader_tags.py", line 62, in render
    result = block.nodelist.render(context)
  File "C:\Python372\mecheck\lib\site-packages\django\template\base.py", line 937, in render
    bit = node.render_annotated(context)
  File "C:\Python372\mecheck\lib\site-packages\django\template\base.py", line 904, in render_annotated
    return self.render(context)
  File "C:\Python372\mecheck\lib\site-packages\django\template\loader_tags.py", line 62, in render
    result = block.nodelist.render(context)
  File "C:\Python372\mecheck\lib\site-packages\django\template\base.py", line 937, in render
    bit = node.render_annotated(context)
  File "C:\Python372\mecheck\lib\site-packages\django\template\base.py", line 904, in render_annotated
    return self.render(context)
  File "C:\Python372\mecheck\lib\site-packages\django\contrib\admin\templatetags\base.py", line 33, in render
    return super().render(context)
  File "C:\Python372\mecheck\lib\site-packages\django\template\library.py", line 214, in render
    _dict = self.func(*resolved_args, **resolved_kwargs)
  File "C:\Python372\mecheck\lib\site-packages\django\contrib\admin\templatetags\admin_list.py", line 341, in result_list
    'results': list(results(cl))}
  File "C:\Python372\mecheck\lib\site-packages\django\contrib\admin\templatetags\admin_list.py", line 318, in results
    yield ResultList(None, items_for_result(cl, res, None))
  File "C:\Python372\mecheck\lib\site-packages\django\contrib\admin\templatetags\admin_list.py", line 309, in __init__
    super().__init__(*items)
  File "C:\Python372\mecheck\lib\site-packages\django\contrib\admin\templatetags\admin_list.py", line 228, in items_for_result
    f, attr, value = lookup_field(field_name, result, cl.model_admin)
  File "C:\Python372\mecheck\lib\site-packages\django\contrib\admin\utils.py", line 287, in lookup_field
    value = attr(obj)
  File "C:\djangoproject\Reliability_Row_data\app01\admin.py", line 964, in show_pers
    per_list.append(perm.menu.title)
AttributeError: 'NoneType' object has no attribute 'title'
[2023-06-15 10:55:27,161] [basehttp.py:154] [basehttp:log_message] [ERROR]- "GET /admin/app01/role/ HTTP/1.1" 500 386765
[2023-06-15 10:55:27,312] [basehttp.py:154] [basehttp:log_message] [INFO]- "GET /favicon.ico HTTP/1.1" 200 22870
[2023-06-15 10:57:26,872] [basehttp.py:154] [basehttp:log_message] [INFO]- "GET /admin/ HTTP/1.1" 200 42147
[2023-06-15 10:57:27,451] [basehttp.py:154] [basehttp:log_message] [INFO]- "GET /admin/app01/role/ HTTP/1.1" 200 52565
[2023-06-15 10:57:27,503] [basehttp.py:154] [basehttp:log_message] [INFO]- "GET /admin/jsi18n/ HTTP/1.1" 200 7684
[2023-06-15 10:57:27,635] [basehttp.py:154] [basehttp:log_message] [INFO]- "GET /favicon.ico HTTP/1.1" 200 22870
[2023-06-15 10:57:59,100] [basehttp.py:154] [basehttp:log_message] [INFO]- "GET /admin/ HTTP/1.1" 200 42147
[2023-06-15 10:57:59,676] [basehttp.py:154] [basehttp:log_message] [INFO]- "GET /admin/app01/role/ HTTP/1.1" 200 52565
[2023-06-15 10:57:59,769] [basehttp.py:154] [basehttp:log_message] [INFO]- "GET /admin/jsi18n/ HTTP/1.1" 200 7684
[2023-06-15 10:58:00,323] [basehttp.py:154] [basehttp:log_message] [INFO]- "GET /favicon.ico HTTP/1.1" 200 22870
[2023-06-15 10:58:35,731] [basehttp.py:154] [basehttp:log_message] [INFO]- "GET /admin/ HTTP/1.1" 200 42147
[2023-06-15 10:58:36,334] [basehttp.py:154] [basehttp:log_message] [INFO]- "GET /admin/app01/role/ HTTP/1.1" 200 52565
[2023-06-15 10:58:38,300] [basehttp.py:154] [basehttp:log_message] [INFO]- "GET /admin/jsi18n/ HTTP/1.1" 200 7684
[2023-06-15 10:58:38,414] [basehttp.py:154] [basehttp:log_message] [INFO]- "GET /favicon.ico HTTP/1.1" 200 22870
[2023-06-15 10:59:37,078] [basehttp.py:154] [basehttp:log_message] [INFO]- "GET /admin/ HTTP/1.1" 200 42147
[2023-06-15 10:59:38,016] [basehttp.py:154] [basehttp:log_message] [INFO]- "GET /admin/app01/role/ HTTP/1.1" 200 56910
[2023-06-15 10:59:38,057] [basehttp.py:154] [basehttp:log_message] [INFO]- "GET /admin/jsi18n/ HTTP/1.1" 200 7684
[2023-06-15 10:59:38,544] [basehttp.py:154] [basehttp:log_message] [INFO]- "GET /favicon.ico HTTP/1.1" 200 22870
[2023-06-15 11:04:09,179] [basehttp.py:154] [basehttp:log_message] [INFO]- "GET / HTTP/1.1" 200 22870
[2023-06-15 11:04:09,366] [basehttp.py:154] [basehttp:log_message] [INFO]- "GET /favicon.ico HTTP/1.1" 200 22870
[2023-06-15 11:04:12,876] [basehttp.py:154] [basehttp:log_message] [INFO]- "GET /PersonalInfo/PublicArea/ HTTP/1.1" 200 47499
[2023-06-15 11:04:13,191] [basehttp.py:154] [basehttp:log_message] [INFO]- "GET /favicon.ico HTTP/1.1" 200 22870
[2023-06-15 11:04:13,200] [UserIP.py:90] [UserIP:process_response] [INFO]- 2023-06-15 11:04:13 C1010S3>Edwin None>LAPTOP-EJP4HNEV>543 127.0.0.1 127.0.0.1 /PersonalInfo/PublicArea/ POST
[2023-06-15 11:04:13,214] [basehttp.py:154] [basehttp:log_message] [INFO]- "POST /PersonalInfo/PublicArea/ HTTP/1.1" 200 10612
[2023-06-15 11:53:51,902] [basehttp.py:154] [basehttp:log_message] [INFO]- "GET /MQM/MQM_edit/ HTTP/1.1" 200 75756
[2023-06-15 11:53:51,920] [basehttp.py:154] [basehttp:log_message] [INFO]- "GET /static/images/spec.png HTTP/1.1" 304 0
[2023-06-15 11:53:52,467] [UserIP.py:90] [UserIP:process_response] [INFO]- 2023-06-15 11:53:52 C1010S3>Edwin None>LAPTOP-EJP4HNEV>543 127.0.0.1 127.0.0.1 /MQM/MQM_edit/ POST
[2023-06-15 11:53:52,469] [basehttp.py:154] [basehttp:log_message] [INFO]- "GET /favicon.ico HTTP/1.1" 200 22870
[2023-06-15 11:53:52,488] [basehttp.py:154] [basehttp:log_message] [INFO]- "POST /MQM/MQM_edit/ HTTP/1.1" 200 2560
[2023-06-15 11:53:56,907] [UserIP.py:90] [UserIP:process_response] [INFO]- 2023-06-15 11:53:56 C1010S3>Edwin None>LAPTOP-EJP4HNEV>543 127.0.0.1 127.0.0.1 /MQM/MQM_edit/ POST
[2023-06-15 11:53:56,951] [basehttp.py:154] [basehttp:log_message] [INFO]- "POST /MQM/MQM_edit/ HTTP/1.1" 200 5179216
[2023-06-15 11:56:18,554] [basehttp.py:154] [basehttp:log_message] [INFO]- "GET /CDM/CDM-edit/ HTTP/1.1" 200 49827
[2023-06-15 11:56:18,566] [basehttp.py:154] [basehttp:log_message] [INFO]- "GET /static/css/bouncing_edit.css HTTP/1.1" 304 0
[2023-06-15 11:56:18,566] [basehttp.py:154] [basehttp:log_message] [INFO]- "GET /static/css/bouncing.css HTTP/1.1" 304 0
[2023-06-15 11:56:18,567] [basehttp.py:154] [basehttp:log_message] [INFO]- "GET /static/css/lib/data-table/dataTables.bootstrap.min.css HTTP/1.1" 304 0
[2023-06-15 11:56:18,581] [basehttp.py:154] [basehttp:log_message] [INFO]- "GET /static/js/lib/data-table/dataTables.buttons.min.js HTTP/1.1" 200 16071
[2023-06-15 11:56:18,593] [basehttp.py:154] [basehttp:log_message] [INFO]- "GET /static/js/lib/data-table/buttons.flash.min.js HTTP/1.1" 200 25217
[2023-06-15 11:56:18,594] [basehttp.py:154] [basehttp:log_message] [INFO]- "GET /static/js/lib/data-table/jszip.min.js HTTP/1.1" 200 76998
[2023-06-15 11:56:18,595] [basehttp.py:154] [basehttp:log_message] [INFO]- "GET /static/js/lib/data-table/buttons.print.min.js HTTP/1.1" 200 1836
[2023-06-15 11:56:18,599] [basehttp.py:154] [basehttp:log_message] [INFO]- "GET /static/Magnific-Popup-master/dist/jquery.magnific-popup.min.js HTTP/1.1" 304 0
[2023-06-15 11:56:18,599] [basehttp.py:154] [basehttp:log_message] [INFO]- "GET /static/js/lib/data-table/buttons.html5.min.js HTTP/1.1" 200 23155
[2023-06-15 11:56:18,609] [basehttp.py:154] [basehttp:log_message] [INFO]- "GET /static/js/lib/data-table/pdfmake.min.js HTTP/1.1" 200 419960
[2023-06-15 11:56:18,632] [basehttp.py:154] [basehttp:log_message] [INFO]- "GET /static/src/CDM_Spec.jpg HTTP/1.1" 200 41115
[2023-06-15 11:56:18,633] [basehttp.py:154] [basehttp:log_message] [INFO]- "GET /static/src/CDM.jpg HTTP/1.1" 200 130310
[2023-06-15 11:56:18,659] [basehttp.py:154] [basehttp:log_message] [INFO]- "GET /static/js/lib/data-table/vfs_fonts.js HTTP/1.1" 200 567638
[2023-06-15 11:56:18,894] [basehttp.py:154] [basehttp:log_message] [INFO]- "GET /favicon.ico HTTP/1.1" 200 22870
[2023-06-15 11:56:19,061] [UserIP.py:90] [UserIP:process_response] [INFO]- 2023-06-15 11:56:19 C1010S3>Edwin None>LAPTOP-EJP4HNEV>543 127.0.0.1 127.0.0.1 /CDM/CDM-edit/ POST
[2023-06-15 11:56:19,083] [basehttp.py:154] [basehttp:log_message] [INFO]- "POST /CDM/CDM-edit/ HTTP/1.1" 200 47659
[2023-06-15 11:56:19,106] [basehttp.py:154] [basehttp:log_message] [INFO]- "GET /static/css/lib/images/sort_both.png HTTP/1.1" 200 2851
[2023-06-15 11:56:19,113] [basehttp.py:154] [basehttp:log_message] [INFO]- "GET /static/css/lib/images/sort_asc.png HTTP/1.1" 200 2028
[2023-06-15 11:56:47,970] [basehttp.py:154] [basehttp:log_message] [INFO]- "GET /Package/Package-edit/ HTTP/1.1" 200 60289
[2023-06-15 11:56:47,979] [basehttp.py:154] [basehttp:log_message] [INFO]- "GET /static/js/photo/css/lightbox.min.css HTTP/1.1" 304 0
[2023-06-15 11:56:47,980] [basehttp.py:154] [basehttp:log_message] [INFO]- "GET /static/Magnific-Popup-master/dist/magnific-popup.css HTTP/1.1" 304 0
[2023-06-15 11:56:47,990] [basehttp.py:154] [basehttp:log_message] [INFO]- "GET /static/js/ImgUpload.js HTTP/1.1" 304 0
[2023-06-15 11:56:47,991] [basehttp.py:154] [basehttp:log_message] [INFO]- "GET /static/js/photo/js/lightbox.js HTTP/1.1" 200 20871
[2023-06-15 11:56:48,075] [basehttp.py:154] [basehttp:log_message] [INFO]- "GET /static/js/photo/images/next.png HTTP/1.1" 200 1350
[2023-06-15 11:56:48,076] [basehttp.py:154] [basehttp:log_message] [INFO]- "GET /static/js/photo/images/loading.gif HTTP/1.1" 200 8476
[2023-06-15 11:56:48,076] [basehttp.py:154] [basehttp:log_message] [INFO]- "GET /static/js/photo/images/prev.png HTTP/1.1" 200 1360
[2023-06-15 11:56:48,077] [basehttp.py:154] [basehttp:log_message] [INFO]- "GET /static/js/photo/images/close.png HTTP/1.1" 200 280
[2023-06-15 11:56:48,180] [basehttp.py:154] [basehttp:log_message] [INFO]- "GET /favicon.ico HTTP/1.1" 200 22870
[2023-06-15 11:56:48,512] [UserIP.py:90] [UserIP:process_response] [INFO]- 2023-06-15 11:56:48 C1010S3>Edwin None>LAPTOP-EJP4HNEV>543 127.0.0.1 127.0.0.1 /Package/Package-edit/ POST
[2023-06-15 11:56:48,531] [basehttp.py:154] [basehttp:log_message] [INFO]- "POST /Package/Package-edit/ HTTP/1.1" 200 51076
[2023-06-15 11:57:02,129] [basehttp.py:154] [basehttp:log_message] [INFO]- "GET /Lesson_edit/ HTTP/1.1" 200 40579
[2023-06-15 11:57:02,140] [basehttp.py:154] [basehttp:log_message] [INFO]- "GET /static/css/ElementUI.css HTTP/1.1" 304 0
[2023-06-15 11:57:02,332] [basehttp.py:154] [basehttp:log_message] [INFO]- "GET /static/css/fonts/element-icons.ttf HTTP/1.1" 304 0
[2023-06-15 11:57:02,336] [UserIP.py:90] [UserIP:process_response] [INFO]- 2023-06-15 11:57:02 C1010S3>Edwin None>LAPTOP-EJP4HNEV>543 127.0.0.1 127.0.0.1 /Lesson_edit/ POST
[2023-06-15 11:57:02,364] [basehttp.py:154] [basehttp:log_message] [INFO]- "POST /Lesson_edit/ HTTP/1.1" 200 90
[2023-06-15 11:57:02,376] [basehttp.py:154] [basehttp:log_message] [INFO]- "GET /favicon.ico HTTP/1.1" 200 22870
[2023-06-15 11:57:18,583] [basehttp.py:154] [basehttp:log_message] [INFO]- "GET /DriverTool/DriverList_edit/ HTTP/1.1" 200 45774
[2023-06-15 11:57:18,810] [basehttp.py:154] [basehttp:log_message] [INFO]- "GET /favicon.ico HTTP/1.1" 200 22870
[2023-06-15 11:57:19,245] [UserIP.py:90] [UserIP:process_response] [INFO]- 2023-06-15 11:57:19 C1010S3>Edwin None>LAPTOP-EJP4HNEV>543 127.0.0.1 127.0.0.1 /DriverTool/DriverList_edit/ POST
[2023-06-15 11:57:19,265] [basehttp.py:154] [basehttp:log_message] [INFO]- "POST /DriverTool/DriverList_edit/ HTTP/1.1" 200 5439
[2023-06-15 11:57:27,173] [UserIP.py:90] [UserIP:process_response] [INFO]- 2023-06-15 11:57:27 C1010S3>Edwin None>LAPTOP-EJP4HNEV>543 127.0.0.1 127.0.0.1 /DriverTool/DriverList_edit/ POST
[2023-06-15 11:57:27,197] [basehttp.py:154] [basehttp:log_message] [INFO]- "POST /DriverTool/DriverList_edit/ HTTP/1.1" 200 5688
[2023-06-15 11:58:28,221] [UserIP.py:90] [UserIP:process_response] [INFO]- 2023-06-15 11:58:28 C1010S3>Edwin None>LAPTOP-EJP4HNEV>543 127.0.0.1 127.0.0.1 /DriverTool/DriverList_edit/ POST
[2023-06-15 11:58:28,228] [basehttp.py:154] [basehttp:log_message] [INFO]- "POST /DriverTool/DriverList_edit/ HTTP/1.1" 200 5688
[2023-06-15 14:38:45,782] [basehttp.py:154] [basehttp:log_message] [INFO]- "GET /DriverTool/DriverList_edit/ HTTP/1.1" 200 45774
[2023-06-15 14:38:46,132] [basehttp.py:154] [basehttp:log_message] [INFO]- "GET /favicon.ico HTTP/1.1" 200 22870
[2023-06-15 14:38:46,301] [UserIP.py:90] [UserIP:process_response] [INFO]- 2023-06-15 14:38:46 C1010S3>Edwin None>LAPTOP-EJP4HNEV>543 127.0.0.1 127.0.0.1 /DriverTool/DriverList_edit/ POST
[2023-06-15 14:38:46,312] [basehttp.py:154] [basehttp:log_message] [INFO]- "POST /DriverTool/DriverList_edit/ HTTP/1.1" 200 5439
[2023-06-15 14:38:57,419] [log.py:228] [log:log_response] [ERROR]- Internal Server Error: /DriverTool/DriverList_edit/
Traceback (most recent call last):
  File "C:\Python372\mecheck\lib\site-packages\django\core\handlers\exception.py", line 34, in inner
    response = get_response(request)
  File "C:\Python372\mecheck\lib\site-packages\django\core\handlers\base.py", line 126, in _get_response
    response = self.process_exception_by_middleware(e, request)
  File "C:\Python372\mecheck\lib\site-packages\django\core\handlers\base.py", line 124, in _get_response
    response = wrapped_callback(request, *callback_args, **callback_kwargs)
  File "C:\Python372\mecheck\lib\site-packages\django\views\decorators\csrf.py", line 54, in wrapped_view
    return view_func(*args, **kwargs)
  File "C:\djangoproject\Reliability_Row_data\DriverTool\views.py", line 253, in DriverList_edit
    read_excel()
TypeError: read_excel() missing 1 required positional argument: 'src_file'
[2023-06-15 14:38:57,427] [UserIP.py:90] [UserIP:process_response] [INFO]- 2023-06-15 14:38:57 C1010S3>Edwin None>LAPTOP-EJP4HNEV>543 127.0.0.1 127.0.0.1 /DriverTool/DriverList_edit/ POST
[2023-06-15 14:38:57,429] [basehttp.py:154] [basehttp:log_message] [ERROR]- "POST /DriverTool/DriverList_edit/ HTTP/1.1" 500 91823
[2023-06-15 14:39:12,672] [basehttp.py:154] [basehttp:log_message] [INFO]- "GET /DriverTool/DriverList_edit/ HTTP/1.1" 200 45774
[2023-06-15 14:39:13,950] [basehttp.py:154] [basehttp:log_message] [INFO]- "GET /favicon.ico HTTP/1.1" 200 22870
[2023-06-15 14:39:14,150] [UserIP.py:90] [UserIP:process_response] [INFO]- 2023-06-15 14:39:14 C1010S3>Edwin None>LAPTOP-EJP4HNEV>543 127.0.0.1 127.0.0.1 /DriverTool/DriverList_edit/ POST
[2023-06-15 14:39:14,160] [basehttp.py:154] [basehttp:log_message] [INFO]- "POST /DriverTool/DriverList_edit/ HTTP/1.1" 200 5439
[2023-06-15 14:39:40,935] [log.py:228] [log:log_response] [ERROR]- Internal Server Error: /DriverTool/DriverList_edit/
Traceback (most recent call last):
  File "C:\Python372\mecheck\lib\site-packages\django\core\handlers\exception.py", line 34, in inner
    response = get_response(request)
  File "C:\Python372\mecheck\lib\site-packages\django\core\handlers\base.py", line 126, in _get_response
    response = self.process_exception_by_middleware(e, request)
  File "C:\Python372\mecheck\lib\site-packages\django\core\handlers\base.py", line 124, in _get_response
    response = wrapped_callback(request, *callback_args, **callback_kwargs)
  File "C:\Python372\mecheck\lib\site-packages\django\views\decorators\csrf.py", line 54, in wrapped_view
    return view_func(*args, **kwargs)
  File "C:\djangoproject\Reliability_Row_data\DriverTool\views.py", line 253, in DriverList_edit
    read_excel(src_file)
  File "C:\djangoproject\Reliability_Row_data\DriverTool\views.py", line 165, in read_excel
    df = pd.read_excel(src_file, header=5, sheet_name=int(sheetnum)).iloc[:,
  File "C:\Python372\mecheck\lib\site-packages\pandas\util\_decorators.py", line 311, in wrapper
    return func(*args, **kwargs)
  File "C:\Python372\mecheck\lib\site-packages\pandas\io\excel\_base.py", line 395, in read_excel
    mangle_dupe_cols=mangle_dupe_cols,
  File "C:\Python372\mecheck\lib\site-packages\pandas\io\excel\_base.py", line 1292, in parse
    **kwds,
  File "C:\Python372\mecheck\lib\site-packages\pandas\io\excel\_base.py", line 537, in parse
    sheet = self.get_sheet_by_index(asheetname)
  File "C:\Python372\mecheck\lib\site-packages\pandas\io\excel\_openpyxl.py", line 546, in get_sheet_by_index
    self.raise_if_bad_sheet_by_index(index)
  File "C:\Python372\mecheck\lib\site-packages\pandas\io\excel\_base.py", line 469, in raise_if_bad_sheet_by_index
    f"Worksheet index {index} is invalid, {n_sheets} worksheets found"
ValueError: Worksheet index 2 is invalid, 2 worksheets found
[2023-06-15 14:39:40,940] [UserIP.py:90] [UserIP:process_response] [INFO]- 2023-06-15 14:39:40 C1010S3>Edwin None>LAPTOP-EJP4HNEV>543 127.0.0.1 127.0.0.1 /DriverTool/DriverList_edit/ POST
[2023-06-15 14:39:40,943] [basehttp.py:154] [basehttp:log_message] [ERROR]- "POST /DriverTool/DriverList_edit/ HTTP/1.1" 500 130687
[2023-06-15 14:40:17,974] [basehttp.py:154] [basehttp:log_message] [INFO]- "GET /DriverTool/DriverList_edit/ HTTP/1.1" 200 45774
[2023-06-15 14:40:18,243] [basehttp.py:154] [basehttp:log_message] [INFO]- "GET /favicon.ico HTTP/1.1" 200 22870
[2023-06-15 14:40:18,421] [UserIP.py:90] [UserIP:process_response] [INFO]- 2023-06-15 14:40:18 C1010S3>Edwin None>LAPTOP-EJP4HNEV>543 127.0.0.1 127.0.0.1 /DriverTool/DriverList_edit/ POST
[2023-06-15 14:40:18,434] [basehttp.py:154] [basehttp:log_message] [INFO]- "POST /DriverTool/DriverList_edit/ HTTP/1.1" 200 5439
[2023-06-15 14:40:24,611] [log.py:228] [log:log_response] [ERROR]- Internal Server Error: /DriverTool/DriverList_edit/
Traceback (most recent call last):
  File "C:\Python372\mecheck\lib\site-packages\django\core\handlers\exception.py", line 34, in inner
    response = get_response(request)
  File "C:\Python372\mecheck\lib\site-packages\django\core\handlers\base.py", line 126, in _get_response
    response = self.process_exception_by_middleware(e, request)
  File "C:\Python372\mecheck\lib\site-packages\django\core\handlers\base.py", line 124, in _get_response
    response = wrapped_callback(request, *callback_args, **callback_kwargs)
  File "C:\Python372\mecheck\lib\site-packages\django\views\decorators\csrf.py", line 54, in wrapped_view
    return view_func(*args, **kwargs)
  File "C:\djangoproject\Reliability_Row_data\DriverTool\views.py", line 253, in DriverList_edit
    read_excel(src_file)
  File "C:\djangoproject\Reliability_Row_data\DriverTool\views.py", line 165, in read_excel
    df = pd.read_excel(src_file, header=5, sheet_name=int(sheetnum)).iloc[:,
  File "C:\Python372\mecheck\lib\site-packages\pandas\util\_decorators.py", line 311, in wrapper
    return func(*args, **kwargs)
  File "C:\Python372\mecheck\lib\site-packages\pandas\io\excel\_base.py", line 395, in read_excel
    mangle_dupe_cols=mangle_dupe_cols,
  File "C:\Python372\mecheck\lib\site-packages\pandas\io\excel\_base.py", line 1292, in parse
    **kwds,
  File "C:\Python372\mecheck\lib\site-packages\pandas\io\excel\_base.py", line 537, in parse
    sheet = self.get_sheet_by_index(asheetname)
  File "C:\Python372\mecheck\lib\site-packages\pandas\io\excel\_openpyxl.py", line 546, in get_sheet_by_index
    self.raise_if_bad_sheet_by_index(index)
  File "C:\Python372\mecheck\lib\site-packages\pandas\io\excel\_base.py", line 469, in raise_if_bad_sheet_by_index
    f"Worksheet index {index} is invalid, {n_sheets} worksheets found"
ValueError: Worksheet index 2 is invalid, 2 worksheets found
[2023-06-15 14:40:24,617] [UserIP.py:90] [UserIP:process_response] [INFO]- 2023-06-15 14:40:24 C1010S3>Edwin None>LAPTOP-EJP4HNEV>543 127.0.0.1 127.0.0.1 /DriverTool/DriverList_edit/ POST
[2023-06-15 14:40:24,619] [basehttp.py:154] [basehttp:log_message] [ERROR]- "POST /DriverTool/DriverList_edit/ HTTP/1.1" 500 130688
[2023-06-15 14:41:29,795] [basehttp.py:154] [basehttp:log_message] [INFO]- "GET /DriverTool/DriverList_edit/ HTTP/1.1" 200 45774
[2023-06-15 14:41:30,071] [basehttp.py:154] [basehttp:log_message] [INFO]- "GET /favicon.ico HTTP/1.1" 200 22870
[2023-06-15 14:41:30,221] [UserIP.py:90] [UserIP:process_response] [INFO]- 2023-06-15 14:41:30 C1010S3>Edwin None>LAPTOP-EJP4HNEV>543 127.0.0.1 127.0.0.1 /DriverTool/DriverList_edit/ POST
[2023-06-15 14:41:30,231] [basehttp.py:154] [basehttp:log_message] [INFO]- "POST /DriverTool/DriverList_edit/ HTTP/1.1" 200 5439
[2023-06-15 14:41:35,571] [UserIP.py:90] [UserIP:process_response] [INFO]- 2023-06-15 14:41:35 C1010S3>Edwin None>LAPTOP-EJP4HNEV>543 127.0.0.1 127.0.0.1 /DriverTool/DriverList_edit/ POST
[2023-06-15 14:41:35,585] [basehttp.py:154] [basehttp:log_message] [INFO]- "POST /DriverTool/DriverList_edit/ HTTP/1.1" 200 11781
[2023-06-15 14:42:02,765] [log.py:228] [log:log_response] [ERROR]- Internal Server Error: /DriverTool/DriverList_edit/
Traceback (most recent call last):
  File "C:\Python372\mecheck\lib\site-packages\django\core\handlers\exception.py", line 34, in inner
    response = get_response(request)
  File "C:\Python372\mecheck\lib\site-packages\django\core\handlers\base.py", line 126, in _get_response
    response = self.process_exception_by_middleware(e, request)
  File "C:\Python372\mecheck\lib\site-packages\django\core\handlers\base.py", line 124, in _get_response
    response = wrapped_callback(request, *callback_args, **callback_kwargs)
  File "C:\Python372\mecheck\lib\site-packages\django\views\decorators\csrf.py", line 54, in wrapped_view
    return view_func(*args, **kwargs)
  File "C:\djangoproject\Reliability_Row_data\DriverTool\views.py", line 253, in DriverList_edit
    read_excel(src_file)
  File "C:\djangoproject\Reliability_Row_data\DriverTool\views.py", line 167, in read_excel
    pprint(df)
TypeError: 'module' object is not callable
[2023-06-15 14:42:02,767] [UserIP.py:90] [UserIP:process_response] [INFO]- 2023-06-15 14:42:02 C1010S3>Edwin None>LAPTOP-EJP4HNEV>543 127.0.0.1 127.0.0.1 /DriverTool/DriverList_edit/ POST
[2023-06-15 14:42:02,767] [basehttp.py:154] [basehttp:log_message] [ERROR]- "POST /DriverTool/DriverList_edit/ HTTP/1.1" 500 96922
[2023-06-15 14:42:41,790] [basehttp.py:154] [basehttp:log_message] [INFO]- "GET /DriverTool/DriverList_edit/ HTTP/1.1" 200 45774
[2023-06-15 14:42:42,128] [basehttp.py:154] [basehttp:log_message] [INFO]- "GET /favicon.ico HTTP/1.1" 200 22870
[2023-06-15 14:42:42,281] [UserIP.py:90] [UserIP:process_response] [INFO]- 2023-06-15 14:42:42 C1010S3>Edwin None>LAPTOP-EJP4HNEV>543 127.0.0.1 127.0.0.1 /DriverTool/DriverList_edit/ POST
[2023-06-15 14:42:42,290] [basehttp.py:154] [basehttp:log_message] [INFO]- "POST /DriverTool/DriverList_edit/ HTTP/1.1" 200 5439
[2023-06-15 14:42:49,230] [UserIP.py:90] [UserIP:process_response] [INFO]- 2023-06-15 14:42:49 C1010S3>Edwin None>LAPTOP-EJP4HNEV>543 127.0.0.1 127.0.0.1 /DriverTool/DriverList_edit/ POST
[2023-06-15 14:42:49,245] [basehttp.py:154] [basehttp:log_message] [INFO]- "POST /DriverTool/DriverList_edit/ HTTP/1.1" 200 13740
[2023-06-15 14:43:51,737] [UserIP.py:90] [UserIP:process_response] [INFO]- 2023-06-15 14:43:51 C1010S3>Edwin None>LAPTOP-EJP4HNEV>543 127.0.0.1 127.0.0.1 /DriverTool/DriverList_edit/ POST
[2023-06-15 14:43:51,755] [basehttp.py:154] [basehttp:log_message] [INFO]- "POST /DriverTool/DriverList_edit/ HTTP/1.1" 200 13740
[2023-06-15 14:45:32,194] [UserIP.py:90] [UserIP:process_response] [INFO]- 2023-06-15 14:45:32 C1010S3>Edwin None>LAPTOP-EJP4HNEV>543 127.0.0.1 127.0.0.1 /DriverTool/DriverList_edit/ POST
[2023-06-15 14:45:32,201] [basehttp.py:154] [basehttp:log_message] [INFO]- "POST /DriverTool/DriverList_edit/ HTTP/1.1" 200 13740
[2023-06-15 14:55:09,307] [UserIP.py:90] [UserIP:process_response] [INFO]- 2023-06-15 14:55:09 C1010S3>Edwin None>LAPTOP-EJP4HNEV>543 127.0.0.1 127.0.0.1 /DriverTool/DriverList_edit/ POST
[2023-06-15 14:55:09,316] [basehttp.py:154] [basehttp:log_message] [INFO]- "POST /DriverTool/DriverList_edit/ HTTP/1.1" 200 13740
[2023-06-15 14:56:44,651] [UserIP.py:90] [UserIP:process_response] [INFO]- 2023-06-15 14:56:44 C1010S3>Edwin None>LAPTOP-EJP4HNEV>543 127.0.0.1 127.0.0.1 /DriverTool/DriverList_edit/ POST
[2023-06-15 14:56:44,669] [basehttp.py:154] [basehttp:log_message] [INFO]- "POST /DriverTool/DriverList_edit/ HTTP/1.1" 200 13740
[2023-06-15 15:01:13,129] [UserIP.py:90] [UserIP:process_response] [INFO]- 2023-06-15 15:01:13 C1010S3>Edwin None>LAPTOP-EJP4HNEV>543 127.0.0.1 127.0.0.1 /DriverTool/DriverList_edit/ POST
[2023-06-15 15:01:13,147] [basehttp.py:154] [basehttp:log_message] [INFO]- "POST /DriverTool/DriverList_edit/ HTTP/1.1" 200 13740
[2023-06-15 15:07:43,449] [UserIP.py:90] [UserIP:process_response] [INFO]- 2023-06-15 15:07:43 C1010S3>Edwin None>LAPTOP-EJP4HNEV>543 127.0.0.1 127.0.0.1 /DriverTool/DriverList_edit/ POST
[2023-06-15 15:07:43,466] [basehttp.py:154] [basehttp:log_message] [INFO]- "POST /DriverTool/DriverList_edit/ HTTP/1.1" 200 13740
[2023-06-15 15:09:30,724] [UserIP.py:90] [UserIP:process_response] [INFO]- 2023-06-15 15:09:30 C1010S3>Edwin None>LAPTOP-EJP4HNEV>543 127.0.0.1 127.0.0.1 /DriverTool/DriverList_edit/ POST
[2023-06-15 15:09:30,733] [basehttp.py:154] [basehttp:log_message] [INFO]- "POST /DriverTool/DriverList_edit/ HTTP/1.1" 200 13740
[2023-06-15 15:10:49,507] [UserIP.py:90] [UserIP:process_response] [INFO]- 2023-06-15 15:10:49 C1010S3>Edwin None>LAPTOP-EJP4HNEV>543 127.0.0.1 127.0.0.1 /DriverTool/DriverList_edit/ POST
[2023-06-15 15:10:49,516] [basehttp.py:154] [basehttp:log_message] [INFO]- "POST /DriverTool/DriverList_edit/ HTTP/1.1" 200 13740
[2023-06-15 15:43:13,601] [basehttp.py:154] [basehttp:log_message] [INFO]- "GET /DriverTool/DriverList_edit/ HTTP/1.1" 200 45774
[2023-06-15 15:43:14,021] [basehttp.py:154] [basehttp:log_message] [INFO]- "GET /favicon.ico HTTP/1.1" 200 22870
[2023-06-15 15:43:14,536] [UserIP.py:90] [UserIP:process_response] [INFO]- 2023-06-15 15:43:14 C1010S3>Edwin None>LAPTOP-EJP4HNEV>543 127.0.0.1 127.0.0.1 /DriverTool/DriverList_edit/ POST
[2023-06-15 15:43:14,565] [basehttp.py:154] [basehttp:log_message] [INFO]- "POST /DriverTool/DriverList_edit/ HTTP/1.1" 200 5439
[2023-06-15 15:43:21,395] [basehttp.py:154] [basehttp:log_message] [INFO]- "GET /PersonalInfo/Summary1/ HTTP/1.1" 200 69061
[2023-06-15 15:43:21,741] [basehttp.py:154] [basehttp:log_message] [INFO]- "GET /favicon.ico HTTP/1.1" 200 22870
[2023-06-15 15:43:21,867] [UserIP.py:90] [UserIP:process_response] [INFO]- 2023-06-15 15:43:21 C1010S3>Edwin None>LAPTOP-EJP4HNEV>543 127.0.0.1 127.0.0.1 /PersonalInfo/Summary1/ POST
[2023-06-15 15:43:21,888] [basehttp.py:154] [basehttp:log_message] [INFO]- "POST /PersonalInfo/Summary1/ HTTP/1.1" 200 4879
[2023-06-15 15:46:50,897] [basehttp.py:154] [basehttp:log_message] [INFO]- "GET /PersonalInfo/Summary1/ HTTP/1.1" 200 69037
[2023-06-15 15:46:52,256] [UserIP.py:90] [UserIP:process_response] [INFO]- 2023-06-15 15:46:52 C1010S3>Edwin None>LAPTOP-EJP4HNEV>543 127.0.0.1 127.0.0.1 /PersonalInfo/Summary1/ POST
[2023-06-15 15:46:52,273] [basehttp.py:154] [basehttp:log_message] [INFO]- "POST /PersonalInfo/Summary1/ HTTP/1.1" 200 4879
[2023-06-15 15:46:52,326] [basehttp.py:154] [basehttp:log_message] [INFO]- "GET /favicon.ico HTTP/1.1" 200 22870
[2023-06-15 15:59:29,053] [log.py:228] [log:log_response] [ERROR]- Internal Server Error: /DriverTool/DriverList_edit/
Traceback (most recent call last):
  File "C:\Python372\mecheck\lib\site-packages\django\core\handlers\exception.py", line 34, in inner
    response = get_response(request)
  File "C:\Python372\mecheck\lib\site-packages\django\core\handlers\base.py", line 126, in _get_response
    response = self.process_exception_by_middleware(e, request)
  File "C:\Python372\mecheck\lib\site-packages\django\core\handlers\base.py", line 124, in _get_response
    response = wrapped_callback(request, *callback_args, **callback_kwargs)
  File "C:\Python372\mecheck\lib\site-packages\django\views\decorators\csrf.py", line 54, in wrapped_view
    return view_func(*args, **kwargs)
  File "C:\djangoproject\Reliability_Row_data\DriverTool\views.py", line 273, in DriverList_edit
    read_excel(src_file)
  File "C:\djangoproject\Reliability_Row_data\DriverTool\views.py", line 182, in read_excel
    engine='xlsxwriter')
  File "C:\Python372\mecheck\lib\site-packages\pandas\core\generic.py", line 2291, in to_excel
    storage_options=storage_options,
  File "C:\Python372\mecheck\lib\site-packages\pandas\io\formats\excel.py", line 835, in write
    writer, engine=engine, storage_options=storage_options
  File "C:\Python372\mecheck\lib\site-packages\pandas\io\excel\_xlsxwriter.py", line 199, in __init__
    engine_kwargs=engine_kwargs,
  File "C:\Python372\mecheck\lib\site-packages\pandas\io\excel\_base.py", line 926, in __init__
    path, mode, storage_options=storage_options, is_text=False
  File "C:\Python372\mecheck\lib\site-packages\pandas\io\common.py", line 711, in get_handle
    handle = open(handle, ioargs.mode)
PermissionError: [Errno 13] Permission denied: 'C:/media/ABOTestPlan/upload.xlsx'
[2023-06-15 15:59:29,056] [UserIP.py:90] [UserIP:process_response] [INFO]- 2023-06-15 15:59:29 C1010S3>Edwin None>LAPTOP-EJP4HNEV>543 127.0.0.1 127.0.0.1 /DriverTool/DriverList_edit/ POST
[2023-06-15 15:59:29,057] [basehttp.py:154] [basehttp:log_message] [ERROR]- "POST /DriverTool/DriverList_edit/ HTTP/1.1" 500 147110
[2023-06-15 16:00:11,814] [basehttp.py:154] [basehttp:log_message] [INFO]- "GET /DriverTool/DriverList_edit/ HTTP/1.1" 200 45774
[2023-06-15 16:00:12,237] [basehttp.py:154] [basehttp:log_message] [INFO]- "GET /favicon.ico HTTP/1.1" 200 22870
[2023-06-15 16:00:12,558] [UserIP.py:90] [UserIP:process_response] [INFO]- 2023-06-15 16:00:12 C1010S3>Edwin None>LAPTOP-EJP4HNEV>543 127.0.0.1 127.0.0.1 /DriverTool/DriverList_edit/ POST
[2023-06-15 16:00:12,567] [basehttp.py:154] [basehttp:log_message] [INFO]- "POST /DriverTool/DriverList_edit/ HTTP/1.1" 200 5439
[2023-06-15 16:00:18,281] [log.py:228] [log:log_response] [ERROR]- Internal Server Error: /DriverTool/DriverList_edit/
Traceback (most recent call last):
  File "C:\Python372\mecheck\lib\site-packages\django\core\handlers\exception.py", line 34, in inner
    response = get_response(request)
  File "C:\Python372\mecheck\lib\site-packages\django\core\handlers\base.py", line 126, in _get_response
    response = self.process_exception_by_middleware(e, request)
  File "C:\Python372\mecheck\lib\site-packages\django\core\handlers\base.py", line 124, in _get_response
    response = wrapped_callback(request, *callback_args, **callback_kwargs)
  File "C:\Python372\mecheck\lib\site-packages\django\views\decorators\csrf.py", line 54, in wrapped_view
    return view_func(*args, **kwargs)
  File "C:\djangoproject\Reliability_Row_data\DriverTool\views.py", line 273, in DriverList_edit
    read_excel(src_file)
  File "C:\djangoproject\Reliability_Row_data\DriverTool\views.py", line 183, in read_excel
    with pd.ExcelWriter('C:/media/ABOTestPlan/upload1.xlsx', engine="openpyxl", mode='a', if_sheet_exists='overlay') as writer:
  File "C:\Python372\mecheck\lib\site-packages\pandas\io\excel\_openpyxl.py", line 57, in __init__
    engine_kwargs=engine_kwargs,
  File "C:\Python372\mecheck\lib\site-packages\pandas\io\excel\_base.py", line 926, in __init__
    path, mode, storage_options=storage_options, is_text=False
  File "C:\Python372\mecheck\lib\site-packages\pandas\io\common.py", line 711, in get_handle
    handle = open(handle, ioargs.mode)
FileNotFoundError: [Errno 2] No such file or directory: 'C:/media/ABOTestPlan/upload1.xlsx'
[2023-06-15 16:00:18,282] [UserIP.py:90] [UserIP:process_response] [INFO]- 2023-06-15 16:00:18 C1010S3>Edwin None>LAPTOP-EJP4HNEV>543 127.0.0.1 127.0.0.1 /DriverTool/DriverList_edit/ POST
[2023-06-15 16:00:18,283] [basehttp.py:154] [basehttp:log_message] [ERROR]- "POST /DriverTool/DriverList_edit/ HTTP/1.1" 500 127635
[2023-06-15 16:01:03,456] [basehttp.py:154] [basehttp:log_message] [INFO]- "GET /DriverTool/DriverList_edit/ HTTP/1.1" 200 45774
[2023-06-15 16:01:03,709] [basehttp.py:154] [basehttp:log_message] [INFO]- "GET /favicon.ico HTTP/1.1" 200 22870
[2023-06-15 16:01:03,889] [UserIP.py:90] [UserIP:process_response] [INFO]- 2023-06-15 16:01:03 C1010S3>Edwin None>LAPTOP-EJP4HNEV>543 127.0.0.1 127.0.0.1 /DriverTool/DriverList_edit/ POST
[2023-06-15 16:01:03,899] [basehttp.py:154] [basehttp:log_message] [INFO]- "POST /DriverTool/DriverList_edit/ HTTP/1.1" 200 5439
[2023-06-15 16:01:19,087] [log.py:228] [log:log_response] [ERROR]- Internal Server Error: /DriverTool/DriverList_edit/
Traceback (most recent call last):
  File "C:\Python372\mecheck\lib\site-packages\django\core\handlers\exception.py", line 34, in inner
    response = get_response(request)
  File "C:\Python372\mecheck\lib\site-packages\django\core\handlers\base.py", line 126, in _get_response
    response = self.process_exception_by_middleware(e, request)
  File "C:\Python372\mecheck\lib\site-packages\django\core\handlers\base.py", line 124, in _get_response
    response = wrapped_callback(request, *callback_args, **callback_kwargs)
  File "C:\Python372\mecheck\lib\site-packages\django\views\decorators\csrf.py", line 54, in wrapped_view
    return view_func(*args, **kwargs)
  File "C:\djangoproject\Reliability_Row_data\DriverTool\views.py", line 273, in DriverList_edit
    read_excel(src_file)
  File "C:\djangoproject\Reliability_Row_data\DriverTool\views.py", line 183, in read_excel
    with pd.ExcelWriter('C:/media/ABOTestPlan/upload.xlsx', engine="openpyxl", mode='a', if_sheet_exists='overlay') as writer:
  File "C:\Python372\mecheck\lib\site-packages\pandas\io\excel\_openpyxl.py", line 57, in __init__
    engine_kwargs=engine_kwargs,
  File "C:\Python372\mecheck\lib\site-packages\pandas\io\excel\_base.py", line 944, in __init__
    f"'{if_sheet_exists}' is not valid for if_sheet_exists. "
ValueError: 'overlay' is not valid for if_sheet_exists. Valid options are 'error', 'new' and 'replace'.
[2023-06-15 16:01:19,098] [UserIP.py:90] [UserIP:process_response] [INFO]- 2023-06-15 16:01:19 C1010S3>Edwin None>LAPTOP-EJP4HNEV>543 127.0.0.1 127.0.0.1 /DriverTool/DriverList_edit/ POST
[2023-06-15 16:01:19,101] [basehttp.py:154] [basehttp:log_message] [ERROR]- "POST /DriverTool/DriverList_edit/ HTTP/1.1" 500 122155
[2023-06-15 16:01:56,401] [basehttp.py:154] [basehttp:log_message] [INFO]- "GET /DriverTool/DriverList_edit/ HTTP/1.1" 200 45774
[2023-06-15 16:01:56,637] [basehttp.py:154] [basehttp:log_message] [INFO]- "GET /favicon.ico HTTP/1.1" 200 22870
[2023-06-15 16:01:56,806] [UserIP.py:90] [UserIP:process_response] [INFO]- 2023-06-15 16:01:56 C1010S3>Edwin None>LAPTOP-EJP4HNEV>543 127.0.0.1 127.0.0.1 /DriverTool/DriverList_edit/ POST
[2023-06-15 16:01:56,814] [basehttp.py:154] [basehttp:log_message] [INFO]- "POST /DriverTool/DriverList_edit/ HTTP/1.1" 200 5439
[2023-06-15 16:02:03,258] [UserIP.py:90] [UserIP:process_response] [INFO]- 2023-06-15 16:02:03 C1010S3>Edwin None>LAPTOP-EJP4HNEV>543 127.0.0.1 127.0.0.1 /DriverTool/DriverList_edit/ POST
[2023-06-15 16:02:03,271] [basehttp.py:154] [basehttp:log_message] [INFO]- "POST /DriverTool/DriverList_edit/ HTTP/1.1" 200 11140
[2023-06-15 16:10:49,365] [UserIP.py:90] [UserIP:process_response] [INFO]- 2023-06-15 16:10:49 C1010S3>Edwin None>LAPTOP-EJP4HNEV>543 127.0.0.1 127.0.0.1 /DriverTool/DriverList_edit/ POST
[2023-06-15 16:10:49,385] [basehttp.py:154] [basehttp:log_message] [INFO]- "POST /DriverTool/DriverList_edit/ HTTP/1.1" 200 11140
[2023-06-15 16:12:39,166] [log.py:228] [log:log_response] [ERROR]- Internal Server Error: /DriverTool/DriverList_edit/
Traceback (most recent call last):
  File "C:\Python372\mecheck\lib\site-packages\django\core\handlers\exception.py", line 34, in inner
    response = get_response(request)
  File "C:\Python372\mecheck\lib\site-packages\django\core\handlers\base.py", line 126, in _get_response
    response = self.process_exception_by_middleware(e, request)
  File "C:\Python372\mecheck\lib\site-packages\django\core\handlers\base.py", line 124, in _get_response
    response = wrapped_callback(request, *callback_args, **callback_kwargs)
  File "C:\Python372\mecheck\lib\site-packages\django\views\decorators\csrf.py", line 54, in wrapped_view
    return view_func(*args, **kwargs)
  File "C:\djangoproject\Reliability_Row_data\DriverTool\views.py", line 273, in DriverList_edit
    read_excel(src_file)
  File "C:\djangoproject\Reliability_Row_data\DriverTool\views.py", line 165, in read_excel
    df = pd.read_excel(src_file, header=header, sheet_name=int(sheetnum)).iloc[:,
  File "C:\Python372\mecheck\lib\site-packages\pandas\util\_decorators.py", line 311, in wrapper
    return func(*args, **kwargs)
  File "C:\Python372\mecheck\lib\site-packages\pandas\io\excel\_base.py", line 364, in read_excel
    io = ExcelFile(io, storage_options=storage_options, engine=engine)
  File "C:\Python372\mecheck\lib\site-packages\pandas\io\excel\_base.py", line 1192, in __init__
    content_or_path=path_or_buffer, storage_options=storage_options
  File "C:\Python372\mecheck\lib\site-packages\pandas\io\excel\_base.py", line 1071, in inspect_excel_format
    content_or_path, "rb", storage_options=storage_options, is_text=False
  File "C:\Python372\mecheck\lib\site-packages\pandas\io\common.py", line 711, in get_handle
    handle = open(handle, ioargs.mode)
FileNotFoundError: [Errno 2] No such file or directory: 'C:/media/ABOTestPlan/0ba205ae62d8e3a58239c3c424393cb7.xlsx'
[2023-06-15 16:12:39,168] [UserIP.py:90] [UserIP:process_response] [INFO]- 2023-06-15 16:12:39 C1010S3>Edwin None>LAPTOP-EJP4HNEV>543 127.0.0.1 127.0.0.1 /DriverTool/DriverList_edit/ POST
[2023-06-15 16:12:39,169] [basehttp.py:154] [basehttp:log_message] [ERROR]- "POST /DriverTool/DriverList_edit/ HTTP/1.1" 500 123257
[2023-06-15 16:13:36,071] [basehttp.py:154] [basehttp:log_message] [INFO]- "GET /DriverTool/DriverList_edit/ HTTP/1.1" 200 45774
[2023-06-15 16:13:36,431] [basehttp.py:154] [basehttp:log_message] [INFO]- "GET /favicon.ico HTTP/1.1" 200 22870
[2023-06-15 16:13:36,615] [UserIP.py:90] [UserIP:process_response] [INFO]- 2023-06-15 16:13:36 C1010S3>Edwin None>LAPTOP-EJP4HNEV>543 127.0.0.1 127.0.0.1 /DriverTool/DriverList_edit/ POST
[2023-06-15 16:13:36,623] [basehttp.py:154] [basehttp:log_message] [INFO]- "POST /DriverTool/DriverList_edit/ HTTP/1.1" 200 5439
[2023-06-15 16:13:40,969] [UserIP.py:90] [UserIP:process_response] [INFO]- 2023-06-15 16:13:40 C1010S3>Edwin None>LAPTOP-EJP4HNEV>543 127.0.0.1 127.0.0.1 /DriverTool/DriverList_edit/ POST
[2023-06-15 16:13:40,979] [basehttp.py:154] [basehttp:log_message] [INFO]- "POST /DriverTool/DriverList_edit/ HTTP/1.1" 200 11140
