[2022-06-09 07:48:30,208] [basehttp.py:154] [basehttp:log_message] [INFO]- "GET /CQM/CQMSeriv/ HTTP/1.1" 200 2
[2022-06-09 07:48:30,530] [basehttp.py:154] [basehttp:log_message] [INFO]- "GET /favicon.ico HTTP/1.1" 302 0
[2022-06-09 07:48:30,640] [basehttp.py:154] [basehttp:log_message] [INFO]- "GET /login/ HTTP/1.1" 200 4677
[2022-06-09 07:51:03,849] [basehttp.py:154] [basehttp:log_message] [INFO]- "GET /CQM/CQMSeriv/ HTTP/1.1" 200 2
[2022-06-09 07:51:03,906] [basehttp.py:154] [basehttp:log_message] [INFO]- "GET /favicon.ico HTTP/1.1" 302 0
[2022-06-09 07:51:03,926] [basehttp.py:154] [basehttp:log_message] [INFO]- "GET /login/ HTTP/1.1" 200 4677
[2022-06-09 07:53:05,844] [basehttp.py:154] [basehttp:log_message] [INFO]- "GET /admin/auth/user/1/change/ HTTP/1.1" 200 40563
[2022-06-09 07:53:05,928] [basehttp.py:154] [basehttp:log_message] [INFO]- "GET /admin/jsi18n/ HTTP/1.1" 200 7684
[2022-06-09 07:53:06,114] [basehttp.py:154] [basehttp:log_message] [INFO]- "GET /favicon.ico HTTP/1.1" 302 0
[2022-06-09 07:53:06,135] [basehttp.py:154] [basehttp:log_message] [INFO]- "GET /login/ HTTP/1.1" 200 4677
[2022-06-09 07:53:11,765] [UserIP.py:89] [UserIP:process_response] [CRITICAL]- 系统错误
[2022-06-09 07:53:11,773] [basehttp.py:154] [basehttp:log_message] [INFO]- "POST /admin/auth/user/1/change/ HTTP/1.1" 302 0
[2022-06-09 07:53:11,847] [basehttp.py:154] [basehttp:log_message] [INFO]- "GET /admin/auth/user/ HTTP/1.1" 200 11157
[2022-06-09 07:53:11,875] [basehttp.py:154] [basehttp:log_message] [INFO]- "GET /admin/jsi18n/ HTTP/1.1" 200 7684
[2022-06-09 07:53:11,997] [basehttp.py:154] [basehttp:log_message] [INFO]- "GET /favicon.ico HTTP/1.1" 302 0
[2022-06-09 07:53:12,014] [basehttp.py:154] [basehttp:log_message] [INFO]- "GET /login/ HTTP/1.1" 200 4677
[2022-06-09 07:53:14,622] [basehttp.py:154] [basehttp:log_message] [INFO]- "GET /CQM/CQMSeriv/ HTTP/1.1" 200 2
[2022-06-09 07:53:14,731] [basehttp.py:154] [basehttp:log_message] [INFO]- "GET /favicon.ico HTTP/1.1" 302 0
[2022-06-09 07:53:14,748] [basehttp.py:154] [basehttp:log_message] [INFO]- "GET /login/ HTTP/1.1" 200 4677
[2022-06-09 07:53:38,520] [basehttp.py:154] [basehttp:log_message] [INFO]- "GET /CQM/CQMSeriv/ HTTP/1.1" 200 2
[2022-06-09 07:53:38,587] [basehttp.py:154] [basehttp:log_message] [INFO]- "GET /favicon.ico HTTP/1.1" 302 0
[2022-06-09 07:53:38,609] [basehttp.py:154] [basehttp:log_message] [INFO]- "GET /login/ HTTP/1.1" 200 4677
[2022-06-09 08:59:18,409] [basehttp.py:154] [basehttp:log_message] [INFO]- "GET / HTTP/1.1" 302 0
[2022-06-09 08:59:18,432] [basehttp.py:154] [basehttp:log_message] [INFO]- "GET /login/ HTTP/1.1" 200 4677
[2022-06-09 08:59:18,630] [basehttp.py:154] [basehttp:log_message] [INFO]- "GET /favicon.ico HTTP/1.1" 302 0
[2022-06-09 08:59:18,645] [basehttp.py:154] [basehttp:log_message] [INFO]- "GET /login/ HTTP/1.1" 200 4677
[2022-06-09 08:59:25,208] [log.py:228] [log:log_response] [ERROR]- Internal Server Error: /CQM/CQMSeriv/
Traceback (most recent call last):
  File "C:\Python372\mecheck\lib\site-packages\rest_framework\request.py", line 74, in wrap_attributeerrors
    yield
  File "C:\Python372\mecheck\lib\site-packages\rest_framework\request.py", line 220, in user
    self._authenticate()
  File "C:\Python372\mecheck\lib\site-packages\rest_framework\request.py", line 373, in _authenticate
    user_auth_tuple = authenticator.authenticate(self)
  File "C:\djangoproject\Reliability_Row_data\CQM\views.py", line 1171, in authenticate
    return self.authenticate_credentials(userid, password, request)
AttributeError: 'MyAuth' object has no attribute 'authenticate_credentials'

During handling of the above exception, another exception occurred:

Traceback (most recent call last):
  File "C:\Python372\mecheck\lib\site-packages\django\core\handlers\exception.py", line 34, in inner
    response = get_response(request)
  File "C:\Python372\mecheck\lib\site-packages\django\core\handlers\base.py", line 126, in _get_response
    response = self.process_exception_by_middleware(e, request)
  File "C:\Python372\mecheck\lib\site-packages\django\core\handlers\base.py", line 124, in _get_response
    response = wrapped_callback(request, *callback_args, **callback_kwargs)
  File "C:\Python372\mecheck\lib\site-packages\django\views\decorators\csrf.py", line 54, in wrapped_view
    return view_func(*args, **kwargs)
  File "C:\Python372\mecheck\lib\site-packages\django\views\generic\base.py", line 68, in view
    return self.dispatch(request, *args, **kwargs)
  File "C:\Python372\mecheck\lib\site-packages\rest_framework\views.py", line 505, in dispatch
    response = self.handle_exception(exc)
  File "C:\Python372\mecheck\lib\site-packages\rest_framework\views.py", line 465, in handle_exception
    self.raise_uncaught_exception(exc)
  File "C:\Python372\mecheck\lib\site-packages\rest_framework\views.py", line 476, in raise_uncaught_exception
    raise exc
  File "C:\Python372\mecheck\lib\site-packages\rest_framework\views.py", line 493, in dispatch
    self.initial(request, *args, **kwargs)
  File "C:\Python372\mecheck\lib\site-packages\rest_framework\views.py", line 410, in initial
    self.perform_authentication(request)
  File "C:\Python372\mecheck\lib\site-packages\rest_framework\views.py", line 324, in perform_authentication
    request.user
  File "C:\Python372\mecheck\lib\site-packages\rest_framework\request.py", line 220, in user
    self._authenticate()
  File "C:\Python372\lib\contextlib.py", line 130, in __exit__
    self.gen.throw(type, value, traceback)
  File "C:\Python372\mecheck\lib\site-packages\rest_framework\request.py", line 78, in wrap_attributeerrors
    raise exc.with_traceback(info[2])
  File "C:\Python372\mecheck\lib\site-packages\rest_framework\request.py", line 74, in wrap_attributeerrors
    yield
  File "C:\Python372\mecheck\lib\site-packages\rest_framework\request.py", line 220, in user
    self._authenticate()
  File "C:\Python372\mecheck\lib\site-packages\rest_framework\request.py", line 373, in _authenticate
    user_auth_tuple = authenticator.authenticate(self)
  File "C:\djangoproject\Reliability_Row_data\CQM\views.py", line 1171, in authenticate
    return self.authenticate_credentials(userid, password, request)
rest_framework.request.WrappedAttributeError: 'MyAuth' object has no attribute 'authenticate_credentials'
[2022-06-09 08:59:25,213] [basehttp.py:154] [basehttp:log_message] [ERROR]- "GET /CQM/CQMSeriv/ HTTP/1.1" 500 151197
[2022-06-09 08:59:25,495] [basehttp.py:154] [basehttp:log_message] [INFO]- "GET /favicon.ico HTTP/1.1" 302 0
[2022-06-09 08:59:25,513] [basehttp.py:154] [basehttp:log_message] [INFO]- "GET /login/ HTTP/1.1" 200 4677
[2022-06-09 09:10:57,462] [basehttp.py:154] [basehttp:log_message] [INFO]- "GET /CQM/CQMSeriv/ HTTP/1.1" 200 2
[2022-06-09 09:10:57,532] [basehttp.py:154] [basehttp:log_message] [INFO]- "GET /favicon.ico HTTP/1.1" 302 0
[2022-06-09 09:10:57,554] [basehttp.py:154] [basehttp:log_message] [INFO]- "GET /login/ HTTP/1.1" 200 4677
[2022-06-09 09:12:32,826] [basehttp.py:154] [basehttp:log_message] [INFO]- "GET /CQM/CQMSeriv/ HTTP/1.1" 200 2
[2022-06-09 09:12:32,879] [basehttp.py:154] [basehttp:log_message] [INFO]- "GET /favicon.ico HTTP/1.1" 302 0
[2022-06-09 09:12:32,893] [basehttp.py:154] [basehttp:log_message] [INFO]- "GET /login/ HTTP/1.1" 200 4677
[2022-06-09 09:12:33,756] [basehttp.py:154] [basehttp:log_message] [INFO]- "GET /CQM/CQMSeriv/ HTTP/1.1" 200 2
[2022-06-09 09:12:33,777] [basehttp.py:154] [basehttp:log_message] [INFO]- "GET /favicon.ico HTTP/1.1" 302 0
[2022-06-09 09:12:33,815] [basehttp.py:154] [basehttp:log_message] [INFO]- "GET /login/ HTTP/1.1" 200 4677
[2022-06-09 09:12:34,341] [basehttp.py:154] [basehttp:log_message] [INFO]- "GET /CQM/CQMSeriv/ HTTP/1.1" 200 2
[2022-06-09 09:12:34,376] [basehttp.py:154] [basehttp:log_message] [INFO]- "GET /favicon.ico HTTP/1.1" 302 0
[2022-06-09 09:12:34,395] [basehttp.py:154] [basehttp:log_message] [INFO]- "GET /login/ HTTP/1.1" 200 4677
[2022-06-09 09:12:34,887] [basehttp.py:154] [basehttp:log_message] [INFO]- "GET /CQM/CQMSeriv/ HTTP/1.1" 200 2
[2022-06-09 09:12:34,936] [basehttp.py:154] [basehttp:log_message] [INFO]- "GET /favicon.ico HTTP/1.1" 302 0
[2022-06-09 09:12:34,974] [basehttp.py:154] [basehttp:log_message] [INFO]- "GET /login/ HTTP/1.1" 200 4677
[2022-06-09 09:12:35,296] [basehttp.py:154] [basehttp:log_message] [INFO]- "GET /CQM/CQMSeriv/ HTTP/1.1" 200 2
[2022-06-09 09:12:35,331] [basehttp.py:154] [basehttp:log_message] [INFO]- "GET /favicon.ico HTTP/1.1" 302 0
[2022-06-09 09:12:35,345] [basehttp.py:154] [basehttp:log_message] [INFO]- "GET /login/ HTTP/1.1" 200 4677
[2022-06-09 09:12:35,731] [basehttp.py:154] [basehttp:log_message] [INFO]- "GET /CQM/CQMSeriv/ HTTP/1.1" 200 2
[2022-06-09 09:12:35,755] [basehttp.py:154] [basehttp:log_message] [INFO]- "GET /favicon.ico HTTP/1.1" 302 0
[2022-06-09 09:12:35,766] [basehttp.py:154] [basehttp:log_message] [INFO]- "GET /login/ HTTP/1.1" 200 4677
[2022-06-09 09:12:37,998] [basehttp.py:154] [basehttp:log_message] [INFO]- "GET /CQM/CQMSeriv/ HTTP/1.1" 200 2
[2022-06-09 09:12:38,042] [basehttp.py:154] [basehttp:log_message] [INFO]- "GET /favicon.ico HTTP/1.1" 302 0
[2022-06-09 09:12:38,067] [basehttp.py:154] [basehttp:log_message] [INFO]- "GET /login/ HTTP/1.1" 200 4677
[2022-06-09 09:12:38,478] [basehttp.py:154] [basehttp:log_message] [INFO]- "GET /CQM/CQMSeriv/ HTTP/1.1" 200 2
[2022-06-09 09:12:38,504] [basehttp.py:154] [basehttp:log_message] [INFO]- "GET /favicon.ico HTTP/1.1" 302 0
[2022-06-09 09:12:38,515] [basehttp.py:154] [basehttp:log_message] [INFO]- "GET /login/ HTTP/1.1" 200 4677
[2022-06-09 09:12:38,904] [basehttp.py:154] [basehttp:log_message] [INFO]- "GET /CQM/CQMSeriv/ HTTP/1.1" 200 2
[2022-06-09 09:12:38,927] [basehttp.py:154] [basehttp:log_message] [INFO]- "GET /favicon.ico HTTP/1.1" 302 0
[2022-06-09 09:12:38,946] [basehttp.py:154] [basehttp:log_message] [INFO]- "GET /login/ HTTP/1.1" 200 4677
[2022-06-09 09:12:39,367] [basehttp.py:154] [basehttp:log_message] [INFO]- "GET /CQM/CQMSeriv/ HTTP/1.1" 200 2
[2022-06-09 09:12:39,388] [basehttp.py:154] [basehttp:log_message] [INFO]- "GET /favicon.ico HTTP/1.1" 302 0
[2022-06-09 09:12:39,404] [basehttp.py:154] [basehttp:log_message] [INFO]- "GET /login/ HTTP/1.1" 200 4677
[2022-06-09 09:12:39,839] [basehttp.py:154] [basehttp:log_message] [INFO]- "GET /CQM/CQMSeriv/ HTTP/1.1" 200 2
[2022-06-09 09:12:39,859] [basehttp.py:154] [basehttp:log_message] [INFO]- "GET /favicon.ico HTTP/1.1" 302 0
[2022-06-09 09:12:39,874] [basehttp.py:154] [basehttp:log_message] [INFO]- "GET /login/ HTTP/1.1" 200 4677
[2022-06-09 09:12:40,249] [basehttp.py:154] [basehttp:log_message] [INFO]- "GET /CQM/CQMSeriv/ HTTP/1.1" 200 2
[2022-06-09 09:12:40,264] [basehttp.py:154] [basehttp:log_message] [INFO]- "GET /favicon.ico HTTP/1.1" 302 0
[2022-06-09 09:12:40,274] [basehttp.py:154] [basehttp:log_message] [INFO]- "GET /login/ HTTP/1.1" 200 4677
[2022-06-09 09:12:40,703] [basehttp.py:154] [basehttp:log_message] [INFO]- "GET /CQM/CQMSeriv/ HTTP/1.1" 200 2
[2022-06-09 09:12:40,724] [basehttp.py:154] [basehttp:log_message] [INFO]- "GET /favicon.ico HTTP/1.1" 302 0
[2022-06-09 09:12:40,738] [basehttp.py:154] [basehttp:log_message] [INFO]- "GET /login/ HTTP/1.1" 200 4677
[2022-06-09 09:13:54,962] [log.py:228] [log:log_response] [WARNING]- Unauthorized: /CQM/CQMSeriv/
[2022-06-09 09:13:54,963] [basehttp.py:154] [basehttp:log_message] [WARNING]- "GET /CQM/CQMSeriv/ HTTP/1.1" 401 5147
[2022-06-09 09:14:35,563] [log.py:228] [log:log_response] [WARNING]- Forbidden: /CQM/CQMSeriv/
[2022-06-09 09:14:35,563] [basehttp.py:154] [basehttp:log_message] [WARNING]- "GET /CQM/CQMSeriv/ HTTP/1.1" 403 5259
[2022-06-09 09:14:35,603] [basehttp.py:154] [basehttp:log_message] [INFO]- "GET /static/rest_framework/css/bootstrap-tweaks.css HTTP/1.1" 200 3385
[2022-06-09 09:14:35,604] [basehttp.py:154] [basehttp:log_message] [INFO]- "GET /static/rest_framework/css/bootstrap.min.css HTTP/1.1" 200 121457
[2022-06-09 09:14:35,631] [basehttp.py:154] [basehttp:log_message] [INFO]- "GET /static/rest_framework/css/prettify.css HTTP/1.1" 200 817
[2022-06-09 09:14:35,636] [basehttp.py:154] [basehttp:log_message] [INFO]- "GET /static/rest_framework/js/csrf.js HTTP/1.1" 200 1719
[2022-06-09 09:14:35,637] [basehttp.py:154] [basehttp:log_message] [INFO]- "GET /static/rest_framework/css/default.css HTTP/1.1" 200 1131
[2022-06-09 09:14:35,640] [basehttp.py:154] [basehttp:log_message] [INFO]- "GET /static/rest_framework/js/bootstrap.min.js HTTP/1.1" 200 39680
[2022-06-09 09:14:35,657] [basehttp.py:154] [basehttp:log_message] [INFO]- "GET /static/rest_framework/js/prettify-min.js HTTP/1.1" 200 13632
[2022-06-09 09:14:35,659] [basehttp.py:154] [basehttp:log_message] [INFO]- "GET /static/rest_framework/js/jquery-3.4.1.min.js HTTP/1.1" 200 88145
[2022-06-09 09:14:35,671] [basehttp.py:154] [basehttp:log_message] [INFO]- "GET /static/rest_framework/js/default.js HTTP/1.1" 200 1268
[2022-06-09 09:14:35,706] [basehttp.py:154] [basehttp:log_message] [INFO]- "GET /static/rest_framework/js/ajax-form.js HTTP/1.1" 200 3597
[2022-06-09 09:14:35,718] [basehttp.py:154] [basehttp:log_message] [INFO]- "GET /static/rest_framework/img/grid.png HTTP/1.1" 200 1458
[2022-06-09 09:14:35,901] [basehttp.py:154] [basehttp:log_message] [INFO]- "GET /favicon.ico HTTP/1.1" 302 0
[2022-06-09 09:14:35,904] [basehttp.py:154] [basehttp:log_message] [INFO]- "GET /login/ HTTP/1.1" 200 4677
[2022-06-09 09:15:39,703] [log.py:228] [log:log_response] [WARNING]- Forbidden: /CQM/CQMSeriv/
[2022-06-09 09:15:39,703] [basehttp.py:154] [basehttp:log_message] [WARNING]- "GET /CQM/CQMSeriv/ HTTP/1.1" 403 5259
[2022-06-09 09:15:39,777] [basehttp.py:154] [basehttp:log_message] [INFO]- "GET /favicon.ico HTTP/1.1" 302 0
[2022-06-09 09:15:39,781] [basehttp.py:154] [basehttp:log_message] [INFO]- "GET /login/ HTTP/1.1" 200 4677
[2022-06-09 09:16:19,752] [basehttp.py:154] [basehttp:log_message] [INFO]- "GET /admin/auth/user/9/change/ HTTP/1.1" 302 0
[2022-06-09 09:16:19,868] [basehttp.py:154] [basehttp:log_message] [INFO]- "GET /admin/login/?next=/admin/auth/user/9/change/ HTTP/1.1" 200 1859
[2022-06-09 09:16:19,898] [basehttp.py:154] [basehttp:log_message] [INFO]- "GET /static/admin/css/base.css HTTP/1.1" 200 16225
[2022-06-09 09:16:19,900] [basehttp.py:154] [basehttp:log_message] [INFO]- "GET /static/admin/css/login.css HTTP/1.1" 200 1203
[2022-06-09 09:16:19,916] [basehttp.py:154] [basehttp:log_message] [INFO]- "GET /static/admin/css/fonts.css HTTP/1.1" 200 423
[2022-06-09 09:16:19,922] [basehttp.py:154] [basehttp:log_message] [INFO]- "GET /static/admin/css/responsive.css HTTP/1.1" 200 17976
[2022-06-09 09:16:19,937] [basehttp.py:154] [basehttp:log_message] [INFO]- "GET /static/admin/fonts/Roboto-Regular-webfont.woff HTTP/1.1" 200 80304
[2022-06-09 09:16:19,937] [basehttp.py:154] [basehttp:log_message] [INFO]- "GET /static/admin/fonts/Roboto-Light-webfont.woff HTTP/1.1" 200 81348
[2022-06-09 09:16:19,951] [basehttp.py:154] [basehttp:log_message] [INFO]- "GET /favicon.ico HTTP/1.1" 302 0
[2022-06-09 09:16:19,964] [basehttp.py:154] [basehttp:log_message] [INFO]- "GET /login/ HTTP/1.1" 200 4677
[2022-06-09 09:16:30,216] [UserIP.py:89] [UserIP:process_response] [CRITICAL]- 系统错误
[2022-06-09 09:16:30,221] [basehttp.py:154] [basehttp:log_message] [INFO]- "POST /admin/login/?next=/admin/auth/user/9/change/ HTTP/1.1" 302 0
[2022-06-09 09:16:30,446] [basehttp.py:154] [basehttp:log_message] [INFO]- "GET /admin/auth/user/9/change/ HTTP/1.1" 200 40761
[2022-06-09 09:16:30,455] [basehttp.py:154] [basehttp:log_message] [INFO]- "GET /static/admin/css/forms.css HTTP/1.1" 200 8505
[2022-06-09 09:16:30,471] [basehttp.py:154] [basehttp:log_message] [INFO]- "GET /static/admin/js/actions.js HTTP/1.1" 200 6538
[2022-06-09 09:16:30,476] [basehttp.py:154] [basehttp:log_message] [INFO]- "GET /admin/jsi18n/ HTTP/1.1" 200 7684
[2022-06-09 09:16:30,480] [basehttp.py:154] [basehttp:log_message] [INFO]- "GET /static/admin/css/widgets.css HTTP/1.1" 200 10340
[2022-06-09 09:16:30,480] [basehttp.py:154] [basehttp:log_message] [INFO]- "GET /static/admin/js/urlify.js HTTP/1.1" 200 8972
[2022-06-09 09:16:30,482] [basehttp.py:154] [basehttp:log_message] [INFO]- "GET /static/admin/js/prepopulate.js HTTP/1.1" 200 1530
[2022-06-09 09:16:30,483] [basehttp.py:154] [basehttp:log_message] [INFO]- "GET /static/admin/js/vendor/xregexp/xregexp.js HTTP/1.1" 200 128820
[2022-06-09 09:16:30,484] [basehttp.py:154] [basehttp:log_message] [INFO]- "GET /static/admin/js/SelectBox.js HTTP/1.1" 200 5755
[2022-06-09 09:16:30,486] [basehttp.py:154] [basehttp:log_message] [INFO]- "GET /static/admin/js/SelectFilter2.js HTTP/1.1" 200 12712
[2022-06-09 09:16:30,486] [basehttp.py:154] [basehttp:log_message] [INFO]- "GET /static/admin/js/jquery.init.js HTTP/1.1" 200 363
[2022-06-09 09:16:30,486] [basehttp.py:154] [basehttp:log_message] [INFO]- "GET /static/admin/js/core.js HTTP/1.1" 200 7135
[2022-06-09 09:16:30,486] [basehttp.py:154] [basehttp:log_message] [INFO]- "GET /static/admin/js/vendor/jquery/jquery.js HTTP/1.1" 200 271751
[2022-06-09 09:16:30,493] [basehttp.py:154] [basehttp:log_message] [INFO]- "GET /static/admin/js/admin/RelatedObjectLookups.js HTTP/1.1" 200 6918
[2022-06-09 09:16:30,495] [basehttp.py:154] [basehttp:log_message] [INFO]- "GET /static/admin/js/calendar.js HTTP/1.1" 200 7777
[2022-06-09 09:16:30,495] [basehttp.py:154] [basehttp:log_message] [INFO]- "GET /static/admin/js/admin/DateTimeShortcuts.js HTTP/1.1" 200 20281
[2022-06-09 09:16:30,502] [basehttp.py:154] [basehttp:log_message] [INFO]- "GET /static/admin/js/change_form.js HTTP/1.1" 200 712
[2022-06-09 09:16:30,511] [basehttp.py:154] [basehttp:log_message] [INFO]- "GET /static/admin/js/prepopulate_init.js HTTP/1.1" 200 495
[2022-06-09 09:16:30,520] [basehttp.py:154] [basehttp:log_message] [INFO]- "GET /static/admin/img/icon-addlink.svg HTTP/1.1" 200 331
[2022-06-09 09:16:30,531] [basehttp.py:154] [basehttp:log_message] [INFO]- "GET /static/admin/fonts/Roboto-Bold-webfont.woff HTTP/1.1" 200 82564
[2022-06-09 09:16:30,567] [basehttp.py:154] [basehttp:log_message] [INFO]- "GET /static/admin/img/icon-unknown.svg HTTP/1.1" 200 655
[2022-06-09 09:16:30,567] [basehttp.py:154] [basehttp:log_message] [INFO]- "GET /static/admin/img/selector-icons.svg HTTP/1.1" 200 3291
[2022-06-09 09:16:30,567] [basehttp.py:154] [basehttp:log_message] [INFO]- "GET /static/admin/img/search.svg HTTP/1.1" 200 458
[2022-06-09 09:16:30,567] [basehttp.py:154] [basehttp:log_message] [INFO]- "GET /static/admin/img/icon-unknown-alt.svg HTTP/1.1" 200 655
[2022-06-09 09:16:30,595] [basehttp.py:154] [basehttp:log_message] [INFO]- "GET /static/admin/img/icon-calendar.svg HTTP/1.1" 200 1086
[2022-06-09 09:16:30,595] [basehttp.py:154] [basehttp:log_message] [INFO]- "GET /static/admin/img/icon-clock.svg HTTP/1.1" 200 677
[2022-06-09 09:16:30,647] [basehttp.py:154] [basehttp:log_message] [INFO]- "GET /favicon.ico HTTP/1.1" 302 0
[2022-06-09 09:16:30,659] [basehttp.py:154] [basehttp:log_message] [INFO]- "GET /login/ HTTP/1.1" 200 4677
[2022-06-09 09:16:38,417] [UserIP.py:89] [UserIP:process_response] [CRITICAL]- 系统错误
[2022-06-09 09:16:38,428] [basehttp.py:154] [basehttp:log_message] [INFO]- "POST /admin/auth/user/9/change/ HTTP/1.1" 302 0
[2022-06-09 09:16:38,527] [basehttp.py:154] [basehttp:log_message] [INFO]- "GET /admin/auth/user/ HTTP/1.1" 200 11160
[2022-06-09 09:16:38,572] [basehttp.py:154] [basehttp:log_message] [INFO]- "GET /static/admin/css/changelists.css HTTP/1.1" 200 6170
[2022-06-09 09:16:38,581] [basehttp.py:154] [basehttp:log_message] [INFO]- "GET /static/admin/img/icon-yes.svg HTTP/1.1" 200 436
[2022-06-09 09:16:38,593] [basehttp.py:154] [basehttp:log_message] [INFO]- "GET /admin/jsi18n/ HTTP/1.1" 200 7684
[2022-06-09 09:16:38,649] [basehttp.py:154] [basehttp:log_message] [INFO]- "GET /static/admin/img/tooltag-add.svg HTTP/1.1" 200 331
[2022-06-09 09:16:38,649] [basehttp.py:154] [basehttp:log_message] [INFO]- "GET /static/admin/img/sorting-icons.svg HTTP/1.1" 200 1097
[2022-06-09 09:16:38,716] [basehttp.py:154] [basehttp:log_message] [INFO]- "GET /favicon.ico HTTP/1.1" 302 0
[2022-06-09 09:16:38,732] [basehttp.py:154] [basehttp:log_message] [INFO]- "GET /login/ HTTP/1.1" 200 4677
[2022-06-09 09:16:43,513] [basehttp.py:154] [basehttp:log_message] [INFO]- "GET /CQM/CQMSeriv/ HTTP/1.1" 200 2
[2022-06-09 09:16:43,530] [basehttp.py:154] [basehttp:log_message] [INFO]- "GET /favicon.ico HTTP/1.1" 302 0
[2022-06-09 09:16:43,563] [basehttp.py:154] [basehttp:log_message] [INFO]- "GET /login/ HTTP/1.1" 200 4677
[2022-06-09 09:17:48,498] [basehttp.py:154] [basehttp:log_message] [INFO]- "GET /CQM/CQMSeriv/ HTTP/1.1" 200 2
[2022-06-09 09:17:48,581] [basehttp.py:154] [basehttp:log_message] [INFO]- "GET /favicon.ico HTTP/1.1" 302 0
[2022-06-09 09:17:48,600] [basehttp.py:154] [basehttp:log_message] [INFO]- "GET /login/ HTTP/1.1" 200 4677
[2022-06-09 09:19:38,568] [log.py:228] [log:log_response] [WARNING]- Unauthorized: /CQM/CQMSeriv/
[2022-06-09 09:19:38,569] [basehttp.py:154] [basehttp:log_message] [WARNING]- "GET /CQM/CQMSeriv/ HTTP/1.1" 401 5147
[2022-06-09 09:19:50,799] [log.py:228] [log:log_response] [WARNING]- Unauthorized: /CQM/CQMSeriv/
[2022-06-09 09:19:50,800] [basehttp.py:154] [basehttp:log_message] [WARNING]- "GET /CQM/CQMSeriv/ HTTP/1.1" 401 5147
[2022-06-09 09:21:26,164] [basehttp.py:154] [basehttp:log_message] [INFO]- "GET /CQM/CQMSeriv/ HTTP/1.1" 200 2
[2022-06-09 09:21:26,217] [basehttp.py:154] [basehttp:log_message] [INFO]- "GET /favicon.ico HTTP/1.1" 302 0
[2022-06-09 09:21:26,226] [basehttp.py:154] [basehttp:log_message] [INFO]- "GET /login/ HTTP/1.1" 200 4677
[2022-06-09 09:21:50,544] [basehttp.py:154] [basehttp:log_message] [INFO]- "GET /admin/auth/user/9/change/ HTTP/1.1" 302 0
[2022-06-09 09:21:50,693] [basehttp.py:154] [basehttp:log_message] [INFO]- "GET /admin/login/?next=/admin/auth/user/9/change/ HTTP/1.1" 200 1859
[2022-06-09 09:21:50,725] [basehttp.py:154] [basehttp:log_message] [INFO]- "GET /static/admin/css/base.css HTTP/1.1" 200 16225
[2022-06-09 09:21:50,727] [basehttp.py:154] [basehttp:log_message] [INFO]- "GET /static/admin/css/login.css HTTP/1.1" 200 1203
[2022-06-09 09:21:50,738] [basehttp.py:154] [basehttp:log_message] [INFO]- "GET /static/admin/css/responsive.css HTTP/1.1" 200 17976
[2022-06-09 09:21:50,746] [basehttp.py:154] [basehttp:log_message] [INFO]- "GET /static/admin/css/fonts.css HTTP/1.1" 200 423
[2022-06-09 09:21:50,805] [basehttp.py:154] [basehttp:log_message] [INFO]- "GET /favicon.ico HTTP/1.1" 302 0
[2022-06-09 09:21:50,807] [basehttp.py:154] [basehttp:log_message] [INFO]- "GET /static/admin/fonts/Roboto-Light-webfont.woff HTTP/1.1" 200 81348
[2022-06-09 09:21:50,807] [basehttp.py:154] [basehttp:log_message] [INFO]- "GET /static/admin/fonts/Roboto-Regular-webfont.woff HTTP/1.1" 200 80304
[2022-06-09 09:21:50,821] [basehttp.py:154] [basehttp:log_message] [INFO]- "GET /login/ HTTP/1.1" 200 4677
[2022-06-09 09:22:00,324] [UserIP.py:89] [UserIP:process_response] [CRITICAL]- 系统错误
[2022-06-09 09:22:00,330] [basehttp.py:154] [basehttp:log_message] [INFO]- "POST /admin/login/?next=/admin/auth/user/9/change/ HTTP/1.1" 302 0
[2022-06-09 09:22:00,596] [basehttp.py:154] [basehttp:log_message] [INFO]- "GET /admin/auth/user/9/change/ HTTP/1.1" 200 40769
[2022-06-09 09:22:00,610] [basehttp.py:154] [basehttp:log_message] [INFO]- "GET /static/admin/css/forms.css HTTP/1.1" 200 8505
[2022-06-09 09:22:00,618] [basehttp.py:154] [basehttp:log_message] [INFO]- "GET /static/admin/js/jquery.init.js HTTP/1.1" 200 363
[2022-06-09 09:22:00,622] [basehttp.py:154] [basehttp:log_message] [INFO]- "GET /static/admin/js/urlify.js HTTP/1.1" 200 8972
[2022-06-09 09:22:00,624] [basehttp.py:154] [basehttp:log_message] [INFO]- "GET /static/admin/js/prepopulate.js HTTP/1.1" 200 1530
[2022-06-09 09:22:00,631] [basehttp.py:154] [basehttp:log_message] [INFO]- "GET /static/admin/js/vendor/xregexp/xregexp.js HTTP/1.1" 200 128820
[2022-06-09 09:22:00,633] [basehttp.py:154] [basehttp:log_message] [INFO]- "GET /static/admin/js/SelectBox.js HTTP/1.1" 200 5755
[2022-06-09 09:22:00,635] [basehttp.py:154] [basehttp:log_message] [INFO]- "GET /static/admin/js/SelectFilter2.js HTTP/1.1" 200 12712
[2022-06-09 09:22:00,637] [basehttp.py:154] [basehttp:log_message] [INFO]- "GET /static/admin/js/calendar.js HTTP/1.1" 200 7777
[2022-06-09 09:22:00,639] [basehttp.py:154] [basehttp:log_message] [INFO]- "GET /static/admin/css/widgets.css HTTP/1.1" 200 10340
[2022-06-09 09:22:00,640] [basehttp.py:154] [basehttp:log_message] [INFO]- "GET /static/admin/js/admin/DateTimeShortcuts.js HTTP/1.1" 200 20281
[2022-06-09 09:22:00,650] [basehttp.py:154] [basehttp:log_message] [INFO]- "GET /admin/jsi18n/ HTTP/1.1" 200 7684
[2022-06-09 09:22:00,656] [basehttp.py:154] [basehttp:log_message] [INFO]- "GET /static/admin/js/vendor/jquery/jquery.js HTTP/1.1" 200 271751
[2022-06-09 09:22:00,664] [basehttp.py:154] [basehttp:log_message] [INFO]- "GET /static/admin/js/core.js HTTP/1.1" 200 7135
[2022-06-09 09:22:00,670] [basehttp.py:154] [basehttp:log_message] [INFO]- "GET /static/admin/js/admin/RelatedObjectLookups.js HTTP/1.1" 200 6918
[2022-06-09 09:22:00,674] [basehttp.py:154] [basehttp:log_message] [INFO]- "GET /static/admin/js/change_form.js HTTP/1.1" 200 712
[2022-06-09 09:22:00,674] [basehttp.py:154] [basehttp:log_message] [INFO]- "GET /static/admin/js/actions.js HTTP/1.1" 200 6538
[2022-06-09 09:22:00,678] [basehttp.py:154] [basehttp:log_message] [INFO]- "GET /static/admin/js/prepopulate_init.js HTTP/1.1" 200 495
[2022-06-09 09:22:00,679] [basehttp.py:154] [basehttp:log_message] [INFO]- "GET /static/admin/img/icon-addlink.svg HTTP/1.1" 200 331
[2022-06-09 09:22:00,787] [basehttp.py:154] [basehttp:log_message] [INFO]- "GET /static/admin/fonts/Roboto-Bold-webfont.woff HTTP/1.1" 200 82564
[2022-06-09 09:22:00,908] [basehttp.py:154] [basehttp:log_message] [INFO]- "GET /static/admin/img/icon-unknown.svg HTTP/1.1" 200 655
[2022-06-09 09:22:00,921] [basehttp.py:154] [basehttp:log_message] [INFO]- "GET /static/admin/img/search.svg HTTP/1.1" 200 458
[2022-06-09 09:22:00,923] [basehttp.py:154] [basehttp:log_message] [INFO]- "GET /static/admin/img/selector-icons.svg HTTP/1.1" 200 3291
[2022-06-09 09:22:00,929] [basehttp.py:154] [basehttp:log_message] [INFO]- "GET /static/admin/img/icon-calendar.svg HTTP/1.1" 200 1086
[2022-06-09 09:22:00,929] [basehttp.py:154] [basehttp:log_message] [INFO]- "GET /static/admin/img/icon-unknown-alt.svg HTTP/1.1" 200 655
[2022-06-09 09:22:00,931] [basehttp.py:154] [basehttp:log_message] [INFO]- "GET /static/admin/img/icon-clock.svg HTTP/1.1" 200 677
[2022-06-09 09:22:00,984] [basehttp.py:154] [basehttp:log_message] [INFO]- "GET /favicon.ico HTTP/1.1" 302 0
[2022-06-09 09:22:01,006] [basehttp.py:154] [basehttp:log_message] [INFO]- "GET /login/ HTTP/1.1" 200 4677
[2022-06-09 09:23:21,596] [basehttp.py:154] [basehttp:log_message] [INFO]- "GET /admin/login/?next=/admin/auth/user/9/change/ HTTP/1.1" 302 0
[2022-06-09 09:23:21,823] [basehttp.py:154] [basehttp:log_message] [INFO]- "GET /admin/ HTTP/1.1" 200 43850
[2022-06-09 09:23:21,838] [basehttp.py:154] [basehttp:log_message] [INFO]- "GET /static/admin/css/dashboard.css HTTP/1.1" 200 412
[2022-06-09 09:23:21,849] [basehttp.py:154] [basehttp:log_message] [INFO]- "GET /static/admin/img/icon-changelink.svg HTTP/1.1" 200 380
[2022-06-09 09:23:21,906] [basehttp.py:154] [basehttp:log_message] [INFO]- "GET /favicon.ico HTTP/1.1" 302 0
[2022-06-09 09:23:21,919] [basehttp.py:154] [basehttp:log_message] [INFO]- "GET /login/ HTTP/1.1" 200 4677
[2022-06-09 09:23:26,427] [basehttp.py:154] [basehttp:log_message] [INFO]- "GET /CQM/CQMSeriv/ HTTP/1.1" 200 2
[2022-06-09 09:23:26,453] [basehttp.py:154] [basehttp:log_message] [INFO]- "GET /favicon.ico HTTP/1.1" 302 0
[2022-06-09 09:23:26,472] [basehttp.py:154] [basehttp:log_message] [INFO]- "GET /login/ HTTP/1.1" 200 4677
[2022-06-09 12:49:24,755] [basehttp.py:154] [basehttp:log_message] [INFO]- "GET /CQM/CQMSeriv/ HTTP/1.1" 200 2
[2022-06-09 12:49:24,890] [basehttp.py:154] [basehttp:log_message] [INFO]- "GET /favicon.ico HTTP/1.1" 302 0
[2022-06-09 12:49:24,923] [basehttp.py:154] [basehttp:log_message] [INFO]- "GET /login/ HTTP/1.1" 200 4677
[2022-06-09 13:19:26,596] [basehttp.py:154] [basehttp:log_message] [INFO]- "GET /CQM/CQMSeriv/ HTTP/1.1" 200 2
[2022-06-09 13:19:26,682] [basehttp.py:154] [basehttp:log_message] [INFO]- "GET /favicon.ico HTTP/1.1" 302 0
[2022-06-09 13:19:26,717] [basehttp.py:154] [basehttp:log_message] [INFO]- "GET /login/ HTTP/1.1" 200 4677
[2022-06-09 13:20:57,407] [basehttp.py:154] [basehttp:log_message] [INFO]- "GET /CQM/CQMSeriv/ HTTP/1.1" 200 2
[2022-06-09 13:20:57,497] [basehttp.py:154] [basehttp:log_message] [INFO]- "GET /favicon.ico HTTP/1.1" 302 0
[2022-06-09 13:20:57,519] [basehttp.py:154] [basehttp:log_message] [INFO]- "GET /login/ HTTP/1.1" 200 4677
[2022-06-09 13:51:25,481] [basehttp.py:154] [basehttp:log_message] [INFO]- "GET / HTTP/1.1" 302 0
[2022-06-09 13:51:25,570] [basehttp.py:154] [basehttp:log_message] [INFO]- "GET /login/ HTTP/1.1" 200 4677
[2022-06-09 13:51:25,635] [basehttp.py:154] [basehttp:log_message] [INFO]- "GET /static/css/sb-admin.css HTTP/1.1" 200 214832
[2022-06-09 13:51:25,637] [basehttp.py:154] [basehttp:log_message] [INFO]- "GET /static/vendor/jquery-easing/jquery.easing.min.js HTTP/1.1" 200 2532
[2022-06-09 13:51:25,639] [basehttp.py:154] [basehttp:log_message] [INFO]- "GET /static/vendor/fontawesome-free/css/all.min.css HTTP/1.1" 200 54641
[2022-06-09 13:51:25,648] [basehttp.py:154] [basehttp:log_message] [INFO]- "GET /static/css/test1.css HTTP/1.1" 200 29531
[2022-06-09 13:51:25,661] [basehttp.py:154] [basehttp:log_message] [INFO]- "GET /static/css/bootstrap.min.css HTTP/1.1" 200 144877
[2022-06-09 13:51:25,666] [basehttp.py:154] [basehttp:log_message] [INFO]- "GET /static/vendor/bootstrap/js/bootstrap.bundle.min.js HTTP/1.1" 200 76308
[2022-06-09 13:51:25,670] [basehttp.py:154] [basehttp:log_message] [INFO]- "GET /static/vendor/jquery/jquery.min.js HTTP/1.1" 200 86927
[2022-06-09 13:51:25,682] [basehttp.py:154] [basehttp:log_message] [INFO]- "GET /static/src/ocean.jpg HTTP/1.1" 200 128450
[2022-06-09 13:51:25,887] [basehttp.py:154] [basehttp:log_message] [INFO]- "GET /favicon.ico HTTP/1.1" 302 0
[2022-06-09 13:51:25,903] [basehttp.py:154] [basehttp:log_message] [INFO]- "GET /login/ HTTP/1.1" 200 4677
[2022-06-09 13:51:35,556] [basehttp.py:154] [basehttp:log_message] [INFO]- "GET /admin/app01/userinfo/ HTTP/1.1" 302 0
[2022-06-09 13:51:35,722] [basehttp.py:154] [basehttp:log_message] [INFO]- "GET /admin/login/?next=/admin/app01/userinfo/ HTTP/1.1" 200 1851
[2022-06-09 13:51:35,742] [basehttp.py:154] [basehttp:log_message] [INFO]- "GET /static/admin/css/login.css HTTP/1.1" 200 1203
[2022-06-09 13:51:35,743] [basehttp.py:154] [basehttp:log_message] [INFO]- "GET /static/admin/css/base.css HTTP/1.1" 200 16225
[2022-06-09 13:51:35,744] [basehttp.py:154] [basehttp:log_message] [INFO]- "GET /static/admin/css/responsive.css HTTP/1.1" 200 17976
[2022-06-09 13:51:35,748] [basehttp.py:154] [basehttp:log_message] [INFO]- "GET /static/admin/css/fonts.css HTTP/1.1" 200 423
[2022-06-09 13:51:35,767] [basehttp.py:154] [basehttp:log_message] [INFO]- "GET /static/admin/fonts/Roboto-Light-webfont.woff HTTP/1.1" 200 81348
[2022-06-09 13:51:35,768] [basehttp.py:154] [basehttp:log_message] [INFO]- "GET /favicon.ico HTTP/1.1" 302 0
[2022-06-09 13:51:35,781] [basehttp.py:154] [basehttp:log_message] [INFO]- "GET /static/admin/fonts/Roboto-Regular-webfont.woff HTTP/1.1" 200 80304
[2022-06-09 13:51:35,816] [basehttp.py:154] [basehttp:log_message] [INFO]- "GET /login/ HTTP/1.1" 200 4677
[2022-06-09 13:51:45,362] [UserIP.py:89] [UserIP:process_response] [CRITICAL]- 系统错误
[2022-06-09 13:51:45,366] [basehttp.py:154] [basehttp:log_message] [INFO]- "POST /admin/login/?next=/admin/app01/userinfo/ HTTP/1.1" 302 0
[2022-06-09 13:51:45,715] [basehttp.py:154] [basehttp:log_message] [INFO]- "GET /admin/app01/userinfo/ HTTP/1.1" 200 56932
[2022-06-09 13:51:45,731] [basehttp.py:154] [basehttp:log_message] [INFO]- "GET /static/admin/css/changelists.css HTTP/1.1" 200 6170
[2022-06-09 13:51:45,741] [basehttp.py:154] [basehttp:log_message] [INFO]- "GET /static/admin/js/vendor/jquery/jquery.js HTTP/1.1" 200 271751
[2022-06-09 13:51:45,750] [basehttp.py:154] [basehttp:log_message] [INFO]- "GET /admin/jsi18n/ HTTP/1.1" 200 7684
[2022-06-09 13:51:45,753] [basehttp.py:154] [basehttp:log_message] [INFO]- "GET /static/admin/js/jquery.init.js HTTP/1.1" 200 363
[2022-06-09 13:51:45,762] [basehttp.py:154] [basehttp:log_message] [INFO]- "GET /static/admin/js/actions.js HTTP/1.1" 200 6538
[2022-06-09 13:51:45,764] [basehttp.py:154] [basehttp:log_message] [INFO]- "GET /static/admin/js/core.js HTTP/1.1" 200 7135
[2022-06-09 13:51:45,778] [basehttp.py:154] [basehttp:log_message] [INFO]- "GET /static/admin/js/admin/RelatedObjectLookups.js HTTP/1.1" 200 6918
[2022-06-09 13:51:45,780] [basehttp.py:154] [basehttp:log_message] [INFO]- "GET /static/admin/js/urlify.js HTTP/1.1" 200 8972
[2022-06-09 13:51:45,790] [basehttp.py:154] [basehttp:log_message] [INFO]- "GET /static/admin/js/prepopulate.js HTTP/1.1" 200 1530
[2022-06-09 13:51:45,790] [basehttp.py:154] [basehttp:log_message] [INFO]- "GET /static/admin/js/vendor/xregexp/xregexp.js HTTP/1.1" 200 128820
[2022-06-09 13:51:45,818] [basehttp.py:154] [basehttp:log_message] [INFO]- "GET /static/admin/img/search.svg HTTP/1.1" 200 458
[2022-06-09 13:51:45,821] [basehttp.py:154] [basehttp:log_message] [INFO]- "GET /static/admin/img/tooltag-add.svg HTTP/1.1" 200 331
[2022-06-09 13:51:45,859] [basehttp.py:154] [basehttp:log_message] [INFO]- "GET /static/admin/fonts/Roboto-Bold-webfont.woff HTTP/1.1" 200 82564
[2022-06-09 13:51:45,861] [basehttp.py:154] [basehttp:log_message] [INFO]- "GET /static/admin/img/sorting-icons.svg HTTP/1.1" 200 1097
[2022-06-09 13:51:46,005] [basehttp.py:154] [basehttp:log_message] [INFO]- "GET /favicon.ico HTTP/1.1" 302 0
[2022-06-09 13:51:46,025] [basehttp.py:154] [basehttp:log_message] [INFO]- "GET /login/ HTTP/1.1" 200 4677
[2022-06-09 13:52:03,967] [log.py:228] [log:log_response] [WARNING]- Unauthorized: /CQM/CQMSeriv/
[2022-06-09 13:52:03,967] [basehttp.py:154] [basehttp:log_message] [WARNING]- "GET /CQM/CQMSeriv/ HTTP/1.1" 401 5147
[2022-06-09 13:52:10,121] [log.py:228] [log:log_response] [WARNING]- Unauthorized: /CQM/CQMSeriv/
[2022-06-09 13:52:10,122] [basehttp.py:154] [basehttp:log_message] [WARNING]- "GET /CQM/CQMSeriv/ HTTP/1.1" 401 5147
[2022-06-09 13:54:05,209] [log.py:228] [log:log_response] [WARNING]- Unauthorized: /CQM/CQMSeriv/
[2022-06-09 13:54:05,210] [basehttp.py:154] [basehttp:log_message] [WARNING]- "GET /CQM/CQMSeriv/ HTTP/1.1" 401 5147
[2022-06-09 13:54:11,088] [log.py:228] [log:log_response] [ERROR]- Internal Server Error: /CQM/CQMSeriv/
Traceback (most recent call last):
  File "C:\Python372\mecheck\lib\site-packages\rest_framework\request.py", line 74, in wrap_attributeerrors
    yield
  File "C:\Python372\mecheck\lib\site-packages\rest_framework\request.py", line 220, in user
    self._authenticate()
  File "C:\Python372\mecheck\lib\site-packages\rest_framework\request.py", line 373, in _authenticate
    user_auth_tuple = authenticator.authenticate(self)
  File "C:\djangoproject\Reliability_Row_data\CQM\views.py", line 1175, in authenticate
    return self.authenticate_credentials(userid, password, request)
  File "C:\djangoproject\Reliability_Row_data\CQM\views.py", line 1187, in authenticate_credentials
    user = authenticate(request=request, **credentials)
  File "C:\Python372\mecheck\lib\site-packages\django\contrib\auth\__init__.py", line 68, in authenticate
    inspect.getcallargs(backend.authenticate, request, **credentials)
AttributeError: 'UserInfo' object has no attribute 'authenticate'

During handling of the above exception, another exception occurred:

Traceback (most recent call last):
  File "C:\Python372\mecheck\lib\site-packages\django\core\handlers\exception.py", line 34, in inner
    response = get_response(request)
  File "C:\Python372\mecheck\lib\site-packages\django\core\handlers\base.py", line 126, in _get_response
    response = self.process_exception_by_middleware(e, request)
  File "C:\Python372\mecheck\lib\site-packages\django\core\handlers\base.py", line 124, in _get_response
    response = wrapped_callback(request, *callback_args, **callback_kwargs)
  File "C:\Python372\mecheck\lib\site-packages\django\views\decorators\csrf.py", line 54, in wrapped_view
    return view_func(*args, **kwargs)
  File "C:\Python372\mecheck\lib\site-packages\django\views\generic\base.py", line 68, in view
    return self.dispatch(request, *args, **kwargs)
  File "C:\Python372\mecheck\lib\site-packages\rest_framework\views.py", line 505, in dispatch
    response = self.handle_exception(exc)
  File "C:\Python372\mecheck\lib\site-packages\rest_framework\views.py", line 465, in handle_exception
    self.raise_uncaught_exception(exc)
  File "C:\Python372\mecheck\lib\site-packages\rest_framework\views.py", line 476, in raise_uncaught_exception
    raise exc
  File "C:\Python372\mecheck\lib\site-packages\rest_framework\views.py", line 493, in dispatch
    self.initial(request, *args, **kwargs)
  File "C:\Python372\mecheck\lib\site-packages\rest_framework\views.py", line 410, in initial
    self.perform_authentication(request)
  File "C:\Python372\mecheck\lib\site-packages\rest_framework\views.py", line 324, in perform_authentication
    request.user
  File "C:\Python372\mecheck\lib\site-packages\rest_framework\request.py", line 220, in user
    self._authenticate()
  File "C:\Python372\lib\contextlib.py", line 130, in __exit__
    self.gen.throw(type, value, traceback)
  File "C:\Python372\mecheck\lib\site-packages\rest_framework\request.py", line 78, in wrap_attributeerrors
    raise exc.with_traceback(info[2])
  File "C:\Python372\mecheck\lib\site-packages\rest_framework\request.py", line 74, in wrap_attributeerrors
    yield
  File "C:\Python372\mecheck\lib\site-packages\rest_framework\request.py", line 220, in user
    self._authenticate()
  File "C:\Python372\mecheck\lib\site-packages\rest_framework\request.py", line 373, in _authenticate
    user_auth_tuple = authenticator.authenticate(self)
  File "C:\djangoproject\Reliability_Row_data\CQM\views.py", line 1175, in authenticate
    return self.authenticate_credentials(userid, password, request)
  File "C:\djangoproject\Reliability_Row_data\CQM\views.py", line 1187, in authenticate_credentials
    user = authenticate(request=request, **credentials)
  File "C:\Python372\mecheck\lib\site-packages\django\contrib\auth\__init__.py", line 68, in authenticate
    inspect.getcallargs(backend.authenticate, request, **credentials)
rest_framework.request.WrappedAttributeError: 'UserInfo' object has no attribute 'authenticate'
[2022-06-09 13:54:11,096] [basehttp.py:154] [basehttp:log_message] [ERROR]- "GET /CQM/CQMSeriv/ HTTP/1.1" 500 168988
[2022-06-09 13:54:11,275] [basehttp.py:154] [basehttp:log_message] [INFO]- "GET /favicon.ico HTTP/1.1" 302 0
[2022-06-09 13:54:11,290] [basehttp.py:154] [basehttp:log_message] [INFO]- "GET /login/ HTTP/1.1" 200 4677
[2022-06-09 13:54:40,817] [log.py:228] [log:log_response] [WARNING]- Unauthorized: /CQM/CQMSeriv/
[2022-06-09 13:54:40,818] [basehttp.py:154] [basehttp:log_message] [WARNING]- "GET /CQM/CQMSeriv/ HTTP/1.1" 401 5147
[2022-06-09 13:54:43,281] [log.py:228] [log:log_response] [WARNING]- Unauthorized: /CQM/CQMSeriv/
[2022-06-09 13:54:43,281] [basehttp.py:154] [basehttp:log_message] [WARNING]- "GET /CQM/CQMSeriv/ HTTP/1.1" 401 5147
[2022-06-09 13:54:43,344] [basehttp.py:154] [basehttp:log_message] [INFO]- "GET /static/rest_framework/css/bootstrap-tweaks.css HTTP/1.1" 200 3385
[2022-06-09 13:54:43,345] [basehttp.py:154] [basehttp:log_message] [INFO]- "GET /static/rest_framework/css/bootstrap.min.css HTTP/1.1" 200 121457
[2022-06-09 13:54:43,351] [basehttp.py:154] [basehttp:log_message] [INFO]- "GET /static/rest_framework/js/csrf.js HTTP/1.1" 200 1719
[2022-06-09 13:54:43,351] [basehttp.py:154] [basehttp:log_message] [INFO]- "GET /static/rest_framework/js/bootstrap.min.js HTTP/1.1" 200 39680
[2022-06-09 13:54:43,353] [basehttp.py:154] [basehttp:log_message] [INFO]- "GET /static/rest_framework/css/default.css HTTP/1.1" 200 1131
[2022-06-09 13:54:43,358] [basehttp.py:154] [basehttp:log_message] [INFO]- "GET /static/rest_framework/js/default.js HTTP/1.1" 200 1268
[2022-06-09 13:54:43,359] [basehttp.py:154] [basehttp:log_message] [INFO]- "GET /static/rest_framework/js/prettify-min.js HTTP/1.1" 200 13632
[2022-06-09 13:54:43,359] [basehttp.py:154] [basehttp:log_message] [INFO]- "GET /static/rest_framework/js/jquery-3.4.1.min.js HTTP/1.1" 200 88145
[2022-06-09 13:54:43,360] [basehttp.py:154] [basehttp:log_message] [INFO]- "GET /static/rest_framework/css/prettify.css HTTP/1.1" 200 817
[2022-06-09 13:54:43,361] [basehttp.py:154] [basehttp:log_message] [INFO]- "GET /static/rest_framework/js/ajax-form.js HTTP/1.1" 200 3597
[2022-06-09 13:54:43,381] [basehttp.py:154] [basehttp:log_message] [INFO]- "GET /static/rest_framework/img/grid.png HTTP/1.1" 200 1458
[2022-06-09 13:54:43,488] [basehttp.py:154] [basehttp:log_message] [INFO]- "GET /favicon.ico HTTP/1.1" 302 0
[2022-06-09 13:54:43,504] [basehttp.py:154] [basehttp:log_message] [INFO]- "GET /login/ HTTP/1.1" 200 4677
[2022-06-09 14:01:39,848] [basehttp.py:154] [basehttp:log_message] [INFO]- "GET /admin/login/?next=/admin/app01/userinfo/ HTTP/1.1" 302 0
[2022-06-09 14:01:40,139] [basehttp.py:154] [basehttp:log_message] [INFO]- "GET /admin/ HTTP/1.1" 200 43850
[2022-06-09 14:01:40,155] [basehttp.py:154] [basehttp:log_message] [INFO]- "GET /static/admin/css/dashboard.css HTTP/1.1" 200 412
[2022-06-09 14:01:40,162] [basehttp.py:154] [basehttp:log_message] [INFO]- "GET /static/admin/img/icon-addlink.svg HTTP/1.1" 200 331
[2022-06-09 14:01:40,162] [basehttp.py:154] [basehttp:log_message] [INFO]- "GET /static/admin/img/icon-changelink.svg HTTP/1.1" 200 380
[2022-06-09 14:01:40,203] [basehttp.py:154] [basehttp:log_message] [INFO]- "GET /favicon.ico HTTP/1.1" 302 0
[2022-06-09 14:01:40,212] [basehttp.py:154] [basehttp:log_message] [INFO]- "GET /login/ HTTP/1.1" 200 4677
[2022-06-09 14:01:50,153] [basehttp.py:154] [basehttp:log_message] [INFO]- "GET /admin/auth/user/ HTTP/1.1" 200 10996
[2022-06-09 14:01:50,191] [basehttp.py:154] [basehttp:log_message] [INFO]- "GET /admin/jsi18n/ HTTP/1.1" 200 7684
[2022-06-09 14:01:50,205] [basehttp.py:154] [basehttp:log_message] [INFO]- "GET /static/admin/img/icon-yes.svg HTTP/1.1" 200 436
[2022-06-09 14:01:50,276] [basehttp.py:154] [basehttp:log_message] [INFO]- "GET /favicon.ico HTTP/1.1" 302 0
[2022-06-09 14:01:50,290] [basehttp.py:154] [basehttp:log_message] [INFO]- "GET /login/ HTTP/1.1" 200 4677
[2022-06-09 14:01:54,677] [basehttp.py:154] [basehttp:log_message] [INFO]- "GET /admin/auth/user/2/change/ HTTP/1.1" 200 40866
[2022-06-09 14:01:54,687] [basehttp.py:154] [basehttp:log_message] [INFO]- "GET /static/admin/css/forms.css HTTP/1.1" 200 8505
[2022-06-09 14:01:54,693] [basehttp.py:154] [basehttp:log_message] [INFO]- "GET /static/admin/js/SelectBox.js HTTP/1.1" 200 5755
[2022-06-09 14:01:54,695] [basehttp.py:154] [basehttp:log_message] [INFO]- "GET /static/admin/css/widgets.css HTTP/1.1" 200 10340
[2022-06-09 14:01:54,700] [basehttp.py:154] [basehttp:log_message] [INFO]- "GET /static/admin/js/SelectFilter2.js HTTP/1.1" 200 12712
[2022-06-09 14:01:54,700] [basehttp.py:154] [basehttp:log_message] [INFO]- "GET /static/admin/js/calendar.js HTTP/1.1" 200 7777
[2022-06-09 14:01:54,701] [basehttp.py:154] [basehttp:log_message] [INFO]- "GET /static/admin/js/admin/DateTimeShortcuts.js HTTP/1.1" 200 20281
[2022-06-09 14:01:54,702] [basehttp.py:154] [basehttp:log_message] [INFO]- "GET /admin/jsi18n/ HTTP/1.1" 200 7684
[2022-06-09 14:01:54,704] [basehttp.py:154] [basehttp:log_message] [INFO]- "GET /static/admin/js/change_form.js HTTP/1.1" 200 712
[2022-06-09 14:01:54,705] [basehttp.py:154] [basehttp:log_message] [INFO]- "GET /static/admin/js/prepopulate_init.js HTTP/1.1" 200 495
[2022-06-09 14:01:54,731] [basehttp.py:154] [basehttp:log_message] [INFO]- "GET /static/admin/img/icon-unknown.svg HTTP/1.1" 200 655
[2022-06-09 14:01:54,732] [basehttp.py:154] [basehttp:log_message] [INFO]- "GET /static/admin/img/selector-icons.svg HTTP/1.1" 200 3291
[2022-06-09 14:01:54,732] [basehttp.py:154] [basehttp:log_message] [INFO]- "GET /static/admin/img/icon-unknown-alt.svg HTTP/1.1" 200 655
[2022-06-09 14:01:54,755] [basehttp.py:154] [basehttp:log_message] [INFO]- "GET /static/admin/img/icon-calendar.svg HTTP/1.1" 200 1086
[2022-06-09 14:01:54,756] [basehttp.py:154] [basehttp:log_message] [INFO]- "GET /static/admin/img/icon-clock.svg HTTP/1.1" 200 677
[2022-06-09 14:01:54,787] [basehttp.py:154] [basehttp:log_message] [INFO]- "GET /favicon.ico HTTP/1.1" 302 0
[2022-06-09 14:01:54,795] [basehttp.py:154] [basehttp:log_message] [INFO]- "GET /login/ HTTP/1.1" 200 4677
[2022-06-09 14:04:57,371] [log.py:228] [log:log_response] [WARNING]- Forbidden: /CQM/CQMSeriv/
[2022-06-09 14:04:57,371] [basehttp.py:154] [basehttp:log_message] [WARNING]- "GET /CQM/CQMSeriv/ HTTP/1.1" 403 5013
[2022-06-09 14:04:57,494] [basehttp.py:154] [basehttp:log_message] [INFO]- "GET /favicon.ico HTTP/1.1" 302 0
[2022-06-09 14:04:57,514] [basehttp.py:154] [basehttp:log_message] [INFO]- "GET /login/ HTTP/1.1" 200 4677
[2022-06-09 14:04:59,261] [log.py:228] [log:log_response] [WARNING]- Forbidden: /CQM/CQMSeriv/
[2022-06-09 14:04:59,262] [basehttp.py:154] [basehttp:log_message] [WARNING]- "GET /CQM/CQMSeriv/ HTTP/1.1" 403 5013
[2022-06-09 14:04:59,329] [basehttp.py:154] [basehttp:log_message] [INFO]- "GET /favicon.ico HTTP/1.1" 302 0
[2022-06-09 14:04:59,345] [basehttp.py:154] [basehttp:log_message] [INFO]- "GET /login/ HTTP/1.1" 200 4677
[2022-06-09 14:04:59,522] [log.py:228] [log:log_response] [WARNING]- Forbidden: /CQM/CQMSeriv/
[2022-06-09 14:04:59,522] [basehttp.py:154] [basehttp:log_message] [WARNING]- "GET /CQM/CQMSeriv/ HTTP/1.1" 403 5013
[2022-06-09 14:04:59,588] [basehttp.py:154] [basehttp:log_message] [INFO]- "GET /favicon.ico HTTP/1.1" 302 0
[2022-06-09 14:04:59,600] [basehttp.py:154] [basehttp:log_message] [INFO]- "GET /login/ HTTP/1.1" 200 4677
[2022-06-09 14:05:00,361] [log.py:228] [log:log_response] [WARNING]- Forbidden: /CQM/CQMSeriv/
[2022-06-09 14:05:00,362] [basehttp.py:154] [basehttp:log_message] [WARNING]- "GET /CQM/CQMSeriv/ HTTP/1.1" 403 5013
[2022-06-09 14:05:00,760] [basehttp.py:154] [basehttp:log_message] [INFO]- "GET /favicon.ico HTTP/1.1" 302 0
[2022-06-09 14:05:00,788] [log.py:228] [log:log_response] [WARNING]- Forbidden: /CQM/CQMSeriv/
[2022-06-09 14:05:00,788] [basehttp.py:154] [basehttp:log_message] [WARNING]- "GET /CQM/CQMSeriv/ HTTP/1.1" 403 5013
[2022-06-09 14:05:00,804] [basehttp.py:154] [basehttp:log_message] [INFO]- "GET /login/ HTTP/1.1" 200 4677
[2022-06-09 14:05:00,806] [basehttp.py:154] [basehttp:log_message] [ERROR]- "GET /login/ HTTP/1.1" 500 59
[2022-06-09 14:05:00,863] [basehttp.py:154] [basehttp:log_message] [INFO]- "GET /favicon.ico HTTP/1.1" 302 0
[2022-06-09 14:05:00,887] [basehttp.py:154] [basehttp:log_message] [INFO]- "GET /login/ HTTP/1.1" 200 4677
[2022-06-09 14:05:01,073] [log.py:228] [log:log_response] [WARNING]- Forbidden: /CQM/CQMSeriv/
[2022-06-09 14:05:01,073] [basehttp.py:154] [basehttp:log_message] [WARNING]- "GET /CQM/CQMSeriv/ HTTP/1.1" 403 5013
[2022-06-09 14:05:01,128] [basehttp.py:154] [basehttp:log_message] [INFO]- "GET /favicon.ico HTTP/1.1" 302 0
[2022-06-09 14:05:01,154] [basehttp.py:154] [basehttp:log_message] [INFO]- "GET /login/ HTTP/1.1" 200 4677
[2022-06-09 14:05:01,288] [log.py:228] [log:log_response] [WARNING]- Forbidden: /CQM/CQMSeriv/
[2022-06-09 14:05:01,288] [basehttp.py:154] [basehttp:log_message] [WARNING]- "GET /CQM/CQMSeriv/ HTTP/1.1" 403 5013
[2022-06-09 14:05:01,327] [basehttp.py:154] [basehttp:log_message] [INFO]- "GET /favicon.ico HTTP/1.1" 302 0
[2022-06-09 14:05:01,342] [basehttp.py:154] [basehttp:log_message] [INFO]- "GET /login/ HTTP/1.1" 200 4677
[2022-06-09 14:05:01,592] [log.py:228] [log:log_response] [WARNING]- Forbidden: /CQM/CQMSeriv/
[2022-06-09 14:05:01,592] [basehttp.py:154] [basehttp:log_message] [WARNING]- "GET /CQM/CQMSeriv/ HTTP/1.1" 403 5013
[2022-06-09 14:05:01,634] [basehttp.py:154] [basehttp:log_message] [INFO]- "GET /favicon.ico HTTP/1.1" 302 0
[2022-06-09 14:05:01,651] [basehttp.py:154] [basehttp:log_message] [INFO]- "GET /login/ HTTP/1.1" 200 4677
[2022-06-09 14:05:01,902] [log.py:228] [log:log_response] [WARNING]- Forbidden: /CQM/CQMSeriv/
[2022-06-09 14:05:01,903] [basehttp.py:154] [basehttp:log_message] [WARNING]- "GET /CQM/CQMSeriv/ HTTP/1.1" 403 5013
[2022-06-09 14:05:01,989] [basehttp.py:154] [basehttp:log_message] [INFO]- "GET /favicon.ico HTTP/1.1" 302 0
[2022-06-09 14:05:02,006] [basehttp.py:154] [basehttp:log_message] [INFO]- "GET /login/ HTTP/1.1" 200 4677
[2022-06-09 14:05:02,262] [log.py:228] [log:log_response] [WARNING]- Forbidden: /CQM/CQMSeriv/
[2022-06-09 14:05:02,265] [basehttp.py:154] [basehttp:log_message] [WARNING]- "GET /CQM/CQMSeriv/ HTTP/1.1" 403 5013
[2022-06-09 14:05:02,312] [basehttp.py:154] [basehttp:log_message] [INFO]- "GET /favicon.ico HTTP/1.1" 302 0
[2022-06-09 14:05:02,335] [basehttp.py:154] [basehttp:log_message] [INFO]- "GET /login/ HTTP/1.1" 200 4677
[2022-06-09 14:05:03,310] [log.py:228] [log:log_response] [WARNING]- Forbidden: /CQM/CQMSeriv/
[2022-06-09 14:05:03,310] [basehttp.py:154] [basehttp:log_message] [WARNING]- "GET /CQM/CQMSeriv/ HTTP/1.1" 403 5013
[2022-06-09 14:05:03,432] [basehttp.py:154] [basehttp:log_message] [INFO]- "GET /favicon.ico HTTP/1.1" 302 0
[2022-06-09 14:05:03,452] [basehttp.py:154] [basehttp:log_message] [INFO]- "GET /login/ HTTP/1.1" 200 4677
[2022-06-09 14:20:30,368] [log.py:228] [log:log_response] [WARNING]- Forbidden: /CQM/CQMSeriv/
[2022-06-09 14:20:30,368] [basehttp.py:154] [basehttp:log_message] [WARNING]- "GET /CQM/CQMSeriv/ HTTP/1.1" 403 5013
[2022-06-09 14:20:30,468] [basehttp.py:154] [basehttp:log_message] [INFO]- "GET /favicon.ico HTTP/1.1" 302 0
[2022-06-09 14:20:30,554] [basehttp.py:154] [basehttp:log_message] [INFO]- "GET /login/ HTTP/1.1" 200 4677
[2022-06-10 08:23:43,903] [log.py:228] [log:log_response] [WARNING]- Forbidden: /CQM/CQMSeriv/
[2022-06-10 08:23:43,907] [basehttp.py:154] [basehttp:log_message] [WARNING]- "GET /CQM/CQMSeriv/ HTTP/1.1" 403 5013
[2022-06-10 08:23:44,071] [basehttp.py:154] [basehttp:log_message] [INFO]- "GET /favicon.ico HTTP/1.1" 302 0
[2022-06-10 08:23:44,080] [basehttp.py:154] [basehttp:log_message] [INFO]- "GET /login/ HTTP/1.1" 200 4677
[2022-06-10 08:24:35,357] [log.py:228] [log:log_response] [WARNING]- Forbidden: /CQM/CQMSeriv/
[2022-06-10 08:24:35,358] [basehttp.py:154] [basehttp:log_message] [WARNING]- "GET /CQM/CQMSeriv/ HTTP/1.1" 403 5013
[2022-06-10 08:24:35,382] [basehttp.py:154] [basehttp:log_message] [INFO]- "GET /static/rest_framework/css/bootstrap-tweaks.css HTTP/1.1" 200 3385
[2022-06-10 08:24:35,383] [basehttp.py:154] [basehttp:log_message] [INFO]- "GET /static/rest_framework/css/bootstrap.min.css HTTP/1.1" 200 121457
[2022-06-10 08:24:35,387] [basehttp.py:154] [basehttp:log_message] [INFO]- "GET /static/rest_framework/js/csrf.js HTTP/1.1" 200 1719
[2022-06-10 08:24:35,387] [basehttp.py:154] [basehttp:log_message] [INFO]- "GET /static/rest_framework/js/bootstrap.min.js HTTP/1.1" 200 39680
[2022-06-10 08:24:35,406] [basehttp.py:154] [basehttp:log_message] [INFO]- "GET /static/rest_framework/css/prettify.css HTTP/1.1" 200 817
[2022-06-10 08:24:35,410] [basehttp.py:154] [basehttp:log_message] [INFO]- "GET /static/rest_framework/js/prettify-min.js HTTP/1.1" 200 13632
[2022-06-10 08:24:35,410] [basehttp.py:154] [basehttp:log_message] [INFO]- "GET /static/rest_framework/js/default.js HTTP/1.1" 200 1268
[2022-06-10 08:24:35,421] [basehttp.py:154] [basehttp:log_message] [INFO]- "GET /static/rest_framework/css/default.css HTTP/1.1" 200 1131
[2022-06-10 08:24:35,424] [basehttp.py:154] [basehttp:log_message] [INFO]- "GET /static/rest_framework/js/jquery-3.4.1.min.js HTTP/1.1" 200 88145
[2022-06-10 08:24:35,430] [basehttp.py:154] [basehttp:log_message] [INFO]- "GET /static/rest_framework/img/grid.png HTTP/1.1" 200 1458
[2022-06-10 08:24:35,434] [basehttp.py:154] [basehttp:log_message] [INFO]- "GET /static/rest_framework/js/ajax-form.js HTTP/1.1" 200 3597
[2022-06-10 08:24:35,468] [basehttp.py:154] [basehttp:log_message] [INFO]- "GET /favicon.ico HTTP/1.1" 302 0
[2022-06-10 08:24:35,497] [basehttp.py:154] [basehttp:log_message] [INFO]- "GET /login/ HTTP/1.1" 200 4677
[2022-06-10 08:24:39,200] [log.py:228] [log:log_response] [WARNING]- Forbidden: /CQM/CQMSeriv/
[2022-06-10 08:24:39,200] [basehttp.py:154] [basehttp:log_message] [WARNING]- "GET /CQM/CQMSeriv/ HTTP/1.1" 403 5013
[2022-06-10 08:24:39,297] [basehttp.py:154] [basehttp:log_message] [INFO]- "GET /favicon.ico HTTP/1.1" 302 0
[2022-06-10 08:24:39,300] [basehttp.py:154] [basehttp:log_message] [INFO]- "GET /login/ HTTP/1.1" 200 4677
[2022-06-10 08:24:45,232] [log.py:228] [log:log_response] [WARNING]- Forbidden: /CQM/CQMSeriv/
[2022-06-10 08:24:45,233] [basehttp.py:154] [basehttp:log_message] [WARNING]- "GET /CQM/CQMSeriv/ HTTP/1.1" 403 5013
[2022-06-10 08:24:45,246] [basehttp.py:154] [basehttp:log_message] [INFO]- "GET /static/rest_framework/css/bootstrap-tweaks.css HTTP/1.1" 200 3385
[2022-06-10 08:24:45,247] [basehttp.py:154] [basehttp:log_message] [INFO]- "GET /static/rest_framework/css/bootstrap.min.css HTTP/1.1" 200 121457
[2022-06-10 08:24:45,250] [basehttp.py:154] [basehttp:log_message] [INFO]- "GET /static/rest_framework/js/csrf.js HTTP/1.1" 200 1719
[2022-06-10 08:24:45,251] [basehttp.py:154] [basehttp:log_message] [INFO]- "GET /static/rest_framework/css/prettify.css HTTP/1.1" 200 817
[2022-06-10 08:24:45,251] [basehttp.py:154] [basehttp:log_message] [INFO]- "GET /static/rest_framework/js/bootstrap.min.js HTTP/1.1" 200 39680
[2022-06-10 08:24:45,252] [basehttp.py:154] [basehttp:log_message] [INFO]- "GET /static/rest_framework/css/default.css HTTP/1.1" 200 1131
[2022-06-10 08:24:45,257] [basehttp.py:154] [basehttp:log_message] [INFO]- "GET /static/rest_framework/js/prettify-min.js HTTP/1.1" 200 13632
[2022-06-10 08:24:45,261] [basehttp.py:154] [basehttp:log_message] [INFO]- "GET /static/rest_framework/js/default.js HTTP/1.1" 200 1268
[2022-06-10 08:24:45,264] [basehttp.py:154] [basehttp:log_message] [INFO]- "GET /static/rest_framework/js/ajax-form.js HTTP/1.1" 200 3597
[2022-06-10 08:24:45,265] [basehttp.py:154] [basehttp:log_message] [INFO]- "GET /static/rest_framework/js/jquery-3.4.1.min.js HTTP/1.1" 200 88145
[2022-06-10 08:24:45,267] [basehttp.py:154] [basehttp:log_message] [INFO]- "GET /static/rest_framework/img/grid.png HTTP/1.1" 200 1458
[2022-06-10 08:24:45,286] [basehttp.py:154] [basehttp:log_message] [INFO]- "GET /favicon.ico HTTP/1.1" 302 0
[2022-06-10 08:24:45,312] [basehttp.py:154] [basehttp:log_message] [INFO]- "GET /login/ HTTP/1.1" 200 4677
[2022-06-10 08:24:45,967] [log.py:228] [log:log_response] [WARNING]- Forbidden: /CQM/CQMSeriv/
[2022-06-10 08:24:45,968] [basehttp.py:154] [basehttp:log_message] [WARNING]- "GET /CQM/CQMSeriv/ HTTP/1.1" 403 5013
[2022-06-10 08:24:46,020] [basehttp.py:154] [basehttp:log_message] [INFO]- "GET /favicon.ico HTTP/1.1" 302 0
[2022-06-10 08:24:46,104] [basehttp.py:154] [basehttp:log_message] [INFO]- "GET /login/ HTTP/1.1" 200 4677
[2022-06-10 08:24:46,280] [log.py:228] [log:log_response] [WARNING]- Forbidden: /CQM/CQMSeriv/
[2022-06-10 08:24:46,281] [basehttp.py:154] [basehttp:log_message] [WARNING]- "GET /CQM/CQMSeriv/ HTTP/1.1" 403 5013
[2022-06-10 08:24:46,325] [basehttp.py:154] [basehttp:log_message] [INFO]- "GET /favicon.ico HTTP/1.1" 302 0
[2022-06-10 08:24:46,332] [basehttp.py:154] [basehttp:log_message] [INFO]- "GET /login/ HTTP/1.1" 200 4677
