[2022-06-14 08:00:09,734] [basehttp.py:154] [basehttp:log_message] [INFO]- "GET / HTTP/1.1" 302 0
[2022-06-14 08:00:10,211] [basehttp.py:154] [basehttp:log_message] [INFO]- "GET /login/ HTTP/1.1" 200 4677
[2022-06-14 08:00:12,872] [basehttp.py:154] [basehttp:log_message] [INFO]- "GET /favicon.ico HTTP/1.1" 302 0
[2022-06-14 08:00:12,883] [basehttp.py:154] [basehttp:log_message] [INFO]- "GET /login/ HTTP/1.1" 200 4677
[2022-06-14 08:11:43,822] [basehttp.py:154] [basehttp:log_message] [INFO]- "GET / HTTP/1.1" 302 0
[2022-06-14 08:11:44,094] [basehttp.py:154] [basehttp:log_message] [INFO]- "GET /login/ HTTP/1.1" 200 4677
[2022-06-14 08:11:45,130] [basehttp.py:154] [basehttp:log_message] [INFO]- "GET /favicon.ico HTTP/1.1" 302 0
[2022-06-14 08:11:45,135] [basehttp.py:154] [basehttp:log_message] [INFO]- "GET /login/ HTTP/1.1" 200 4677
[2022-06-14 08:11:48,147] [UserIP.py:89] [UserIP:process_response] [CRITICAL]- 系统错误
[2022-06-14 08:11:48,203] [basehttp.py:154] [basehttp:log_message] [INFO]- "POST /login/ HTTP/1.1" 302 0
[2022-06-14 08:11:49,362] [basehttp.py:154] [basehttp:log_message] [INFO]- "GET /index/ HTTP/1.1" 200 47230
[2022-06-14 08:11:50,120] [basehttp.py:154] [basehttp:log_message] [INFO]- "GET /index/ HTTP/1.1" 200 47230
[2022-06-14 08:11:50,967] [basehttp.py:154] [basehttp:log_message] [INFO]- "GET /favicon.ico HTTP/1.1" 200 22499
[2022-06-14 08:12:17,394] [log.py:228] [log:log_response] [WARNING]- Method Not Allowed: /api-token-auth/
[2022-06-14 08:12:17,394] [basehttp.py:154] [basehttp:log_message] [WARNING]- "GET /api-token-auth/ HTTP/1.1" 405 7775
[2022-06-14 08:12:17,755] [basehttp.py:154] [basehttp:log_message] [INFO]- "GET /favicon.ico HTTP/1.1" 200 22499
[2022-06-14 08:45:20,950] [basehttp.py:154] [basehttp:log_message] [INFO]- "GET / HTTP/1.1" 200 22499
[2022-06-14 08:45:22,360] [basehttp.py:154] [basehttp:log_message] [INFO]- "GET /favicon.ico HTTP/1.1" 200 22499
[2022-06-14 08:46:36,244] [basehttp.py:154] [basehttp:log_message] [INFO]- "GET /CQM/CQM_edit/ HTTP/1.1" 200 64407
[2022-06-14 08:46:36,975] [UserIP.py:87] [UserIP:process_response] [INFO]- 2022-06-14 08:46:36 C1010S3>Edwin None>LAPTOP-1EJQO0D7>311 192.168.0.146 192.168.0.146 /CQM/CQM_edit/ POST
[2022-06-14 08:46:36,992] [basehttp.py:154] [basehttp:log_message] [INFO]- "POST /CQM/CQM_edit/ HTTP/1.1" 200 147
[2022-06-14 08:46:37,133] [basehttp.py:154] [basehttp:log_message] [INFO]- "GET /favicon.ico HTTP/1.1" 200 22499
[2022-06-14 08:46:40,287] [basehttp.py:154] [basehttp:log_message] [INFO]- "GET /CQM/api-auth/ HTTP/1.1" 200 22499
[2022-06-14 08:46:40,520] [basehttp.py:154] [basehttp:log_message] [INFO]- "GET /favicon.ico HTTP/1.1" 200 22499
[2022-06-14 08:47:06,650] [basehttp.py:154] [basehttp:log_message] [INFO]- "GET /CQM/api/token/ HTTP/1.1" 200 22499
[2022-06-14 08:47:07,092] [basehttp.py:154] [basehttp:log_message] [INFO]- "GET /favicon.ico HTTP/1.1" 200 22499
[2022-06-14 08:48:06,799] [log.py:228] [log:log_response] [WARNING]- Method Not Allowed: /CQM/api/token/
[2022-06-14 08:48:06,800] [basehttp.py:154] [basehttp:log_message] [WARNING]- "GET /CQM/api/token/ HTTP/1.1" 405 7688
[2022-06-14 08:48:07,227] [basehttp.py:154] [basehttp:log_message] [INFO]- "GET /favicon.ico HTTP/1.1" 200 22499
[2022-06-14 08:48:13,835] [log.py:228] [log:log_response] [WARNING]- Not Found: /CQM/api-auth/
[2022-06-14 08:48:13,836] [basehttp.py:154] [basehttp:log_message] [WARNING]- "GET /CQM/api-auth/ HTTP/1.1" 404 7799
[2022-06-14 08:48:13,907] [basehttp.py:154] [basehttp:log_message] [INFO]- "GET /favicon.ico HTTP/1.1" 200 22499
[2022-06-14 08:49:05,975] [log.py:228] [log:log_response] [WARNING]- Not Found: /CQM/api-auth/
[2022-06-14 08:49:05,976] [basehttp.py:154] [basehttp:log_message] [WARNING]- "GET /CQM/api-auth/ HTTP/1.1" 404 7799
[2022-06-14 08:49:06,018] [basehttp.py:154] [basehttp:log_message] [INFO]- "GET /favicon.ico HTTP/1.1" 200 22499
[2022-06-14 08:49:07,185] [log.py:228] [log:log_response] [WARNING]- Not Found: /CQM/api-auth/
[2022-06-14 08:49:07,187] [basehttp.py:154] [basehttp:log_message] [WARNING]- "GET /CQM/api-auth/ HTTP/1.1" 404 7799
[2022-06-14 08:49:07,223] [basehttp.py:154] [basehttp:log_message] [INFO]- "GET /favicon.ico HTTP/1.1" 200 22499
[2022-06-14 08:49:07,441] [log.py:228] [log:log_response] [WARNING]- Not Found: /CQM/api-auth/
[2022-06-14 08:49:07,442] [basehttp.py:154] [basehttp:log_message] [WARNING]- "GET /CQM/api-auth/ HTTP/1.1" 404 7799
[2022-06-14 08:49:07,499] [basehttp.py:154] [basehttp:log_message] [INFO]- "GET /favicon.ico HTTP/1.1" 200 22499
[2022-06-14 08:49:45,641] [log.py:228] [log:log_response] [WARNING]- Not Found: /CQM/api-auth/
[2022-06-14 08:49:45,641] [basehttp.py:154] [basehttp:log_message] [WARNING]- "GET /CQM/api-auth/ HTTP/1.1" 404 7799
[2022-06-14 08:49:45,696] [basehttp.py:154] [basehttp:log_message] [INFO]- "GET /favicon.ico HTTP/1.1" 200 22499
[2022-06-14 08:49:46,749] [log.py:228] [log:log_response] [WARNING]- Not Found: /CQM/api-auth/
[2022-06-14 08:49:46,749] [basehttp.py:154] [basehttp:log_message] [WARNING]- "GET /CQM/api-auth/ HTTP/1.1" 404 7799
[2022-06-14 08:49:46,797] [basehttp.py:154] [basehttp:log_message] [INFO]- "GET /favicon.ico HTTP/1.1" 200 22499
[2022-06-14 08:49:47,377] [log.py:228] [log:log_response] [WARNING]- Not Found: /CQM/api-auth/
[2022-06-14 08:49:47,378] [basehttp.py:154] [basehttp:log_message] [WARNING]- "GET /CQM/api-auth/ HTTP/1.1" 404 7799
[2022-06-14 08:49:47,412] [basehttp.py:154] [basehttp:log_message] [INFO]- "GET /favicon.ico HTTP/1.1" 200 22499
[2022-06-14 08:49:47,592] [log.py:228] [log:log_response] [WARNING]- Not Found: /CQM/api-auth/
[2022-06-14 08:49:47,593] [basehttp.py:154] [basehttp:log_message] [WARNING]- "GET /CQM/api-auth/ HTTP/1.1" 404 7799
[2022-06-14 08:49:47,670] [basehttp.py:154] [basehttp:log_message] [INFO]- "GET /favicon.ico HTTP/1.1" 200 22499
[2022-06-14 08:49:47,843] [log.py:228] [log:log_response] [WARNING]- Not Found: /CQM/api-auth/
[2022-06-14 08:49:47,844] [basehttp.py:154] [basehttp:log_message] [WARNING]- "GET /CQM/api-auth/ HTTP/1.1" 404 7799
[2022-06-14 08:49:47,873] [basehttp.py:154] [basehttp:log_message] [INFO]- "GET /favicon.ico HTTP/1.1" 200 22499
[2022-06-14 08:49:47,993] [log.py:228] [log:log_response] [WARNING]- Not Found: /CQM/api-auth/
[2022-06-14 08:49:47,994] [basehttp.py:154] [basehttp:log_message] [WARNING]- "GET /CQM/api-auth/ HTTP/1.1" 404 7799
[2022-06-14 08:49:48,026] [basehttp.py:154] [basehttp:log_message] [INFO]- "GET /favicon.ico HTTP/1.1" 200 22499
[2022-06-14 08:50:10,409] [basehttp.py:154] [basehttp:log_message] [INFO]- "GET / HTTP/1.1" 200 22499
[2022-06-14 08:50:11,403] [basehttp.py:154] [basehttp:log_message] [INFO]- "GET /favicon.ico HTTP/1.1" 200 22499
[2022-06-14 08:50:16,664] [log.py:228] [log:log_response] [WARNING]- Not Found: /CQM/api-auth/
[2022-06-14 08:50:16,664] [basehttp.py:154] [basehttp:log_message] [WARNING]- "GET /CQM/api-auth/ HTTP/1.1" 404 7799
[2022-06-14 08:50:16,715] [basehttp.py:154] [basehttp:log_message] [INFO]- "GET /favicon.ico HTTP/1.1" 200 22499
[2022-06-14 08:50:17,619] [log.py:228] [log:log_response] [WARNING]- Not Found: /CQM/api-auth/
[2022-06-14 08:50:17,619] [basehttp.py:154] [basehttp:log_message] [WARNING]- "GET /CQM/api-auth/ HTTP/1.1" 404 7799
[2022-06-14 08:50:17,686] [basehttp.py:154] [basehttp:log_message] [INFO]- "GET /favicon.ico HTTP/1.1" 200 22499
[2022-06-14 08:50:18,104] [log.py:228] [log:log_response] [WARNING]- Not Found: /CQM/api-auth/
[2022-06-14 08:50:18,105] [basehttp.py:154] [basehttp:log_message] [WARNING]- "GET /CQM/api-auth/ HTTP/1.1" 404 7799
[2022-06-14 08:50:18,154] [basehttp.py:154] [basehttp:log_message] [INFO]- "GET /favicon.ico HTTP/1.1" 200 22499
[2022-06-14 08:50:18,316] [log.py:228] [log:log_response] [WARNING]- Not Found: /CQM/api-auth/
[2022-06-14 08:50:18,316] [basehttp.py:154] [basehttp:log_message] [WARNING]- "GET /CQM/api-auth/ HTTP/1.1" 404 7799
[2022-06-14 08:50:18,385] [basehttp.py:154] [basehttp:log_message] [INFO]- "GET /favicon.ico HTTP/1.1" 200 22499
[2022-06-14 08:50:18,521] [log.py:228] [log:log_response] [WARNING]- Not Found: /CQM/api-auth/
[2022-06-14 08:50:18,522] [basehttp.py:154] [basehttp:log_message] [WARNING]- "GET /CQM/api-auth/ HTTP/1.1" 404 7799
[2022-06-14 08:50:18,568] [basehttp.py:154] [basehttp:log_message] [INFO]- "GET /favicon.ico HTTP/1.1" 200 22499
[2022-06-14 08:50:18,731] [log.py:228] [log:log_response] [WARNING]- Not Found: /CQM/api-auth/
[2022-06-14 08:50:18,732] [basehttp.py:154] [basehttp:log_message] [WARNING]- "GET /CQM/api-auth/ HTTP/1.1" 404 7799
[2022-06-14 08:50:18,767] [basehttp.py:154] [basehttp:log_message] [INFO]- "GET /favicon.ico HTTP/1.1" 200 22499
[2022-06-14 08:50:18,929] [log.py:228] [log:log_response] [WARNING]- Not Found: /CQM/api-auth/
[2022-06-14 08:50:18,929] [basehttp.py:154] [basehttp:log_message] [WARNING]- "GET /CQM/api-auth/ HTTP/1.1" 404 7799
[2022-06-14 08:50:18,970] [basehttp.py:154] [basehttp:log_message] [INFO]- "GET /favicon.ico HTTP/1.1" 200 22499
[2022-06-14 08:50:19,170] [log.py:228] [log:log_response] [WARNING]- Not Found: /CQM/api-auth/
[2022-06-14 08:50:19,171] [basehttp.py:154] [basehttp:log_message] [WARNING]- "GET /CQM/api-auth/ HTTP/1.1" 404 7799
[2022-06-14 08:50:19,200] [basehttp.py:154] [basehttp:log_message] [INFO]- "GET /favicon.ico HTTP/1.1" 200 22499
[2022-06-14 08:50:19,368] [log.py:228] [log:log_response] [WARNING]- Not Found: /CQM/api-auth/
[2022-06-14 08:50:19,368] [basehttp.py:154] [basehttp:log_message] [WARNING]- "GET /CQM/api-auth/ HTTP/1.1" 404 7799
[2022-06-14 08:50:19,438] [basehttp.py:154] [basehttp:log_message] [INFO]- "GET /favicon.ico HTTP/1.1" 200 22499
[2022-06-14 08:50:19,580] [log.py:228] [log:log_response] [WARNING]- Not Found: /CQM/api-auth/
[2022-06-14 08:50:19,581] [basehttp.py:154] [basehttp:log_message] [WARNING]- "GET /CQM/api-auth/ HTTP/1.1" 404 7799
[2022-06-14 08:50:19,635] [basehttp.py:154] [basehttp:log_message] [INFO]- "GET /favicon.ico HTTP/1.1" 200 22499
[2022-06-14 08:50:19,922] [log.py:228] [log:log_response] [WARNING]- Not Found: /CQM/api-auth/
[2022-06-14 08:50:19,923] [basehttp.py:154] [basehttp:log_message] [WARNING]- "GET /CQM/api-auth/ HTTP/1.1" 404 7799
[2022-06-14 08:50:19,965] [basehttp.py:154] [basehttp:log_message] [INFO]- "GET /favicon.ico HTTP/1.1" 200 22499
[2022-06-14 08:50:20,454] [log.py:228] [log:log_response] [WARNING]- Not Found: /CQM/api-auth/
[2022-06-14 08:50:20,455] [basehttp.py:154] [basehttp:log_message] [WARNING]- "GET /CQM/api-auth/ HTTP/1.1" 404 7799
[2022-06-14 08:50:20,506] [basehttp.py:154] [basehttp:log_message] [INFO]- "GET /favicon.ico HTTP/1.1" 200 22499
[2022-06-14 08:50:21,197] [log.py:228] [log:log_response] [WARNING]- Not Found: /CQM/api-auth/
[2022-06-14 08:50:21,198] [basehttp.py:154] [basehttp:log_message] [WARNING]- "GET /CQM/api-auth/ HTTP/1.1" 404 7799
[2022-06-14 08:50:21,233] [basehttp.py:154] [basehttp:log_message] [INFO]- "GET /favicon.ico HTTP/1.1" 200 22499
[2022-06-14 08:50:21,432] [log.py:228] [log:log_response] [WARNING]- Not Found: /CQM/api-auth/
[2022-06-14 08:50:21,432] [basehttp.py:154] [basehttp:log_message] [WARNING]- "GET /CQM/api-auth/ HTTP/1.1" 404 7799
[2022-06-14 08:50:21,465] [basehttp.py:154] [basehttp:log_message] [INFO]- "GET /favicon.ico HTTP/1.1" 200 22499
[2022-06-14 08:50:25,651] [basehttp.py:154] [basehttp:log_message] [INFO]- "GET /favicon.ico HTTP/1.1" 200 22499
[2022-06-14 08:50:27,758] [basehttp.py:154] [basehttp:log_message] [INFO]- "GET /login/ HTTP/1.1" 302 0
[2022-06-14 08:50:28,262] [basehttp.py:154] [basehttp:log_message] [INFO]- "GET /index/ HTTP/1.1" 200 47230
[2022-06-14 08:50:28,595] [basehttp.py:154] [basehttp:log_message] [INFO]- "GET /favicon.ico HTTP/1.1" 200 22499
[2022-06-14 08:50:32,119] [log.py:228] [log:log_response] [WARNING]- Not Found: /CQM/api-auth/
[2022-06-14 08:50:32,120] [basehttp.py:154] [basehttp:log_message] [WARNING]- "GET /CQM/api-auth/ HTTP/1.1" 404 7799
[2022-06-14 08:50:32,747] [basehttp.py:154] [basehttp:log_message] [INFO]- "GET /favicon.ico HTTP/1.1" 200 22499
[2022-06-14 08:51:25,050] [log.py:228] [log:log_response] [WARNING]- Not Found: /CQM/api-auth/
[2022-06-14 08:51:25,051] [basehttp.py:154] [basehttp:log_message] [WARNING]- "GET /CQM/api-auth/?login HTTP/1.1" 404 7805
[2022-06-14 08:51:25,119] [basehttp.py:154] [basehttp:log_message] [INFO]- "GET /favicon.ico HTTP/1.1" 200 22499
[2022-06-14 08:51:45,152] [basehttp.py:154] [basehttp:log_message] [INFO]- "GET /CQM/%20api-auth/%20%5Elogin/$ HTTP/1.1" 200 22499
[2022-06-14 08:51:45,743] [basehttp.py:154] [basehttp:log_message] [INFO]- "GET /favicon.ico HTTP/1.1" 200 22499
[2022-06-14 08:51:51,087] [basehttp.py:154] [basehttp:log_message] [INFO]- "GET /favicon.ico HTTP/1.1" 200 22499
[2022-06-14 08:52:03,920] [log.py:228] [log:log_response] [WARNING]- Not Found: /CQM/api-auth/^login
[2022-06-14 08:52:03,921] [basehttp.py:154] [basehttp:log_message] [WARNING]- "GET /CQM/api-auth/%5Elogin HTTP/1.1" 404 7819
[2022-06-14 08:52:04,018] [basehttp.py:154] [basehttp:log_message] [INFO]- "GET /favicon.ico HTTP/1.1" 200 22499
[2022-06-14 08:54:19,966] [basehttp.py:154] [basehttp:log_message] [INFO]- "GET /CQM/api-auth/login HTTP/1.1" 301 0
[2022-06-14 08:54:20,012] [basehttp.py:154] [basehttp:log_message] [INFO]- "GET /CQM/api-auth/login/ HTTP/1.1" 200 2699
[2022-06-14 08:54:20,409] [basehttp.py:154] [basehttp:log_message] [INFO]- "GET /favicon.ico HTTP/1.1" 200 22499
[2022-06-14 08:54:28,876] [basehttp.py:154] [basehttp:log_message] [INFO]- "POST /api-auth/login/ HTTP/1.1" 200 22499
[2022-06-14 08:54:29,100] [basehttp.py:154] [basehttp:log_message] [INFO]- "GET /favicon.ico HTTP/1.1" 200 22499
[2022-06-14 08:54:38,529] [basehttp.py:154] [basehttp:log_message] [INFO]- "GET /CQM/api-auth/login/ HTTP/1.1" 200 2699
[2022-06-14 08:54:38,607] [basehttp.py:154] [basehttp:log_message] [INFO]- "GET /favicon.ico HTTP/1.1" 200 22499
[2022-06-14 08:55:22,238] [basehttp.py:154] [basehttp:log_message] [INFO]- "POST /api-auth/login/ HTTP/1.1" 200 22499
[2022-06-14 08:55:22,605] [basehttp.py:154] [basehttp:log_message] [INFO]- "GET /favicon.ico HTTP/1.1" 200 22499
[2022-06-14 08:56:24,313] [log.py:228] [log:log_response] [ERROR]- Internal Server Error: /CQM/api-auth/login/
Traceback (most recent call last):
  File "C:\Python372\mecheck\lib\site-packages\django\urls\base.py", line 75, in reverse
    extra, resolver = resolver.namespace_dict[ns]
KeyError: 'rest_framework'

During handling of the above exception, another exception occurred:

Traceback (most recent call last):
  File "C:\Python372\mecheck\lib\site-packages\django\core\handlers\exception.py", line 34, in inner
    response = get_response(request)
  File "C:\Python372\mecheck\lib\site-packages\django\core\handlers\base.py", line 156, in _get_response
    response = self.process_exception_by_middleware(e, request)
  File "C:\Python372\mecheck\lib\site-packages\django\core\handlers\base.py", line 154, in _get_response
    response = response.render()
  File "C:\Python372\mecheck\lib\site-packages\django\template\response.py", line 106, in render
    self.content = self.rendered_content
  File "C:\Python372\mecheck\lib\site-packages\django\template\response.py", line 83, in rendered_content
    content = template.render(context, self._request)
  File "C:\Python372\mecheck\lib\site-packages\django\template\backends\django.py", line 61, in render
    return self.template.render(context)
  File "C:\Python372\mecheck\lib\site-packages\django\template\base.py", line 171, in render
    return self._render(context)
  File "C:\Python372\mecheck\lib\site-packages\django\template\base.py", line 163, in _render
    return self.nodelist.render(context)
  File "C:\Python372\mecheck\lib\site-packages\django\template\base.py", line 937, in render
    bit = node.render_annotated(context)
  File "C:\Python372\mecheck\lib\site-packages\django\template\base.py", line 904, in render_annotated
    return self.render(context)
  File "C:\Python372\mecheck\lib\site-packages\django\template\loader_tags.py", line 150, in render
    return compiled_parent._render(context)
  File "C:\Python372\mecheck\lib\site-packages\django\template\base.py", line 163, in _render
    return self.nodelist.render(context)
  File "C:\Python372\mecheck\lib\site-packages\django\template\base.py", line 937, in render
    bit = node.render_annotated(context)
  File "C:\Python372\mecheck\lib\site-packages\django\template\base.py", line 904, in render_annotated
    return self.render(context)
  File "C:\Python372\mecheck\lib\site-packages\django\template\loader_tags.py", line 150, in render
    return compiled_parent._render(context)
  File "C:\Python372\mecheck\lib\site-packages\django\template\base.py", line 163, in _render
    return self.nodelist.render(context)
  File "C:\Python372\mecheck\lib\site-packages\django\template\base.py", line 937, in render
    bit = node.render_annotated(context)
  File "C:\Python372\mecheck\lib\site-packages\django\template\base.py", line 904, in render_annotated
    return self.render(context)
  File "C:\Python372\mecheck\lib\site-packages\django\template\loader_tags.py", line 62, in render
    result = block.nodelist.render(context)
  File "C:\Python372\mecheck\lib\site-packages\django\template\base.py", line 937, in render
    bit = node.render_annotated(context)
  File "C:\Python372\mecheck\lib\site-packages\django\template\base.py", line 904, in render_annotated
    return self.render(context)
  File "C:\Python372\mecheck\lib\site-packages\django\template\defaulttags.py", line 442, in render
    url = reverse(view_name, args=args, kwargs=kwargs, current_app=current_app)
  File "C:\Python372\mecheck\lib\site-packages\django\urls\base.py", line 86, in reverse
    raise NoReverseMatch("%s is not a registered namespace" % key)
django.urls.exceptions.NoReverseMatch: 'rest_framework' is not a registered namespace
[2022-06-14 08:56:24,317] [basehttp.py:154] [basehttp:log_message] [ERROR]- "GET /CQM/api-auth/login/ HTTP/1.1" 500 205249
[2022-06-14 08:56:24,547] [basehttp.py:154] [basehttp:log_message] [INFO]- "GET /favicon.ico HTTP/1.1" 200 22499
[2022-06-14 08:58:03,384] [log.py:228] [log:log_response] [ERROR]- Internal Server Error: /CQM/api-auth/login/
Traceback (most recent call last):
  File "C:\Python372\mecheck\lib\site-packages\django\urls\base.py", line 75, in reverse
    extra, resolver = resolver.namespace_dict[ns]
KeyError: 'rest_framework'

During handling of the above exception, another exception occurred:

Traceback (most recent call last):
  File "C:\Python372\mecheck\lib\site-packages\django\core\handlers\exception.py", line 34, in inner
    response = get_response(request)
  File "C:\Python372\mecheck\lib\site-packages\django\core\handlers\base.py", line 156, in _get_response
    response = self.process_exception_by_middleware(e, request)
  File "C:\Python372\mecheck\lib\site-packages\django\core\handlers\base.py", line 154, in _get_response
    response = response.render()
  File "C:\Python372\mecheck\lib\site-packages\django\template\response.py", line 106, in render
    self.content = self.rendered_content
  File "C:\Python372\mecheck\lib\site-packages\django\template\response.py", line 83, in rendered_content
    content = template.render(context, self._request)
  File "C:\Python372\mecheck\lib\site-packages\django\template\backends\django.py", line 61, in render
    return self.template.render(context)
  File "C:\Python372\mecheck\lib\site-packages\django\template\base.py", line 171, in render
    return self._render(context)
  File "C:\Python372\mecheck\lib\site-packages\django\template\base.py", line 163, in _render
    return self.nodelist.render(context)
  File "C:\Python372\mecheck\lib\site-packages\django\template\base.py", line 937, in render
    bit = node.render_annotated(context)
  File "C:\Python372\mecheck\lib\site-packages\django\template\base.py", line 904, in render_annotated
    return self.render(context)
  File "C:\Python372\mecheck\lib\site-packages\django\template\loader_tags.py", line 150, in render
    return compiled_parent._render(context)
  File "C:\Python372\mecheck\lib\site-packages\django\template\base.py", line 163, in _render
    return self.nodelist.render(context)
  File "C:\Python372\mecheck\lib\site-packages\django\template\base.py", line 937, in render
    bit = node.render_annotated(context)
  File "C:\Python372\mecheck\lib\site-packages\django\template\base.py", line 904, in render_annotated
    return self.render(context)
  File "C:\Python372\mecheck\lib\site-packages\django\template\loader_tags.py", line 150, in render
    return compiled_parent._render(context)
  File "C:\Python372\mecheck\lib\site-packages\django\template\base.py", line 163, in _render
    return self.nodelist.render(context)
  File "C:\Python372\mecheck\lib\site-packages\django\template\base.py", line 937, in render
    bit = node.render_annotated(context)
  File "C:\Python372\mecheck\lib\site-packages\django\template\base.py", line 904, in render_annotated
    return self.render(context)
  File "C:\Python372\mecheck\lib\site-packages\django\template\loader_tags.py", line 62, in render
    result = block.nodelist.render(context)
  File "C:\Python372\mecheck\lib\site-packages\django\template\base.py", line 937, in render
    bit = node.render_annotated(context)
  File "C:\Python372\mecheck\lib\site-packages\django\template\base.py", line 904, in render_annotated
    return self.render(context)
  File "C:\Python372\mecheck\lib\site-packages\django\template\defaulttags.py", line 442, in render
    url = reverse(view_name, args=args, kwargs=kwargs, current_app=current_app)
  File "C:\Python372\mecheck\lib\site-packages\django\urls\base.py", line 86, in reverse
    raise NoReverseMatch("%s is not a registered namespace" % key)
django.urls.exceptions.NoReverseMatch: 'rest_framework' is not a registered namespace
[2022-06-14 08:58:03,387] [basehttp.py:154] [basehttp:log_message] [ERROR]- "GET /CQM/api-auth/login/ HTTP/1.1" 500 205380
[2022-06-14 08:58:03,512] [basehttp.py:154] [basehttp:log_message] [INFO]- "GET /favicon.ico HTTP/1.1" 200 22499
[2022-06-14 08:58:05,111] [log.py:228] [log:log_response] [ERROR]- Internal Server Error: /CQM/api-auth/login/
Traceback (most recent call last):
  File "C:\Python372\mecheck\lib\site-packages\django\urls\base.py", line 75, in reverse
    extra, resolver = resolver.namespace_dict[ns]
KeyError: 'rest_framework'

During handling of the above exception, another exception occurred:

Traceback (most recent call last):
  File "C:\Python372\mecheck\lib\site-packages\django\core\handlers\exception.py", line 34, in inner
    response = get_response(request)
  File "C:\Python372\mecheck\lib\site-packages\django\core\handlers\base.py", line 156, in _get_response
    response = self.process_exception_by_middleware(e, request)
  File "C:\Python372\mecheck\lib\site-packages\django\core\handlers\base.py", line 154, in _get_response
    response = response.render()
  File "C:\Python372\mecheck\lib\site-packages\django\template\response.py", line 106, in render
    self.content = self.rendered_content
  File "C:\Python372\mecheck\lib\site-packages\django\template\response.py", line 83, in rendered_content
    content = template.render(context, self._request)
  File "C:\Python372\mecheck\lib\site-packages\django\template\backends\django.py", line 61, in render
    return self.template.render(context)
  File "C:\Python372\mecheck\lib\site-packages\django\template\base.py", line 171, in render
    return self._render(context)
  File "C:\Python372\mecheck\lib\site-packages\django\template\base.py", line 163, in _render
    return self.nodelist.render(context)
  File "C:\Python372\mecheck\lib\site-packages\django\template\base.py", line 937, in render
    bit = node.render_annotated(context)
  File "C:\Python372\mecheck\lib\site-packages\django\template\base.py", line 904, in render_annotated
    return self.render(context)
  File "C:\Python372\mecheck\lib\site-packages\django\template\loader_tags.py", line 150, in render
    return compiled_parent._render(context)
  File "C:\Python372\mecheck\lib\site-packages\django\template\base.py", line 163, in _render
    return self.nodelist.render(context)
  File "C:\Python372\mecheck\lib\site-packages\django\template\base.py", line 937, in render
    bit = node.render_annotated(context)
  File "C:\Python372\mecheck\lib\site-packages\django\template\base.py", line 904, in render_annotated
    return self.render(context)
  File "C:\Python372\mecheck\lib\site-packages\django\template\loader_tags.py", line 150, in render
    return compiled_parent._render(context)
  File "C:\Python372\mecheck\lib\site-packages\django\template\base.py", line 163, in _render
    return self.nodelist.render(context)
  File "C:\Python372\mecheck\lib\site-packages\django\template\base.py", line 937, in render
    bit = node.render_annotated(context)
  File "C:\Python372\mecheck\lib\site-packages\django\template\base.py", line 904, in render_annotated
    return self.render(context)
  File "C:\Python372\mecheck\lib\site-packages\django\template\loader_tags.py", line 62, in render
    result = block.nodelist.render(context)
  File "C:\Python372\mecheck\lib\site-packages\django\template\base.py", line 937, in render
    bit = node.render_annotated(context)
  File "C:\Python372\mecheck\lib\site-packages\django\template\base.py", line 904, in render_annotated
    return self.render(context)
  File "C:\Python372\mecheck\lib\site-packages\django\template\defaulttags.py", line 442, in render
    url = reverse(view_name, args=args, kwargs=kwargs, current_app=current_app)
  File "C:\Python372\mecheck\lib\site-packages\django\urls\base.py", line 86, in reverse
    raise NoReverseMatch("%s is not a registered namespace" % key)
django.urls.exceptions.NoReverseMatch: 'rest_framework' is not a registered namespace
[2022-06-14 08:58:05,113] [basehttp.py:154] [basehttp:log_message] [ERROR]- "GET /CQM/api-auth/login/ HTTP/1.1" 500 205380
[2022-06-14 08:58:05,251] [basehttp.py:154] [basehttp:log_message] [INFO]- "GET /favicon.ico HTTP/1.1" 200 22499
[2022-06-14 09:03:04,339] [basehttp.py:154] [basehttp:log_message] [INFO]- "GET /favicon.ico HTTP/1.1" 200 22499
[2022-06-14 09:03:04,896] [basehttp.py:154] [basehttp:log_message] [INFO]- "GET /favicon.ico HTTP/1.1" 200 22499
[2022-06-14 09:03:05,324] [basehttp.py:154] [basehttp:log_message] [INFO]- "GET /favicon.ico HTTP/1.1" 200 22499
[2022-06-14 09:03:16,418] [basehttp.py:154] [basehttp:log_message] [INFO]- "GET /api-auth/login/ HTTP/1.1" 200 2699
[2022-06-14 09:03:16,503] [basehttp.py:154] [basehttp:log_message] [INFO]- "GET /favicon.ico HTTP/1.1" 200 22499
[2022-06-14 09:03:19,451] [UserIP.py:89] [UserIP:process_response] [CRITICAL]- 系统错误
[2022-06-14 09:03:19,458] [basehttp.py:154] [basehttp:log_message] [INFO]- "POST /api-auth/login/ HTTP/1.1" 200 2935
[2022-06-14 09:03:19,534] [basehttp.py:154] [basehttp:log_message] [INFO]- "GET /favicon.ico HTTP/1.1" 200 22499
[2022-06-14 09:03:40,006] [UserIP.py:89] [UserIP:process_response] [CRITICAL]- 系统错误
[2022-06-14 09:03:40,012] [basehttp.py:154] [basehttp:log_message] [INFO]- "POST /api-auth/login/ HTTP/1.1" 200 2935
[2022-06-14 09:03:40,057] [basehttp.py:154] [basehttp:log_message] [INFO]- "GET /favicon.ico HTTP/1.1" 200 22499
[2022-06-14 09:03:44,720] [UserIP.py:89] [UserIP:process_response] [CRITICAL]- 系统错误
[2022-06-14 09:03:44,727] [basehttp.py:154] [basehttp:log_message] [INFO]- "POST /api-auth/login/ HTTP/1.1" 302 0
[2022-06-14 09:03:44,746] [basehttp.py:154] [basehttp:log_message] [INFO]- "GET /accounts/profile/ HTTP/1.1" 200 22499
[2022-06-14 09:03:45,083] [basehttp.py:154] [basehttp:log_message] [INFO]- "GET /favicon.ico HTTP/1.1" 200 22499
[2022-06-14 09:06:44,836] [basehttp.py:154] [basehttp:log_message] [INFO]- "GET /api-auth/login/ HTTP/1.1" 200 2699
[2022-06-14 09:06:45,125] [basehttp.py:154] [basehttp:log_message] [INFO]- "GET /favicon.ico HTTP/1.1" 200 22499
[2022-06-14 09:06:48,090] [UserIP.py:89] [UserIP:process_response] [CRITICAL]- 系统错误
[2022-06-14 09:06:48,098] [basehttp.py:154] [basehttp:log_message] [INFO]- "POST /api-auth/login/ HTTP/1.1" 302 0
[2022-06-14 09:06:48,210] [basehttp.py:154] [basehttp:log_message] [INFO]- "GET /accounts/profile/ HTTP/1.1" 200 22499
[2022-06-14 09:06:48,928] [basehttp.py:154] [basehttp:log_message] [INFO]- "GET /favicon.ico HTTP/1.1" 200 22499
[2022-06-14 09:12:20,510] [basehttp.py:154] [basehttp:log_message] [INFO]- "GET / HTTP/1.1" 200 22499
[2022-06-14 09:12:21,426] [basehttp.py:154] [basehttp:log_message] [INFO]- "GET /favicon.ico HTTP/1.1" 200 22499
[2022-06-14 09:12:46,369] [log.py:228] [log:log_response] [WARNING]- Not Found: /api-auth/
[2022-06-14 09:12:46,369] [basehttp.py:154] [basehttp:log_message] [WARNING]- "GET /api-auth/ HTTP/1.1" 404 6857
[2022-06-14 09:12:46,464] [basehttp.py:154] [basehttp:log_message] [INFO]- "GET /favicon.ico HTTP/1.1" 200 22499
[2022-06-14 09:13:04,931] [basehttp.py:154] [basehttp:log_message] [INFO]- "GET /api-auth/login/ HTTP/1.1" 200 2699
[2022-06-14 09:13:12,926] [basehttp.py:154] [basehttp:log_message] [INFO]- "GET /favicon.ico HTTP/1.1" 200 22499
[2022-06-14 09:13:16,903] [UserIP.py:89] [UserIP:process_response] [CRITICAL]- 系统错误
[2022-06-14 09:13:16,909] [basehttp.py:154] [basehttp:log_message] [INFO]- "POST /api-auth/login/ HTTP/1.1" 200 2935
[2022-06-14 09:13:17,029] [basehttp.py:154] [basehttp:log_message] [INFO]- "GET /favicon.ico HTTP/1.1" 200 22499
[2022-06-14 09:13:23,302] [UserIP.py:89] [UserIP:process_response] [CRITICAL]- 系统错误
[2022-06-14 09:13:23,309] [basehttp.py:154] [basehttp:log_message] [INFO]- "POST /api-auth/login/ HTTP/1.1" 302 0
[2022-06-14 09:13:23,341] [basehttp.py:154] [basehttp:log_message] [INFO]- "GET /accounts/profile/ HTTP/1.1" 200 22499
[2022-06-14 09:13:23,620] [basehttp.py:154] [basehttp:log_message] [INFO]- "GET /favicon.ico HTTP/1.1" 200 22499
[2022-06-14 09:13:32,575] [basehttp.py:154] [basehttp:log_message] [INFO]- "GET /api-auth/login/ HTTP/1.1" 200 2699
[2022-06-14 09:13:32,741] [basehttp.py:154] [basehttp:log_message] [INFO]- "GET /favicon.ico HTTP/1.1" 200 22499
[2022-06-14 09:14:08,636] [basehttp.py:154] [basehttp:log_message] [INFO]- "GET //api/token/ HTTP/1.1" 200 22499
[2022-06-14 09:14:08,841] [basehttp.py:154] [basehttp:log_message] [INFO]- "GET /favicon.ico HTTP/1.1" 200 22499
[2022-06-14 09:14:13,955] [log.py:228] [log:log_response] [WARNING]- Method Not Allowed: /api/token/
[2022-06-14 09:14:13,956] [basehttp.py:154] [basehttp:log_message] [WARNING]- "GET /api/token/ HTTP/1.1" 405 7664
[2022-06-14 09:14:14,219] [basehttp.py:154] [basehttp:log_message] [INFO]- "GET /favicon.ico HTTP/1.1" 200 22499
[2022-06-14 09:14:20,569] [UserIP.py:89] [UserIP:process_response] [CRITICAL]- 系统错误
[2022-06-14 09:14:20,579] [log.py:228] [log:log_response] [WARNING]- Unauthorized: /api/token/
[2022-06-14 09:14:20,580] [basehttp.py:154] [basehttp:log_message] [WARNING]- "POST /api/token/ HTTP/1.1" 401 7649
[2022-06-14 09:14:20,717] [basehttp.py:154] [basehttp:log_message] [INFO]- "GET /favicon.ico HTTP/1.1" 200 22499
[2022-06-14 09:14:25,408] [log.py:228] [log:log_response] [ERROR]- Internal Server Error: /api/token/
Traceback (most recent call last):
  File "C:\Python372\mecheck\lib\site-packages\django\core\handlers\exception.py", line 34, in inner
    response = get_response(request)
  File "C:\Python372\mecheck\lib\site-packages\django\core\handlers\base.py", line 126, in _get_response
    response = self.process_exception_by_middleware(e, request)
  File "C:\Python372\mecheck\lib\site-packages\django\core\handlers\base.py", line 124, in _get_response
    response = wrapped_callback(request, *callback_args, **callback_kwargs)
  File "C:\Python372\mecheck\lib\site-packages\django\views\decorators\csrf.py", line 54, in wrapped_view
    return view_func(*args, **kwargs)
  File "C:\Python372\mecheck\lib\site-packages\django\views\generic\base.py", line 68, in view
    return self.dispatch(request, *args, **kwargs)
  File "C:\Python372\mecheck\lib\site-packages\rest_framework\views.py", line 505, in dispatch
    response = self.handle_exception(exc)
  File "C:\Python372\mecheck\lib\site-packages\rest_framework\views.py", line 465, in handle_exception
    self.raise_uncaught_exception(exc)
  File "C:\Python372\mecheck\lib\site-packages\rest_framework\views.py", line 476, in raise_uncaught_exception
    raise exc
  File "C:\Python372\mecheck\lib\site-packages\rest_framework\views.py", line 502, in dispatch
    response = handler(request, *args, **kwargs)
  File "C:\Python372\mecheck\lib\site-packages\rest_framework_simplejwt\views.py", line 43, in post
    serializer.is_valid(raise_exception=True)
  File "C:\Python372\mecheck\lib\site-packages\rest_framework\serializers.py", line 234, in is_valid
    self._validated_data = self.run_validation(self.initial_data)
  File "C:\Python372\mecheck\lib\site-packages\rest_framework\serializers.py", line 436, in run_validation
    value = self.validate(value)
  File "C:\djangoproject\Reliability_Row_data\CQM\serializers.py", line 8, in validate
    data = super().validate(attrs)
  File "C:\Python372\mecheck\lib\site-packages\rest_framework_simplejwt\serializers.py", line 68, in validate
    data = super().validate(attrs)
  File "C:\Python372\mecheck\lib\site-packages\rest_framework_simplejwt\serializers.py", line 51, in validate
    if not api_settings.USER_AUTHENTICATION_RULE(self.user):
  File "C:\djangoproject\Reliability_Row_data\CQM\authentication.py", line 62, in custom_jwt_token_authentication_rule
    return user is not None and user.active
AttributeError: 'User' object has no attribute 'active'
[2022-06-14 09:14:25,414] [UserIP.py:89] [UserIP:process_response] [CRITICAL]- 系统错误
[2022-06-14 09:14:25,416] [basehttp.py:154] [basehttp:log_message] [ERROR]- "POST /api/token/ HTTP/1.1" 500 129114
[2022-06-14 09:14:25,622] [basehttp.py:154] [basehttp:log_message] [INFO]- "GET /favicon.ico HTTP/1.1" 200 22499
[2022-06-14 09:15:26,860] [UserIP.py:89] [UserIP:process_response] [CRITICAL]- 系统错误
[2022-06-14 09:15:26,870] [basehttp.py:154] [basehttp:log_message] [INFO]- "POST /api/token/ HTTP/1.1" 200 8186
[2022-06-14 09:15:26,996] [basehttp.py:154] [basehttp:log_message] [INFO]- "GET /favicon.ico HTTP/1.1" 200 22499
[2022-06-14 09:15:55,158] [basehttp.py:154] [basehttp:log_message] [INFO]- "GET / HTTP/1.1" 200 22499
[2022-06-14 09:15:55,960] [basehttp.py:154] [basehttp:log_message] [INFO]- "GET /favicon.ico HTTP/1.1" 200 22499
[2022-06-14 09:15:58,998] [basehttp.py:154] [basehttp:log_message] [INFO]- "GET /admin/ HTTP/1.1" 200 41938
[2022-06-14 09:15:59,901] [basehttp.py:154] [basehttp:log_message] [INFO]- "GET /favicon.ico HTTP/1.1" 200 22499
[2022-06-14 09:19:32,986] [log.py:228] [log:log_response] [WARNING]- Not Found: /api-token-auth/
[2022-06-14 09:19:32,987] [basehttp.py:154] [basehttp:log_message] [WARNING]- "GET /api-token-auth/ HTTP/1.1" 404 6626
[2022-06-14 09:19:33,589] [basehttp.py:154] [basehttp:log_message] [INFO]- "GET /favicon.ico HTTP/1.1" 200 22499
[2022-06-14 09:19:36,080] [basehttp.py:154] [basehttp:log_message] [INFO]- "GET /index/ HTTP/1.1" 200 47230
[2022-06-14 09:19:36,482] [basehttp.py:154] [basehttp:log_message] [INFO]- "GET /index/ HTTP/1.1" 200 47230
[2022-06-14 09:19:36,786] [basehttp.py:154] [basehttp:log_message] [INFO]- "GET /favicon.ico HTTP/1.1" 200 22499
[2022-06-14 09:23:12,750] [log.py:228] [log:log_response] [WARNING]- Not Found: /api-auth/
[2022-06-14 09:23:12,751] [basehttp.py:154] [basehttp:log_message] [WARNING]- "GET /api-auth/ HTTP/1.1" 404 6857
[2022-06-14 09:23:12,870] [basehttp.py:154] [basehttp:log_message] [INFO]- "GET /favicon.ico HTTP/1.1" 200 22499
[2022-06-14 09:23:16,555] [basehttp.py:154] [basehttp:log_message] [INFO]- "GET /api-auth/login/ HTTP/1.1" 200 2699
[2022-06-14 09:23:16,674] [basehttp.py:154] [basehttp:log_message] [INFO]- "GET /favicon.ico HTTP/1.1" 200 22499
[2022-06-14 09:23:19,935] [UserIP.py:89] [UserIP:process_response] [CRITICAL]- 系统错误
[2022-06-14 09:23:19,944] [basehttp.py:154] [basehttp:log_message] [INFO]- "POST /api-auth/login/ HTTP/1.1" 200 2935
[2022-06-14 09:23:20,090] [basehttp.py:154] [basehttp:log_message] [INFO]- "GET /favicon.ico HTTP/1.1" 200 22499
[2022-06-14 09:25:05,141] [UserIP.py:89] [UserIP:process_response] [CRITICAL]- 系统错误
[2022-06-14 09:25:05,149] [basehttp.py:154] [basehttp:log_message] [INFO]- "POST /api-auth/login/ HTTP/1.1" 302 0
[2022-06-14 09:25:05,185] [basehttp.py:154] [basehttp:log_message] [INFO]- "GET /accounts/profile/ HTTP/1.1" 200 22499
[2022-06-14 09:25:05,459] [basehttp.py:154] [basehttp:log_message] [INFO]- "GET /favicon.ico HTTP/1.1" 200 22499
[2022-06-14 09:25:10,274] [basehttp.py:154] [basehttp:log_message] [INFO]- "GET / HTTP/1.1" 200 22499
[2022-06-14 09:25:11,004] [basehttp.py:154] [basehttp:log_message] [INFO]- "GET /favicon.ico HTTP/1.1" 200 22499
[2022-06-14 09:25:13,351] [basehttp.py:154] [basehttp:log_message] [INFO]- "GET /admin/ HTTP/1.1" 200 41938
[2022-06-14 09:25:14,164] [basehttp.py:154] [basehttp:log_message] [INFO]- "GET /admin/app01/userinfo/ HTTP/1.1" 200 113213
[2022-06-14 09:25:14,236] [basehttp.py:154] [basehttp:log_message] [INFO]- "GET /admin/jsi18n/ HTTP/1.1" 200 7684
[2022-06-14 09:25:14,669] [basehttp.py:154] [basehttp:log_message] [INFO]- "GET /favicon.ico HTTP/1.1" 200 22499
[2022-06-14 09:25:15,953] [basehttp.py:154] [basehttp:log_message] [INFO]- "GET /CQM/CQMSeriv/ HTTP/1.1" 200 22499
[2022-06-14 09:25:16,289] [basehttp.py:154] [basehttp:log_message] [INFO]- "GET /favicon.ico HTTP/1.1" 200 22499
[2022-06-14 09:25:17,740] [basehttp.py:154] [basehttp:log_message] [INFO]- "GET /index/ HTTP/1.1" 200 47230
[2022-06-14 09:25:18,134] [basehttp.py:154] [basehttp:log_message] [INFO]- "GET /index/ HTTP/1.1" 200 47230
[2022-06-14 09:25:19,166] [basehttp.py:154] [basehttp:log_message] [INFO]- "GET /favicon.ico HTTP/1.1" 200 22499
[2022-06-14 09:25:24,473] [basehttp.py:154] [basehttp:log_message] [INFO]- "GET /api-auth/login/ HTTP/1.1" 200 2699
[2022-06-14 09:25:24,570] [basehttp.py:154] [basehttp:log_message] [INFO]- "GET /favicon.ico HTTP/1.1" 200 22499
[2022-06-14 09:25:48,859] [UserIP.py:89] [UserIP:process_response] [CRITICAL]- 系统错误
[2022-06-14 09:25:48,867] [basehttp.py:154] [basehttp:log_message] [INFO]- "POST /api-auth/login/ HTTP/1.1" 302 0
[2022-06-14 09:25:48,937] [basehttp.py:154] [basehttp:log_message] [INFO]- "GET /accounts/profile/ HTTP/1.1" 200 22499
[2022-06-14 09:25:49,294] [basehttp.py:154] [basehttp:log_message] [INFO]- "GET /favicon.ico HTTP/1.1" 200 22499
[2022-06-14 09:26:02,867] [basehttp.py:154] [basehttp:log_message] [INFO]- "GET /api-auth/login/ HTTP/1.1" 200 2699
[2022-06-14 09:26:02,916] [basehttp.py:154] [basehttp:log_message] [INFO]- "GET /favicon.ico HTTP/1.1" 200 22499
[2022-06-14 09:26:03,688] [log.py:228] [log:log_response] [WARNING]- Not Found: /api-auth/
[2022-06-14 09:26:03,688] [basehttp.py:154] [basehttp:log_message] [WARNING]- "GET /api-auth/ HTTP/1.1" 404 6857
[2022-06-14 09:26:03,749] [basehttp.py:154] [basehttp:log_message] [INFO]- "GET /favicon.ico HTTP/1.1" 200 22499
[2022-06-14 09:26:05,268] [basehttp.py:154] [basehttp:log_message] [INFO]- "GET /api-auth/login/ HTTP/1.1" 200 2699
[2022-06-14 09:26:05,325] [basehttp.py:154] [basehttp:log_message] [INFO]- "GET /favicon.ico HTTP/1.1" 200 22499
[2022-06-14 09:26:11,114] [UserIP.py:89] [UserIP:process_response] [CRITICAL]- 系统错误
[2022-06-14 09:26:11,121] [basehttp.py:154] [basehttp:log_message] [INFO]- "POST /api-auth/login/ HTTP/1.1" 200 2935
[2022-06-14 09:26:11,169] [basehttp.py:154] [basehttp:log_message] [INFO]- "GET /favicon.ico HTTP/1.1" 200 22499
[2022-06-14 09:30:03,772] [basehttp.py:154] [basehttp:log_message] [INFO]- "GET /api-auth/logout/ HTTP/1.1" 200 161
[2022-06-14 09:30:03,841] [basehttp.py:154] [basehttp:log_message] [INFO]- "GET /favicon.ico HTTP/1.1" 302 0
[2022-06-14 09:30:03,852] [basehttp.py:154] [basehttp:log_message] [INFO]- "GET /login/ HTTP/1.1" 200 4677
[2022-06-14 09:30:03,853] [basehttp.py:154] [basehttp:log_message] [INFO]- "GET /admin/login/ HTTP/1.1" 200 4013
[2022-06-14 09:30:04,444] [basehttp.py:154] [basehttp:log_message] [INFO]- "GET /favicon.ico HTTP/1.1" 302 0
[2022-06-14 09:30:04,758] [basehttp.py:154] [basehttp:log_message] [INFO]- "GET /login/ HTTP/1.1" 200 4677
[2022-06-14 09:30:14,867] [basehttp.py:154] [basehttp:log_message] [INFO]- "GET /api-auth/logout/ HTTP/1.1" 200 161
[2022-06-14 09:30:15,086] [basehttp.py:154] [basehttp:log_message] [INFO]- "GET /favicon.ico HTTP/1.1" 302 0
[2022-06-14 09:30:15,101] [basehttp.py:154] [basehttp:log_message] [INFO]- "GET /admin/login/ HTTP/1.1" 200 4013
[2022-06-14 09:30:15,355] [basehttp.py:154] [basehttp:log_message] [INFO]- "GET /favicon.ico HTTP/1.1" 302 0
[2022-06-14 09:30:15,359] [basehttp.py:154] [basehttp:log_message] [INFO]- "GET /login/ HTTP/1.1" 200 4677
[2022-06-14 09:30:21,079] [basehttp.py:154] [basehttp:log_message] [INFO]- "GET /api-auth/login/ HTTP/1.1" 200 2699
[2022-06-14 09:30:21,671] [basehttp.py:154] [basehttp:log_message] [INFO]- "GET /favicon.ico HTTP/1.1" 302 0
[2022-06-14 09:30:21,682] [basehttp.py:154] [basehttp:log_message] [INFO]- "GET /login/ HTTP/1.1" 200 4677
[2022-06-14 09:30:59,508] [basehttp.py:154] [basehttp:log_message] [INFO]- "GET /api-auth/logout/ HTTP/1.1" 200 161
[2022-06-14 09:30:59,602] [basehttp.py:154] [basehttp:log_message] [INFO]- "GET /favicon.ico HTTP/1.1" 302 0
[2022-06-14 09:30:59,611] [basehttp.py:154] [basehttp:log_message] [INFO]- "GET /admin/login/ HTTP/1.1" 200 4013
[2022-06-14 09:31:00,213] [basehttp.py:154] [basehttp:log_message] [INFO]- "GET /favicon.ico HTTP/1.1" 302 0
[2022-06-14 09:31:00,681] [basehttp.py:154] [basehttp:log_message] [INFO]- "GET /login/ HTTP/1.1" 200 4677
[2022-06-14 09:31:02,522] [basehttp.py:154] [basehttp:log_message] [INFO]- "GET /api-auth/login/ HTTP/1.1" 200 2699
[2022-06-14 09:31:03,036] [basehttp.py:154] [basehttp:log_message] [INFO]- "GET /favicon.ico HTTP/1.1" 302 0
[2022-06-14 09:31:03,062] [basehttp.py:154] [basehttp:log_message] [INFO]- "GET /login/ HTTP/1.1" 200 4677
[2022-06-14 09:43:18,809] [basehttp.py:154] [basehttp:log_message] [INFO]- "GET /api-auth/login/ HTTP/1.1" 200 2699
[2022-06-14 09:43:19,192] [basehttp.py:154] [basehttp:log_message] [INFO]- "GET /favicon.ico HTTP/1.1" 302 0
[2022-06-14 09:43:19,202] [basehttp.py:154] [basehttp:log_message] [INFO]- "GET /login/ HTTP/1.1" 200 4677
[2022-06-14 09:43:22,335] [UserIP.py:89] [UserIP:process_response] [CRITICAL]- 系统错误
[2022-06-14 09:43:22,336] [basehttp.py:154] [basehttp:log_message] [INFO]- "POST /api-auth/login/ HTTP/1.1" 200 2935
[2022-06-14 09:43:22,386] [basehttp.py:154] [basehttp:log_message] [INFO]- "GET /favicon.ico HTTP/1.1" 302 0
[2022-06-14 09:43:22,394] [basehttp.py:154] [basehttp:log_message] [INFO]- "GET /login/ HTTP/1.1" 200 4677
[2022-06-14 09:43:34,528] [UserIP.py:89] [UserIP:process_response] [CRITICAL]- 系统错误
[2022-06-14 09:43:34,534] [basehttp.py:154] [basehttp:log_message] [INFO]- "POST /api-auth/login/ HTTP/1.1" 302 0
[2022-06-14 09:43:34,549] [basehttp.py:154] [basehttp:log_message] [INFO]- "GET /accounts/profile/ HTTP/1.1" 302 0
[2022-06-14 09:43:34,564] [basehttp.py:154] [basehttp:log_message] [INFO]- "GET /login/ HTTP/1.1" 200 4677
[2022-06-14 09:43:34,843] [basehttp.py:154] [basehttp:log_message] [INFO]- "GET /favicon.ico HTTP/1.1" 302 0
[2022-06-14 09:43:34,864] [basehttp.py:154] [basehttp:log_message] [INFO]- "GET /login/ HTTP/1.1" 200 4677
[2022-06-14 09:44:07,997] [basehttp.py:154] [basehttp:log_message] [INFO]- "GET /api-auth/login/ HTTP/1.1" 200 2699
[2022-06-14 09:44:08,127] [basehttp.py:154] [basehttp:log_message] [INFO]- "GET /favicon.ico HTTP/1.1" 302 0
[2022-06-14 09:44:08,146] [basehttp.py:154] [basehttp:log_message] [INFO]- "GET /login/ HTTP/1.1" 200 4677
[2022-06-14 09:44:19,890] [UserIP.py:89] [UserIP:process_response] [CRITICAL]- 系统错误
[2022-06-14 09:44:19,896] [basehttp.py:154] [basehttp:log_message] [INFO]- "POST /api-auth/login/ HTTP/1.1" 200 2935
[2022-06-14 09:44:19,959] [basehttp.py:154] [basehttp:log_message] [INFO]- "GET /favicon.ico HTTP/1.1" 302 0
[2022-06-14 09:44:19,977] [basehttp.py:154] [basehttp:log_message] [INFO]- "GET /login/ HTTP/1.1" 200 4677
[2022-06-14 09:44:27,225] [UserIP.py:89] [UserIP:process_response] [CRITICAL]- 系统错误
[2022-06-14 09:44:27,231] [basehttp.py:154] [basehttp:log_message] [INFO]- "POST /api-auth/login/ HTTP/1.1" 302 0
[2022-06-14 09:44:27,241] [basehttp.py:154] [basehttp:log_message] [INFO]- "GET /accounts/profile/ HTTP/1.1" 302 0
[2022-06-14 09:44:27,251] [basehttp.py:154] [basehttp:log_message] [INFO]- "GET /login/ HTTP/1.1" 200 4677
[2022-06-14 09:44:27,555] [basehttp.py:154] [basehttp:log_message] [INFO]- "GET /favicon.ico HTTP/1.1" 302 0
[2022-06-14 09:44:27,576] [basehttp.py:154] [basehttp:log_message] [INFO]- "GET /login/ HTTP/1.1" 200 4677
[2022-06-14 09:44:38,590] [basehttp.py:154] [basehttp:log_message] [INFO]- "GET /api-auth/login/ HTTP/1.1" 200 2699
[2022-06-14 09:44:38,898] [basehttp.py:154] [basehttp:log_message] [INFO]- "GET /favicon.ico HTTP/1.1" 302 0
[2022-06-14 09:44:38,920] [basehttp.py:154] [basehttp:log_message] [INFO]- "GET /login/ HTTP/1.1" 200 4677
[2022-06-14 09:45:06,965] [basehttp.py:154] [basehttp:log_message] [INFO]- "GET /api-token/ HTTP/1.1" 302 0
[2022-06-14 09:45:07,004] [basehttp.py:154] [basehttp:log_message] [INFO]- "GET /login/ HTTP/1.1" 200 4677
[2022-06-14 09:45:07,174] [basehttp.py:154] [basehttp:log_message] [INFO]- "GET /favicon.ico HTTP/1.1" 302 0
[2022-06-14 09:45:07,250] [basehttp.py:154] [basehttp:log_message] [INFO]- "GET /login/ HTTP/1.1" 200 4677
[2022-06-14 09:46:40,369] [log.py:228] [log:log_response] [WARNING]- Method Not Allowed: /api/token/
[2022-06-14 09:46:40,369] [basehttp.py:154] [basehttp:log_message] [WARNING]- "GET /api/token/ HTTP/1.1" 405 7664
[2022-06-14 09:46:40,675] [basehttp.py:154] [basehttp:log_message] [INFO]- "GET /favicon.ico HTTP/1.1" 302 0
[2022-06-14 09:46:40,690] [basehttp.py:154] [basehttp:log_message] [INFO]- "GET /login/ HTTP/1.1" 200 4677
[2022-06-14 09:46:51,813] [UserIP.py:89] [UserIP:process_response] [CRITICAL]- 系统错误
[2022-06-14 09:46:51,817] [log.py:228] [log:log_response] [WARNING]- Unauthorized: /api/token/
[2022-06-14 09:46:51,817] [basehttp.py:154] [basehttp:log_message] [WARNING]- "POST /api/token/ HTTP/1.1" 401 7649
[2022-06-14 09:46:51,875] [basehttp.py:154] [basehttp:log_message] [INFO]- "GET /favicon.ico HTTP/1.1" 302 0
[2022-06-14 09:46:51,906] [basehttp.py:154] [basehttp:log_message] [INFO]- "GET /login/ HTTP/1.1" 200 4677
[2022-06-14 09:48:15,391] [UserIP.py:89] [UserIP:process_response] [CRITICAL]- 系统错误
[2022-06-14 09:48:15,397] [basehttp.py:154] [basehttp:log_message] [INFO]- "POST /api/token/ HTTP/1.1" 200 8186
[2022-06-14 09:48:15,499] [basehttp.py:154] [basehttp:log_message] [INFO]- "GET /favicon.ico HTTP/1.1" 302 0
[2022-06-14 09:48:15,528] [basehttp.py:154] [basehttp:log_message] [INFO]- "GET /login/ HTTP/1.1" 200 4677
[2022-06-14 09:55:36,603] [UserIP.py:89] [UserIP:process_response] [CRITICAL]- 系统错误
[2022-06-14 09:55:36,612] [log.py:228] [log:log_response] [WARNING]- Unauthorized: /api/token/
[2022-06-14 09:55:36,613] [basehttp.py:154] [basehttp:log_message] [WARNING]- "POST /api/token/ HTTP/1.1" 401 7649
[2022-06-14 09:55:36,847] [basehttp.py:154] [basehttp:log_message] [INFO]- "GET /favicon.ico HTTP/1.1" 302 0
[2022-06-14 09:55:36,858] [basehttp.py:154] [basehttp:log_message] [INFO]- "GET /login/ HTTP/1.1" 200 4677
[2022-06-14 09:55:40,044] [basehttp.py:154] [basehttp:log_message] [INFO]- "GET /index/ HTTP/1.1" 302 0
[2022-06-14 09:55:40,543] [basehttp.py:154] [basehttp:log_message] [INFO]- "GET /favicon.ico HTTP/1.1" 302 0
[2022-06-14 09:55:40,582] [basehttp.py:154] [basehttp:log_message] [INFO]- "GET /login/ HTTP/1.1" 200 4677
[2022-06-14 09:55:43,632] [basehttp.py:154] [basehttp:log_message] [INFO]- "GET /favicon.ico HTTP/1.1" 302 0
[2022-06-14 09:55:43,653] [basehttp.py:154] [basehttp:log_message] [INFO]- "GET /login/ HTTP/1.1" 200 4677
[2022-06-14 09:55:46,281] [log.py:228] [log:log_response] [WARNING]- Method Not Allowed: /api/token/
[2022-06-14 09:55:46,282] [basehttp.py:154] [basehttp:log_message] [WARNING]- "GET /api/token/ HTTP/1.1" 405 7664
[2022-06-14 09:55:47,371] [basehttp.py:154] [basehttp:log_message] [INFO]- "GET /favicon.ico HTTP/1.1" 302 0
[2022-06-14 09:55:47,414] [basehttp.py:154] [basehttp:log_message] [INFO]- "GET /login/ HTTP/1.1" 200 4677
[2022-06-14 09:55:48,363] [basehttp.py:154] [basehttp:log_message] [INFO]- "GET /favicon.ico HTTP/1.1" 302 0
[2022-06-14 09:55:48,396] [basehttp.py:154] [basehttp:log_message] [INFO]- "GET /login/ HTTP/1.1" 200 4677
[2022-06-14 09:55:49,177] [basehttp.py:154] [basehttp:log_message] [INFO]- "GET /api-auth/login/ HTTP/1.1" 200 2699
[2022-06-14 09:55:49,236] [basehttp.py:154] [basehttp:log_message] [INFO]- "GET /favicon.ico HTTP/1.1" 302 0
[2022-06-14 09:55:49,262] [basehttp.py:154] [basehttp:log_message] [INFO]- "GET /login/ HTTP/1.1" 200 4677
[2022-06-14 09:55:54,320] [UserIP.py:89] [UserIP:process_response] [CRITICAL]- 系统错误
[2022-06-14 09:55:54,326] [basehttp.py:154] [basehttp:log_message] [INFO]- "POST /api-auth/login/ HTTP/1.1" 200 2935
[2022-06-14 09:55:54,370] [basehttp.py:154] [basehttp:log_message] [INFO]- "GET /favicon.ico HTTP/1.1" 302 0
[2022-06-14 09:55:54,413] [basehttp.py:154] [basehttp:log_message] [INFO]- "GET /login/ HTTP/1.1" 200 4677
[2022-06-14 09:55:58,360] [UserIP.py:89] [UserIP:process_response] [CRITICAL]- 系统错误
[2022-06-14 09:55:58,367] [basehttp.py:154] [basehttp:log_message] [INFO]- "POST /api-auth/login/ HTTP/1.1" 302 0
[2022-06-14 09:55:58,377] [basehttp.py:154] [basehttp:log_message] [INFO]- "GET /accounts/profile/ HTTP/1.1" 302 0
[2022-06-14 09:55:58,389] [basehttp.py:154] [basehttp:log_message] [INFO]- "GET /login/ HTTP/1.1" 200 4677
[2022-06-14 09:55:58,478] [basehttp.py:154] [basehttp:log_message] [INFO]- "GET /favicon.ico HTTP/1.1" 302 0
[2022-06-14 09:55:58,507] [basehttp.py:154] [basehttp:log_message] [INFO]- "GET /login/ HTTP/1.1" 200 4677
[2022-06-14 09:56:01,832] [basehttp.py:154] [basehttp:log_message] [INFO]- "GET /api-auth/login/ HTTP/1.1" 200 2699
[2022-06-14 09:56:02,466] [basehttp.py:154] [basehttp:log_message] [INFO]- "GET /favicon.ico HTTP/1.1" 302 0
[2022-06-14 09:56:03,093] [basehttp.py:154] [basehttp:log_message] [INFO]- "GET /login/ HTTP/1.1" 200 4677
[2022-06-14 09:56:30,719] [UserIP.py:89] [UserIP:process_response] [CRITICAL]- 系统错误
[2022-06-14 09:56:30,723] [basehttp.py:154] [basehttp:log_message] [INFO]- "POST /api-auth/login/ HTTP/1.1" 200 2935
[2022-06-14 09:56:30,816] [basehttp.py:154] [basehttp:log_message] [INFO]- "GET /favicon.ico HTTP/1.1" 302 0
[2022-06-14 09:56:30,832] [basehttp.py:154] [basehttp:log_message] [INFO]- "GET /login/ HTTP/1.1" 200 4677
[2022-06-14 09:57:06,216] [basehttp.py:154] [basehttp:log_message] [INFO]- "GET /admin/ HTTP/1.1" 200 41938
[2022-06-14 09:57:08,652] [basehttp.py:154] [basehttp:log_message] [INFO]- "GET /favicon.ico HTTP/1.1" 302 0
[2022-06-14 09:57:08,682] [basehttp.py:154] [basehttp:log_message] [INFO]- "GET /login/ HTTP/1.1" 200 4677
[2022-06-14 10:11:52,188] [basehttp.py:154] [basehttp:log_message] [INFO]- "GET /admin/ HTTP/1.1" 200 41938
[2022-06-14 10:11:53,732] [basehttp.py:154] [basehttp:log_message] [INFO]- "GET /favicon.ico HTTP/1.1" 302 0
[2022-06-14 10:11:53,798] [basehttp.py:154] [basehttp:log_message] [INFO]- "GET /login/ HTTP/1.1" 200 4677
[2022-06-14 10:11:58,387] [log.py:228] [log:log_response] [WARNING]- Method Not Allowed: /api/login/
[2022-06-14 10:11:58,388] [basehttp.py:154] [basehttp:log_message] [WARNING]- "GET /api/login/ HTTP/1.1" 405 7647
[2022-06-14 10:11:58,888] [basehttp.py:154] [basehttp:log_message] [INFO]- "GET /favicon.ico HTTP/1.1" 302 0
[2022-06-14 10:11:58,906] [basehttp.py:154] [basehttp:log_message] [INFO]- "GET /login/ HTTP/1.1" 200 4677
[2022-06-14 10:12:04,598] [UserIP.py:89] [UserIP:process_response] [CRITICAL]- 系统错误
[2022-06-14 10:12:04,605] [log.py:228] [log:log_response] [WARNING]- Unauthorized: /api/login/
[2022-06-14 10:12:04,605] [basehttp.py:154] [basehttp:log_message] [WARNING]- "POST /api/login/ HTTP/1.1" 401 7584
[2022-06-14 10:12:04,720] [basehttp.py:154] [basehttp:log_message] [INFO]- "GET /favicon.ico HTTP/1.1" 302 0
[2022-06-14 10:12:04,735] [basehttp.py:154] [basehttp:log_message] [INFO]- "GET /login/ HTTP/1.1" 200 4677
[2022-06-14 10:12:08,678] [UserIP.py:89] [UserIP:process_response] [CRITICAL]- 系统错误
[2022-06-14 10:12:08,685] [basehttp.py:154] [basehttp:log_message] [INFO]- "POST /api/login/ HTTP/1.1" 200 8096
[2022-06-14 10:12:08,792] [basehttp.py:154] [basehttp:log_message] [INFO]- "GET /favicon.ico HTTP/1.1" 302 0
[2022-06-14 10:12:08,809] [basehttp.py:154] [basehttp:log_message] [INFO]- "GET /login/ HTTP/1.1" 200 4677
[2022-06-14 10:16:12,186] [log.py:228] [log:log_response] [WARNING]- Method Not Allowed: /api/verify/
[2022-06-14 10:16:12,187] [basehttp.py:154] [basehttp:log_message] [WARNING]- "GET /api/verify/ HTTP/1.1" 405 7319
[2022-06-14 10:16:12,416] [basehttp.py:154] [basehttp:log_message] [INFO]- "GET /favicon.ico HTTP/1.1" 302 0
[2022-06-14 10:16:12,465] [basehttp.py:154] [basehttp:log_message] [INFO]- "GET /login/ HTTP/1.1" 200 4677
[2022-06-14 10:16:18,321] [UserIP.py:89] [UserIP:process_response] [CRITICAL]- 系统错误
[2022-06-14 10:16:18,330] [log.py:228] [log:log_response] [WARNING]- Unauthorized: /api/verify/
[2022-06-14 10:16:18,331] [basehttp.py:154] [basehttp:log_message] [WARNING]- "POST /api/verify/ HTTP/1.1" 401 7296
[2022-06-14 10:16:18,448] [basehttp.py:154] [basehttp:log_message] [INFO]- "GET /favicon.ico HTTP/1.1" 302 0
[2022-06-14 10:16:18,463] [basehttp.py:154] [basehttp:log_message] [INFO]- "GET /login/ HTTP/1.1" 200 4677
[2022-06-14 10:16:24,361] [basehttp.py:154] [basehttp:log_message] [INFO]- "GET /favicon.ico HTTP/1.1" 302 0
[2022-06-14 10:16:24,372] [basehttp.py:154] [basehttp:log_message] [INFO]- "GET /login/ HTTP/1.1" 200 4677
[2022-06-14 10:16:26,049] [basehttp.py:154] [basehttp:log_message] [INFO]- "GET /favicon.ico HTTP/1.1" 302 0
[2022-06-14 10:16:26,081] [basehttp.py:154] [basehttp:log_message] [INFO]- "GET /login/ HTTP/1.1" 200 4677
[2022-06-14 10:16:32,009] [UserIP.py:89] [UserIP:process_response] [CRITICAL]- 系统错误
[2022-06-14 10:16:32,016] [basehttp.py:154] [basehttp:log_message] [INFO]- "POST /api/login/ HTTP/1.1" 200 8096
[2022-06-14 10:16:32,078] [basehttp.py:154] [basehttp:log_message] [INFO]- "GET /favicon.ico HTTP/1.1" 302 0
[2022-06-14 10:16:32,093] [basehttp.py:154] [basehttp:log_message] [INFO]- "GET /login/ HTTP/1.1" 200 4677
[2022-06-14 10:16:43,907] [log.py:228] [log:log_response] [WARNING]- Method Not Allowed: /api/verify/
[2022-06-14 10:16:43,908] [basehttp.py:154] [basehttp:log_message] [WARNING]- "GET /api/verify/ HTTP/1.1" 405 7319
[2022-06-14 10:16:44,224] [basehttp.py:154] [basehttp:log_message] [INFO]- "GET /favicon.ico HTTP/1.1" 302 0
[2022-06-14 10:16:44,269] [basehttp.py:154] [basehttp:log_message] [INFO]- "GET /login/ HTTP/1.1" 200 4677
[2022-06-14 10:16:47,217] [UserIP.py:89] [UserIP:process_response] [CRITICAL]- 系统错误
[2022-06-14 10:16:47,229] [basehttp.py:154] [basehttp:log_message] [INFO]- "POST /api/verify/ HTTP/1.1" 200 7234
[2022-06-14 10:16:47,326] [basehttp.py:154] [basehttp:log_message] [INFO]- "GET /favicon.ico HTTP/1.1" 302 0
[2022-06-14 10:16:47,341] [basehttp.py:154] [basehttp:log_message] [INFO]- "GET /login/ HTTP/1.1" 200 4677
[2022-06-14 10:21:08,857] [basehttp.py:154] [basehttp:log_message] [INFO]- "GET /CQM/CQMapi/ HTTP/1.1" 200 2
[2022-06-14 10:21:09,389] [basehttp.py:154] [basehttp:log_message] [INFO]- "GET /favicon.ico HTTP/1.1" 302 0
[2022-06-14 10:21:09,429] [basehttp.py:154] [basehttp:log_message] [INFO]- "GET /login/ HTTP/1.1" 200 4677
[2022-06-14 10:21:29,983] [basehttp.py:154] [basehttp:log_message] [INFO]- "GET /CQM/CQMapi/?Project=GLMA0 HTTP/1.1" 200 1106
[2022-06-14 10:21:30,078] [basehttp.py:154] [basehttp:log_message] [INFO]- "GET /favicon.ico HTTP/1.1" 302 0
[2022-06-14 10:21:30,162] [basehttp.py:154] [basehttp:log_message] [INFO]- "GET /login/ HTTP/1.1" 200 4677
[2022-06-14 10:21:38,708] [UserIP.py:89] [UserIP:process_response] [CRITICAL]- 系统错误
[2022-06-14 10:21:38,725] [log.py:228] [log:log_response] [WARNING]- Unauthorized: /api/verify/
[2022-06-14 10:21:38,727] [basehttp.py:154] [basehttp:log_message] [WARNING]- "POST /api/verify/ HTTP/1.1" 401 7296
[2022-06-14 10:21:39,112] [basehttp.py:154] [basehttp:log_message] [INFO]- "GET /favicon.ico HTTP/1.1" 302 0
[2022-06-14 10:21:39,185] [basehttp.py:154] [basehttp:log_message] [INFO]- "GET /login/ HTTP/1.1" 200 4677
[2022-06-14 10:21:42,440] [basehttp.py:154] [basehttp:log_message] [INFO]- "GET /CQM/CQMapi/?Project=GLMA0 HTTP/1.1" 200 1106
[2022-06-14 10:21:42,474] [basehttp.py:154] [basehttp:log_message] [INFO]- "GET /favicon.ico HTTP/1.1" 302 0
[2022-06-14 10:21:42,495] [basehttp.py:154] [basehttp:log_message] [INFO]- "GET /login/ HTTP/1.1" 200 4677
[2022-06-14 10:21:43,245] [basehttp.py:154] [basehttp:log_message] [INFO]- "GET /CQM/CQMapi/?Project=GLMA0 HTTP/1.1" 200 1106
[2022-06-14 10:21:43,290] [basehttp.py:154] [basehttp:log_message] [INFO]- "GET /favicon.ico HTTP/1.1" 302 0
[2022-06-14 10:21:43,323] [basehttp.py:154] [basehttp:log_message] [INFO]- "GET /login/ HTTP/1.1" 200 4677
[2022-06-14 10:21:43,439] [basehttp.py:154] [basehttp:log_message] [INFO]- "GET /CQM/CQMapi/?Project=GLMA0 HTTP/1.1" 200 1106
[2022-06-14 10:21:43,606] [basehttp.py:154] [basehttp:log_message] [INFO]- "GET /favicon.ico HTTP/1.1" 302 0
[2022-06-14 10:21:43,668] [basehttp.py:154] [basehttp:log_message] [INFO]- "GET /CQM/CQMapi/?Project=GLMA0 HTTP/1.1" 200 1106
[2022-06-14 10:21:43,673] [basehttp.py:154] [basehttp:log_message] [INFO]- "GET /login/ HTTP/1.1" 200 4677
[2022-06-14 10:21:43,723] [basehttp.py:154] [basehttp:log_message] [INFO]- "GET /favicon.ico HTTP/1.1" 302 0
[2022-06-14 10:21:43,746] [basehttp.py:154] [basehttp:log_message] [INFO]- "GET /login/ HTTP/1.1" 200 4677
[2022-06-14 10:21:43,910] [basehttp.py:154] [basehttp:log_message] [INFO]- "GET /CQM/CQMapi/?Project=GLMA0 HTTP/1.1" 200 1106
[2022-06-14 10:21:43,950] [basehttp.py:154] [basehttp:log_message] [INFO]- "GET /favicon.ico HTTP/1.1" 302 0
[2022-06-14 10:21:43,982] [basehttp.py:154] [basehttp:log_message] [INFO]- "GET /login/ HTTP/1.1" 200 4677
[2022-06-14 10:21:44,135] [basehttp.py:154] [basehttp:log_message] [INFO]- "GET /CQM/CQMapi/?Project=GLMA0 HTTP/1.1" 200 1106
[2022-06-14 10:21:44,204] [basehttp.py:154] [basehttp:log_message] [INFO]- "GET /favicon.ico HTTP/1.1" 302 0
[2022-06-14 10:21:44,235] [basehttp.py:154] [basehttp:log_message] [INFO]- "GET /login/ HTTP/1.1" 200 4677
[2022-06-14 10:21:44,359] [basehttp.py:154] [basehttp:log_message] [INFO]- "GET /CQM/CQMapi/?Project=GLMA0 HTTP/1.1" 200 1106
[2022-06-14 10:21:44,396] [basehttp.py:154] [basehttp:log_message] [INFO]- "GET /favicon.ico HTTP/1.1" 302 0
[2022-06-14 10:21:44,428] [basehttp.py:154] [basehttp:log_message] [INFO]- "GET /login/ HTTP/1.1" 200 4677
[2022-06-14 10:21:44,654] [basehttp.py:154] [basehttp:log_message] [INFO]- "GET /CQM/CQMapi/?Project=GLMA0 HTTP/1.1" 200 1106
[2022-06-14 10:21:44,700] [basehttp.py:154] [basehttp:log_message] [INFO]- "GET /favicon.ico HTTP/1.1" 302 0
[2022-06-14 10:21:44,725] [basehttp.py:154] [basehttp:log_message] [INFO]- "GET /login/ HTTP/1.1" 200 4677
[2022-06-14 10:21:44,826] [basehttp.py:154] [basehttp:log_message] [INFO]- "GET /CQM/CQMapi/?Project=GLMA0 HTTP/1.1" 200 1106
[2022-06-14 10:21:44,855] [basehttp.py:154] [basehttp:log_message] [INFO]- "GET /favicon.ico HTTP/1.1" 302 0
[2022-06-14 10:21:44,874] [basehttp.py:154] [basehttp:log_message] [INFO]- "GET /login/ HTTP/1.1" 200 4677
[2022-06-14 10:21:45,011] [basehttp.py:154] [basehttp:log_message] [INFO]- "GET /CQM/CQMapi/?Project=GLMA0 HTTP/1.1" 200 1106
[2022-06-14 10:21:45,056] [basehttp.py:154] [basehttp:log_message] [INFO]- "GET /favicon.ico HTTP/1.1" 302 0
[2022-06-14 10:21:45,090] [basehttp.py:154] [basehttp:log_message] [INFO]- "GET /login/ HTTP/1.1" 200 4677
[2022-06-14 10:21:45,219] [basehttp.py:154] [basehttp:log_message] [INFO]- "GET /CQM/CQMapi/?Project=GLMA0 HTTP/1.1" 200 1106
[2022-06-14 10:21:45,272] [basehttp.py:154] [basehttp:log_message] [INFO]- "GET /favicon.ico HTTP/1.1" 302 0
[2022-06-14 10:21:45,298] [basehttp.py:154] [basehttp:log_message] [INFO]- "GET /login/ HTTP/1.1" 200 4677
[2022-06-14 10:25:15,639] [basehttp.py:154] [basehttp:log_message] [INFO]- "GET /CQM/apilogin/ HTTP/1.1" 302 0
[2022-06-14 10:25:15,666] [basehttp.py:154] [basehttp:log_message] [INFO]- "GET /login/ HTTP/1.1" 200 4677
[2022-06-14 10:25:16,013] [basehttp.py:154] [basehttp:log_message] [INFO]- "GET /favicon.ico HTTP/1.1" 302 0
[2022-06-14 10:25:16,033] [basehttp.py:154] [basehttp:log_message] [INFO]- "GET /login/ HTTP/1.1" 200 4677
[2022-06-14 10:25:53,503] [basehttp.py:154] [basehttp:log_message] [INFO]- "GET /api/verify/ HTTP/1.1" 302 0
[2022-06-14 10:25:54,334] [basehttp.py:154] [basehttp:log_message] [INFO]- "GET /favicon.ico HTTP/1.1" 302 0
[2022-06-14 10:25:54,516] [basehttp.py:154] [basehttp:log_message] [INFO]- "GET /login/ HTTP/1.1" 200 4677
[2022-06-14 10:26:09,456] [log.py:228] [log:log_response] [WARNING]- Method Not Allowed: /CQM/api/login/
[2022-06-14 10:26:09,457] [basehttp.py:154] [basehttp:log_message] [WARNING]- "GET /CQM/api/login/ HTTP/1.1" 405 7667
[2022-06-14 10:26:09,736] [basehttp.py:154] [basehttp:log_message] [INFO]- "GET /favicon.ico HTTP/1.1" 302 0
[2022-06-14 10:26:09,748] [basehttp.py:154] [basehttp:log_message] [INFO]- "GET /login/ HTTP/1.1" 200 4677
[2022-06-14 10:26:15,094] [UserIP.py:89] [UserIP:process_response] [CRITICAL]- 系统错误
[2022-06-14 10:26:15,106] [log.py:228] [log:log_response] [WARNING]- Unauthorized: /CQM/api/login/
[2022-06-14 10:26:15,107] [basehttp.py:154] [basehttp:log_message] [WARNING]- "POST /CQM/api/login/ HTTP/1.1" 401 7604
[2022-06-14 10:26:15,209] [basehttp.py:154] [basehttp:log_message] [INFO]- "GET /favicon.ico HTTP/1.1" 302 0
[2022-06-14 10:26:15,227] [basehttp.py:154] [basehttp:log_message] [INFO]- "GET /login/ HTTP/1.1" 200 4677
[2022-06-14 10:26:23,619] [basehttp.py:154] [basehttp:log_message] [INFO]- "GET /CQM/CQMapi/?Project=GLMA0 HTTP/1.1" 200 1106
[2022-06-14 10:26:23,746] [basehttp.py:154] [basehttp:log_message] [INFO]- "GET /favicon.ico HTTP/1.1" 302 0
[2022-06-14 10:26:23,808] [basehttp.py:154] [basehttp:log_message] [INFO]- "GET /login/ HTTP/1.1" 200 4677
[2022-06-14 10:26:24,540] [basehttp.py:154] [basehttp:log_message] [INFO]- "GET /CQM/CQMapi/?Project=GLMA0 HTTP/1.1" 200 1106
[2022-06-14 10:26:24,575] [basehttp.py:154] [basehttp:log_message] [INFO]- "GET /favicon.ico HTTP/1.1" 302 0
[2022-06-14 10:26:24,635] [basehttp.py:154] [basehttp:log_message] [INFO]- "GET /login/ HTTP/1.1" 200 4677
[2022-06-14 10:26:24,959] [basehttp.py:154] [basehttp:log_message] [INFO]- "GET /CQM/CQMapi/?Project=GLMA0 HTTP/1.1" 200 1106
[2022-06-14 10:26:25,034] [basehttp.py:154] [basehttp:log_message] [INFO]- "GET /favicon.ico HTTP/1.1" 302 0
[2022-06-14 10:26:25,059] [basehttp.py:154] [basehttp:log_message] [INFO]- "GET /login/ HTTP/1.1" 200 4677
[2022-06-14 10:26:25,160] [basehttp.py:154] [basehttp:log_message] [INFO]- "GET /CQM/CQMapi/?Project=GLMA0 HTTP/1.1" 200 1106
[2022-06-14 10:26:25,188] [basehttp.py:154] [basehttp:log_message] [INFO]- "GET /favicon.ico HTTP/1.1" 302 0
[2022-06-14 10:26:25,220] [basehttp.py:154] [basehttp:log_message] [INFO]- "GET /login/ HTTP/1.1" 200 4677
[2022-06-14 10:26:25,348] [basehttp.py:154] [basehttp:log_message] [INFO]- "GET /CQM/CQMapi/?Project=GLMA0 HTTP/1.1" 200 1106
[2022-06-14 10:26:25,384] [basehttp.py:154] [basehttp:log_message] [INFO]- "GET /favicon.ico HTTP/1.1" 302 0
[2022-06-14 10:26:25,405] [basehttp.py:154] [basehttp:log_message] [INFO]- "GET /login/ HTTP/1.1" 200 4677
[2022-06-14 10:26:25,551] [basehttp.py:154] [basehttp:log_message] [INFO]- "GET /CQM/CQMapi/?Project=GLMA0 HTTP/1.1" 200 1106
[2022-06-14 10:26:25,577] [basehttp.py:154] [basehttp:log_message] [INFO]- "GET /favicon.ico HTTP/1.1" 302 0
[2022-06-14 10:26:25,618] [basehttp.py:154] [basehttp:log_message] [INFO]- "GET /login/ HTTP/1.1" 200 4677
[2022-06-14 10:26:25,778] [basehttp.py:154] [basehttp:log_message] [INFO]- "GET /CQM/CQMapi/?Project=GLMA0 HTTP/1.1" 200 1106
[2022-06-14 10:26:25,823] [basehttp.py:154] [basehttp:log_message] [INFO]- "GET /favicon.ico HTTP/1.1" 302 0
[2022-06-14 10:26:25,869] [basehttp.py:154] [basehttp:log_message] [INFO]- "GET /login/ HTTP/1.1" 200 4677
[2022-06-14 10:26:29,686] [UserIP.py:89] [UserIP:process_response] [CRITICAL]- 系统错误
[2022-06-14 10:26:29,694] [basehttp.py:154] [basehttp:log_message] [INFO]- "POST /CQM/api/login/ HTTP/1.1" 200 8116
[2022-06-14 10:26:29,859] [basehttp.py:154] [basehttp:log_message] [INFO]- "GET /favicon.ico HTTP/1.1" 302 0
[2022-06-14 10:26:29,880] [basehttp.py:154] [basehttp:log_message] [INFO]- "GET /login/ HTTP/1.1" 200 4677
[2022-06-14 10:27:21,219] [log.py:228] [log:log_response] [WARNING]- Method Not Allowed: /CQM/api/verify/
[2022-06-14 10:27:21,220] [basehttp.py:154] [basehttp:log_message] [WARNING]- "GET /CQM/api/verify/ HTTP/1.1" 405 7339
[2022-06-14 10:27:21,335] [basehttp.py:154] [basehttp:log_message] [INFO]- "GET /favicon.ico HTTP/1.1" 302 0
[2022-06-14 10:27:21,359] [basehttp.py:154] [basehttp:log_message] [INFO]- "GET /login/ HTTP/1.1" 200 4677
[2022-06-14 10:27:24,595] [UserIP.py:89] [UserIP:process_response] [CRITICAL]- 系统错误
[2022-06-14 10:27:24,604] [log.py:228] [log:log_response] [WARNING]- Unauthorized: /CQM/api/verify/
[2022-06-14 10:27:24,604] [basehttp.py:154] [basehttp:log_message] [WARNING]- "POST /CQM/api/verify/ HTTP/1.1" 401 7316
[2022-06-14 10:27:24,703] [basehttp.py:154] [basehttp:log_message] [INFO]- "GET /favicon.ico HTTP/1.1" 302 0
[2022-06-14 10:27:24,719] [basehttp.py:154] [basehttp:log_message] [INFO]- "GET /login/ HTTP/1.1" 200 4677
[2022-06-14 10:27:26,397] [UserIP.py:89] [UserIP:process_response] [CRITICAL]- 系统错误
[2022-06-14 10:27:26,406] [log.py:228] [log:log_response] [WARNING]- Bad Request: /CQM/api/verify/
[2022-06-14 10:27:26,407] [basehttp.py:154] [basehttp:log_message] [WARNING]- "POST /CQM/api/verify/ HTTP/1.1" 400 7433
[2022-06-14 10:27:26,502] [basehttp.py:154] [basehttp:log_message] [INFO]- "GET /favicon.ico HTTP/1.1" 302 0
[2022-06-14 10:27:26,519] [basehttp.py:154] [basehttp:log_message] [INFO]- "GET /login/ HTTP/1.1" 200 4677
[2022-06-14 10:27:30,405] [UserIP.py:89] [UserIP:process_response] [CRITICAL]- 系统错误
[2022-06-14 10:27:30,412] [log.py:228] [log:log_response] [WARNING]- Unauthorized: /CQM/api/verify/
[2022-06-14 10:27:30,413] [basehttp.py:154] [basehttp:log_message] [WARNING]- "POST /CQM/api/verify/ HTTP/1.1" 401 7316
[2022-06-14 10:27:30,513] [basehttp.py:154] [basehttp:log_message] [INFO]- "GET /favicon.ico HTTP/1.1" 302 0
[2022-06-14 10:27:30,590] [basehttp.py:154] [basehttp:log_message] [INFO]- "GET /login/ HTTP/1.1" 200 4677
[2022-06-14 10:27:34,062] [basehttp.py:154] [basehttp:log_message] [INFO]- "GET /favicon.ico HTTP/1.1" 302 0
[2022-06-14 10:27:34,566] [basehttp.py:154] [basehttp:log_message] [INFO]- "GET /login/ HTTP/1.1" 200 4677
[2022-06-14 10:27:48,981] [basehttp.py:154] [basehttp:log_message] [INFO]- "GET /CQM/api/login HTTP/1.1" 301 0
[2022-06-14 10:27:49,116] [log.py:228] [log:log_response] [WARNING]- Method Not Allowed: /CQM/api/login/
[2022-06-14 10:27:49,118] [basehttp.py:154] [basehttp:log_message] [WARNING]- "GET /CQM/api/login/ HTTP/1.1" 405 7667
[2022-06-14 10:27:49,648] [basehttp.py:154] [basehttp:log_message] [INFO]- "GET /favicon.ico HTTP/1.1" 302 0
[2022-06-14 10:27:49,678] [basehttp.py:154] [basehttp:log_message] [INFO]- "GET /login/ HTTP/1.1" 200 4677
[2022-06-14 10:27:53,594] [UserIP.py:89] [UserIP:process_response] [CRITICAL]- 系统错误
[2022-06-14 10:27:53,607] [basehttp.py:154] [basehttp:log_message] [INFO]- "POST /CQM/api/login/ HTTP/1.1" 200 8116
[2022-06-14 10:27:53,695] [basehttp.py:154] [basehttp:log_message] [INFO]- "GET /favicon.ico HTTP/1.1" 302 0
[2022-06-14 10:27:53,712] [basehttp.py:154] [basehttp:log_message] [INFO]- "GET /login/ HTTP/1.1" 200 4677
[2022-06-14 10:28:05,417] [UserIP.py:89] [UserIP:process_response] [CRITICAL]- 系统错误
[2022-06-14 10:28:05,424] [basehttp.py:154] [basehttp:log_message] [INFO]- "POST /CQM/api/verify/ HTTP/1.1" 200 7254
[2022-06-14 10:28:05,562] [basehttp.py:154] [basehttp:log_message] [INFO]- "GET /favicon.ico HTTP/1.1" 302 0
[2022-06-14 10:28:05,584] [basehttp.py:154] [basehttp:log_message] [INFO]- "GET /login/ HTTP/1.1" 200 4677
[2022-06-14 10:28:09,067] [basehttp.py:154] [basehttp:log_message] [INFO]- "GET /CQM/CQMapi/?Project=GLMA0 HTTP/1.1" 200 1106
[2022-06-14 10:28:09,122] [basehttp.py:154] [basehttp:log_message] [INFO]- "GET /favicon.ico HTTP/1.1" 302 0
[2022-06-14 10:28:09,146] [basehttp.py:154] [basehttp:log_message] [INFO]- "GET /login/ HTTP/1.1" 200 4677
[2022-06-14 10:28:09,793] [basehttp.py:154] [basehttp:log_message] [INFO]- "GET /CQM/CQMapi/?Project=GLMA0 HTTP/1.1" 200 1106
[2022-06-14 10:28:09,838] [basehttp.py:154] [basehttp:log_message] [INFO]- "GET /favicon.ico HTTP/1.1" 302 0
[2022-06-14 10:28:09,869] [basehttp.py:154] [basehttp:log_message] [INFO]- "GET /login/ HTTP/1.1" 200 4677
[2022-06-14 10:28:09,957] [basehttp.py:154] [basehttp:log_message] [INFO]- "GET /CQM/CQMapi/?Project=GLMA0 HTTP/1.1" 200 1106
[2022-06-14 10:28:09,984] [basehttp.py:154] [basehttp:log_message] [INFO]- "GET /favicon.ico HTTP/1.1" 302 0
[2022-06-14 10:28:10,005] [basehttp.py:154] [basehttp:log_message] [INFO]- "GET /login/ HTTP/1.1" 200 4677
[2022-06-14 10:31:02,428] [basehttp.py:154] [basehttp:log_message] [INFO]- "GET /CQM/CQMapi/?Project=GLMA0 HTTP/1.1" 200 1106
[2022-06-14 10:31:02,495] [basehttp.py:154] [basehttp:log_message] [INFO]- "GET /favicon.ico HTTP/1.1" 302 0
[2022-06-14 10:31:02,513] [basehttp.py:154] [basehttp:log_message] [INFO]- "GET /login/ HTTP/1.1" 200 4677
[2022-06-14 10:31:03,347] [basehttp.py:154] [basehttp:log_message] [INFO]- "GET /CQM/CQMapi/?Project=GLMA0 HTTP/1.1" 200 1106
[2022-06-14 10:31:03,449] [basehttp.py:154] [basehttp:log_message] [INFO]- "GET /favicon.ico HTTP/1.1" 302 0
[2022-06-14 10:31:03,510] [basehttp.py:154] [basehttp:log_message] [INFO]- "GET /login/ HTTP/1.1" 200 4677
[2022-06-14 10:31:03,731] [basehttp.py:154] [basehttp:log_message] [INFO]- "GET /CQM/CQMapi/?Project=GLMA0 HTTP/1.1" 200 1106
[2022-06-14 10:31:03,784] [basehttp.py:154] [basehttp:log_message] [INFO]- "GET /favicon.ico HTTP/1.1" 302 0
[2022-06-14 10:31:03,806] [basehttp.py:154] [basehttp:log_message] [INFO]- "GET /login/ HTTP/1.1" 200 4677
[2022-06-14 10:32:26,315] [basehttp.py:154] [basehttp:log_message] [INFO]- "GET /CQM/CQMapi/?Project=GLMA0 HTTP/1.1" 200 1106
[2022-06-14 10:32:26,349] [basehttp.py:154] [basehttp:log_message] [INFO]- "GET /favicon.ico HTTP/1.1" 302 0
[2022-06-14 10:32:26,371] [basehttp.py:154] [basehttp:log_message] [INFO]- "GET /login/ HTTP/1.1" 200 4677
[2022-06-14 10:32:27,005] [basehttp.py:154] [basehttp:log_message] [INFO]- "GET /CQM/CQMapi/?Project=GLMA0 HTTP/1.1" 200 1106
[2022-06-14 10:32:27,068] [basehttp.py:154] [basehttp:log_message] [INFO]- "GET /favicon.ico HTTP/1.1" 302 0
[2022-06-14 10:32:27,161] [basehttp.py:154] [basehttp:log_message] [INFO]- "GET /login/ HTTP/1.1" 200 4677
[2022-06-14 10:32:27,209] [basehttp.py:154] [basehttp:log_message] [INFO]- "GET /CQM/CQMapi/?Project=GLMA0 HTTP/1.1" 200 1106
[2022-06-14 10:32:27,233] [basehttp.py:154] [basehttp:log_message] [INFO]- "GET /favicon.ico HTTP/1.1" 302 0
[2022-06-14 10:32:27,253] [basehttp.py:154] [basehttp:log_message] [INFO]- "GET /login/ HTTP/1.1" 200 4677
[2022-06-14 10:32:27,399] [basehttp.py:154] [basehttp:log_message] [INFO]- "GET /CQM/CQMapi/?Project=GLMA0 HTTP/1.1" 200 1106
[2022-06-14 10:32:27,434] [basehttp.py:154] [basehttp:log_message] [INFO]- "GET /favicon.ico HTTP/1.1" 302 0
[2022-06-14 10:32:27,466] [basehttp.py:154] [basehttp:log_message] [INFO]- "GET /login/ HTTP/1.1" 200 4677
[2022-06-14 10:36:56,145] [log.py:228] [log:log_response] [WARNING]- Unauthorized: /CQM/CQMapi/
[2022-06-14 10:36:56,147] [basehttp.py:154] [basehttp:log_message] [WARNING]- "GET /CQM/CQMapi/?Project=GLMA0 HTTP/1.1" 401 43
[2022-06-14 10:37:10,705] [basehttp.py:154] [basehttp:log_message] [INFO]- "GET /CQM/CQMapi/?Project=GLMA0 HTTP/1.1" 200 1106
[2022-06-14 10:37:10,757] [basehttp.py:154] [basehttp:log_message] [INFO]- "GET /favicon.ico HTTP/1.1" 302 0
[2022-06-14 10:37:10,778] [basehttp.py:154] [basehttp:log_message] [INFO]- "GET /login/ HTTP/1.1" 200 4677
[2022-06-14 10:37:11,420] [basehttp.py:154] [basehttp:log_message] [INFO]- "GET /CQM/CQMapi/?Project=GLMA0 HTTP/1.1" 200 1106
[2022-06-14 10:37:11,448] [basehttp.py:154] [basehttp:log_message] [INFO]- "GET /favicon.ico HTTP/1.1" 302 0
[2022-06-14 10:37:11,474] [basehttp.py:154] [basehttp:log_message] [INFO]- "GET /login/ HTTP/1.1" 200 4677
[2022-06-14 10:37:11,955] [basehttp.py:154] [basehttp:log_message] [INFO]- "GET /CQM/CQMapi/?Project=GLMA0 HTTP/1.1" 200 1106
[2022-06-14 10:37:11,996] [basehttp.py:154] [basehttp:log_message] [INFO]- "GET /favicon.ico HTTP/1.1" 302 0
[2022-06-14 10:37:12,028] [basehttp.py:154] [basehttp:log_message] [INFO]- "GET /login/ HTTP/1.1" 200 4677
[2022-06-14 10:37:12,214] [basehttp.py:154] [basehttp:log_message] [INFO]- "GET /CQM/CQMapi/?Project=GLMA0 HTTP/1.1" 200 1106
[2022-06-14 10:37:12,249] [basehttp.py:154] [basehttp:log_message] [INFO]- "GET /favicon.ico HTTP/1.1" 302 0
[2022-06-14 10:37:12,266] [basehttp.py:154] [basehttp:log_message] [INFO]- "GET /login/ HTTP/1.1" 200 4677
[2022-06-14 10:37:12,412] [basehttp.py:154] [basehttp:log_message] [INFO]- "GET /CQM/CQMapi/?Project=GLMA0 HTTP/1.1" 200 1106
[2022-06-14 10:37:12,445] [basehttp.py:154] [basehttp:log_message] [INFO]- "GET /favicon.ico HTTP/1.1" 302 0
[2022-06-14 10:37:12,463] [basehttp.py:154] [basehttp:log_message] [INFO]- "GET /login/ HTTP/1.1" 200 4677
[2022-06-14 10:37:12,616] [basehttp.py:154] [basehttp:log_message] [INFO]- "GET /CQM/CQMapi/?Project=GLMA0 HTTP/1.1" 200 1106
[2022-06-14 10:37:12,651] [basehttp.py:154] [basehttp:log_message] [INFO]- "GET /favicon.ico HTTP/1.1" 302 0
[2022-06-14 10:37:12,692] [basehttp.py:154] [basehttp:log_message] [INFO]- "GET /login/ HTTP/1.1" 200 4677
[2022-06-14 10:37:12,840] [basehttp.py:154] [basehttp:log_message] [INFO]- "GET /CQM/CQMapi/?Project=GLMA0 HTTP/1.1" 200 1106
[2022-06-14 10:37:12,875] [basehttp.py:154] [basehttp:log_message] [INFO]- "GET /favicon.ico HTTP/1.1" 302 0
[2022-06-14 10:37:12,899] [basehttp.py:154] [basehttp:log_message] [INFO]- "GET /login/ HTTP/1.1" 200 4677
[2022-06-14 10:37:13,064] [basehttp.py:154] [basehttp:log_message] [INFO]- "GET /CQM/CQMapi/?Project=GLMA0 HTTP/1.1" 200 1106
[2022-06-14 10:37:13,093] [basehttp.py:154] [basehttp:log_message] [INFO]- "GET /favicon.ico HTTP/1.1" 302 0
[2022-06-14 10:37:13,114] [basehttp.py:154] [basehttp:log_message] [INFO]- "GET /login/ HTTP/1.1" 200 4677
[2022-06-14 10:37:13,240] [basehttp.py:154] [basehttp:log_message] [INFO]- "GET /CQM/CQMapi/?Project=GLMA0 HTTP/1.1" 200 1106
[2022-06-14 10:37:13,264] [basehttp.py:154] [basehttp:log_message] [INFO]- "GET /favicon.ico HTTP/1.1" 302 0
[2022-06-14 10:37:13,285] [basehttp.py:154] [basehttp:log_message] [INFO]- "GET /login/ HTTP/1.1" 200 4677
[2022-06-14 10:37:17,781] [basehttp.py:154] [basehttp:log_message] [INFO]- "GET /CQM/CQMapi/?Project=GLMA0 HTTP/1.1" 200 1106
[2022-06-14 10:37:17,857] [basehttp.py:154] [basehttp:log_message] [INFO]- "GET /favicon.ico HTTP/1.1" 302 0
[2022-06-14 10:37:17,878] [basehttp.py:154] [basehttp:log_message] [INFO]- "GET /login/ HTTP/1.1" 200 4677
[2022-06-14 10:37:54,298] [UserIP.py:89] [UserIP:process_response] [CRITICAL]- 系统错误
[2022-06-14 10:37:54,310] [basehttp.py:154] [basehttp:log_message] [INFO]- "POST /CQM/api/login/ HTTP/1.1" 200 8116
[2022-06-14 10:37:54,602] [basehttp.py:154] [basehttp:log_message] [INFO]- "GET /favicon.ico HTTP/1.1" 302 0
[2022-06-14 10:37:54,661] [basehttp.py:154] [basehttp:log_message] [INFO]- "GET /login/ HTTP/1.1" 200 4677
[2022-06-14 10:40:12,145] [UserIP.py:89] [UserIP:process_response] [CRITICAL]- 系统错误
[2022-06-14 10:40:12,153] [basehttp.py:154] [basehttp:log_message] [INFO]- "POST /CQM/api/login/ HTTP/1.1" 200 8116
[2022-06-14 10:40:12,275] [basehttp.py:154] [basehttp:log_message] [INFO]- "GET /favicon.ico HTTP/1.1" 302 0
[2022-06-14 10:40:12,297] [basehttp.py:154] [basehttp:log_message] [INFO]- "GET /login/ HTTP/1.1" 200 4677
[2022-06-14 10:40:23,679] [basehttp.py:154] [basehttp:log_message] [INFO]- "GET /CQM/CQMapi/?Project=GLMA0 HTTP/1.1" 200 1106
[2022-06-14 10:40:34,047] [basehttp.py:154] [basehttp:log_message] [INFO]- "GET /CQM/CQMapi/?Project=GLMA0 HTTP/1.1" 200 1106
[2022-06-14 10:40:34,978] [basehttp.py:154] [basehttp:log_message] [INFO]- "GET /CQM/CQMapi/?Project=GLMA0 HTTP/1.1" 200 1106
[2022-06-14 10:40:35,788] [basehttp.py:154] [basehttp:log_message] [INFO]- "GET /CQM/CQMapi/?Project=GLMA0 HTTP/1.1" 200 1106
[2022-06-14 10:40:36,546] [basehttp.py:154] [basehttp:log_message] [INFO]- "GET /CQM/CQMapi/?Project=GLMA0 HTTP/1.1" 200 1106
[2022-06-14 10:40:37,358] [basehttp.py:154] [basehttp:log_message] [INFO]- "GET /CQM/CQMapi/?Project=GLMA0 HTTP/1.1" 200 1106
[2022-06-14 10:40:38,161] [basehttp.py:154] [basehttp:log_message] [INFO]- "GET /CQM/CQMapi/?Project=GLMA0 HTTP/1.1" 200 1106
[2022-06-14 10:40:38,842] [basehttp.py:154] [basehttp:log_message] [INFO]- "GET /CQM/CQMapi/?Project=GLMA0 HTTP/1.1" 200 1106
[2022-06-14 10:40:39,684] [basehttp.py:154] [basehttp:log_message] [INFO]- "GET /CQM/CQMapi/?Project=GLMA0 HTTP/1.1" 200 1106
[2022-06-14 10:40:40,327] [basehttp.py:154] [basehttp:log_message] [INFO]- "GET /CQM/CQMapi/?Project=GLMA0 HTTP/1.1" 200 1106
[2022-06-14 10:40:41,222] [basehttp.py:154] [basehttp:log_message] [INFO]- "GET /CQM/CQMapi/?Project=GLMA0 HTTP/1.1" 200 1106
[2022-06-14 10:40:41,812] [basehttp.py:154] [basehttp:log_message] [INFO]- "GET /CQM/CQMapi/?Project=GLMA0 HTTP/1.1" 200 1106
[2022-06-14 10:40:42,588] [log.py:228] [log:log_response] [WARNING]- Unauthorized: /CQM/CQMapi/
[2022-06-14 10:40:42,589] [basehttp.py:154] [basehttp:log_message] [WARNING]- "GET /CQM/CQMapi/?Project=GLMA0 HTTP/1.1" 401 183
[2022-06-14 10:40:43,339] [log.py:228] [log:log_response] [WARNING]- Unauthorized: /CQM/CQMapi/
[2022-06-14 10:40:43,340] [basehttp.py:154] [basehttp:log_message] [WARNING]- "GET /CQM/CQMapi/?Project=GLMA0 HTTP/1.1" 401 179
[2022-06-14 10:40:50,927] [log.py:228] [log:log_response] [WARNING]- Unauthorized: /CQM/CQMapi/
[2022-06-14 10:40:50,930] [basehttp.py:154] [basehttp:log_message] [WARNING]- "GET /CQM/CQMapi/?Project=GLMA0 HTTP/1.1" 401 179
[2022-06-14 10:40:51,609] [log.py:228] [log:log_response] [WARNING]- Unauthorized: /CQM/CQMapi/
[2022-06-14 10:40:51,610] [basehttp.py:154] [basehttp:log_message] [WARNING]- "GET /CQM/CQMapi/?Project=GLMA0 HTTP/1.1" 401 179
[2022-06-14 10:40:52,036] [log.py:228] [log:log_response] [WARNING]- Unauthorized: /CQM/CQMapi/
[2022-06-14 10:40:52,037] [basehttp.py:154] [basehttp:log_message] [WARNING]- "GET /CQM/CQMapi/?Project=GLMA0 HTTP/1.1" 401 179
[2022-06-14 10:40:52,369] [log.py:228] [log:log_response] [WARNING]- Unauthorized: /CQM/CQMapi/
[2022-06-14 10:40:52,370] [basehttp.py:154] [basehttp:log_message] [WARNING]- "GET /CQM/CQMapi/?Project=GLMA0 HTTP/1.1" 401 179
[2022-06-14 10:40:57,563] [log.py:228] [log:log_response] [WARNING]- Unauthorized: /CQM/CQMapi/
[2022-06-14 10:40:57,564] [basehttp.py:154] [basehttp:log_message] [WARNING]- "GET /CQM/CQMapi/?Project=GLMA0 HTTP/1.1" 401 179
[2022-06-14 10:40:58,304] [log.py:228] [log:log_response] [WARNING]- Unauthorized: /CQM/CQMapi/
[2022-06-14 10:40:58,305] [basehttp.py:154] [basehttp:log_message] [WARNING]- "GET /CQM/CQMapi/?Project=GLMA0 HTTP/1.1" 401 179
[2022-06-14 10:41:05,332] [basehttp.py:154] [basehttp:log_message] [INFO]- "GET /CQM/CQMapi/?Project=GLMA0 HTTP/1.1" 200 1106
[2022-06-14 10:41:05,407] [basehttp.py:154] [basehttp:log_message] [INFO]- "GET /favicon.ico HTTP/1.1" 302 0
[2022-06-14 10:41:05,428] [basehttp.py:154] [basehttp:log_message] [INFO]- "GET /login/ HTTP/1.1" 200 4677
[2022-06-14 10:41:06,181] [basehttp.py:154] [basehttp:log_message] [INFO]- "GET /CQM/CQMapi/?Project=GLMA0 HTTP/1.1" 200 1106
[2022-06-14 10:41:06,212] [basehttp.py:154] [basehttp:log_message] [INFO]- "GET /favicon.ico HTTP/1.1" 302 0
[2022-06-14 10:41:06,229] [basehttp.py:154] [basehttp:log_message] [INFO]- "GET /login/ HTTP/1.1" 200 4677
[2022-06-14 10:41:06,786] [basehttp.py:154] [basehttp:log_message] [INFO]- "GET /CQM/CQMapi/?Project=GLMA0 HTTP/1.1" 200 1106
[2022-06-14 10:41:06,822] [basehttp.py:154] [basehttp:log_message] [INFO]- "GET /favicon.ico HTTP/1.1" 302 0
[2022-06-14 10:41:06,838] [basehttp.py:154] [basehttp:log_message] [INFO]- "GET /login/ HTTP/1.1" 200 4677
[2022-06-14 10:41:07,064] [basehttp.py:154] [basehttp:log_message] [INFO]- "GET /CQM/CQMapi/?Project=GLMA0 HTTP/1.1" 200 1106
[2022-06-14 10:41:07,091] [basehttp.py:154] [basehttp:log_message] [INFO]- "GET /favicon.ico HTTP/1.1" 302 0
[2022-06-14 10:41:07,106] [basehttp.py:154] [basehttp:log_message] [INFO]- "GET /login/ HTTP/1.1" 200 4677
[2022-06-14 10:41:07,381] [basehttp.py:154] [basehttp:log_message] [INFO]- "GET /CQM/CQMapi/?Project=GLMA0 HTTP/1.1" 200 1106
[2022-06-14 10:41:07,408] [basehttp.py:154] [basehttp:log_message] [INFO]- "GET /favicon.ico HTTP/1.1" 302 0
[2022-06-14 10:41:07,428] [basehttp.py:154] [basehttp:log_message] [INFO]- "GET /login/ HTTP/1.1" 200 4677
[2022-06-14 10:41:08,357] [basehttp.py:154] [basehttp:log_message] [INFO]- "GET /CQM/CQMapi/?Project=GLMA0 HTTP/1.1" 200 1106
[2022-06-14 10:41:08,440] [basehttp.py:154] [basehttp:log_message] [INFO]- "GET /favicon.ico HTTP/1.1" 302 0
[2022-06-14 10:41:08,456] [basehttp.py:154] [basehttp:log_message] [INFO]- "GET /login/ HTTP/1.1" 200 4677
[2022-06-14 10:41:08,614] [basehttp.py:154] [basehttp:log_message] [INFO]- "GET /CQM/CQMapi/?Project=GLMA0 HTTP/1.1" 200 1106
[2022-06-14 10:41:08,638] [basehttp.py:154] [basehttp:log_message] [INFO]- "GET /favicon.ico HTTP/1.1" 302 0
[2022-06-14 10:41:08,661] [basehttp.py:154] [basehttp:log_message] [INFO]- "GET /login/ HTTP/1.1" 200 4677
[2022-06-14 10:41:08,861] [basehttp.py:154] [basehttp:log_message] [INFO]- "GET /CQM/CQMapi/?Project=GLMA0 HTTP/1.1" 200 1106
[2022-06-14 10:41:08,925] [basehttp.py:154] [basehttp:log_message] [INFO]- "GET /favicon.ico HTTP/1.1" 302 0
[2022-06-14 10:41:08,945] [basehttp.py:154] [basehttp:log_message] [INFO]- "GET /login/ HTTP/1.1" 200 4677
[2022-06-14 10:41:09,124] [basehttp.py:154] [basehttp:log_message] [INFO]- "GET /CQM/CQMapi/?Project=GLMA0 HTTP/1.1" 200 1106
[2022-06-14 10:41:09,147] [basehttp.py:154] [basehttp:log_message] [INFO]- "GET /favicon.ico HTTP/1.1" 302 0
[2022-06-14 10:41:09,163] [basehttp.py:154] [basehttp:log_message] [INFO]- "GET /login/ HTTP/1.1" 200 4677
[2022-06-14 10:41:09,408] [basehttp.py:154] [basehttp:log_message] [INFO]- "GET /CQM/CQMapi/?Project=GLMA0 HTTP/1.1" 200 1106
[2022-06-14 10:41:09,466] [basehttp.py:154] [basehttp:log_message] [INFO]- "GET /favicon.ico HTTP/1.1" 302 0
[2022-06-14 10:41:09,489] [basehttp.py:154] [basehttp:log_message] [INFO]- "GET /login/ HTTP/1.1" 200 4677
[2022-06-14 10:41:09,579] [basehttp.py:154] [basehttp:log_message] [INFO]- "GET /CQM/CQMapi/?Project=GLMA0 HTTP/1.1" 200 1106
[2022-06-14 10:41:09,606] [basehttp.py:154] [basehttp:log_message] [INFO]- "GET /favicon.ico HTTP/1.1" 302 0
[2022-06-14 10:41:09,623] [basehttp.py:154] [basehttp:log_message] [INFO]- "GET /login/ HTTP/1.1" 200 4677
[2022-06-14 10:41:09,870] [basehttp.py:154] [basehttp:log_message] [INFO]- "GET /CQM/CQMapi/?Project=GLMA0 HTTP/1.1" 200 1106
[2022-06-14 10:41:09,895] [basehttp.py:154] [basehttp:log_message] [INFO]- "GET /favicon.ico HTTP/1.1" 302 0
[2022-06-14 10:41:09,941] [basehttp.py:154] [basehttp:log_message] [INFO]- "GET /login/ HTTP/1.1" 200 4677
[2022-06-14 10:41:10,709] [basehttp.py:154] [basehttp:log_message] [INFO]- "GET /CQM/CQMapi/?Project=GLMA0 HTTP/1.1" 200 1106
[2022-06-14 10:41:10,736] [basehttp.py:154] [basehttp:log_message] [INFO]- "GET /favicon.ico HTTP/1.1" 302 0
[2022-06-14 10:41:10,756] [basehttp.py:154] [basehttp:log_message] [INFO]- "GET /login/ HTTP/1.1" 200 4677
[2022-06-14 10:41:11,146] [basehttp.py:154] [basehttp:log_message] [INFO]- "GET /CQM/CQMapi/?Project=GLMA0 HTTP/1.1" 200 1106
[2022-06-14 10:41:11,189] [basehttp.py:154] [basehttp:log_message] [INFO]- "GET /favicon.ico HTTP/1.1" 302 0
[2022-06-14 10:41:11,299] [basehttp.py:154] [basehttp:log_message] [INFO]- "GET /login/ HTTP/1.1" 200 4677
[2022-06-14 10:41:11,543] [basehttp.py:154] [basehttp:log_message] [INFO]- "GET /CQM/CQMapi/?Project=GLMA0 HTTP/1.1" 200 1106
[2022-06-14 10:41:11,584] [basehttp.py:154] [basehttp:log_message] [INFO]- "GET /favicon.ico HTTP/1.1" 302 0
[2022-06-14 10:41:11,609] [basehttp.py:154] [basehttp:log_message] [INFO]- "GET /login/ HTTP/1.1" 200 4677
[2022-06-14 10:41:11,823] [basehttp.py:154] [basehttp:log_message] [INFO]- "GET /CQM/CQMapi/?Project=GLMA0 HTTP/1.1" 200 1106
[2022-06-14 10:41:11,855] [basehttp.py:154] [basehttp:log_message] [INFO]- "GET /favicon.ico HTTP/1.1" 302 0
[2022-06-14 10:41:11,877] [basehttp.py:154] [basehttp:log_message] [INFO]- "GET /login/ HTTP/1.1" 200 4677
[2022-06-14 10:41:12,100] [basehttp.py:154] [basehttp:log_message] [INFO]- "GET /CQM/CQMapi/?Project=GLMA0 HTTP/1.1" 200 1106
[2022-06-14 10:41:12,118] [basehttp.py:154] [basehttp:log_message] [INFO]- "GET /favicon.ico HTTP/1.1" 302 0
[2022-06-14 10:41:12,136] [basehttp.py:154] [basehttp:log_message] [INFO]- "GET /login/ HTTP/1.1" 200 4677
[2022-06-14 10:41:12,310] [basehttp.py:154] [basehttp:log_message] [INFO]- "GET /CQM/CQMapi/?Project=GLMA0 HTTP/1.1" 200 1106
[2022-06-14 10:41:12,335] [basehttp.py:154] [basehttp:log_message] [INFO]- "GET /favicon.ico HTTP/1.1" 302 0
[2022-06-14 10:41:12,356] [basehttp.py:154] [basehttp:log_message] [INFO]- "GET /login/ HTTP/1.1" 200 4677
[2022-06-14 10:41:12,557] [basehttp.py:154] [basehttp:log_message] [INFO]- "GET /CQM/CQMapi/?Project=GLMA0 HTTP/1.1" 200 1106
[2022-06-14 10:41:12,579] [basehttp.py:154] [basehttp:log_message] [INFO]- "GET /favicon.ico HTTP/1.1" 302 0
[2022-06-14 10:41:12,598] [basehttp.py:154] [basehttp:log_message] [INFO]- "GET /login/ HTTP/1.1" 200 4677
[2022-06-14 10:41:12,790] [basehttp.py:154] [basehttp:log_message] [INFO]- "GET /CQM/CQMapi/?Project=GLMA0 HTTP/1.1" 200 1106
[2022-06-14 10:41:12,840] [basehttp.py:154] [basehttp:log_message] [INFO]- "GET /favicon.ico HTTP/1.1" 302 0
[2022-06-14 10:41:12,893] [basehttp.py:154] [basehttp:log_message] [INFO]- "GET /login/ HTTP/1.1" 200 4677
[2022-06-14 10:41:13,018] [basehttp.py:154] [basehttp:log_message] [INFO]- "GET /CQM/CQMapi/?Project=GLMA0 HTTP/1.1" 200 1106
[2022-06-14 10:41:13,063] [basehttp.py:154] [basehttp:log_message] [INFO]- "GET /favicon.ico HTTP/1.1" 302 0
[2022-06-14 10:41:13,091] [basehttp.py:154] [basehttp:log_message] [INFO]- "GET /login/ HTTP/1.1" 200 4677
[2022-06-14 10:41:13,271] [basehttp.py:154] [basehttp:log_message] [INFO]- "GET /CQM/CQMapi/?Project=GLMA0 HTTP/1.1" 200 1106
[2022-06-14 10:41:13,290] [basehttp.py:154] [basehttp:log_message] [INFO]- "GET /favicon.ico HTTP/1.1" 302 0
[2022-06-14 10:41:13,303] [basehttp.py:154] [basehttp:log_message] [INFO]- "GET /login/ HTTP/1.1" 200 4677
[2022-06-14 10:41:13,519] [basehttp.py:154] [basehttp:log_message] [INFO]- "GET /CQM/CQMapi/?Project=GLMA0 HTTP/1.1" 200 1106
[2022-06-14 10:41:13,555] [basehttp.py:154] [basehttp:log_message] [INFO]- "GET /favicon.ico HTTP/1.1" 302 0
[2022-06-14 10:41:13,573] [basehttp.py:154] [basehttp:log_message] [INFO]- "GET /login/ HTTP/1.1" 200 4677
[2022-06-14 10:41:13,753] [basehttp.py:154] [basehttp:log_message] [INFO]- "GET /CQM/CQMapi/?Project=GLMA0 HTTP/1.1" 200 1106
[2022-06-14 10:41:13,787] [basehttp.py:154] [basehttp:log_message] [INFO]- "GET /favicon.ico HTTP/1.1" 302 0
[2022-06-14 10:41:13,805] [basehttp.py:154] [basehttp:log_message] [INFO]- "GET /login/ HTTP/1.1" 200 4677
[2022-06-14 10:41:14,019] [basehttp.py:154] [basehttp:log_message] [INFO]- "GET /CQM/CQMapi/?Project=GLMA0 HTTP/1.1" 200 1106
[2022-06-14 10:41:14,095] [basehttp.py:154] [basehttp:log_message] [INFO]- "GET /favicon.ico HTTP/1.1" 302 0
[2022-06-14 10:41:14,163] [basehttp.py:154] [basehttp:log_message] [INFO]- "GET /login/ HTTP/1.1" 200 4677
[2022-06-14 10:41:14,261] [basehttp.py:154] [basehttp:log_message] [INFO]- "GET /CQM/CQMapi/?Project=GLMA0 HTTP/1.1" 200 1106
[2022-06-14 10:41:14,299] [basehttp.py:154] [basehttp:log_message] [INFO]- "GET /favicon.ico HTTP/1.1" 302 0
[2022-06-14 10:41:14,321] [basehttp.py:154] [basehttp:log_message] [INFO]- "GET /login/ HTTP/1.1" 200 4677
[2022-06-14 10:41:14,540] [basehttp.py:154] [basehttp:log_message] [INFO]- "GET /CQM/CQMapi/?Project=GLMA0 HTTP/1.1" 200 1106
[2022-06-14 10:41:14,562] [basehttp.py:154] [basehttp:log_message] [INFO]- "GET /favicon.ico HTTP/1.1" 302 0
[2022-06-14 10:41:14,581] [basehttp.py:154] [basehttp:log_message] [INFO]- "GET /login/ HTTP/1.1" 200 4677
[2022-06-14 10:41:14,755] [basehttp.py:154] [basehttp:log_message] [INFO]- "GET /CQM/CQMapi/?Project=GLMA0 HTTP/1.1" 200 1106
[2022-06-14 10:41:14,785] [basehttp.py:154] [basehttp:log_message] [INFO]- "GET /favicon.ico HTTP/1.1" 302 0
[2022-06-14 10:41:14,798] [basehttp.py:154] [basehttp:log_message] [INFO]- "GET /login/ HTTP/1.1" 200 4677
[2022-06-14 10:45:50,597] [basehttp.py:154] [basehttp:log_message] [INFO]- "GET /CQM/CQMapi/?Project=GLMA0 HTTP/1.1" 200 1106
[2022-06-14 10:45:50,722] [basehttp.py:154] [basehttp:log_message] [INFO]- "GET /favicon.ico HTTP/1.1" 302 0
[2022-06-14 10:45:50,983] [basehttp.py:154] [basehttp:log_message] [INFO]- "GET /login/ HTTP/1.1" 200 4677
[2022-06-14 10:45:51,366] [basehttp.py:154] [basehttp:log_message] [INFO]- "GET /CQM/CQMapi/?Project=GLMA0 HTTP/1.1" 200 1106
[2022-06-14 10:45:51,499] [basehttp.py:154] [basehttp:log_message] [INFO]- "GET /favicon.ico HTTP/1.1" 302 0
[2022-06-14 10:45:51,523] [basehttp.py:154] [basehttp:log_message] [INFO]- "GET /login/ HTTP/1.1" 200 4677
[2022-06-14 10:45:51,770] [basehttp.py:154] [basehttp:log_message] [INFO]- "GET /CQM/CQMapi/?Project=GLMA0 HTTP/1.1" 200 1106
[2022-06-14 10:45:51,800] [basehttp.py:154] [basehttp:log_message] [INFO]- "GET /favicon.ico HTTP/1.1" 302 0
[2022-06-14 10:45:51,819] [basehttp.py:154] [basehttp:log_message] [INFO]- "GET /login/ HTTP/1.1" 200 4677
[2022-06-14 10:45:51,954] [basehttp.py:154] [basehttp:log_message] [INFO]- "GET /CQM/CQMapi/?Project=GLMA0 HTTP/1.1" 200 1106
[2022-06-14 10:45:51,987] [basehttp.py:154] [basehttp:log_message] [INFO]- "GET /favicon.ico HTTP/1.1" 302 0
[2022-06-14 10:45:52,006] [basehttp.py:154] [basehttp:log_message] [INFO]- "GET /login/ HTTP/1.1" 200 4677
[2022-06-14 10:45:52,159] [basehttp.py:154] [basehttp:log_message] [INFO]- "GET /CQM/CQMapi/?Project=GLMA0 HTTP/1.1" 200 1106
[2022-06-14 10:45:52,188] [basehttp.py:154] [basehttp:log_message] [INFO]- "GET /favicon.ico HTTP/1.1" 302 0
[2022-06-14 10:45:52,206] [basehttp.py:154] [basehttp:log_message] [INFO]- "GET /login/ HTTP/1.1" 200 4677
[2022-06-14 10:45:52,386] [basehttp.py:154] [basehttp:log_message] [INFO]- "GET /CQM/CQMapi/?Project=GLMA0 HTTP/1.1" 200 1106
[2022-06-14 10:45:52,414] [basehttp.py:154] [basehttp:log_message] [INFO]- "GET /favicon.ico HTTP/1.1" 302 0
[2022-06-14 10:45:52,431] [basehttp.py:154] [basehttp:log_message] [INFO]- "GET /login/ HTTP/1.1" 200 4677
[2022-06-14 11:41:35,921] [log.py:228] [log:log_response] [WARNING]- Unauthorized: /CQM/CQMapi/
[2022-06-14 11:41:35,935] [basehttp.py:154] [basehttp:log_message] [WARNING]- "GET /CQM/CQMapi/?Project=GLMA0 HTTP/1.1" 401 179
[2022-06-14 11:41:37,194] [log.py:228] [log:log_response] [WARNING]- Unauthorized: /CQM/CQMapi/
[2022-06-14 11:41:37,194] [basehttp.py:154] [basehttp:log_message] [WARNING]- "GET /CQM/CQMapi/?Project=GLMA0 HTTP/1.1" 401 179
[2022-06-14 12:01:24,448] [basehttp.py:154] [basehttp:log_message] [INFO]- "GET /favicon.ico HTTP/1.1" 302 0
[2022-06-14 12:01:24,481] [basehttp.py:154] [basehttp:log_message] [INFO]- "GET /login/ HTTP/1.1" 200 4677
[2022-06-14 16:14:41,287] [basehttp.py:154] [basehttp:log_message] [INFO]- "GET / HTTP/1.1" 302 0
[2022-06-14 16:14:43,050] [basehttp.py:154] [basehttp:log_message] [INFO]- "GET /login/ HTTP/1.1" 200 4677
[2022-06-14 16:14:44,092] [basehttp.py:154] [basehttp:log_message] [INFO]- "GET /favicon.ico HTTP/1.1" 302 0
[2022-06-14 16:14:44,190] [basehttp.py:154] [basehttp:log_message] [INFO]- "GET /login/ HTTP/1.1" 200 4677
[2022-06-14 16:14:53,271] [basehttp.py:154] [basehttp:log_message] [INFO]- "GET /CQM/CQMapi/?Project=GLMA0 HTTP/1.1" 200 1106
[2022-06-14 16:14:53,408] [basehttp.py:154] [basehttp:log_message] [INFO]- "GET /favicon.ico HTTP/1.1" 302 0
[2022-06-14 16:14:53,437] [basehttp.py:154] [basehttp:log_message] [INFO]- "GET /login/ HTTP/1.1" 200 4677
[2022-06-14 16:14:54,749] [basehttp.py:154] [basehttp:log_message] [INFO]- "GET /CQM/CQMapi/?Project=GLMA0 HTTP/1.1" 200 1106
[2022-06-14 16:14:54,790] [basehttp.py:154] [basehttp:log_message] [INFO]- "GET /favicon.ico HTTP/1.1" 302 0
[2022-06-14 16:14:54,816] [basehttp.py:154] [basehttp:log_message] [INFO]- "GET /login/ HTTP/1.1" 200 4677
[2022-06-14 16:14:55,423] [basehttp.py:154] [basehttp:log_message] [INFO]- "GET /CQM/CQMapi/?Project=GLMA0 HTTP/1.1" 200 1106
[2022-06-14 16:14:55,454] [basehttp.py:154] [basehttp:log_message] [INFO]- "GET /favicon.ico HTTP/1.1" 302 0
[2022-06-14 16:14:55,504] [basehttp.py:154] [basehttp:log_message] [INFO]- "GET /login/ HTTP/1.1" 200 4677
[2022-06-14 16:14:55,662] [basehttp.py:154] [basehttp:log_message] [INFO]- "GET /CQM/CQMapi/?Project=GLMA0 HTTP/1.1" 200 1106
[2022-06-14 16:14:55,689] [basehttp.py:154] [basehttp:log_message] [INFO]- "GET /favicon.ico HTTP/1.1" 302 0
[2022-06-14 16:14:55,726] [basehttp.py:154] [basehttp:log_message] [INFO]- "GET /login/ HTTP/1.1" 200 4677
[2022-06-14 16:14:55,938] [basehttp.py:154] [basehttp:log_message] [INFO]- "GET /CQM/CQMapi/?Project=GLMA0 HTTP/1.1" 200 1106
[2022-06-14 16:14:55,959] [basehttp.py:154] [basehttp:log_message] [INFO]- "GET /favicon.ico HTTP/1.1" 302 0
[2022-06-14 16:14:55,992] [basehttp.py:154] [basehttp:log_message] [INFO]- "GET /login/ HTTP/1.1" 200 4677
[2022-06-14 16:14:56,174] [basehttp.py:154] [basehttp:log_message] [INFO]- "GET /CQM/CQMapi/?Project=GLMA0 HTTP/1.1" 200 1106
[2022-06-14 16:14:56,204] [basehttp.py:154] [basehttp:log_message] [INFO]- "GET /favicon.ico HTTP/1.1" 302 0
[2022-06-14 16:14:56,220] [basehttp.py:154] [basehttp:log_message] [INFO]- "GET /login/ HTTP/1.1" 200 4677
[2022-06-14 16:14:56,424] [basehttp.py:154] [basehttp:log_message] [INFO]- "GET /CQM/CQMapi/?Project=GLMA0 HTTP/1.1" 200 1106
[2022-06-14 16:14:56,471] [basehttp.py:154] [basehttp:log_message] [INFO]- "GET /favicon.ico HTTP/1.1" 302 0
[2022-06-14 16:14:56,493] [basehttp.py:154] [basehttp:log_message] [INFO]- "GET /login/ HTTP/1.1" 200 4677
[2022-06-14 16:14:56,922] [basehttp.py:154] [basehttp:log_message] [INFO]- "GET /CQM/CQMapi/?Project=GLMA0 HTTP/1.1" 200 1106
[2022-06-14 16:14:56,952] [basehttp.py:154] [basehttp:log_message] [INFO]- "GET /favicon.ico HTTP/1.1" 302 0
[2022-06-14 16:14:56,973] [basehttp.py:154] [basehttp:log_message] [INFO]- "GET /login/ HTTP/1.1" 200 4677
[2022-06-14 16:14:57,371] [basehttp.py:154] [basehttp:log_message] [INFO]- "GET /CQM/CQMapi/?Project=GLMA0 HTTP/1.1" 200 1106
[2022-06-14 16:14:57,411] [basehttp.py:154] [basehttp:log_message] [INFO]- "GET /favicon.ico HTTP/1.1" 302 0
[2022-06-14 16:14:57,439] [basehttp.py:154] [basehttp:log_message] [INFO]- "GET /login/ HTTP/1.1" 200 4677
[2022-06-14 16:14:57,955] [basehttp.py:154] [basehttp:log_message] [INFO]- "GET /CQM/CQMapi/?Project=GLMA0 HTTP/1.1" 200 1106
[2022-06-14 16:14:58,003] [basehttp.py:154] [basehttp:log_message] [INFO]- "GET /favicon.ico HTTP/1.1" 302 0
[2022-06-14 16:14:58,144] [basehttp.py:154] [basehttp:log_message] [INFO]- "GET /login/ HTTP/1.1" 200 4677
[2022-06-14 16:14:58,169] [basehttp.py:154] [basehttp:log_message] [INFO]- "GET /CQM/CQMapi/?Project=GLMA0 HTTP/1.1" 200 1106
[2022-06-14 16:14:58,203] [basehttp.py:154] [basehttp:log_message] [INFO]- "GET /favicon.ico HTTP/1.1" 302 0
[2022-06-14 16:14:58,223] [basehttp.py:154] [basehttp:log_message] [INFO]- "GET /login/ HTTP/1.1" 200 4677
[2022-06-14 16:14:58,302] [basehttp.py:154] [basehttp:log_message] [INFO]- "GET /CQM/CQMapi/?Project=GLMA0 HTTP/1.1" 200 1106
[2022-06-14 16:14:58,326] [basehttp.py:154] [basehttp:log_message] [INFO]- "GET /favicon.ico HTTP/1.1" 302 0
[2022-06-14 16:14:58,351] [basehttp.py:154] [basehttp:log_message] [INFO]- "GET /login/ HTTP/1.1" 200 4677
[2022-06-14 16:14:58,554] [basehttp.py:154] [basehttp:log_message] [INFO]- "GET /CQM/CQMapi/?Project=GLMA0 HTTP/1.1" 200 1106
[2022-06-14 16:14:58,590] [basehttp.py:154] [basehttp:log_message] [INFO]- "GET /favicon.ico HTTP/1.1" 302 0
[2022-06-14 16:14:58,607] [basehttp.py:154] [basehttp:log_message] [INFO]- "GET /login/ HTTP/1.1" 200 4677
[2022-06-14 16:20:41,179] [basehttp.py:154] [basehttp:log_message] [INFO]- "GET /CQM/CQMapi/?Project=GLMA0 HTTP/1.1" 200 1106
[2022-06-14 16:20:41,497] [basehttp.py:154] [basehttp:log_message] [INFO]- "GET /favicon.ico HTTP/1.1" 302 0
[2022-06-14 16:20:41,529] [basehttp.py:154] [basehttp:log_message] [INFO]- "GET /login/ HTTP/1.1" 200 4677
[2022-06-14 16:20:42,286] [basehttp.py:154] [basehttp:log_message] [INFO]- "GET /CQM/CQMapi/?Project=GLMA0 HTTP/1.1" 200 1106
[2022-06-14 16:20:42,310] [basehttp.py:154] [basehttp:log_message] [INFO]- "GET /favicon.ico HTTP/1.1" 302 0
[2022-06-14 16:20:42,322] [basehttp.py:154] [basehttp:log_message] [INFO]- "GET /login/ HTTP/1.1" 200 4677
[2022-06-14 16:20:42,510] [basehttp.py:154] [basehttp:log_message] [INFO]- "GET /CQM/CQMapi/?Project=GLMA0 HTTP/1.1" 200 1106
[2022-06-14 16:20:42,546] [basehttp.py:154] [basehttp:log_message] [INFO]- "GET /favicon.ico HTTP/1.1" 302 0
[2022-06-14 16:20:42,565] [basehttp.py:154] [basehttp:log_message] [INFO]- "GET /login/ HTTP/1.1" 200 4677
[2022-06-14 16:20:42,717] [basehttp.py:154] [basehttp:log_message] [INFO]- "GET /CQM/CQMapi/?Project=GLMA0 HTTP/1.1" 200 1106
[2022-06-14 16:20:42,746] [basehttp.py:154] [basehttp:log_message] [INFO]- "GET /favicon.ico HTTP/1.1" 302 0
[2022-06-14 16:20:42,762] [basehttp.py:154] [basehttp:log_message] [INFO]- "GET /login/ HTTP/1.1" 200 4677
[2022-06-14 16:20:44,245] [basehttp.py:154] [basehttp:log_message] [INFO]- "GET /favicon.ico HTTP/1.1" 302 0
[2022-06-14 16:20:44,269] [basehttp.py:154] [basehttp:log_message] [INFO]- "GET /login/ HTTP/1.1" 200 4677
[2022-06-14 16:20:57,813] [log.py:228] [log:log_response] [WARNING]- Method Not Allowed: /CQM/api/login/
[2022-06-14 16:20:57,814] [basehttp.py:154] [basehttp:log_message] [WARNING]- "GET /CQM/api/login/ HTTP/1.1" 405 7545
[2022-06-14 16:20:58,056] [basehttp.py:154] [basehttp:log_message] [INFO]- "GET /favicon.ico HTTP/1.1" 302 0
[2022-06-14 16:20:58,080] [basehttp.py:154] [basehttp:log_message] [INFO]- "GET /login/ HTTP/1.1" 200 4677
[2022-06-14 16:21:02,232] [UserIP.py:89] [UserIP:process_response] [CRITICAL]- 系统错误
[2022-06-14 16:21:02,239] [log.py:228] [log:log_response] [WARNING]- Not Found: /CQM/api/login/
[2022-06-14 16:21:02,240] [basehttp.py:154] [basehttp:log_message] [WARNING]- "POST /CQM/api/login/ HTTP/1.1" 404 7544
[2022-06-14 16:21:02,336] [basehttp.py:154] [basehttp:log_message] [INFO]- "GET /favicon.ico HTTP/1.1" 302 0
[2022-06-14 16:21:02,401] [basehttp.py:154] [basehttp:log_message] [INFO]- "GET /login/ HTTP/1.1" 200 4677
[2022-06-14 16:21:07,103] [UserIP.py:89] [UserIP:process_response] [CRITICAL]- 系统错误
[2022-06-14 16:21:07,113] [log.py:228] [log:log_response] [WARNING]- Not Found: /CQM/api/login/
[2022-06-14 16:21:07,114] [basehttp.py:154] [basehttp:log_message] [WARNING]- "POST /CQM/api/login/ HTTP/1.1" 404 7544
[2022-06-14 16:21:07,177] [basehttp.py:154] [basehttp:log_message] [INFO]- "GET /favicon.ico HTTP/1.1" 302 0
[2022-06-14 16:21:07,214] [basehttp.py:154] [basehttp:log_message] [INFO]- "GET /login/ HTTP/1.1" 200 4677
[2022-06-14 16:21:14,324] [UserIP.py:89] [UserIP:process_response] [CRITICAL]- 系统错误
[2022-06-14 16:21:14,334] [log.py:228] [log:log_response] [WARNING]- Not Found: /CQM/api/login/
[2022-06-14 16:21:14,334] [basehttp.py:154] [basehttp:log_message] [WARNING]- "POST /CQM/api/login/ HTTP/1.1" 404 7544
[2022-06-14 16:21:14,425] [basehttp.py:154] [basehttp:log_message] [INFO]- "GET /favicon.ico HTTP/1.1" 302 0
[2022-06-14 16:21:14,449] [basehttp.py:154] [basehttp:log_message] [INFO]- "GET /login/ HTTP/1.1" 200 4677
[2022-06-14 16:21:18,586] [UserIP.py:89] [UserIP:process_response] [CRITICAL]- 系统错误
[2022-06-14 16:21:18,594] [log.py:228] [log:log_response] [WARNING]- Not Found: /CQM/api/login/
[2022-06-14 16:21:18,594] [basehttp.py:154] [basehttp:log_message] [WARNING]- "POST /CQM/api/login/ HTTP/1.1" 404 7544
[2022-06-14 16:21:18,707] [basehttp.py:154] [basehttp:log_message] [INFO]- "GET /favicon.ico HTTP/1.1" 302 0
[2022-06-14 16:21:18,725] [basehttp.py:154] [basehttp:log_message] [INFO]- "GET /login/ HTTP/1.1" 200 4677
[2022-06-14 16:22:47,794] [UserIP.py:89] [UserIP:process_response] [CRITICAL]- 系统错误
[2022-06-14 16:22:47,808] [log.py:228] [log:log_response] [WARNING]- Not Found: /CQM/api/login/
[2022-06-14 16:22:47,809] [basehttp.py:154] [basehttp:log_message] [WARNING]- "POST /CQM/api/login/ HTTP/1.1" 404 7544
[2022-06-14 16:22:47,920] [basehttp.py:154] [basehttp:log_message] [INFO]- "GET /favicon.ico HTTP/1.1" 302 0
[2022-06-14 16:22:47,934] [basehttp.py:154] [basehttp:log_message] [INFO]- "GET /login/ HTTP/1.1" 200 4677
[2022-06-14 16:24:11,885] [UserIP.py:89] [UserIP:process_response] [CRITICAL]- 系统错误
[2022-06-14 16:24:11,901] [log.py:228] [log:log_response] [WARNING]- Bad Request: /CQM/api/login/
[2022-06-14 16:24:11,901] [basehttp.py:154] [basehttp:log_message] [WARNING]- "POST /CQM/api/login/ HTTP/1.1" 400 7646
[2022-06-14 16:24:12,651] [basehttp.py:154] [basehttp:log_message] [INFO]- "GET /favicon.ico HTTP/1.1" 302 0
[2022-06-14 16:24:12,675] [basehttp.py:154] [basehttp:log_message] [INFO]- "GET /login/ HTTP/1.1" 200 4677
[2022-06-14 16:25:31,138] [UserIP.py:89] [UserIP:process_response] [CRITICAL]- 系统错误
[2022-06-14 16:25:31,148] [log.py:228] [log:log_response] [WARNING]- Bad Request: /CQM/api/login/
[2022-06-14 16:25:31,149] [basehttp.py:154] [basehttp:log_message] [WARNING]- "POST /CQM/api/login/ HTTP/1.1" 400 7650
[2022-06-14 16:25:31,282] [basehttp.py:154] [basehttp:log_message] [INFO]- "GET /favicon.ico HTTP/1.1" 302 0
[2022-06-14 16:25:31,299] [basehttp.py:154] [basehttp:log_message] [INFO]- "GET /login/ HTTP/1.1" 200 4677
[2022-06-14 16:25:53,512] [UserIP.py:89] [UserIP:process_response] [CRITICAL]- 系统错误
[2022-06-14 16:25:53,529] [log.py:228] [log:log_response] [WARNING]- Bad Request: /CQM/api/login/
[2022-06-14 16:25:53,529] [basehttp.py:154] [basehttp:log_message] [WARNING]- "POST /CQM/api/login/ HTTP/1.1" 400 7650
[2022-06-14 16:25:53,662] [basehttp.py:154] [basehttp:log_message] [INFO]- "GET /favicon.ico HTTP/1.1" 302 0
[2022-06-14 16:25:53,686] [basehttp.py:154] [basehttp:log_message] [INFO]- "GET /login/ HTTP/1.1" 200 4677
[2022-06-14 16:26:05,914] [basehttp.py:154] [basehttp:log_message] [INFO]- "GET /favicon.ico HTTP/1.1" 302 0
[2022-06-14 16:26:05,937] [basehttp.py:154] [basehttp:log_message] [INFO]- "GET /login/ HTTP/1.1" 200 4677
[2022-06-14 16:26:06,419] [basehttp.py:154] [basehttp:log_message] [INFO]- "GET /favicon.ico HTTP/1.1" 302 0
[2022-06-14 16:26:06,439] [basehttp.py:154] [basehttp:log_message] [INFO]- "GET /login/ HTTP/1.1" 200 4677
[2022-06-14 16:26:07,401] [basehttp.py:154] [basehttp:log_message] [INFO]- "GET /favicon.ico HTTP/1.1" 302 0
[2022-06-14 16:26:07,490] [basehttp.py:154] [basehttp:log_message] [INFO]- "GET /login/ HTTP/1.1" 200 4677
[2022-06-14 16:26:07,931] [basehttp.py:154] [basehttp:log_message] [INFO]- "GET /favicon.ico HTTP/1.1" 302 0
[2022-06-14 16:26:07,951] [basehttp.py:154] [basehttp:log_message] [INFO]- "GET /login/ HTTP/1.1" 200 4677
[2022-06-14 16:26:09,468] [basehttp.py:154] [basehttp:log_message] [INFO]- "GET /favicon.ico HTTP/1.1" 302 0
[2022-06-14 16:26:09,482] [basehttp.py:154] [basehttp:log_message] [INFO]- "GET /login/ HTTP/1.1" 200 4677
[2022-06-14 16:26:10,150] [basehttp.py:154] [basehttp:log_message] [INFO]- "GET /favicon.ico HTTP/1.1" 302 0
[2022-06-14 16:26:10,276] [basehttp.py:154] [basehttp:log_message] [INFO]- "GET /login/ HTTP/1.1" 200 4677
[2022-06-14 16:26:11,737] [basehttp.py:154] [basehttp:log_message] [INFO]- "GET /favicon.ico HTTP/1.1" 302 0
[2022-06-14 16:26:11,765] [basehttp.py:154] [basehttp:log_message] [INFO]- "GET /login/ HTTP/1.1" 200 4677
[2022-06-14 16:26:12,397] [basehttp.py:154] [basehttp:log_message] [INFO]- "GET /favicon.ico HTTP/1.1" 302 0
[2022-06-14 16:26:12,419] [basehttp.py:154] [basehttp:log_message] [INFO]- "GET /login/ HTTP/1.1" 200 4677
[2022-06-14 16:26:15,203] [basehttp.py:154] [basehttp:log_message] [INFO]- "GET /favicon.ico HTTP/1.1" 302 0
[2022-06-14 16:26:15,220] [basehttp.py:154] [basehttp:log_message] [INFO]- "GET /login/ HTTP/1.1" 200 4677
[2022-06-14 16:26:24,658] [UserIP.py:89] [UserIP:process_response] [CRITICAL]- 系统错误
[2022-06-14 16:26:24,667] [basehttp.py:154] [basehttp:log_message] [INFO]- "POST /CQM/api/login/ HTTP/1.1" 200 8020
[2022-06-14 16:26:24,757] [basehttp.py:154] [basehttp:log_message] [INFO]- "GET /favicon.ico HTTP/1.1" 302 0
[2022-06-14 16:26:24,778] [basehttp.py:154] [basehttp:log_message] [INFO]- "GET /login/ HTTP/1.1" 200 4677
[2022-06-14 16:33:14,084] [log.py:228] [log:log_response] [WARNING]- Not Found: /CQM/api/permissions/
[2022-06-14 16:33:14,087] [basehttp.py:154] [basehttp:log_message] [WARNING]- "GET /CQM/api/permissions/ HTTP/1.1" 404 7343
[2022-06-14 16:33:14,276] [basehttp.py:154] [basehttp:log_message] [INFO]- "GET /favicon.ico HTTP/1.1" 302 0
[2022-06-14 16:33:14,310] [basehttp.py:154] [basehttp:log_message] [INFO]- "GET /login/ HTTP/1.1" 200 4677
[2022-06-14 16:33:25,320] [basehttp.py:154] [basehttp:log_message] [INFO]- "GET /favicon.ico HTTP/1.1" 302 0
[2022-06-14 16:33:25,349] [basehttp.py:154] [basehttp:log_message] [INFO]- "GET /login/ HTTP/1.1" 200 4677
[2022-06-14 16:33:26,484] [basehttp.py:154] [basehttp:log_message] [INFO]- "GET /favicon.ico HTTP/1.1" 302 0
[2022-06-14 16:33:26,569] [basehttp.py:154] [basehttp:log_message] [INFO]- "GET /login/ HTTP/1.1" 200 4677
[2022-06-14 16:34:01,500] [log.py:228] [log:log_response] [WARNING]- Not Found: /CQM/api/permissions/
[2022-06-14 16:34:01,501] [basehttp.py:154] [basehttp:log_message] [WARNING]- "GET /CQM/api/permissions/ HTTP/1.1" 404 7343
[2022-06-14 16:34:01,757] [basehttp.py:154] [basehttp:log_message] [INFO]- "GET /favicon.ico HTTP/1.1" 302 0
[2022-06-14 16:34:01,778] [basehttp.py:154] [basehttp:log_message] [INFO]- "GET /login/ HTTP/1.1" 200 4677
[2022-06-14 16:34:05,062] [basehttp.py:154] [basehttp:log_message] [INFO]- "GET /favicon.ico HTTP/1.1" 302 0
[2022-06-14 16:34:05,085] [basehttp.py:154] [basehttp:log_message] [INFO]- "GET /login/ HTTP/1.1" 200 4677
[2022-06-14 16:34:25,547] [log.py:228] [log:log_response] [WARNING]- Not Found: /CQM/api/api-auth/
[2022-06-14 16:34:25,548] [basehttp.py:154] [basehttp:log_message] [WARNING]- "GET /CQM/api/api-auth/ HTTP/1.1" 404 7638
[2022-06-14 16:34:25,644] [basehttp.py:154] [basehttp:log_message] [INFO]- "GET /favicon.ico HTTP/1.1" 302 0
[2022-06-14 16:34:25,670] [basehttp.py:154] [basehttp:log_message] [INFO]- "GET /login/ HTTP/1.1" 200 4677
[2022-06-14 16:35:17,341] [basehttp.py:154] [basehttp:log_message] [INFO]- "GET /favicon.ico HTTP/1.1" 302 0
[2022-06-14 16:35:17,368] [basehttp.py:154] [basehttp:log_message] [INFO]- "GET /login/ HTTP/1.1" 200 4677
[2022-06-14 16:35:18,315] [basehttp.py:154] [basehttp:log_message] [INFO]- "GET /favicon.ico HTTP/1.1" 302 0
[2022-06-14 16:35:18,339] [basehttp.py:154] [basehttp:log_message] [INFO]- "GET /login/ HTTP/1.1" 200 4677
[2022-06-14 16:35:24,671] [log.py:228] [log:log_response] [ERROR]- Internal Server Error: /CQM/api/api-auth/login/
Traceback (most recent call last):
  File "C:\Python372\mecheck\lib\site-packages\django\urls\base.py", line 75, in reverse
    extra, resolver = resolver.namespace_dict[ns]
KeyError: 'rest_framework'

During handling of the above exception, another exception occurred:

Traceback (most recent call last):
  File "C:\Python372\mecheck\lib\site-packages\django\core\handlers\exception.py", line 34, in inner
    response = get_response(request)
  File "C:\Python372\mecheck\lib\site-packages\django\core\handlers\base.py", line 156, in _get_response
    response = self.process_exception_by_middleware(e, request)
  File "C:\Python372\mecheck\lib\site-packages\django\core\handlers\base.py", line 154, in _get_response
    response = response.render()
  File "C:\Python372\mecheck\lib\site-packages\django\template\response.py", line 106, in render
    self.content = self.rendered_content
  File "C:\Python372\mecheck\lib\site-packages\django\template\response.py", line 83, in rendered_content
    content = template.render(context, self._request)
  File "C:\Python372\mecheck\lib\site-packages\django\template\backends\django.py", line 61, in render
    return self.template.render(context)
  File "C:\Python372\mecheck\lib\site-packages\django\template\base.py", line 171, in render
    return self._render(context)
  File "C:\Python372\mecheck\lib\site-packages\django\template\base.py", line 163, in _render
    return self.nodelist.render(context)
  File "C:\Python372\mecheck\lib\site-packages\django\template\base.py", line 937, in render
    bit = node.render_annotated(context)
  File "C:\Python372\mecheck\lib\site-packages\django\template\base.py", line 904, in render_annotated
    return self.render(context)
  File "C:\Python372\mecheck\lib\site-packages\django\template\loader_tags.py", line 150, in render
    return compiled_parent._render(context)
  File "C:\Python372\mecheck\lib\site-packages\django\template\base.py", line 163, in _render
    return self.nodelist.render(context)
  File "C:\Python372\mecheck\lib\site-packages\django\template\base.py", line 937, in render
    bit = node.render_annotated(context)
  File "C:\Python372\mecheck\lib\site-packages\django\template\base.py", line 904, in render_annotated
    return self.render(context)
  File "C:\Python372\mecheck\lib\site-packages\django\template\loader_tags.py", line 150, in render
    return compiled_parent._render(context)
  File "C:\Python372\mecheck\lib\site-packages\django\template\base.py", line 163, in _render
    return self.nodelist.render(context)
  File "C:\Python372\mecheck\lib\site-packages\django\template\base.py", line 937, in render
    bit = node.render_annotated(context)
  File "C:\Python372\mecheck\lib\site-packages\django\template\base.py", line 904, in render_annotated
    return self.render(context)
  File "C:\Python372\mecheck\lib\site-packages\django\template\loader_tags.py", line 62, in render
    result = block.nodelist.render(context)
  File "C:\Python372\mecheck\lib\site-packages\django\template\base.py", line 937, in render
    bit = node.render_annotated(context)
  File "C:\Python372\mecheck\lib\site-packages\django\template\base.py", line 904, in render_annotated
    return self.render(context)
  File "C:\Python372\mecheck\lib\site-packages\django\template\defaulttags.py", line 442, in render
    url = reverse(view_name, args=args, kwargs=kwargs, current_app=current_app)
  File "C:\Python372\mecheck\lib\site-packages\django\urls\base.py", line 86, in reverse
    raise NoReverseMatch("%s is not a registered namespace" % key)
django.urls.exceptions.NoReverseMatch: 'rest_framework' is not a registered namespace
[2022-06-14 16:35:24,678] [basehttp.py:154] [basehttp:log_message] [ERROR]- "GET /CQM/api/api-auth/login/ HTTP/1.1" 500 204648
[2022-06-14 16:35:25,003] [basehttp.py:154] [basehttp:log_message] [INFO]- "GET /favicon.ico HTTP/1.1" 302 0
[2022-06-14 16:35:25,243] [basehttp.py:154] [basehttp:log_message] [INFO]- "GET /login/ HTTP/1.1" 200 4677
[2022-06-14 17:12:12,429] [basehttp.py:154] [basehttp:log_message] [INFO]- "GET /favicon.ico HTTP/1.1" 302 0
[2022-06-14 17:12:12,515] [basehttp.py:154] [basehttp:log_message] [INFO]- "GET /favicon.ico HTTP/1.1" 302 0
[2022-06-14 17:12:12,609] [basehttp.py:154] [basehttp:log_message] [INFO]- "GET /login/ HTTP/1.1" 200 4677
[2022-06-14 17:12:12,802] [basehttp.py:154] [basehttp:log_message] [INFO]- "GET /login/ HTTP/1.1" 200 4677
[2022-06-14 17:12:14,836] [basehttp.py:154] [basehttp:log_message] [INFO]- "GET /CQM/CQMapi/?Project=GLMA0 HTTP/1.1" 200 1106
[2022-06-14 17:12:15,133] [basehttp.py:154] [basehttp:log_message] [INFO]- "GET /favicon.ico HTTP/1.1" 302 0
[2022-06-14 17:12:15,174] [basehttp.py:154] [basehttp:log_message] [INFO]- "GET /login/ HTTP/1.1" 200 4677
[2022-06-14 17:12:25,994] [log.py:228] [log:log_response] [WARNING]- Forbidden: /CQM/CQMapi/
[2022-06-14 17:12:25,995] [basehttp.py:154] [basehttp:log_message] [WARNING]- "GET /CQM/CQMapi/?Project=GLMA0 HTTP/1.1" 403 43
[2022-06-14 17:12:29,662] [log.py:228] [log:log_response] [WARNING]- Forbidden: /CQM/CQMapi/
[2022-06-14 17:12:29,663] [basehttp.py:154] [basehttp:log_message] [WARNING]- "GET /CQM/CQMapi/?Project=GLMA0 HTTP/1.1" 403 43
[2022-06-14 17:12:44,708] [basehttp.py:154] [basehttp:log_message] [INFO]- "GET /favicon.ico HTTP/1.1" 302 0
[2022-06-14 17:12:44,729] [basehttp.py:154] [basehttp:log_message] [INFO]- "GET /login/ HTTP/1.1" 200 4677
[2022-06-14 17:12:46,581] [basehttp.py:154] [basehttp:log_message] [INFO]- "GET /favicon.ico HTTP/1.1" 302 0
[2022-06-14 17:12:46,620] [basehttp.py:154] [basehttp:log_message] [INFO]- "GET /login/ HTTP/1.1" 200 4677
[2022-06-14 17:12:50,985] [UserIP.py:89] [UserIP:process_response] [CRITICAL]- 系统错误
[2022-06-14 17:12:50,994] [basehttp.py:154] [basehttp:log_message] [INFO]- "POST /CQM/api/login/ HTTP/1.1" 200 8020
[2022-06-14 17:12:51,170] [basehttp.py:154] [basehttp:log_message] [INFO]- "GET /favicon.ico HTTP/1.1" 302 0
[2022-06-14 17:12:51,190] [basehttp.py:154] [basehttp:log_message] [INFO]- "GET /login/ HTTP/1.1" 200 4677
[2022-06-14 17:13:06,211] [log.py:228] [log:log_response] [WARNING]- Forbidden: /CQM/CQMapi/
[2022-06-14 17:13:06,212] [basehttp.py:154] [basehttp:log_message] [WARNING]- "GET /CQM/CQMapi/?Project=GLMA0 HTTP/1.1" 403 43
[2022-06-14 17:13:08,886] [log.py:228] [log:log_response] [WARNING]- Forbidden: /CQM/CQMapi/
[2022-06-14 17:13:08,887] [basehttp.py:154] [basehttp:log_message] [WARNING]- "GET /CQM/CQMapi/?Project=GLMA0 HTTP/1.1" 403 43
[2022-06-14 17:17:08,800] [log.py:228] [log:log_response] [WARNING]- Forbidden: /CQM/CQMapi/
[2022-06-14 17:17:08,812] [basehttp.py:154] [basehttp:log_message] [WARNING]- "GET /CQM/CQMapi/?Project=GLMA0 HTTP/1.1" 403 43
[2022-06-14 17:18:22,493] [basehttp.py:154] [basehttp:log_message] [INFO]- "GET /api-auth/login/ HTTP/1.1" 200 2699
[2022-06-14 17:18:22,721] [basehttp.py:154] [basehttp:log_message] [INFO]- "GET /favicon.ico HTTP/1.1" 302 0
[2022-06-14 17:18:22,746] [basehttp.py:154] [basehttp:log_message] [INFO]- "GET /login/ HTTP/1.1" 200 4677
[2022-06-14 17:18:25,496] [UserIP.py:89] [UserIP:process_response] [CRITICAL]- 系统错误
[2022-06-14 17:18:25,506] [basehttp.py:154] [basehttp:log_message] [INFO]- "POST /api-auth/login/ HTTP/1.1" 200 2935
[2022-06-14 17:18:25,576] [basehttp.py:154] [basehttp:log_message] [INFO]- "GET /favicon.ico HTTP/1.1" 302 0
[2022-06-14 17:18:25,591] [basehttp.py:154] [basehttp:log_message] [INFO]- "GET /login/ HTTP/1.1" 200 4677
[2022-06-14 17:18:31,875] [UserIP.py:89] [UserIP:process_response] [CRITICAL]- 系统错误
[2022-06-14 17:18:31,884] [basehttp.py:154] [basehttp:log_message] [INFO]- "POST /api-auth/login/ HTTP/1.1" 200 2935
[2022-06-14 17:18:31,946] [basehttp.py:154] [basehttp:log_message] [INFO]- "GET /favicon.ico HTTP/1.1" 302 0
[2022-06-14 17:18:31,972] [basehttp.py:154] [basehttp:log_message] [INFO]- "GET /login/ HTTP/1.1" 200 4677
[2022-06-14 17:18:37,969] [UserIP.py:89] [UserIP:process_response] [CRITICAL]- 系统错误
[2022-06-14 17:18:37,975] [basehttp.py:154] [basehttp:log_message] [INFO]- "POST /api-auth/login/ HTTP/1.1" 302 0
[2022-06-14 17:18:37,986] [basehttp.py:154] [basehttp:log_message] [INFO]- "GET /accounts/profile/ HTTP/1.1" 302 0
[2022-06-14 17:18:38,002] [basehttp.py:154] [basehttp:log_message] [INFO]- "GET /login/ HTTP/1.1" 200 4677
[2022-06-14 17:18:38,176] [basehttp.py:154] [basehttp:log_message] [INFO]- "GET /favicon.ico HTTP/1.1" 302 0
[2022-06-14 17:18:38,194] [basehttp.py:154] [basehttp:log_message] [INFO]- "GET /login/ HTTP/1.1" 200 4677
[2022-06-14 17:18:44,118] [basehttp.py:154] [basehttp:log_message] [INFO]- "GET /api-auth/login/ HTTP/1.1" 200 2699
[2022-06-14 17:18:44,611] [basehttp.py:154] [basehttp:log_message] [INFO]- "GET /favicon.ico HTTP/1.1" 302 0
[2022-06-14 17:18:44,652] [basehttp.py:154] [basehttp:log_message] [INFO]- "GET /login/ HTTP/1.1" 200 4677
[2022-06-14 17:18:46,772] [log.py:228] [log:log_response] [WARNING]- Method Not Allowed: /CQM/api/login/
[2022-06-14 17:18:46,773] [basehttp.py:154] [basehttp:log_message] [WARNING]- "GET /CQM/api/login/ HTTP/1.1" 405 7612
[2022-06-14 17:18:47,139] [basehttp.py:154] [basehttp:log_message] [INFO]- "GET /favicon.ico HTTP/1.1" 302 0
[2022-06-14 17:18:47,157] [basehttp.py:154] [basehttp:log_message] [INFO]- "GET /login/ HTTP/1.1" 200 4677
