[2023-07-07 08:20:02,059] [basehttp.py:154] [basehttp:log_message] [INFO]- "GET /ABOTestPlan/ABOTestPlan_edit/ HTTP/1.1" 302 0
[2023-07-07 08:20:02,067] [basehttp.py:154] [basehttp:log_message] [INFO]- "GET /login/ HTTP/1.1" 200 4677
[2023-07-07 08:20:02,132] [basehttp.py:154] [basehttp:log_message] [WARNING]- "GET /static/css/bootstrap.min.css.map HTTP/1.1" 404 1800
[2023-07-07 08:20:02,151] [basehttp.py:154] [basehttp:log_message] [INFO]- "GET /favicon.ico HTTP/1.1" 302 0
[2023-07-07 08:20:02,155] [basehttp.py:154] [basehttp:log_message] [INFO]- "GET /login/ HTTP/1.1" 200 4677
[2023-07-07 08:20:03,492] [UserIP.py:90] [UserIP:process_response] [INFO]- 2023-07-07 08:20:03 C1010S3>Edwin None>LAPTOP-EJP4HNEV>543 127.0.0.1 127.0.0.1 /login/ POST
[2023-07-07 08:20:03,520] [basehttp.py:154] [basehttp:log_message] [INFO]- "POST /login/ HTTP/1.1" 302 0
[2023-07-07 08:20:03,685] [basehttp.py:154] [basehttp:log_message] [INFO]- "GET /index/ HTTP/1.1" 200 48147
[2023-07-07 08:20:03,773] [basehttp.py:154] [basehttp:log_message] [WARNING]- "GET /static/css/bootstrap.min.css.map HTTP/1.1" 404 1800
[2023-07-07 08:20:03,843] [basehttp.py:154] [basehttp:log_message] [INFO]- "GET /index/ HTTP/1.1" 200 48147
[2023-07-07 08:20:03,931] [basehttp.py:154] [basehttp:log_message] [WARNING]- "GET /static/js/lib/bootstrap.min.js.map HTTP/1.1" 404 1806
[2023-07-07 08:20:04,057] [basehttp.py:154] [basehttp:log_message] [WARNING]- "GET /static/js/lib/bootstrap.min.js.map HTTP/1.1" 404 1806
[2023-07-07 08:20:04,178] [basehttp.py:154] [basehttp:log_message] [WARNING]- "GET /static/js/axios.min.map HTTP/1.1" 404 1773
[2023-07-07 08:20:04,353] [basehttp.py:154] [basehttp:log_message] [INFO]- "GET /favicon.ico HTTP/1.1" 200 23410
[2023-07-07 08:20:11,293] [basehttp.py:154] [basehttp:log_message] [INFO]- "GET /ABOTestPlan/ABOTestPlan_summary/ HTTP/1.1" 200 39792
[2023-07-07 08:20:11,404] [basehttp.py:154] [basehttp:log_message] [WARNING]- "GET /static/css/bootstrap.min.css.map HTTP/1.1" 404 1800
[2023-07-07 08:20:11,409] [basehttp.py:154] [basehttp:log_message] [WARNING]- "GET /static/js/lib/bootstrap.min.js.map HTTP/1.1" 404 1806
[2023-07-07 08:20:11,578] [basehttp.py:154] [basehttp:log_message] [WARNING]- "GET /static/js/axios.min.map HTTP/1.1" 404 1773
[2023-07-07 08:20:11,580] [basehttp.py:154] [basehttp:log_message] [WARNING]- "GET /static/js/xlsx/FileSaver.min.js.map HTTP/1.1" 404 1809
[2023-07-07 08:20:11,669] [UserIP.py:90] [UserIP:process_response] [INFO]- 2023-07-07 08:20:11 C1010S3>Edwin None>LAPTOP-EJP4HNEV>543 127.0.0.1 127.0.0.1 /ABOTestPlan/ABOTestPlan_summary/ POST
[2023-07-07 08:20:11,684] [basehttp.py:154] [basehttp:log_message] [INFO]- "POST /ABOTestPlan/ABOTestPlan_summary/ HTTP/1.1" 200 261
[2023-07-07 08:20:11,703] [basehttp.py:154] [basehttp:log_message] [INFO]- "GET /favicon.ico HTTP/1.1" 200 23410
[2023-07-07 08:20:27,004] [UserIP.py:90] [UserIP:process_response] [INFO]- 2023-07-07 08:20:27 C1010S3>Edwin None>LAPTOP-EJP4HNEV>543 127.0.0.1 127.0.0.1 /ABOTestPlan/ABOTestPlan_summary/ POST
[2023-07-07 08:20:27,020] [basehttp.py:154] [basehttp:log_message] [INFO]- "POST /ABOTestPlan/ABOTestPlan_summary/ HTTP/1.1" 200 1821
[2023-07-07 08:20:31,448] [UserIP.py:90] [UserIP:process_response] [INFO]- 2023-07-07 08:20:31 C1010S3>Edwin None>LAPTOP-EJP4HNEV>543 127.0.0.1 127.0.0.1 /ABOTestPlan/ABOTestPlan_summary/ POST
[2023-07-07 08:20:31,472] [basehttp.py:154] [basehttp:log_message] [INFO]- "POST /ABOTestPlan/ABOTestPlan_summary/ HTTP/1.1" 200 39753
[2023-07-07 08:20:31,521] [basehttp.py:154] [basehttp:log_message] [INFO]- "GET /ABOTestPlan/ABOTestPlan_search/ HTTP/1.1" 200 34314
[2023-07-07 08:20:31,614] [basehttp.py:154] [basehttp:log_message] [WARNING]- "GET /static/css/bootstrap.min.css.map HTTP/1.1" 404 1800
[2023-07-07 08:20:31,619] [basehttp.py:154] [basehttp:log_message] [WARNING]- "GET /static/js/lib/bootstrap.min.js.map HTTP/1.1" 404 1806
[2023-07-07 08:20:31,679] [basehttp.py:154] [basehttp:log_message] [WARNING]- "GET /static/js/axios.min.map HTTP/1.1" 404 1773
[2023-07-07 08:20:31,687] [basehttp.py:154] [basehttp:log_message] [WARNING]- "GET /static/js/xlsx/FileSaver.min.js.map HTTP/1.1" 404 1809
[2023-07-07 08:20:31,796] [basehttp.py:154] [basehttp:log_message] [INFO]- "GET /favicon.ico HTTP/1.1" 200 23410
[2023-07-07 08:20:32,460] [UserIP.py:90] [UserIP:process_response] [INFO]- 2023-07-07 08:20:32 C1010S3>Edwin None>LAPTOP-EJP4HNEV>543 127.0.0.1 127.0.0.1 /ABOTestPlan/ABOTestPlan_search/ POST
[2023-07-07 08:20:32,474] [basehttp.py:154] [basehttp:log_message] [INFO]- "POST /ABOTestPlan/ABOTestPlan_search/ HTTP/1.1" 200 49663
[2023-07-07 08:20:36,811] [basehttp.py:154] [basehttp:log_message] [INFO]- "GET /ABOTestPlan/ABOTestPlan_edit/ HTTP/1.1" 200 39192
[2023-07-07 08:20:36,901] [basehttp.py:154] [basehttp:log_message] [WARNING]- "GET /static/css/bootstrap.min.css.map HTTP/1.1" 404 1800
[2023-07-07 08:20:36,906] [basehttp.py:154] [basehttp:log_message] [WARNING]- "GET /static/js/lib/bootstrap.min.js.map HTTP/1.1" 404 1806
[2023-07-07 08:20:36,971] [basehttp.py:154] [basehttp:log_message] [WARNING]- "GET /static/js/axios.min.map HTTP/1.1" 404 1773
[2023-07-07 08:20:36,971] [basehttp.py:154] [basehttp:log_message] [WARNING]- "GET /static/js/xlsx/FileSaver.min.js.map HTTP/1.1" 404 1809
[2023-07-07 08:20:37,182] [basehttp.py:154] [basehttp:log_message] [INFO]- "GET /favicon.ico HTTP/1.1" 200 23410
[2023-07-07 08:20:37,803] [UserIP.py:90] [UserIP:process_response] [INFO]- 2023-07-07 08:20:37 C1010S3>Edwin None>LAPTOP-EJP4HNEV>543 127.0.0.1 127.0.0.1 /ABOTestPlan/ABOTestPlan_edit/ POST
[2023-07-07 08:20:37,839] [basehttp.py:154] [basehttp:log_message] [INFO]- "POST /ABOTestPlan/ABOTestPlan_edit/ HTTP/1.1" 200 49661
[2023-07-07 08:21:06,402] [log.py:228] [log:log_response] [ERROR]- Internal Server Error: /ABOTestPlan/ABOTestPlan_edit/
Traceback (most recent call last):
  File "C:\Python372\mecheck\lib\site-packages\django\core\handlers\exception.py", line 34, in inner
    response = get_response(request)
  File "C:\Python372\mecheck\lib\site-packages\django\core\handlers\base.py", line 126, in _get_response
    response = self.process_exception_by_middleware(e, request)
  File "C:\Python372\mecheck\lib\site-packages\django\core\handlers\base.py", line 124, in _get_response
    response = wrapped_callback(request, *callback_args, **callback_kwargs)
  File "C:\Python372\mecheck\lib\site-packages\django\views\decorators\csrf.py", line 54, in wrapped_view
    return view_func(*args, **kwargs)
  File "C:\djangoproject\Reliability_Row_data\ABOTestPlan\views.py", line 444, in ABOTestPlan_edit
    save_exel(folder_path_Sys,uploaddata,upload_zhushi, filepath)
  File "C:\djangoproject\Reliability_Row_data\ABOTestPlan\views.py", line 285, in save_exel
    df1.loc[i["row"], key].comment = values[2]
AttributeError: 'str' object has no attribute 'comment'
[2023-07-07 08:21:06,430] [UserIP.py:90] [UserIP:process_response] [INFO]- 2023-07-07 08:21:06 C1010S3>Edwin None>LAPTOP-EJP4HNEV>543 127.0.0.1 127.0.0.1 /ABOTestPlan/ABOTestPlan_edit/ POST
[2023-07-07 08:21:06,432] [basehttp.py:154] [basehttp:log_message] [ERROR]- "POST /ABOTestPlan/ABOTestPlan_edit/ HTTP/1.1" 500 93598
[2023-07-07 08:24:39,363] [log.py:228] [log:log_response] [ERROR]- Internal Server Error: /ABOTestPlan/ABOTestPlan_edit/
Traceback (most recent call last):
  File "C:\Python372\mecheck\lib\site-packages\django\core\handlers\exception.py", line 34, in inner
    response = get_response(request)
  File "C:\Python372\mecheck\lib\site-packages\django\core\handlers\base.py", line 126, in _get_response
    response = self.process_exception_by_middleware(e, request)
  File "C:\Python372\mecheck\lib\site-packages\django\core\handlers\base.py", line 124, in _get_response
    response = wrapped_callback(request, *callback_args, **callback_kwargs)
  File "C:\Python372\mecheck\lib\site-packages\django\views\decorators\csrf.py", line 54, in wrapped_view
    return view_func(*args, **kwargs)
  File "C:\djangoproject\Reliability_Row_data\ABOTestPlan\views.py", line 445, in ABOTestPlan_edit
    save_exel(folder_path_Sys,uploaddata,upload_zhushi, filepath)
  File "C:\djangoproject\Reliability_Row_data\ABOTestPlan\views.py", line 286, in save_exel
    df1.loc[i["row"], key].comment.text = values[2]
AttributeError: 'str' object has no attribute 'comment'
[2023-07-07 08:24:39,363] [UserIP.py:90] [UserIP:process_response] [INFO]- 2023-07-07 08:24:39 C1010S3>Edwin None>LAPTOP-EJP4HNEV>543 127.0.0.1 127.0.0.1 /ABOTestPlan/ABOTestPlan_edit/ POST
[2023-07-07 08:24:39,365] [basehttp.py:154] [basehttp:log_message] [ERROR]- "POST /ABOTestPlan/ABOTestPlan_edit/ HTTP/1.1" 500 91082
[2023-07-07 08:27:03,828] [log.py:228] [log:log_response] [ERROR]- Internal Server Error: /ABOTestPlan/ABOTestPlan_edit/
Traceback (most recent call last):
  File "C:\Python372\mecheck\lib\site-packages\django\core\handlers\exception.py", line 34, in inner
    response = get_response(request)
  File "C:\Python372\mecheck\lib\site-packages\django\core\handlers\base.py", line 126, in _get_response
    response = self.process_exception_by_middleware(e, request)
  File "C:\Python372\mecheck\lib\site-packages\django\core\handlers\base.py", line 124, in _get_response
    response = wrapped_callback(request, *callback_args, **callback_kwargs)
  File "C:\Python372\mecheck\lib\site-packages\django\views\decorators\csrf.py", line 54, in wrapped_view
    return view_func(*args, **kwargs)
  File "C:\djangoproject\Reliability_Row_data\ABOTestPlan\views.py", line 447, in ABOTestPlan_edit
    save_exel(folder_path_Sys,uploaddata,upload_zhushi, filepath)
  File "C:\djangoproject\Reliability_Row_data\ABOTestPlan\views.py", line 258, in save_exel
    print(j.comment.text)
AttributeError: 'str' object has no attribute 'comment'
[2023-07-07 08:27:03,830] [UserIP.py:90] [UserIP:process_response] [INFO]- 2023-07-07 08:27:03 C1010S3>Edwin None>LAPTOP-EJP4HNEV>543 127.0.0.1 127.0.0.1 /ABOTestPlan/ABOTestPlan_edit/ POST
[2023-07-07 08:27:03,831] [basehttp.py:154] [basehttp:log_message] [ERROR]- "POST /ABOTestPlan/ABOTestPlan_edit/ HTTP/1.1" 500 90808
[2023-07-07 08:30:00,615] [log.py:228] [log:log_response] [ERROR]- Internal Server Error: /ABOTestPlan/ABOTestPlan_edit/
Traceback (most recent call last):
  File "C:\Python372\mecheck\lib\site-packages\pandas\core\indexes\base.py", line 3361, in get_loc
    return self._engine.get_loc(casted_key)
  File "pandas\_libs\index.pyx", line 76, in pandas._libs.index.IndexEngine.get_loc
  File "pandas\_libs\index.pyx", line 108, in pandas._libs.index.IndexEngine.get_loc
  File "pandas\_libs\hashtable_class_helper.pxi", line 5198, in pandas._libs.hashtable.PyObjectHashTable.get_item
  File "pandas\_libs\hashtable_class_helper.pxi", line 5206, in pandas._libs.hashtable.PyObjectHashTable.get_item
KeyError: 'D'

The above exception was the direct cause of the following exception:

Traceback (most recent call last):
  File "C:\Python372\mecheck\lib\site-packages\django\core\handlers\exception.py", line 34, in inner
    response = get_response(request)
  File "C:\Python372\mecheck\lib\site-packages\django\core\handlers\base.py", line 126, in _get_response
    response = self.process_exception_by_middleware(e, request)
  File "C:\Python372\mecheck\lib\site-packages\django\core\handlers\base.py", line 124, in _get_response
    response = wrapped_callback(request, *callback_args, **callback_kwargs)
  File "C:\Python372\mecheck\lib\site-packages\django\views\decorators\csrf.py", line 54, in wrapped_view
    return view_func(*args, **kwargs)
  File "C:\djangoproject\Reliability_Row_data\ABOTestPlan\views.py", line 445, in ABOTestPlan_edit
    save_exel(folder_path_Sys,uploaddata,upload_zhushi, filepath)
  File "C:\djangoproject\Reliability_Row_data\ABOTestPlan\views.py", line 256, in save_exel
    print(df1.loc[60,"D"].comment.text)
  File "C:\Python372\mecheck\lib\site-packages\pandas\core\indexing.py", line 925, in __getitem__
    return self._getitem_tuple(key)
  File "C:\Python372\mecheck\lib\site-packages\pandas\core\indexing.py", line 1100, in _getitem_tuple
    return self._getitem_lowerdim(tup)
  File "C:\Python372\mecheck\lib\site-packages\pandas\core\indexing.py", line 862, in _getitem_lowerdim
    return getattr(section, self.name)[new_key]
  File "C:\Python372\mecheck\lib\site-packages\pandas\core\indexing.py", line 931, in __getitem__
    return self._getitem_axis(maybe_callable, axis=axis)
  File "C:\Python372\mecheck\lib\site-packages\pandas\core\indexing.py", line 1164, in _getitem_axis
    return self._get_label(key, axis=axis)
  File "C:\Python372\mecheck\lib\site-packages\pandas\core\indexing.py", line 1113, in _get_label
    return self.obj.xs(label, axis=axis)
  File "C:\Python372\mecheck\lib\site-packages\pandas\core\generic.py", line 3776, in xs
    loc = index.get_loc(key)
  File "C:\Python372\mecheck\lib\site-packages\pandas\core\indexes\base.py", line 3363, in get_loc
    raise KeyError(key) from err
KeyError: 'D'
[2023-07-07 08:30:00,618] [UserIP.py:90] [UserIP:process_response] [INFO]- 2023-07-07 08:30:00 C1010S3>Edwin None>LAPTOP-EJP4HNEV>543 127.0.0.1 127.0.0.1 /ABOTestPlan/ABOTestPlan_edit/ POST
[2023-07-07 08:30:00,619] [basehttp.py:154] [basehttp:log_message] [ERROR]- "POST /ABOTestPlan/ABOTestPlan_edit/ HTTP/1.1" 500 183589
[2023-07-07 08:30:31,598] [log.py:228] [log:log_response] [ERROR]- Internal Server Error: /ABOTestPlan/ABOTestPlan_edit/
Traceback (most recent call last):
  File "C:\Python372\mecheck\lib\site-packages\pandas\core\indexes\base.py", line 3361, in get_loc
    return self._engine.get_loc(casted_key)
  File "pandas\_libs\index.pyx", line 76, in pandas._libs.index.IndexEngine.get_loc
  File "pandas\_libs\index.pyx", line 108, in pandas._libs.index.IndexEngine.get_loc
  File "pandas\_libs\hashtable_class_helper.pxi", line 5198, in pandas._libs.hashtable.PyObjectHashTable.get_item
  File "pandas\_libs\hashtable_class_helper.pxi", line 5206, in pandas._libs.hashtable.PyObjectHashTable.get_item
KeyError: 'B'

The above exception was the direct cause of the following exception:

Traceback (most recent call last):
  File "C:\Python372\mecheck\lib\site-packages\django\core\handlers\exception.py", line 34, in inner
    response = get_response(request)
  File "C:\Python372\mecheck\lib\site-packages\django\core\handlers\base.py", line 126, in _get_response
    response = self.process_exception_by_middleware(e, request)
  File "C:\Python372\mecheck\lib\site-packages\django\core\handlers\base.py", line 124, in _get_response
    response = wrapped_callback(request, *callback_args, **callback_kwargs)
  File "C:\Python372\mecheck\lib\site-packages\django\views\decorators\csrf.py", line 54, in wrapped_view
    return view_func(*args, **kwargs)
  File "C:\djangoproject\Reliability_Row_data\ABOTestPlan\views.py", line 445, in ABOTestPlan_edit
    save_exel(folder_path_Sys,uploaddata,upload_zhushi, filepath)
  File "C:\djangoproject\Reliability_Row_data\ABOTestPlan\views.py", line 256, in save_exel
    print(df1.loc[60,'B'].comment.text)
  File "C:\Python372\mecheck\lib\site-packages\pandas\core\indexing.py", line 925, in __getitem__
    return self._getitem_tuple(key)
  File "C:\Python372\mecheck\lib\site-packages\pandas\core\indexing.py", line 1100, in _getitem_tuple
    return self._getitem_lowerdim(tup)
  File "C:\Python372\mecheck\lib\site-packages\pandas\core\indexing.py", line 862, in _getitem_lowerdim
    return getattr(section, self.name)[new_key]
  File "C:\Python372\mecheck\lib\site-packages\pandas\core\indexing.py", line 931, in __getitem__
    return self._getitem_axis(maybe_callable, axis=axis)
  File "C:\Python372\mecheck\lib\site-packages\pandas\core\indexing.py", line 1164, in _getitem_axis
    return self._get_label(key, axis=axis)
  File "C:\Python372\mecheck\lib\site-packages\pandas\core\indexing.py", line 1113, in _get_label
    return self.obj.xs(label, axis=axis)
  File "C:\Python372\mecheck\lib\site-packages\pandas\core\generic.py", line 3776, in xs
    loc = index.get_loc(key)
  File "C:\Python372\mecheck\lib\site-packages\pandas\core\indexes\base.py", line 3363, in get_loc
    raise KeyError(key) from err
KeyError: 'B'
[2023-07-07 08:30:31,601] [UserIP.py:90] [UserIP:process_response] [INFO]- 2023-07-07 08:30:31 C1010S3>Edwin None>LAPTOP-EJP4HNEV>543 127.0.0.1 127.0.0.1 /ABOTestPlan/ABOTestPlan_edit/ POST
[2023-07-07 08:30:31,602] [basehttp.py:154] [basehttp:log_message] [ERROR]- "POST /ABOTestPlan/ABOTestPlan_edit/ HTTP/1.1" 500 183585
[2023-07-07 08:32:01,797] [log.py:228] [log:log_response] [ERROR]- Internal Server Error: /ABOTestPlan/ABOTestPlan_edit/
Traceback (most recent call last):
  File "C:\Python372\mecheck\lib\site-packages\pandas\core\indexes\base.py", line 3361, in get_loc
    return self._engine.get_loc(casted_key)
  File "pandas\_libs\index.pyx", line 76, in pandas._libs.index.IndexEngine.get_loc
  File "pandas\_libs\index.pyx", line 108, in pandas._libs.index.IndexEngine.get_loc
  File "pandas\_libs\hashtable_class_helper.pxi", line 5198, in pandas._libs.hashtable.PyObjectHashTable.get_item
  File "pandas\_libs\hashtable_class_helper.pxi", line 5206, in pandas._libs.hashtable.PyObjectHashTable.get_item
KeyError: '"Unnamed: 3"'

The above exception was the direct cause of the following exception:

Traceback (most recent call last):
  File "C:\Python372\mecheck\lib\site-packages\django\core\handlers\exception.py", line 34, in inner
    response = get_response(request)
  File "C:\Python372\mecheck\lib\site-packages\django\core\handlers\base.py", line 126, in _get_response
    response = self.process_exception_by_middleware(e, request)
  File "C:\Python372\mecheck\lib\site-packages\django\core\handlers\base.py", line 124, in _get_response
    response = wrapped_callback(request, *callback_args, **callback_kwargs)
  File "C:\Python372\mecheck\lib\site-packages\django\views\decorators\csrf.py", line 54, in wrapped_view
    return view_func(*args, **kwargs)
  File "C:\djangoproject\Reliability_Row_data\ABOTestPlan\views.py", line 445, in ABOTestPlan_edit
    save_exel(folder_path_Sys,uploaddata,upload_zhushi, filepath)
  File "C:\djangoproject\Reliability_Row_data\ABOTestPlan\views.py", line 256, in save_exel
    print(df1.loc[60,'"Unnamed: 3"'].comment.text)
  File "C:\Python372\mecheck\lib\site-packages\pandas\core\indexing.py", line 925, in __getitem__
    return self._getitem_tuple(key)
  File "C:\Python372\mecheck\lib\site-packages\pandas\core\indexing.py", line 1100, in _getitem_tuple
    return self._getitem_lowerdim(tup)
  File "C:\Python372\mecheck\lib\site-packages\pandas\core\indexing.py", line 862, in _getitem_lowerdim
    return getattr(section, self.name)[new_key]
  File "C:\Python372\mecheck\lib\site-packages\pandas\core\indexing.py", line 931, in __getitem__
    return self._getitem_axis(maybe_callable, axis=axis)
  File "C:\Python372\mecheck\lib\site-packages\pandas\core\indexing.py", line 1164, in _getitem_axis
    return self._get_label(key, axis=axis)
  File "C:\Python372\mecheck\lib\site-packages\pandas\core\indexing.py", line 1113, in _get_label
    return self.obj.xs(label, axis=axis)
  File "C:\Python372\mecheck\lib\site-packages\pandas\core\generic.py", line 3776, in xs
    loc = index.get_loc(key)
  File "C:\Python372\mecheck\lib\site-packages\pandas\core\indexes\base.py", line 3363, in get_loc
    raise KeyError(key) from err
KeyError: '"Unnamed: 3"'
[2023-07-07 08:32:01,801] [UserIP.py:90] [UserIP:process_response] [INFO]- 2023-07-07 08:32:01 C1010S3>Edwin None>LAPTOP-EJP4HNEV>543 127.0.0.1 127.0.0.1 /ABOTestPlan/ABOTestPlan_edit/ POST
[2023-07-07 08:32:01,802] [basehttp.py:154] [basehttp:log_message] [ERROR]- "POST /ABOTestPlan/ABOTestPlan_edit/ HTTP/1.1" 500 184026
[2023-07-07 08:32:21,818] [log.py:228] [log:log_response] [ERROR]- Internal Server Error: /ABOTestPlan/ABOTestPlan_edit/
Traceback (most recent call last):
  File "C:\Python372\mecheck\lib\site-packages\django\core\handlers\exception.py", line 34, in inner
    response = get_response(request)
  File "C:\Python372\mecheck\lib\site-packages\django\core\handlers\base.py", line 126, in _get_response
    response = self.process_exception_by_middleware(e, request)
  File "C:\Python372\mecheck\lib\site-packages\django\core\handlers\base.py", line 124, in _get_response
    response = wrapped_callback(request, *callback_args, **callback_kwargs)
  File "C:\Python372\mecheck\lib\site-packages\django\views\decorators\csrf.py", line 54, in wrapped_view
    return view_func(*args, **kwargs)
  File "C:\djangoproject\Reliability_Row_data\ABOTestPlan\views.py", line 445, in ABOTestPlan_edit
    save_exel(folder_path_Sys,uploaddata,upload_zhushi, filepath)
  File "C:\djangoproject\Reliability_Row_data\ABOTestPlan\views.py", line 256, in save_exel
    print(df1.loc[60,"Unnamed: 3"].comment.text)
AttributeError: 'str' object has no attribute 'comment'
[2023-07-07 08:32:21,820] [UserIP.py:90] [UserIP:process_response] [INFO]- 2023-07-07 08:32:21 C1010S3>Edwin None>LAPTOP-EJP4HNEV>543 127.0.0.1 127.0.0.1 /ABOTestPlan/ABOTestPlan_edit/ POST
[2023-07-07 08:32:21,820] [basehttp.py:154] [basehttp:log_message] [ERROR]- "POST /ABOTestPlan/ABOTestPlan_edit/ HTTP/1.1" 500 90505
[2023-07-07 08:48:40,031] [basehttp.py:154] [basehttp:log_message] [WARNING]- "GET /static/js/lib/bootstrap.min.js.map HTTP/1.1" 404 1806
[2023-07-07 08:48:40,032] [basehttp.py:154] [basehttp:log_message] [WARNING]- "GET /static/js/axios.min.map HTTP/1.1" 404 1773
[2023-07-07 08:48:40,036] [basehttp.py:154] [basehttp:log_message] [WARNING]- "GET /static/js/xlsx/FileSaver.min.js.map HTTP/1.1" 404 1809
[2023-07-07 08:48:40,084] [basehttp.py:154] [basehttp:log_message] [WARNING]- "GET /static/css/bootstrap.min.css.map HTTP/1.1" 404 1800
[2023-07-07 08:48:56,939] [log.py:228] [log:log_response] [ERROR]- Internal Server Error: /ABOTestPlan/ABOTestPlan_edit/
Traceback (most recent call last):
  File "C:\Python372\mecheck\lib\site-packages\django\core\handlers\exception.py", line 34, in inner
    response = get_response(request)
  File "C:\Python372\mecheck\lib\site-packages\django\core\handlers\base.py", line 126, in _get_response
    response = self.process_exception_by_middleware(e, request)
  File "C:\Python372\mecheck\lib\site-packages\django\core\handlers\base.py", line 124, in _get_response
    response = wrapped_callback(request, *callback_args, **callback_kwargs)
  File "C:\Python372\mecheck\lib\site-packages\django\views\decorators\csrf.py", line 54, in wrapped_view
    return view_func(*args, **kwargs)
  File "C:\djangoproject\Reliability_Row_data\ABOTestPlan\views.py", line 465, in ABOTestPlan_edit
    save_exel(folder_path_Sys,uploaddata,upload_zhushi, filepath)
  File "C:\djangoproject\Reliability_Row_data\ABOTestPlan\views.py", line 259, in save_exel
    print(df1.loc[60,"Unnamed: 3"].comment.text)
AttributeError: 'str' object has no attribute 'comment'
[2023-07-07 08:48:56,946] [UserIP.py:90] [UserIP:process_response] [INFO]- 2023-07-07 08:48:56 C1010S3>Edwin None>LAPTOP-EJP4HNEV>543 127.0.0.1 127.0.0.1 /ABOTestPlan/ABOTestPlan_edit/ POST
[2023-07-07 08:48:56,949] [basehttp.py:154] [basehttp:log_message] [ERROR]- "POST /ABOTestPlan/ABOTestPlan_edit/ HTTP/1.1" 500 90795
[2023-07-07 08:49:23,606] [log.py:228] [log:log_response] [ERROR]- Internal Server Error: /ABOTestPlan/ABOTestPlan_edit/
Traceback (most recent call last):
  File "C:\Python372\mecheck\lib\site-packages\django\core\handlers\exception.py", line 34, in inner
    response = get_response(request)
  File "C:\Python372\mecheck\lib\site-packages\django\core\handlers\base.py", line 126, in _get_response
    response = self.process_exception_by_middleware(e, request)
  File "C:\Python372\mecheck\lib\site-packages\django\core\handlers\base.py", line 124, in _get_response
    response = wrapped_callback(request, *callback_args, **callback_kwargs)
  File "C:\Python372\mecheck\lib\site-packages\django\views\decorators\csrf.py", line 54, in wrapped_view
    return view_func(*args, **kwargs)
  File "C:\djangoproject\Reliability_Row_data\ABOTestPlan\views.py", line 465, in ABOTestPlan_edit
    save_exel(folder_path_Sys,uploaddata,upload_zhushi, filepath)
  File "C:\djangoproject\Reliability_Row_data\ABOTestPlan\views.py", line 259, in save_exel
    print(df1.loc[60,"Unnamed: 3"].comment.text)
AttributeError: 'str' object has no attribute 'comment'
[2023-07-07 08:49:23,610] [UserIP.py:90] [UserIP:process_response] [INFO]- 2023-07-07 08:49:23 C1010S3>Edwin None>LAPTOP-EJP4HNEV>543 127.0.0.1 127.0.0.1 /ABOTestPlan/ABOTestPlan_edit/ POST
[2023-07-07 08:49:23,612] [basehttp.py:154] [basehttp:log_message] [ERROR]- "POST /ABOTestPlan/ABOTestPlan_edit/ HTTP/1.1" 500 91059
[2023-07-07 09:19:56,866] [log.py:228] [log:log_response] [ERROR]- Internal Server Error: /ABOTestPlan/ABOTestPlan_edit/
Traceback (most recent call last):
  File "C:\Python372\mecheck\lib\site-packages\django\core\handlers\exception.py", line 34, in inner
    response = get_response(request)
  File "C:\Python372\mecheck\lib\site-packages\django\core\handlers\base.py", line 126, in _get_response
    response = self.process_exception_by_middleware(e, request)
  File "C:\Python372\mecheck\lib\site-packages\django\core\handlers\base.py", line 124, in _get_response
    response = wrapped_callback(request, *callback_args, **callback_kwargs)
  File "C:\Python372\mecheck\lib\site-packages\django\views\decorators\csrf.py", line 54, in wrapped_view
    return view_func(*args, **kwargs)
  File "C:\djangoproject\Reliability_Row_data\ABOTestPlan\views.py", line 465, in ABOTestPlan_edit
    save_exel(folder_path_Sys,uploaddata,upload_zhushi, filepath,auther)
  File "C:\djangoproject\Reliability_Row_data\ABOTestPlan\views.py", line 260, in save_exel
    print(df1.loc[60,"Unnamed: 3"].comment.text)
AttributeError: 'str' object has no attribute 'comment'
[2023-07-07 09:19:56,867] [UserIP.py:90] [UserIP:process_response] [INFO]- 2023-07-07 09:19:56 C1010S3>Edwin None>LAPTOP-EJP4HNEV>543 127.0.0.1 127.0.0.1 /ABOTestPlan/ABOTestPlan_edit/ POST
[2023-07-07 09:19:56,868] [basehttp.py:154] [basehttp:log_message] [ERROR]- "POST /ABOTestPlan/ABOTestPlan_edit/ HTTP/1.1" 500 91416
[2023-07-07 09:20:24,894] [log.py:228] [log:log_response] [ERROR]- Internal Server Error: /ABOTestPlan/ABOTestPlan_edit/
Traceback (most recent call last):
  File "C:\Python372\mecheck\lib\site-packages\django\core\handlers\exception.py", line 34, in inner
    response = get_response(request)
  File "C:\Python372\mecheck\lib\site-packages\django\core\handlers\base.py", line 126, in _get_response
    response = self.process_exception_by_middleware(e, request)
  File "C:\Python372\mecheck\lib\site-packages\django\core\handlers\base.py", line 124, in _get_response
    response = wrapped_callback(request, *callback_args, **callback_kwargs)
  File "C:\Python372\mecheck\lib\site-packages\django\views\decorators\csrf.py", line 54, in wrapped_view
    return view_func(*args, **kwargs)
  File "C:\djangoproject\Reliability_Row_data\ABOTestPlan\views.py", line 464, in ABOTestPlan_edit
    save_exel(folder_path_Sys,uploaddata,upload_zhushi, filepath,auther)
  File "C:\djangoproject\Reliability_Row_data\ABOTestPlan\views.py", line 317, in save_exel
    ws[lie_num + hangnum] = comment
  File "C:\Python372\mecheck\lib\site-packages\openpyxl\worksheet\worksheet.py", line 304, in __setitem__
    self[key].value = value
  File "C:\Python372\mecheck\lib\site-packages\openpyxl\cell\cell.py", line 239, in value
    self._bind_value(value)
  File "C:\Python372\mecheck\lib\site-packages\openpyxl\cell\cell.py", line 222, in _bind_value
    raise ValueError("Cannot convert {0!r} to Excel".format(value))
ValueError: Cannot convert Comment: test1 by Edwin to Excel
[2023-07-07 09:20:24,896] [UserIP.py:90] [UserIP:process_response] [INFO]- 2023-07-07 09:20:24 C1010S3>Edwin None>LAPTOP-EJP4HNEV>543 127.0.0.1 127.0.0.1 /ABOTestPlan/ABOTestPlan_edit/ POST
[2023-07-07 09:20:24,896] [basehttp.py:154] [basehttp:log_message] [ERROR]- "POST /ABOTestPlan/ABOTestPlan_edit/ HTTP/1.1" 500 105755
[2023-07-07 09:23:34,871] [log.py:228] [log:log_response] [ERROR]- Internal Server Error: /ABOTestPlan/ABOTestPlan_edit/
Traceback (most recent call last):
  File "C:\Python372\mecheck\lib\site-packages\django\core\handlers\exception.py", line 34, in inner
    response = get_response(request)
  File "C:\Python372\mecheck\lib\site-packages\django\core\handlers\base.py", line 126, in _get_response
    response = self.process_exception_by_middleware(e, request)
  File "C:\Python372\mecheck\lib\site-packages\django\core\handlers\base.py", line 124, in _get_response
    response = wrapped_callback(request, *callback_args, **callback_kwargs)
  File "C:\Python372\mecheck\lib\site-packages\django\views\decorators\csrf.py", line 54, in wrapped_view
    return view_func(*args, **kwargs)
  File "C:\djangoproject\Reliability_Row_data\ABOTestPlan\views.py", line 464, in ABOTestPlan_edit
    save_exel(folder_path_Sys,uploaddata,upload_zhushi, filepath,auther)
  File "C:\djangoproject\Reliability_Row_data\ABOTestPlan\views.py", line 317, in save_exel
    ws[lie_num + hangnum] = comment
  File "C:\Python372\mecheck\lib\site-packages\openpyxl\worksheet\worksheet.py", line 304, in __setitem__
    self[key].value = value
  File "C:\Python372\mecheck\lib\site-packages\openpyxl\cell\cell.py", line 239, in value
    self._bind_value(value)
  File "C:\Python372\mecheck\lib\site-packages\openpyxl\cell\cell.py", line 222, in _bind_value
    raise ValueError("Cannot convert {0!r} to Excel".format(value))
ValueError: Cannot convert Comment: test1 by Edwin to Excel
[2023-07-07 09:23:34,872] [UserIP.py:90] [UserIP:process_response] [INFO]- 2023-07-07 09:23:34 C1010S3>Edwin None>LAPTOP-EJP4HNEV>543 127.0.0.1 127.0.0.1 /ABOTestPlan/ABOTestPlan_edit/ POST
[2023-07-07 09:23:34,873] [basehttp.py:154] [basehttp:log_message] [ERROR]- "POST /ABOTestPlan/ABOTestPlan_edit/ HTTP/1.1" 500 105765
[2023-07-07 09:25:57,877] [log.py:228] [log:log_response] [ERROR]- Internal Server Error: /ABOTestPlan/ABOTestPlan_edit/
Traceback (most recent call last):
  File "C:\Python372\mecheck\lib\site-packages\django\core\handlers\exception.py", line 34, in inner
    response = get_response(request)
  File "C:\Python372\mecheck\lib\site-packages\django\core\handlers\base.py", line 126, in _get_response
    response = self.process_exception_by_middleware(e, request)
  File "C:\Python372\mecheck\lib\site-packages\django\core\handlers\base.py", line 124, in _get_response
    response = wrapped_callback(request, *callback_args, **callback_kwargs)
  File "C:\Python372\mecheck\lib\site-packages\django\views\decorators\csrf.py", line 54, in wrapped_view
    return view_func(*args, **kwargs)
  File "C:\djangoproject\Reliability_Row_data\ABOTestPlan\views.py", line 465, in ABOTestPlan_edit
    save_exel(folder_path_Sys,uploaddata,upload_zhushi, filepath,auther)
  File "C:\djangoproject\Reliability_Row_data\ABOTestPlan\views.py", line 318, in save_exel
    ws[lie_num + hangnum] = comment
  File "C:\Python372\mecheck\lib\site-packages\openpyxl\worksheet\worksheet.py", line 304, in __setitem__
    self[key].value = value
  File "C:\Python372\mecheck\lib\site-packages\openpyxl\cell\cell.py", line 239, in value
    self._bind_value(value)
  File "C:\Python372\mecheck\lib\site-packages\openpyxl\cell\cell.py", line 222, in _bind_value
    raise ValueError("Cannot convert {0!r} to Excel".format(value))
ValueError: Cannot convert Comment: test1 by Edwin to Excel
[2023-07-07 09:25:57,878] [UserIP.py:90] [UserIP:process_response] [INFO]- 2023-07-07 09:25:57 C1010S3>Edwin None>LAPTOP-EJP4HNEV>543 127.0.0.1 127.0.0.1 /ABOTestPlan/ABOTestPlan_edit/ POST
[2023-07-07 09:25:57,879] [basehttp.py:154] [basehttp:log_message] [ERROR]- "POST /ABOTestPlan/ABOTestPlan_edit/ HTTP/1.1" 500 105793
[2023-07-07 09:26:53,842] [log.py:228] [log:log_response] [ERROR]- Internal Server Error: /ABOTestPlan/ABOTestPlan_edit/
Traceback (most recent call last):
  File "C:\Python372\mecheck\lib\site-packages\django\core\handlers\exception.py", line 34, in inner
    response = get_response(request)
  File "C:\Python372\mecheck\lib\site-packages\django\core\handlers\base.py", line 126, in _get_response
    response = self.process_exception_by_middleware(e, request)
  File "C:\Python372\mecheck\lib\site-packages\django\core\handlers\base.py", line 124, in _get_response
    response = wrapped_callback(request, *callback_args, **callback_kwargs)
  File "C:\Python372\mecheck\lib\site-packages\django\views\decorators\csrf.py", line 54, in wrapped_view
    return view_func(*args, **kwargs)
  File "C:\djangoproject\Reliability_Row_data\ABOTestPlan\views.py", line 465, in ABOTestPlan_edit
    save_exel(folder_path_Sys,uploaddata,upload_zhushi, filepath,auther)
  File "C:\djangoproject\Reliability_Row_data\ABOTestPlan\views.py", line 308, in save_exel
    ws = worksheet.active
AttributeError: 'Worksheet' object has no attribute 'active'
[2023-07-07 09:26:53,843] [UserIP.py:90] [UserIP:process_response] [INFO]- 2023-07-07 09:26:53 C1010S3>Edwin None>LAPTOP-EJP4HNEV>543 127.0.0.1 127.0.0.1 /ABOTestPlan/ABOTestPlan_edit/ POST
[2023-07-07 09:26:53,843] [basehttp.py:154] [basehttp:log_message] [ERROR]- "POST /ABOTestPlan/ABOTestPlan_edit/ HTTP/1.1" 500 92903
[2023-07-07 09:27:22,330] [log.py:228] [log:log_response] [ERROR]- Internal Server Error: /ABOTestPlan/ABOTestPlan_edit/
Traceback (most recent call last):
  File "C:\Python372\mecheck\lib\site-packages\django\core\handlers\exception.py", line 34, in inner
    response = get_response(request)
  File "C:\Python372\mecheck\lib\site-packages\django\core\handlers\base.py", line 126, in _get_response
    response = self.process_exception_by_middleware(e, request)
  File "C:\Python372\mecheck\lib\site-packages\django\core\handlers\base.py", line 124, in _get_response
    response = wrapped_callback(request, *callback_args, **callback_kwargs)
  File "C:\Python372\mecheck\lib\site-packages\django\views\decorators\csrf.py", line 54, in wrapped_view
    return view_func(*args, **kwargs)
  File "C:\djangoproject\Reliability_Row_data\ABOTestPlan\views.py", line 464, in ABOTestPlan_edit
    save_exel(folder_path_Sys,uploaddata,upload_zhushi, filepath,auther)
  File "C:\djangoproject\Reliability_Row_data\ABOTestPlan\views.py", line 317, in save_exel
    worksheet[lie_num + hangnum] = comment
  File "C:\Python372\mecheck\lib\site-packages\openpyxl\worksheet\worksheet.py", line 304, in __setitem__
    self[key].value = value
  File "C:\Python372\mecheck\lib\site-packages\openpyxl\cell\cell.py", line 239, in value
    self._bind_value(value)
  File "C:\Python372\mecheck\lib\site-packages\openpyxl\cell\cell.py", line 222, in _bind_value
    raise ValueError("Cannot convert {0!r} to Excel".format(value))
ValueError: Cannot convert Comment: test1 by Edwin to Excel
[2023-07-07 09:27:22,332] [UserIP.py:90] [UserIP:process_response] [INFO]- 2023-07-07 09:27:22 C1010S3>Edwin None>LAPTOP-EJP4HNEV>543 127.0.0.1 127.0.0.1 /ABOTestPlan/ABOTestPlan_edit/ POST
[2023-07-07 09:27:22,333] [basehttp.py:154] [basehttp:log_message] [ERROR]- "POST /ABOTestPlan/ABOTestPlan_edit/ HTTP/1.1" 500 105619
[2023-07-07 09:28:23,769] [log.py:228] [log:log_response] [ERROR]- Internal Server Error: /ABOTestPlan/ABOTestPlan_edit/
Traceback (most recent call last):
  File "C:\Python372\mecheck\lib\site-packages\django\core\handlers\exception.py", line 34, in inner
    response = get_response(request)
  File "C:\Python372\mecheck\lib\site-packages\django\core\handlers\base.py", line 126, in _get_response
    response = self.process_exception_by_middleware(e, request)
  File "C:\Python372\mecheck\lib\site-packages\django\core\handlers\base.py", line 124, in _get_response
    response = wrapped_callback(request, *callback_args, **callback_kwargs)
  File "C:\Python372\mecheck\lib\site-packages\django\views\decorators\csrf.py", line 54, in wrapped_view
    return view_func(*args, **kwargs)
  File "C:\djangoproject\Reliability_Row_data\ABOTestPlan\views.py", line 464, in ABOTestPlan_edit
    save_exel(folder_path_Sys,uploaddata,upload_zhushi, filepath,auther)
  File "C:\djangoproject\Reliability_Row_data\ABOTestPlan\views.py", line 318, in save_exel
    workbook.save()
TypeError: save() missing 1 required positional argument: 'filename'
[2023-07-07 09:28:23,776] [UserIP.py:90] [UserIP:process_response] [INFO]- 2023-07-07 09:28:23 C1010S3>Edwin None>LAPTOP-EJP4HNEV>543 127.0.0.1 127.0.0.1 /ABOTestPlan/ABOTestPlan_edit/ POST
[2023-07-07 09:28:23,779] [basehttp.py:154] [basehttp:log_message] [ERROR]- "POST /ABOTestPlan/ABOTestPlan_edit/ HTTP/1.1" 500 94240
[2023-07-07 09:28:53,421] [UserIP.py:90] [UserIP:process_response] [INFO]- 2023-07-07 09:28:53 C1010S3>Edwin None>LAPTOP-EJP4HNEV>543 127.0.0.1 127.0.0.1 /ABOTestPlan/ABOTestPlan_edit/ POST
[2023-07-07 09:28:53,430] [basehttp.py:154] [basehttp:log_message] [INFO]- "POST /ABOTestPlan/ABOTestPlan_edit/ HTTP/1.1" 200 49903
[2023-07-07 09:30:24,373] [basehttp.py:154] [basehttp:log_message] [INFO]- "GET /ABOTestPlan/ABOTestPlan_edit/ HTTP/1.1" 200 39192
[2023-07-07 09:30:24,495] [basehttp.py:154] [basehttp:log_message] [WARNING]- "GET /static/css/bootstrap.min.css.map HTTP/1.1" 404 1800
[2023-07-07 09:30:24,501] [basehttp.py:154] [basehttp:log_message] [WARNING]- "GET /static/js/lib/bootstrap.min.js.map HTTP/1.1" 404 1806
[2023-07-07 09:30:24,649] [basehttp.py:154] [basehttp:log_message] [WARNING]- "GET /static/js/axios.min.map HTTP/1.1" 404 1773
[2023-07-07 09:30:24,659] [basehttp.py:154] [basehttp:log_message] [WARNING]- "GET /static/js/xlsx/FileSaver.min.js.map HTTP/1.1" 404 1809
[2023-07-07 09:30:24,903] [basehttp.py:154] [basehttp:log_message] [INFO]- "GET /favicon.ico HTTP/1.1" 200 23410
[2023-07-07 09:30:25,656] [UserIP.py:90] [UserIP:process_response] [INFO]- 2023-07-07 09:30:25 C1010S3>Edwin None>LAPTOP-EJP4HNEV>543 127.0.0.1 127.0.0.1 /ABOTestPlan/ABOTestPlan_edit/ POST
[2023-07-07 09:30:25,670] [basehttp.py:154] [basehttp:log_message] [INFO]- "POST /ABOTestPlan/ABOTestPlan_edit/ HTTP/1.1" 200 49903
[2023-07-07 09:33:04,059] [log.py:228] [log:log_response] [ERROR]- Internal Server Error: /ABOTestPlan/ABOTestPlan_edit/
Traceback (most recent call last):
  File "C:\Python372\mecheck\lib\site-packages\django\core\handlers\exception.py", line 34, in inner
    response = get_response(request)
  File "C:\Python372\mecheck\lib\site-packages\django\core\handlers\base.py", line 126, in _get_response
    response = self.process_exception_by_middleware(e, request)
  File "C:\Python372\mecheck\lib\site-packages\django\core\handlers\base.py", line 124, in _get_response
    response = wrapped_callback(request, *callback_args, **callback_kwargs)
  File "C:\Python372\mecheck\lib\site-packages\django\views\decorators\csrf.py", line 54, in wrapped_view
    return view_func(*args, **kwargs)
  File "C:\djangoproject\Reliability_Row_data\ABOTestPlan\views.py", line 464, in ABOTestPlan_edit
    save_exel(folder_path_Sys,uploaddata,upload_zhushi, filepath,auther)
  File "C:\djangoproject\Reliability_Row_data\ABOTestPlan\views.py", line 319, in save_exel
    shutil.copy(src_file, folder_path_Sys)
  File "C:\Python372\lib\shutil.py", line 245, in copy
    copyfile(src, dst, follow_symlinks=follow_symlinks)
  File "C:\Python372\lib\shutil.py", line 121, in copyfile
    with open(dst, 'wb') as fdst:
PermissionError: [Errno 13] Permission denied: 'c:/media/ABOTestPlanSys/T88_ProjectName1_B Phase_Compatibility/ME-ENV004_upload.xlsx'
[2023-07-07 09:33:04,061] [UserIP.py:90] [UserIP:process_response] [INFO]- 2023-07-07 09:33:04 C1010S3>Edwin None>LAPTOP-EJP4HNEV>543 127.0.0.1 127.0.0.1 /ABOTestPlan/ABOTestPlan_edit/ POST
[2023-07-07 09:33:04,061] [basehttp.py:154] [basehttp:log_message] [ERROR]- "POST /ABOTestPlan/ABOTestPlan_edit/ HTTP/1.1" 500 105885
[2023-07-07 09:33:17,761] [UserIP.py:90] [UserIP:process_response] [INFO]- 2023-07-07 09:33:17 C1010S3>Edwin None>LAPTOP-EJP4HNEV>543 127.0.0.1 127.0.0.1 /ABOTestPlan/ABOTestPlan_edit/ POST
[2023-07-07 09:33:17,779] [basehttp.py:154] [basehttp:log_message] [INFO]- "POST /ABOTestPlan/ABOTestPlan_edit/ HTTP/1.1" 200 49933
[2023-07-07 09:40:17,667] [UserIP.py:90] [UserIP:process_response] [INFO]- 2023-07-07 09:40:17 C1010S3>Edwin None>LAPTOP-EJP4HNEV>543 127.0.0.1 127.0.0.1 /ABOTestPlan/ABOTestPlan_edit/ POST
[2023-07-07 09:40:17,693] [basehttp.py:154] [basehttp:log_message] [INFO]- "POST /ABOTestPlan/ABOTestPlan_edit/ HTTP/1.1" 200 50249
[2023-07-07 09:43:47,269] [basehttp.py:154] [basehttp:log_message] [INFO]- "GET /ABOTestPlan/ABOTestPlan_edit/ HTTP/1.1" 200 39266
[2023-07-07 09:43:47,400] [basehttp.py:154] [basehttp:log_message] [WARNING]- "GET /static/css/bootstrap.min.css.map HTTP/1.1" 404 1800
[2023-07-07 09:43:47,405] [basehttp.py:154] [basehttp:log_message] [WARNING]- "GET /static/js/lib/bootstrap.min.js.map HTTP/1.1" 404 1806
[2023-07-07 09:43:47,543] [basehttp.py:154] [basehttp:log_message] [WARNING]- "GET /static/js/axios.min.map HTTP/1.1" 404 1773
[2023-07-07 09:43:47,581] [basehttp.py:154] [basehttp:log_message] [WARNING]- "GET /static/js/xlsx/FileSaver.min.js.map HTTP/1.1" 404 1809
[2023-07-07 09:43:47,726] [basehttp.py:154] [basehttp:log_message] [INFO]- "GET /favicon.ico HTTP/1.1" 200 23410
[2023-07-07 09:43:47,864] [UserIP.py:90] [UserIP:process_response] [INFO]- 2023-07-07 09:43:47 C1010S3>Edwin None>LAPTOP-EJP4HNEV>543 127.0.0.1 127.0.0.1 /ABOTestPlan/ABOTestPlan_edit/ POST
[2023-07-07 09:43:47,873] [basehttp.py:154] [basehttp:log_message] [INFO]- "POST /ABOTestPlan/ABOTestPlan_edit/ HTTP/1.1" 200 50249
[2023-07-07 09:44:42,344] [UserIP.py:90] [UserIP:process_response] [INFO]- 2023-07-07 09:44:42 C1010S3>Edwin None>LAPTOP-EJP4HNEV>543 127.0.0.1 127.0.0.1 /ABOTestPlan/ABOTestPlan_edit/ POST
[2023-07-07 09:44:42,398] [basehttp.py:154] [basehttp:log_message] [INFO]- "POST /ABOTestPlan/ABOTestPlan_edit/ HTTP/1.1" 200 50153
[2023-07-07 09:45:21,416] [UserIP.py:90] [UserIP:process_response] [INFO]- 2023-07-07 09:45:21 C1010S3>Edwin None>LAPTOP-EJP4HNEV>543 127.0.0.1 127.0.0.1 /ABOTestPlan/ABOTestPlan_edit/ POST
[2023-07-07 09:45:21,448] [basehttp.py:154] [basehttp:log_message] [INFO]- "POST /ABOTestPlan/ABOTestPlan_edit/ HTTP/1.1" 200 49863
[2023-07-07 09:56:17,019] [UserIP.py:90] [UserIP:process_response] [INFO]- 2023-07-07 09:56:17 C1010S3>Edwin None>LAPTOP-EJP4HNEV>543 127.0.0.1 127.0.0.1 /ABOTestPlan/ABOTestPlan_edit/ POST
[2023-07-07 09:56:17,046] [basehttp.py:154] [basehttp:log_message] [INFO]- "POST /ABOTestPlan/ABOTestPlan_edit/ HTTP/1.1" 200 50591
[2023-07-07 09:57:48,832] [UserIP.py:90] [UserIP:process_response] [INFO]- 2023-07-07 09:57:48 C1010S3>Edwin None>LAPTOP-EJP4HNEV>543 127.0.0.1 127.0.0.1 /ABOTestPlan/ABOTestPlan_edit/ POST
[2023-07-07 09:57:48,871] [basehttp.py:154] [basehttp:log_message] [INFO]- "POST /ABOTestPlan/ABOTestPlan_edit/ HTTP/1.1" 200 50115
[2023-07-07 10:20:49,203] [UserIP.py:90] [UserIP:process_response] [INFO]- 2023-07-07 10:20:49 C1010S3>Edwin None>LAPTOP-EJP4HNEV>543 127.0.0.1 127.0.0.1 /ABOTestPlan/ABOTestPlan_edit/ POST
[2023-07-07 10:20:49,244] [basehttp.py:154] [basehttp:log_message] [INFO]- "POST /ABOTestPlan/ABOTestPlan_edit/ HTTP/1.1" 200 49973
[2023-07-07 10:23:36,349] [basehttp.py:154] [basehttp:log_message] [INFO]- "GET /ABOTestPlan/ABOTestPlan_edit/ HTTP/1.1" 200 39634
[2023-07-07 10:23:36,466] [basehttp.py:154] [basehttp:log_message] [WARNING]- "GET /static/css/bootstrap.min.css.map HTTP/1.1" 404 1800
[2023-07-07 10:23:36,513] [basehttp.py:154] [basehttp:log_message] [WARNING]- "GET /static/js/lib/bootstrap.min.js.map HTTP/1.1" 404 1806
[2023-07-07 10:23:36,631] [basehttp.py:154] [basehttp:log_message] [WARNING]- "GET /static/js/axios.min.map HTTP/1.1" 404 1773
[2023-07-07 10:23:36,637] [basehttp.py:154] [basehttp:log_message] [WARNING]- "GET /static/js/xlsx/FileSaver.min.js.map HTTP/1.1" 404 1809
[2023-07-07 10:23:36,785] [basehttp.py:154] [basehttp:log_message] [INFO]- "GET /favicon.ico HTTP/1.1" 200 23410
[2023-07-07 10:23:36,870] [UserIP.py:90] [UserIP:process_response] [INFO]- 2023-07-07 10:23:36 C1010S3>Edwin None>LAPTOP-EJP4HNEV>543 127.0.0.1 127.0.0.1 /ABOTestPlan/ABOTestPlan_edit/ POST
[2023-07-07 10:23:36,877] [basehttp.py:154] [basehttp:log_message] [INFO]- "POST /ABOTestPlan/ABOTestPlan_edit/ HTTP/1.1" 200 49973
[2023-07-07 10:24:13,753] [log.py:228] [log:log_response] [ERROR]- Internal Server Error: /ABOTestPlan/ABOTestPlan_edit/
Traceback (most recent call last):
  File "C:\Python372\mecheck\lib\site-packages\django\core\handlers\exception.py", line 34, in inner
    response = get_response(request)
  File "C:\Python372\mecheck\lib\site-packages\django\core\handlers\base.py", line 126, in _get_response
    response = self.process_exception_by_middleware(e, request)
  File "C:\Python372\mecheck\lib\site-packages\django\core\handlers\base.py", line 124, in _get_response
    response = wrapped_callback(request, *callback_args, **callback_kwargs)
  File "C:\Python372\mecheck\lib\site-packages\django\views\decorators\csrf.py", line 54, in wrapped_view
    return view_func(*args, **kwargs)
  File "C:\djangoproject\Reliability_Row_data\ABOTestPlan\views.py", line 464, in ABOTestPlan_edit
    save_exel(folder_path_Sys,uploaddata,upload_zhushi, filepath,auther)
  File "C:\djangoproject\Reliability_Row_data\ABOTestPlan\views.py", line 284, in save_exel
    df1.loc[i["row"], i["lie"]] = i["value"]
  File "C:\Python372\mecheck\lib\site-packages\pandas\core\indexing.py", line 723, in __setitem__
    iloc._setitem_with_indexer(indexer, value, self.name)
  File "C:\Python372\mecheck\lib\site-packages\pandas\core\indexing.py", line 1689, in _setitem_with_indexer
    self._setitem_with_indexer(new_indexer, value, name)
  File "C:\Python372\mecheck\lib\site-packages\pandas\core\indexing.py", line 1730, in _setitem_with_indexer
    self._setitem_with_indexer_split_path(indexer, value, name)
  File "C:\Python372\mecheck\lib\site-packages\pandas\core\indexing.py", line 1751, in _setitem_with_indexer_split_path
    value = self._align_series(indexer, Series(value))
  File "C:\Python372\mecheck\lib\site-packages\pandas\core\indexing.py", line 2149, in _align_series
    raise ValueError("Incompatible indexer with Series")
ValueError: Incompatible indexer with Series
[2023-07-07 10:24:13,762] [UserIP.py:90] [UserIP:process_response] [INFO]- 2023-07-07 10:24:13 C1010S3>Edwin None>LAPTOP-EJP4HNEV>543 127.0.0.1 127.0.0.1 /ABOTestPlan/ABOTestPlan_edit/ POST
[2023-07-07 10:24:13,765] [basehttp.py:154] [basehttp:log_message] [ERROR]- "POST /ABOTestPlan/ABOTestPlan_edit/ HTTP/1.1" 500 144827
[2023-07-07 10:34:09,514] [basehttp.py:154] [basehttp:log_message] [INFO]- "GET / HTTP/1.1" 302 0
[2023-07-07 10:34:09,520] [basehttp.py:154] [basehttp:log_message] [INFO]- "GET /login/ HTTP/1.1" 200 4677
[2023-07-07 10:34:09,710] [basehttp.py:154] [basehttp:log_message] [INFO]- "GET /favicon.ico HTTP/1.1" 302 0
[2023-07-07 10:34:09,715] [basehttp.py:154] [basehttp:log_message] [INFO]- "GET /login/ HTTP/1.1" 200 4677
[2023-07-07 10:34:13,902] [basehttp.py:154] [basehttp:log_message] [INFO]- "GET /ABOTestPlan/ABOTestPlan_edit/ HTTP/1.1" 200 39741
[2023-07-07 10:34:14,095] [basehttp.py:154] [basehttp:log_message] [WARNING]- "GET /static/css/bootstrap.min.css.map HTTP/1.1" 404 1800
[2023-07-07 10:34:14,099] [basehttp.py:154] [basehttp:log_message] [WARNING]- "GET /static/js/lib/bootstrap.min.js.map HTTP/1.1" 404 1806
[2023-07-07 10:34:14,200] [basehttp.py:154] [basehttp:log_message] [WARNING]- "GET /static/js/axios.min.map HTTP/1.1" 404 1773
[2023-07-07 10:34:14,207] [basehttp.py:154] [basehttp:log_message] [WARNING]- "GET /static/js/xlsx/FileSaver.min.js.map HTTP/1.1" 404 1809
[2023-07-07 10:34:14,349] [basehttp.py:154] [basehttp:log_message] [INFO]- "GET /favicon.ico HTTP/1.1" 200 23410
[2023-07-07 10:34:14,449] [UserIP.py:90] [UserIP:process_response] [INFO]- 2023-07-07 10:34:14 C1010S3>Edwin None>LAPTOP-EJP4HNEV>543 127.0.0.1 127.0.0.1 /ABOTestPlan/ABOTestPlan_edit/ POST
[2023-07-07 10:34:14,456] [basehttp.py:154] [basehttp:log_message] [INFO]- "POST /ABOTestPlan/ABOTestPlan_edit/ HTTP/1.1" 200 49973
[2023-07-07 10:38:19,380] [basehttp.py:154] [basehttp:log_message] [INFO]- "GET /ABOTestPlan/ABOTestPlan_edit/ HTTP/1.1" 200 40409
[2023-07-07 10:38:19,534] [basehttp.py:154] [basehttp:log_message] [WARNING]- "GET /static/css/bootstrap.min.css.map HTTP/1.1" 404 1800
[2023-07-07 10:38:19,538] [basehttp.py:154] [basehttp:log_message] [WARNING]- "GET /static/js/lib/bootstrap.min.js.map HTTP/1.1" 404 1806
[2023-07-07 10:38:19,649] [basehttp.py:154] [basehttp:log_message] [WARNING]- "GET /static/js/axios.min.map HTTP/1.1" 404 1773
[2023-07-07 10:38:19,690] [basehttp.py:154] [basehttp:log_message] [WARNING]- "GET /static/js/xlsx/FileSaver.min.js.map HTTP/1.1" 404 1809
[2023-07-07 10:38:19,866] [basehttp.py:154] [basehttp:log_message] [INFO]- "GET /favicon.ico HTTP/1.1" 200 23410
[2023-07-07 10:38:20,022] [UserIP.py:90] [UserIP:process_response] [INFO]- 2023-07-07 10:38:20 C1010S3>Edwin None>LAPTOP-EJP4HNEV>543 127.0.0.1 127.0.0.1 /ABOTestPlan/ABOTestPlan_edit/ POST
[2023-07-07 10:38:20,029] [basehttp.py:154] [basehttp:log_message] [INFO]- "POST /ABOTestPlan/ABOTestPlan_edit/ HTTP/1.1" 200 49973
[2023-07-07 10:39:10,523] [UserIP.py:90] [UserIP:process_response] [INFO]- 2023-07-07 10:39:10 C1010S3>Edwin None>LAPTOP-EJP4HNEV>543 127.0.0.1 127.0.0.1 /ABOTestPlan/ABOTestPlan_edit/ POST
[2023-07-07 10:39:10,545] [basehttp.py:154] [basehttp:log_message] [INFO]- "POST /ABOTestPlan/ABOTestPlan_edit/ HTTP/1.1" 200 50411
[2023-07-07 10:51:28,839] [basehttp.py:154] [basehttp:log_message] [INFO]- "GET /ABOTestPlan/ABOTestPlan_edit/ HTTP/1.1" 200 40503
[2023-07-07 10:51:29,035] [basehttp.py:154] [basehttp:log_message] [WARNING]- "GET /static/css/bootstrap.min.css.map HTTP/1.1" 404 1800
[2023-07-07 10:51:29,036] [basehttp.py:154] [basehttp:log_message] [WARNING]- "GET /static/js/lib/bootstrap.min.js.map HTTP/1.1" 404 1806
[2023-07-07 10:51:29,160] [basehttp.py:154] [basehttp:log_message] [WARNING]- "GET /static/js/axios.min.map HTTP/1.1" 404 1773
[2023-07-07 10:51:29,170] [basehttp.py:154] [basehttp:log_message] [WARNING]- "GET /static/js/xlsx/FileSaver.min.js.map HTTP/1.1" 404 1809
[2023-07-07 10:51:29,467] [basehttp.py:154] [basehttp:log_message] [INFO]- "GET /favicon.ico HTTP/1.1" 200 23410
[2023-07-07 10:51:30,088] [UserIP.py:90] [UserIP:process_response] [INFO]- 2023-07-07 10:51:30 C1010S3>Edwin None>LAPTOP-EJP4HNEV>543 127.0.0.1 127.0.0.1 /ABOTestPlan/ABOTestPlan_edit/ POST
[2023-07-07 10:51:30,112] [basehttp.py:154] [basehttp:log_message] [INFO]- "POST /ABOTestPlan/ABOTestPlan_edit/ HTTP/1.1" 200 50411
[2023-07-07 10:51:58,572] [UserIP.py:90] [UserIP:process_response] [INFO]- 2023-07-07 10:51:58 C1010S3>Edwin None>LAPTOP-EJP4HNEV>543 127.0.0.1 127.0.0.1 /ABOTestPlan/ABOTestPlan_edit/ POST
[2023-07-07 10:51:58,602] [basehttp.py:154] [basehttp:log_message] [INFO]- "POST /ABOTestPlan/ABOTestPlan_edit/ HTTP/1.1" 200 50515
[2023-07-07 10:55:53,951] [basehttp.py:154] [basehttp:log_message] [INFO]- "GET /ABOTestPlan/ABOTestPlan_search/ HTTP/1.1" 200 34314
[2023-07-07 10:55:54,041] [basehttp.py:154] [basehttp:log_message] [WARNING]- "GET /static/css/bootstrap.min.css.map HTTP/1.1" 404 1800
[2023-07-07 10:55:54,053] [basehttp.py:154] [basehttp:log_message] [WARNING]- "GET /static/js/lib/bootstrap.min.js.map HTTP/1.1" 404 1806
[2023-07-07 10:55:54,220] [basehttp.py:154] [basehttp:log_message] [WARNING]- "GET /static/js/axios.min.map HTTP/1.1" 404 1773
[2023-07-07 10:55:54,222] [basehttp.py:154] [basehttp:log_message] [WARNING]- "GET /static/js/xlsx/FileSaver.min.js.map HTTP/1.1" 404 1809
[2023-07-07 10:55:54,326] [basehttp.py:154] [basehttp:log_message] [INFO]- "GET /favicon.ico HTTP/1.1" 200 23410
[2023-07-07 10:55:54,428] [UserIP.py:90] [UserIP:process_response] [INFO]- 2023-07-07 10:55:54 C1010S3>Edwin None>LAPTOP-EJP4HNEV>543 127.0.0.1 127.0.0.1 /ABOTestPlan/ABOTestPlan_search/ POST
[2023-07-07 10:55:54,437] [basehttp.py:154] [basehttp:log_message] [INFO]- "POST /ABOTestPlan/ABOTestPlan_search/ HTTP/1.1" 200 50885
[2023-07-07 10:55:55,033] [basehttp.py:154] [basehttp:log_message] [INFO]- "GET /ABOTestPlan/ABOTestPlan_summary/ HTTP/1.1" 200 39792
[2023-07-07 10:55:55,141] [basehttp.py:154] [basehttp:log_message] [WARNING]- "GET /static/css/bootstrap.min.css.map HTTP/1.1" 404 1800
[2023-07-07 10:55:55,151] [basehttp.py:154] [basehttp:log_message] [WARNING]- "GET /static/js/lib/bootstrap.min.js.map HTTP/1.1" 404 1806
[2023-07-07 10:55:55,203] [basehttp.py:154] [basehttp:log_message] [WARNING]- "GET /static/js/axios.min.map HTTP/1.1" 404 1773
[2023-07-07 10:55:55,205] [basehttp.py:154] [basehttp:log_message] [WARNING]- "GET /static/js/xlsx/FileSaver.min.js.map HTTP/1.1" 404 1809
[2023-07-07 10:55:55,304] [basehttp.py:154] [basehttp:log_message] [INFO]- "GET /favicon.ico HTTP/1.1" 200 23410
[2023-07-07 10:55:55,313] [UserIP.py:90] [UserIP:process_response] [INFO]- 2023-07-07 10:55:55 C1010S3>Edwin None>LAPTOP-EJP4HNEV>543 127.0.0.1 127.0.0.1 /ABOTestPlan/ABOTestPlan_summary/ POST
[2023-07-07 10:55:55,318] [basehttp.py:154] [basehttp:log_message] [INFO]- "POST /ABOTestPlan/ABOTestPlan_summary/ HTTP/1.1" 200 261
[2023-07-07 10:56:04,459] [UserIP.py:90] [UserIP:process_response] [INFO]- 2023-07-07 10:56:04 C1010S3>Edwin None>LAPTOP-EJP4HNEV>543 127.0.0.1 127.0.0.1 /ABOTestPlan/ABOTestPlan_summary/ POST
[2023-07-07 10:56:04,475] [basehttp.py:154] [basehttp:log_message] [INFO]- "POST /ABOTestPlan/ABOTestPlan_summary/ HTTP/1.1" 200 2051
[2023-07-07 10:56:06,455] [UserIP.py:90] [UserIP:process_response] [INFO]- 2023-07-07 10:56:06 C1010S3>Edwin None>LAPTOP-EJP4HNEV>543 127.0.0.1 127.0.0.1 /ABOTestPlan/ABOTestPlan_summary/ POST
[2023-07-07 10:56:06,463] [basehttp.py:154] [basehttp:log_message] [INFO]- "POST /ABOTestPlan/ABOTestPlan_summary/ HTTP/1.1" 200 39753
[2023-07-07 10:56:06,492] [basehttp.py:154] [basehttp:log_message] [INFO]- "GET /ABOTestPlan/ABOTestPlan_search/ HTTP/1.1" 200 34314
[2023-07-07 10:56:06,586] [basehttp.py:154] [basehttp:log_message] [WARNING]- "GET /static/css/bootstrap.min.css.map HTTP/1.1" 404 1800
[2023-07-07 10:56:06,589] [basehttp.py:154] [basehttp:log_message] [WARNING]- "GET /static/js/lib/bootstrap.min.js.map HTTP/1.1" 404 1806
[2023-07-07 10:56:06,651] [basehttp.py:154] [basehttp:log_message] [WARNING]- "GET /static/js/axios.min.map HTTP/1.1" 404 1773
[2023-07-07 10:56:06,652] [basehttp.py:154] [basehttp:log_message] [WARNING]- "GET /static/js/xlsx/FileSaver.min.js.map HTTP/1.1" 404 1809
[2023-07-07 10:56:06,737] [basehttp.py:154] [basehttp:log_message] [INFO]- "GET /favicon.ico HTTP/1.1" 200 23410
[2023-07-07 10:56:08,429] [UserIP.py:90] [UserIP:process_response] [INFO]- 2023-07-07 10:56:08 C1010S3>Edwin None>LAPTOP-EJP4HNEV>543 127.0.0.1 127.0.0.1 /ABOTestPlan/ABOTestPlan_search/ POST
[2023-07-07 10:56:08,435] [basehttp.py:154] [basehttp:log_message] [INFO]- "POST /ABOTestPlan/ABOTestPlan_search/ HTTP/1.1" 200 52212
[2023-07-07 10:56:20,554] [basehttp.py:154] [basehttp:log_message] [INFO]- "GET /ABOTestPlan/ABOTestPlan_edit/ HTTP/1.1" 200 40718
[2023-07-07 10:56:20,662] [basehttp.py:154] [basehttp:log_message] [WARNING]- "GET /static/css/bootstrap.min.css.map HTTP/1.1" 404 1800
[2023-07-07 10:56:20,664] [basehttp.py:154] [basehttp:log_message] [WARNING]- "GET /static/js/lib/bootstrap.min.js.map HTTP/1.1" 404 1806
[2023-07-07 10:56:20,726] [basehttp.py:154] [basehttp:log_message] [WARNING]- "GET /static/js/xlsx/FileSaver.min.js.map HTTP/1.1" 404 1809
[2023-07-07 10:56:20,726] [basehttp.py:154] [basehttp:log_message] [WARNING]- "GET /static/js/axios.min.map HTTP/1.1" 404 1773
[2023-07-07 10:56:21,107] [basehttp.py:154] [basehttp:log_message] [INFO]- "GET /favicon.ico HTTP/1.1" 200 23410
[2023-07-07 10:56:22,542] [UserIP.py:90] [UserIP:process_response] [INFO]- 2023-07-07 10:56:22 C1010S3>Edwin None>LAPTOP-EJP4HNEV>543 127.0.0.1 127.0.0.1 /ABOTestPlan/ABOTestPlan_edit/ POST
[2023-07-07 10:56:22,551] [basehttp.py:154] [basehttp:log_message] [INFO]- "POST /ABOTestPlan/ABOTestPlan_edit/ HTTP/1.1" 200 52163
[2023-07-07 10:56:57,396] [UserIP.py:90] [UserIP:process_response] [INFO]- 2023-07-07 10:56:57 C1010S3>Edwin None>LAPTOP-EJP4HNEV>543 127.0.0.1 127.0.0.1 /ABOTestPlan/ABOTestPlan_edit/ POST
[2023-07-07 10:56:57,405] [basehttp.py:154] [basehttp:log_message] [INFO]- "POST /ABOTestPlan/ABOTestPlan_edit/ HTTP/1.1" 200 52261
[2023-07-07 11:03:38,685] [UserIP.py:90] [UserIP:process_response] [INFO]- 2023-07-07 11:03:38 C1010S3>Edwin None>LAPTOP-EJP4HNEV>543 127.0.0.1 127.0.0.1 /ABOTestPlan/ABOTestPlan_edit/ POST
[2023-07-07 11:03:38,699] [basehttp.py:154] [basehttp:log_message] [INFO]- "POST /ABOTestPlan/ABOTestPlan_edit/ HTTP/1.1" 200 52361
[2023-07-07 11:08:16,669] [basehttp.py:154] [basehttp:log_message] [INFO]- "GET /ABOTestPlan/ABOTestPlan_edit/ HTTP/1.1" 200 40720
[2023-07-07 11:08:16,955] [basehttp.py:154] [basehttp:log_message] [INFO]- "GET /favicon.ico HTTP/1.1" 200 23410
[2023-07-07 11:08:17,077] [UserIP.py:90] [UserIP:process_response] [INFO]- 2023-07-07 11:08:17 C1010S3>Edwin None>LAPTOP-EJP4HNEV>543 127.0.0.1 127.0.0.1 /ABOTestPlan/ABOTestPlan_edit/ POST
[2023-07-07 11:08:17,085] [basehttp.py:154] [basehttp:log_message] [INFO]- "POST /ABOTestPlan/ABOTestPlan_edit/ HTTP/1.1" 200 52361
[2023-07-07 11:08:17,155] [basehttp.py:154] [basehttp:log_message] [WARNING]- "GET /static/css/bootstrap.min.css.map HTTP/1.1" 404 1800
[2023-07-07 11:08:17,157] [basehttp.py:154] [basehttp:log_message] [WARNING]- "GET /static/js/lib/bootstrap.min.js.map HTTP/1.1" 404 1806
[2023-07-07 11:08:17,162] [basehttp.py:154] [basehttp:log_message] [WARNING]- "GET /static/js/axios.min.map HTTP/1.1" 404 1773
[2023-07-07 11:08:17,162] [basehttp.py:154] [basehttp:log_message] [WARNING]- "GET /static/js/xlsx/FileSaver.min.js.map HTTP/1.1" 404 1809
[2023-07-07 11:09:18,798] [basehttp.py:154] [basehttp:log_message] [INFO]- "GET /ABOTestPlan/ABOTestPlan_edit/ HTTP/1.1" 200 40720
[2023-07-07 11:09:19,122] [basehttp.py:154] [basehttp:log_message] [INFO]- "GET /favicon.ico HTTP/1.1" 200 23410
[2023-07-07 11:09:19,176] [UserIP.py:90] [UserIP:process_response] [INFO]- 2023-07-07 11:09:19 C1010S3>Edwin None>LAPTOP-EJP4HNEV>543 127.0.0.1 127.0.0.1 /ABOTestPlan/ABOTestPlan_edit/ POST
[2023-07-07 11:09:19,184] [basehttp.py:154] [basehttp:log_message] [INFO]- "POST /ABOTestPlan/ABOTestPlan_edit/ HTTP/1.1" 200 52361
[2023-07-07 11:09:19,282] [basehttp.py:154] [basehttp:log_message] [WARNING]- "GET /static/css/bootstrap.min.css.map HTTP/1.1" 404 1800
[2023-07-07 11:09:19,286] [basehttp.py:154] [basehttp:log_message] [WARNING]- "GET /static/js/lib/bootstrap.min.js.map HTTP/1.1" 404 1806
[2023-07-07 11:09:19,288] [basehttp.py:154] [basehttp:log_message] [WARNING]- "GET /static/js/axios.min.map HTTP/1.1" 404 1773
[2023-07-07 11:09:19,291] [basehttp.py:154] [basehttp:log_message] [WARNING]- "GET /static/js/xlsx/FileSaver.min.js.map HTTP/1.1" 404 1809
[2023-07-07 11:09:47,472] [log.py:228] [log:log_response] [ERROR]- Internal Server Error: /ABOTestPlan/ABOTestPlan_edit/
Traceback (most recent call last):
  File "C:\Python372\mecheck\lib\site-packages\django\core\handlers\exception.py", line 34, in inner
    response = get_response(request)
  File "C:\Python372\mecheck\lib\site-packages\django\core\handlers\base.py", line 126, in _get_response
    response = self.process_exception_by_middleware(e, request)
  File "C:\Python372\mecheck\lib\site-packages\django\core\handlers\base.py", line 124, in _get_response
    response = wrapped_callback(request, *callback_args, **callback_kwargs)
  File "C:\Python372\mecheck\lib\site-packages\django\views\decorators\csrf.py", line 54, in wrapped_view
    return view_func(*args, **kwargs)
  File "C:\djangoproject\Reliability_Row_data\ABOTestPlan\views.py", line 464, in ABOTestPlan_edit
    save_exel(folder_path_Sys,uploaddata,upload_zhushi, filepath,auther)
  File "C:\djangoproject\Reliability_Row_data\ABOTestPlan\views.py", line 319, in save_exel
    shutil.copy(src_file, folder_path_Sys)
  File "C:\Python372\lib\shutil.py", line 245, in copy
    copyfile(src, dst, follow_symlinks=follow_symlinks)
  File "C:\Python372\lib\shutil.py", line 121, in copyfile
    with open(dst, 'wb') as fdst:
PermissionError: [Errno 13] Permission denied: 'c:/media/ABOTestPlanSys/T88_ProjectName1_B Phase_Compatibility/ME-ENV003_test.xlsx'
[2023-07-07 11:09:47,480] [UserIP.py:90] [UserIP:process_response] [INFO]- 2023-07-07 11:09:47 C1010S3>Edwin None>LAPTOP-EJP4HNEV>543 127.0.0.1 127.0.0.1 /ABOTestPlan/ABOTestPlan_edit/ POST
[2023-07-07 11:09:47,483] [basehttp.py:154] [basehttp:log_message] [ERROR]- "POST /ABOTestPlan/ABOTestPlan_edit/ HTTP/1.1" 500 107649
[2023-07-07 11:10:06,229] [basehttp.py:154] [basehttp:log_message] [INFO]- "GET /ABOTestPlan/ABOTestPlan_edit/ HTTP/1.1" 200 40720
[2023-07-07 11:10:06,313] [basehttp.py:154] [basehttp:log_message] [WARNING]- "GET /static/css/bootstrap.min.css.map HTTP/1.1" 404 1800
[2023-07-07 11:10:06,315] [basehttp.py:154] [basehttp:log_message] [WARNING]- "GET /static/js/lib/bootstrap.min.js.map HTTP/1.1" 404 1806
[2023-07-07 11:10:06,376] [basehttp.py:154] [basehttp:log_message] [WARNING]- "GET /static/js/axios.min.map HTTP/1.1" 404 1773
[2023-07-07 11:10:06,379] [basehttp.py:154] [basehttp:log_message] [WARNING]- "GET /static/js/xlsx/FileSaver.min.js.map HTTP/1.1" 404 1809
[2023-07-07 11:10:06,588] [basehttp.py:154] [basehttp:log_message] [INFO]- "GET /favicon.ico HTTP/1.1" 200 23410
[2023-07-07 11:10:06,637] [UserIP.py:90] [UserIP:process_response] [INFO]- 2023-07-07 11:10:06 C1010S3>Edwin None>LAPTOP-EJP4HNEV>543 127.0.0.1 127.0.0.1 /ABOTestPlan/ABOTestPlan_edit/ POST
[2023-07-07 11:10:06,644] [basehttp.py:154] [basehttp:log_message] [INFO]- "POST /ABOTestPlan/ABOTestPlan_edit/ HTTP/1.1" 200 52361
[2023-07-07 11:10:39,209] [UserIP.py:90] [UserIP:process_response] [INFO]- 2023-07-07 11:10:39 C1010S3>Edwin None>LAPTOP-EJP4HNEV>543 127.0.0.1 127.0.0.1 /ABOTestPlan/ABOTestPlan_edit/ POST
[2023-07-07 11:10:39,255] [basehttp.py:154] [basehttp:log_message] [INFO]- "POST /ABOTestPlan/ABOTestPlan_edit/ HTTP/1.1" 200 52461
[2023-07-07 11:14:27,592] [UserIP.py:90] [UserIP:process_response] [INFO]- 2023-07-07 11:14:27 C1010S3>Edwin None>LAPTOP-EJP4HNEV>543 127.0.0.1 127.0.0.1 /ABOTestPlan/ABOTestPlan_edit/ POST
[2023-07-07 11:14:27,628] [basehttp.py:154] [basehttp:log_message] [INFO]- "POST /ABOTestPlan/ABOTestPlan_edit/ HTTP/1.1" 200 52455
[2023-07-07 11:29:42,573] [UserIP.py:90] [UserIP:process_response] [INFO]- 2023-07-07 11:29:42 C1010S3>Edwin None>LAPTOP-EJP4HNEV>543 127.0.0.1 127.0.0.1 /ABOTestPlan/ABOTestPlan_edit/ POST
[2023-07-07 11:29:42,596] [basehttp.py:154] [basehttp:log_message] [INFO]- "POST /ABOTestPlan/ABOTestPlan_edit/ HTTP/1.1" 200 52589
[2023-07-07 11:34:43,758] [basehttp.py:154] [basehttp:log_message] [WARNING]- "GET /static/js/lib/bootstrap.min.js.map HTTP/1.1" 404 1806
[2023-07-07 11:34:43,770] [basehttp.py:154] [basehttp:log_message] [WARNING]- "GET /static/js/axios.min.map HTTP/1.1" 404 1773
[2023-07-07 11:34:43,771] [basehttp.py:154] [basehttp:log_message] [WARNING]- "GET /static/js/xlsx/FileSaver.min.js.map HTTP/1.1" 404 1809
[2023-07-07 11:34:43,822] [basehttp.py:154] [basehttp:log_message] [WARNING]- "GET /static/css/bootstrap.min.css.map HTTP/1.1" 404 1800
[2023-07-07 11:34:54,719] [UserIP.py:90] [UserIP:process_response] [INFO]- 2023-07-07 11:34:54 C1010S3>Edwin None>LAPTOP-EJP4HNEV>543 127.0.0.1 127.0.0.1 /ABOTestPlan/ABOTestPlan_edit/ POST
[2023-07-07 11:34:54,732] [basehttp.py:154] [basehttp:log_message] [INFO]- "POST /ABOTestPlan/ABOTestPlan_edit/ HTTP/1.1" 200 52673
[2023-07-07 11:53:41,895] [basehttp.py:154] [basehttp:log_message] [INFO]- "GET /ABOTestPlan/ABOTestPlan_edit/ HTTP/1.1" 200 41336
[2023-07-07 11:53:42,234] [basehttp.py:154] [basehttp:log_message] [WARNING]- "GET /static/css/bootstrap.min.css.map HTTP/1.1" 404 1800
[2023-07-07 11:53:42,369] [basehttp.py:154] [basehttp:log_message] [WARNING]- "GET /static/js/lib/bootstrap.min.js.map HTTP/1.1" 404 1806
[2023-07-07 11:53:42,801] [basehttp.py:154] [basehttp:log_message] [WARNING]- "GET /static/js/axios.min.map HTTP/1.1" 404 1773
[2023-07-07 11:53:42,861] [basehttp.py:154] [basehttp:log_message] [WARNING]- "GET /static/js/xlsx/FileSaver.min.js.map HTTP/1.1" 404 1809
[2023-07-07 11:53:43,527] [basehttp.py:154] [basehttp:log_message] [INFO]- "GET /favicon.ico HTTP/1.1" 200 23410
[2023-07-07 11:53:43,570] [UserIP.py:90] [UserIP:process_response] [INFO]- 2023-07-07 11:53:43 C1010S3>Edwin None>LAPTOP-EJP4HNEV>543 127.0.0.1 127.0.0.1 /ABOTestPlan/ABOTestPlan_edit/ POST
[2023-07-07 11:53:43,580] [basehttp.py:154] [basehttp:log_message] [INFO]- "POST /ABOTestPlan/ABOTestPlan_edit/ HTTP/1.1" 200 52673
[2023-07-07 11:55:31,690] [basehttp.py:154] [basehttp:log_message] [INFO]- "GET /ABOTestPlan/ABOTestPlan_edit/ HTTP/1.1" 200 41821
[2023-07-07 11:55:31,779] [basehttp.py:154] [basehttp:log_message] [WARNING]- "GET /static/css/bootstrap.min.css.map HTTP/1.1" 404 1800
[2023-07-07 11:55:31,793] [basehttp.py:154] [basehttp:log_message] [WARNING]- "GET /static/js/lib/bootstrap.min.js.map HTTP/1.1" 404 1806
[2023-07-07 11:55:31,869] [basehttp.py:154] [basehttp:log_message] [WARNING]- "GET /static/js/axios.min.map HTTP/1.1" 404 1773
[2023-07-07 11:55:31,871] [basehttp.py:154] [basehttp:log_message] [WARNING]- "GET /static/js/xlsx/FileSaver.min.js.map HTTP/1.1" 404 1809
[2023-07-07 11:55:32,019] [basehttp.py:154] [basehttp:log_message] [INFO]- "GET /favicon.ico HTTP/1.1" 200 23410
[2023-07-07 11:55:32,113] [UserIP.py:90] [UserIP:process_response] [INFO]- 2023-07-07 11:55:32 C1010S3>Edwin None>LAPTOP-EJP4HNEV>543 127.0.0.1 127.0.0.1 /ABOTestPlan/ABOTestPlan_edit/ POST
[2023-07-07 11:55:32,121] [basehttp.py:154] [basehttp:log_message] [INFO]- "POST /ABOTestPlan/ABOTestPlan_edit/ HTTP/1.1" 200 52673
[2023-07-07 11:56:21,270] [basehttp.py:154] [basehttp:log_message] [INFO]- "GET /ABOTestPlan/ABOTestPlan_edit/ HTTP/1.1" 200 41908
[2023-07-07 11:56:21,363] [basehttp.py:154] [basehttp:log_message] [WARNING]- "GET /static/css/bootstrap.min.css.map HTTP/1.1" 404 1800
[2023-07-07 11:56:21,369] [basehttp.py:154] [basehttp:log_message] [WARNING]- "GET /static/js/lib/bootstrap.min.js.map HTTP/1.1" 404 1806
[2023-07-07 11:56:21,433] [basehttp.py:154] [basehttp:log_message] [WARNING]- "GET /static/js/axios.min.map HTTP/1.1" 404 1773
[2023-07-07 11:56:21,435] [basehttp.py:154] [basehttp:log_message] [WARNING]- "GET /static/js/xlsx/FileSaver.min.js.map HTTP/1.1" 404 1809
[2023-07-07 11:56:21,625] [basehttp.py:154] [basehttp:log_message] [INFO]- "GET /favicon.ico HTTP/1.1" 200 23410
[2023-07-07 11:56:21,695] [UserIP.py:90] [UserIP:process_response] [INFO]- 2023-07-07 11:56:21 C1010S3>Edwin None>LAPTOP-EJP4HNEV>543 127.0.0.1 127.0.0.1 /ABOTestPlan/ABOTestPlan_edit/ POST
[2023-07-07 11:56:21,703] [basehttp.py:154] [basehttp:log_message] [INFO]- "POST /ABOTestPlan/ABOTestPlan_edit/ HTTP/1.1" 200 52673
[2023-07-07 11:56:39,285] [UserIP.py:90] [UserIP:process_response] [INFO]- 2023-07-07 11:56:39 C1010S3>Edwin None>LAPTOP-EJP4HNEV>543 127.0.0.1 127.0.0.1 /ABOTestPlan/ABOTestPlan_edit/ POST
[2023-07-07 11:56:39,313] [basehttp.py:154] [basehttp:log_message] [INFO]- "POST /ABOTestPlan/ABOTestPlan_edit/ HTTP/1.1" 200 52497
[2023-07-07 13:29:42,840] [basehttp.py:154] [basehttp:log_message] [INFO]- "GET /ABOTestPlan/ABOTestPlan_edit/ HTTP/1.1" 200 41938
[2023-07-07 13:29:43,074] [basehttp.py:154] [basehttp:log_message] [WARNING]- "GET /static/css/bootstrap.min.css.map HTTP/1.1" 404 1800
[2023-07-07 13:29:43,082] [basehttp.py:154] [basehttp:log_message] [WARNING]- "GET /static/js/lib/bootstrap.min.js.map HTTP/1.1" 404 1806
[2023-07-07 13:29:43,307] [basehttp.py:154] [basehttp:log_message] [WARNING]- "GET /static/js/axios.min.map HTTP/1.1" 404 1773
[2023-07-07 13:29:43,315] [basehttp.py:154] [basehttp:log_message] [WARNING]- "GET /static/js/xlsx/FileSaver.min.js.map HTTP/1.1" 404 1809
[2023-07-07 13:29:43,504] [basehttp.py:154] [basehttp:log_message] [INFO]- "GET /favicon.ico HTTP/1.1" 200 23410
[2023-07-07 13:29:43,577] [UserIP.py:90] [UserIP:process_response] [INFO]- 2023-07-07 13:29:43 C1010S3>Edwin None>LAPTOP-EJP4HNEV>543 127.0.0.1 127.0.0.1 /ABOTestPlan/ABOTestPlan_edit/ POST
[2023-07-07 13:29:43,584] [basehttp.py:154] [basehttp:log_message] [INFO]- "POST /ABOTestPlan/ABOTestPlan_edit/ HTTP/1.1" 200 52497
[2023-07-07 13:43:54,109] [basehttp.py:154] [basehttp:log_message] [INFO]- "GET /ABOTestPlan/ABOTestPlan_edit/ HTTP/1.1" 200 42623
[2023-07-07 13:43:54,199] [basehttp.py:154] [basehttp:log_message] [WARNING]- "GET /static/css/bootstrap.min.css.map HTTP/1.1" 404 1800
[2023-07-07 13:43:54,219] [basehttp.py:154] [basehttp:log_message] [WARNING]- "GET /static/js/lib/bootstrap.min.js.map HTTP/1.1" 404 1806
[2023-07-07 13:43:54,391] [basehttp.py:154] [basehttp:log_message] [WARNING]- "GET /static/js/axios.min.map HTTP/1.1" 404 1773
[2023-07-07 13:43:54,395] [basehttp.py:154] [basehttp:log_message] [WARNING]- "GET /static/js/xlsx/FileSaver.min.js.map HTTP/1.1" 404 1809
[2023-07-07 13:43:54,572] [basehttp.py:154] [basehttp:log_message] [INFO]- "GET /favicon.ico HTTP/1.1" 200 23410
[2023-07-07 13:43:54,653] [UserIP.py:90] [UserIP:process_response] [INFO]- 2023-07-07 13:43:54 C1010S3>Edwin None>LAPTOP-EJP4HNEV>543 127.0.0.1 127.0.0.1 /ABOTestPlan/ABOTestPlan_edit/ POST
[2023-07-07 13:43:54,660] [basehttp.py:154] [basehttp:log_message] [INFO]- "POST /ABOTestPlan/ABOTestPlan_edit/ HTTP/1.1" 200 52497
[2023-07-07 13:45:11,554] [basehttp.py:154] [basehttp:log_message] [INFO]- "GET /ABOTestPlan/ABOTestPlan_edit/ HTTP/1.1" 200 42623
[2023-07-07 13:45:11,682] [basehttp.py:154] [basehttp:log_message] [WARNING]- "GET /static/css/bootstrap.min.css.map HTTP/1.1" 404 1800
[2023-07-07 13:45:11,704] [basehttp.py:154] [basehttp:log_message] [WARNING]- "GET /static/js/lib/bootstrap.min.js.map HTTP/1.1" 404 1806
[2023-07-07 13:45:11,910] [basehttp.py:154] [basehttp:log_message] [WARNING]- "GET /static/js/axios.min.map HTTP/1.1" 404 1773
[2023-07-07 13:45:11,921] [basehttp.py:154] [basehttp:log_message] [WARNING]- "GET /static/js/xlsx/FileSaver.min.js.map HTTP/1.1" 404 1809
[2023-07-07 13:45:12,113] [basehttp.py:154] [basehttp:log_message] [INFO]- "GET /favicon.ico HTTP/1.1" 200 23410
[2023-07-07 13:45:12,181] [UserIP.py:90] [UserIP:process_response] [INFO]- 2023-07-07 13:45:12 C1010S3>Edwin None>LAPTOP-EJP4HNEV>543 127.0.0.1 127.0.0.1 /ABOTestPlan/ABOTestPlan_edit/ POST
[2023-07-07 13:45:12,187] [basehttp.py:154] [basehttp:log_message] [INFO]- "POST /ABOTestPlan/ABOTestPlan_edit/ HTTP/1.1" 200 52497
[2023-07-07 13:48:11,572] [basehttp.py:154] [basehttp:log_message] [INFO]- "GET /ABOTestPlan/ABOTestPlan_edit/ HTTP/1.1" 200 42578
[2023-07-07 13:48:11,686] [basehttp.py:154] [basehttp:log_message] [WARNING]- "GET /static/css/bootstrap.min.css.map HTTP/1.1" 404 1800
[2023-07-07 13:48:11,698] [basehttp.py:154] [basehttp:log_message] [WARNING]- "GET /static/js/lib/bootstrap.min.js.map HTTP/1.1" 404 1806
[2023-07-07 13:48:11,770] [basehttp.py:154] [basehttp:log_message] [WARNING]- "GET /static/js/axios.min.map HTTP/1.1" 404 1773
[2023-07-07 13:48:11,772] [basehttp.py:154] [basehttp:log_message] [WARNING]- "GET /static/js/xlsx/FileSaver.min.js.map HTTP/1.1" 404 1809
[2023-07-07 13:48:11,990] [basehttp.py:154] [basehttp:log_message] [INFO]- "GET /favicon.ico HTTP/1.1" 200 23410
[2023-07-07 13:48:12,052] [UserIP.py:90] [UserIP:process_response] [INFO]- 2023-07-07 13:48:12 C1010S3>Edwin None>LAPTOP-EJP4HNEV>543 127.0.0.1 127.0.0.1 /ABOTestPlan/ABOTestPlan_edit/ POST
[2023-07-07 13:48:12,060] [basehttp.py:154] [basehttp:log_message] [INFO]- "POST /ABOTestPlan/ABOTestPlan_edit/ HTTP/1.1" 200 52497
[2023-07-07 13:48:40,690] [basehttp.py:154] [basehttp:log_message] [INFO]- "GET /ABOTestPlan/ABOTestPlan_edit/ HTTP/1.1" 200 42575
[2023-07-07 13:48:40,762] [basehttp.py:154] [basehttp:log_message] [WARNING]- "GET /static/css/bootstrap.min.css.map HTTP/1.1" 404 1800
[2023-07-07 13:48:40,777] [basehttp.py:154] [basehttp:log_message] [WARNING]- "GET /static/js/lib/bootstrap.min.js.map HTTP/1.1" 404 1806
[2023-07-07 13:48:40,842] [basehttp.py:154] [basehttp:log_message] [WARNING]- "GET /static/js/axios.min.map HTTP/1.1" 404 1773
[2023-07-07 13:48:40,846] [basehttp.py:154] [basehttp:log_message] [WARNING]- "GET /static/js/xlsx/FileSaver.min.js.map HTTP/1.1" 404 1809
[2023-07-07 13:48:41,030] [basehttp.py:154] [basehttp:log_message] [INFO]- "GET /favicon.ico HTTP/1.1" 200 23410
[2023-07-07 13:48:41,275] [UserIP.py:90] [UserIP:process_response] [INFO]- 2023-07-07 13:48:41 C1010S3>Edwin None>LAPTOP-EJP4HNEV>543 127.0.0.1 127.0.0.1 /ABOTestPlan/ABOTestPlan_edit/ POST
[2023-07-07 13:48:41,283] [basehttp.py:154] [basehttp:log_message] [INFO]- "POST /ABOTestPlan/ABOTestPlan_edit/ HTTP/1.1" 200 52497
[2023-07-07 13:50:46,958] [basehttp.py:154] [basehttp:log_message] [INFO]- "GET /ABOTestPlan/ABOTestPlan_edit/ HTTP/1.1" 200 42657
[2023-07-07 13:50:47,029] [basehttp.py:154] [basehttp:log_message] [WARNING]- "GET /static/css/bootstrap.min.css.map HTTP/1.1" 404 1800
[2023-07-07 13:50:47,033] [basehttp.py:154] [basehttp:log_message] [WARNING]- "GET /static/js/lib/bootstrap.min.js.map HTTP/1.1" 404 1806
[2023-07-07 13:50:47,102] [basehttp.py:154] [basehttp:log_message] [WARNING]- "GET /static/js/axios.min.map HTTP/1.1" 404 1773
[2023-07-07 13:50:47,106] [basehttp.py:154] [basehttp:log_message] [WARNING]- "GET /static/js/xlsx/FileSaver.min.js.map HTTP/1.1" 404 1809
[2023-07-07 13:50:47,310] [basehttp.py:154] [basehttp:log_message] [INFO]- "GET /favicon.ico HTTP/1.1" 200 23410
[2023-07-07 13:50:47,404] [UserIP.py:90] [UserIP:process_response] [INFO]- 2023-07-07 13:50:47 C1010S3>Edwin None>LAPTOP-EJP4HNEV>543 127.0.0.1 127.0.0.1 /ABOTestPlan/ABOTestPlan_edit/ POST
[2023-07-07 13:50:47,414] [basehttp.py:154] [basehttp:log_message] [INFO]- "POST /ABOTestPlan/ABOTestPlan_edit/ HTTP/1.1" 200 52497
[2023-07-07 13:51:05,821] [basehttp.py:154] [basehttp:log_message] [INFO]- "GET /ABOTestPlan/ABOTestPlan_edit/ HTTP/1.1" 200 42657
[2023-07-07 13:51:05,920] [basehttp.py:154] [basehttp:log_message] [WARNING]- "GET /static/css/bootstrap.min.css.map HTTP/1.1" 404 1800
[2023-07-07 13:51:05,930] [basehttp.py:154] [basehttp:log_message] [WARNING]- "GET /static/js/lib/bootstrap.min.js.map HTTP/1.1" 404 1806
[2023-07-07 13:51:06,003] [basehttp.py:154] [basehttp:log_message] [WARNING]- "GET /static/js/axios.min.map HTTP/1.1" 404 1773
[2023-07-07 13:51:06,006] [basehttp.py:154] [basehttp:log_message] [WARNING]- "GET /static/js/xlsx/FileSaver.min.js.map HTTP/1.1" 404 1809
[2023-07-07 13:51:06,183] [basehttp.py:154] [basehttp:log_message] [INFO]- "GET /favicon.ico HTTP/1.1" 200 23410
[2023-07-07 13:51:06,257] [UserIP.py:90] [UserIP:process_response] [INFO]- 2023-07-07 13:51:06 C1010S3>Edwin None>LAPTOP-EJP4HNEV>543 127.0.0.1 127.0.0.1 /ABOTestPlan/ABOTestPlan_edit/ POST
[2023-07-07 13:51:06,265] [basehttp.py:154] [basehttp:log_message] [INFO]- "POST /ABOTestPlan/ABOTestPlan_edit/ HTTP/1.1" 200 52497
[2023-07-07 13:52:47,566] [basehttp.py:154] [basehttp:log_message] [INFO]- "GET /ABOTestPlan/ABOTestPlan_edit/ HTTP/1.1" 200 34540
[2023-07-07 13:52:47,625] [basehttp.py:154] [basehttp:log_message] [WARNING]- "GET /static/css/bootstrap.min.css.map HTTP/1.1" 404 1800
[2023-07-07 13:52:47,631] [basehttp.py:154] [basehttp:log_message] [WARNING]- "GET /static/js/lib/bootstrap.min.js.map HTTP/1.1" 404 1806
[2023-07-07 13:52:47,691] [basehttp.py:154] [basehttp:log_message] [WARNING]- "GET /static/js/axios.min.map HTTP/1.1" 404 1773
[2023-07-07 13:52:47,693] [basehttp.py:154] [basehttp:log_message] [WARNING]- "GET /static/js/xlsx/FileSaver.min.js.map HTTP/1.1" 404 1809
[2023-07-07 13:52:47,782] [basehttp.py:154] [basehttp:log_message] [INFO]- "GET /favicon.ico HTTP/1.1" 200 23410
[2023-07-07 13:52:47,918] [UserIP.py:90] [UserIP:process_response] [INFO]- 2023-07-07 13:52:47 C1010S3>Edwin None>LAPTOP-EJP4HNEV>543 127.0.0.1 127.0.0.1 /ABOTestPlan/ABOTestPlan_edit/ POST
[2023-07-07 13:52:47,926] [basehttp.py:154] [basehttp:log_message] [INFO]- "POST /ABOTestPlan/ABOTestPlan_edit/ HTTP/1.1" 200 52497
[2023-07-07 13:53:04,691] [basehttp.py:154] [basehttp:log_message] [INFO]- "GET /ABOTestPlan/ABOTestPlan_edit/ HTTP/1.1" 200 41934
[2023-07-07 13:53:04,778] [basehttp.py:154] [basehttp:log_message] [WARNING]- "GET /static/css/bootstrap.min.css.map HTTP/1.1" 404 1800
[2023-07-07 13:53:04,796] [basehttp.py:154] [basehttp:log_message] [WARNING]- "GET /static/js/lib/bootstrap.min.js.map HTTP/1.1" 404 1806
[2023-07-07 13:53:04,869] [basehttp.py:154] [basehttp:log_message] [WARNING]- "GET /static/js/axios.min.map HTTP/1.1" 404 1773
[2023-07-07 13:53:04,872] [basehttp.py:154] [basehttp:log_message] [WARNING]- "GET /static/js/xlsx/FileSaver.min.js.map HTTP/1.1" 404 1809
[2023-07-07 13:53:05,056] [basehttp.py:154] [basehttp:log_message] [INFO]- "GET /favicon.ico HTTP/1.1" 200 23410
[2023-07-07 13:53:05,110] [UserIP.py:90] [UserIP:process_response] [INFO]- 2023-07-07 13:53:05 C1010S3>Edwin None>LAPTOP-EJP4HNEV>543 127.0.0.1 127.0.0.1 /ABOTestPlan/ABOTestPlan_edit/ POST
[2023-07-07 13:53:05,118] [basehttp.py:154] [basehttp:log_message] [INFO]- "POST /ABOTestPlan/ABOTestPlan_edit/ HTTP/1.1" 200 52497
[2023-07-07 13:55:51,526] [UserIP.py:90] [UserIP:process_response] [INFO]- 2023-07-07 13:55:51 C1010S3>Edwin None>LAPTOP-EJP4HNEV>543 127.0.0.1 127.0.0.1 /ABOTestPlan/ABOTestPlan_edit/ POST
[2023-07-07 13:55:51,554] [basehttp.py:154] [basehttp:log_message] [INFO]- "POST /ABOTestPlan/ABOTestPlan_edit/ HTTP/1.1" 200 52507
[2023-07-07 13:57:36,170] [basehttp.py:154] [basehttp:log_message] [INFO]- "GET /ABOTestPlan/ABOTestPlan_edit/ HTTP/1.1" 200 41991
[2023-07-07 13:57:36,435] [basehttp.py:154] [basehttp:log_message] [WARNING]- "GET /static/css/bootstrap.min.css.map HTTP/1.1" 404 1800
[2023-07-07 13:57:36,458] [basehttp.py:154] [basehttp:log_message] [WARNING]- "GET /static/js/lib/bootstrap.min.js.map HTTP/1.1" 404 1806
[2023-07-07 13:57:36,676] [basehttp.py:154] [basehttp:log_message] [WARNING]- "GET /static/js/axios.min.map HTTP/1.1" 404 1773
[2023-07-07 13:57:36,689] [basehttp.py:154] [basehttp:log_message] [WARNING]- "GET /static/js/xlsx/FileSaver.min.js.map HTTP/1.1" 404 1809
[2023-07-07 13:57:37,197] [basehttp.py:154] [basehttp:log_message] [INFO]- "GET /favicon.ico HTTP/1.1" 200 23410
[2023-07-07 13:57:37,255] [UserIP.py:90] [UserIP:process_response] [INFO]- 2023-07-07 13:57:37 C1010S3>Edwin None>LAPTOP-EJP4HNEV>543 127.0.0.1 127.0.0.1 /ABOTestPlan/ABOTestPlan_edit/ POST
[2023-07-07 13:57:37,262] [basehttp.py:154] [basehttp:log_message] [INFO]- "POST /ABOTestPlan/ABOTestPlan_edit/ HTTP/1.1" 200 52507
[2023-07-07 13:59:19,233] [basehttp.py:154] [basehttp:log_message] [INFO]- "GET /ABOTestPlan/ABOTestPlan_edit/ HTTP/1.1" 200 42204
[2023-07-07 13:59:19,311] [basehttp.py:154] [basehttp:log_message] [WARNING]- "GET /static/css/bootstrap.min.css.map HTTP/1.1" 404 1800
[2023-07-07 13:59:19,322] [basehttp.py:154] [basehttp:log_message] [WARNING]- "GET /static/js/lib/bootstrap.min.js.map HTTP/1.1" 404 1806
[2023-07-07 13:59:19,386] [basehttp.py:154] [basehttp:log_message] [WARNING]- "GET /static/js/axios.min.map HTTP/1.1" 404 1773
[2023-07-07 13:59:19,392] [basehttp.py:154] [basehttp:log_message] [WARNING]- "GET /static/js/xlsx/FileSaver.min.js.map HTTP/1.1" 404 1809
[2023-07-07 13:59:19,567] [basehttp.py:154] [basehttp:log_message] [INFO]- "GET /favicon.ico HTTP/1.1" 200 23410
[2023-07-07 13:59:19,650] [UserIP.py:90] [UserIP:process_response] [INFO]- 2023-07-07 13:59:19 C1010S3>Edwin None>LAPTOP-EJP4HNEV>543 127.0.0.1 127.0.0.1 /ABOTestPlan/ABOTestPlan_edit/ POST
[2023-07-07 13:59:19,659] [basehttp.py:154] [basehttp:log_message] [INFO]- "POST /ABOTestPlan/ABOTestPlan_edit/ HTTP/1.1" 200 52507
[2023-07-07 14:00:37,578] [basehttp.py:154] [basehttp:log_message] [INFO]- "GET /ABOTestPlan/ABOTestPlan_edit/ HTTP/1.1" 200 41996
[2023-07-07 14:00:37,648] [basehttp.py:154] [basehttp:log_message] [WARNING]- "GET /static/css/bootstrap.min.css.map HTTP/1.1" 404 1800
[2023-07-07 14:00:37,655] [basehttp.py:154] [basehttp:log_message] [WARNING]- "GET /static/js/lib/bootstrap.min.js.map HTTP/1.1" 404 1806
[2023-07-07 14:00:37,730] [basehttp.py:154] [basehttp:log_message] [WARNING]- "GET /static/js/axios.min.map HTTP/1.1" 404 1773
[2023-07-07 14:00:37,733] [basehttp.py:154] [basehttp:log_message] [WARNING]- "GET /static/js/xlsx/FileSaver.min.js.map HTTP/1.1" 404 1809
[2023-07-07 14:00:37,862] [basehttp.py:154] [basehttp:log_message] [INFO]- "GET /favicon.ico HTTP/1.1" 200 23410
[2023-07-07 14:00:38,059] [UserIP.py:90] [UserIP:process_response] [INFO]- 2023-07-07 14:00:38 C1010S3>Edwin None>LAPTOP-EJP4HNEV>543 127.0.0.1 127.0.0.1 /ABOTestPlan/ABOTestPlan_edit/ POST
[2023-07-07 14:00:38,084] [basehttp.py:154] [basehttp:log_message] [INFO]- "POST /ABOTestPlan/ABOTestPlan_edit/ HTTP/1.1" 200 52507
[2023-07-07 14:02:38,853] [basehttp.py:154] [basehttp:log_message] [INFO]- "GET /ABOTestPlan/ABOTestPlan_edit/ HTTP/1.1" 200 41905
[2023-07-07 14:02:38,930] [basehttp.py:154] [basehttp:log_message] [WARNING]- "GET /static/css/bootstrap.min.css.map HTTP/1.1" 404 1800
[2023-07-07 14:02:38,932] [basehttp.py:154] [basehttp:log_message] [WARNING]- "GET /static/js/lib/bootstrap.min.js.map HTTP/1.1" 404 1806
[2023-07-07 14:02:39,003] [basehttp.py:154] [basehttp:log_message] [WARNING]- "GET /static/js/axios.min.map HTTP/1.1" 404 1773
[2023-07-07 14:02:39,007] [basehttp.py:154] [basehttp:log_message] [WARNING]- "GET /static/js/xlsx/FileSaver.min.js.map HTTP/1.1" 404 1809
[2023-07-07 14:02:39,163] [basehttp.py:154] [basehttp:log_message] [INFO]- "GET /favicon.ico HTTP/1.1" 200 23410
[2023-07-07 14:02:39,247] [UserIP.py:90] [UserIP:process_response] [INFO]- 2023-07-07 14:02:39 C1010S3>Edwin None>LAPTOP-EJP4HNEV>543 127.0.0.1 127.0.0.1 /ABOTestPlan/ABOTestPlan_edit/ POST
[2023-07-07 14:02:39,257] [basehttp.py:154] [basehttp:log_message] [INFO]- "POST /ABOTestPlan/ABOTestPlan_edit/ HTTP/1.1" 200 52507
[2023-07-07 14:02:54,361] [UserIP.py:90] [UserIP:process_response] [INFO]- 2023-07-07 14:02:54 C1010S3>Edwin None>LAPTOP-EJP4HNEV>543 127.0.0.1 127.0.0.1 /ABOTestPlan/ABOTestPlan_edit/ POST
[2023-07-07 14:02:54,375] [basehttp.py:154] [basehttp:log_message] [INFO]- "POST /ABOTestPlan/ABOTestPlan_edit/ HTTP/1.1" 200 52506
[2023-07-07 14:50:14,820] [UserIP.py:90] [UserIP:process_response] [INFO]- 2023-07-07 14:50:14 C1010S3>Edwin None>LAPTOP-EJP4HNEV>543 127.0.0.1 127.0.0.1 /ABOTestPlan/ABOTestPlan_edit/ POST
[2023-07-07 14:50:14,835] [basehttp.py:154] [basehttp:log_message] [INFO]- "POST /ABOTestPlan/ABOTestPlan_edit/ HTTP/1.1" 200 52438
