[2020-09-18 08:28:43,020] [log.py:228] [log:log_response] [ERROR]- Internal Server Error: /TestPlanSW/TestPlanSW-search-AIO/
Traceback (most recent call last):
  File "C:\Python372\mecheck\lib\site-packages\django\core\handlers\exception.py", line 34, in inner
    response = get_response(request)
  File "C:\Python372\mecheck\lib\site-packages\django\core\handlers\base.py", line 126, in _get_response
    response = self.process_exception_by_middleware(e, request)
  File "C:\Python372\mecheck\lib\site-packages\django\core\handlers\base.py", line 124, in _get_response
    response = wrapped_callback(request, *callback_args, **callback_kwargs)
  File "C:\Python372\mecheck\lib\site-packages\django\views\decorators\csrf.py", line 54, in wrapped_view
    return view_func(*args, **kwargs)
  File "C:\djangoproject\Reliability_Row_data\TestPlanSW\views.py", line 7421, in TestPlanSW_search_AIO
    Sum('BaseTimeSupport')).order_by('Category')
  File "C:\Python372\mecheck\lib\site-packages\django\db\models\query.py", line 1008, in annotate
    clone.query.add_annotation(annotation, alias, is_summary=False)
  File "C:\Python372\mecheck\lib\site-packages\django\db\models\sql\query.py", line 988, in add_annotation
    summarize=is_summary)
  File "C:\Python372\mecheck\lib\site-packages\django\db\models\aggregates.py", line 39, in resolve_expression
    c = super().resolve_expression(query, allow_joins, reuse, summarize)
  File "C:\Python372\mecheck\lib\site-packages\django\db\models\expressions.py", line 597, in resolve_expression
    c.source_expressions[pos] = arg.resolve_expression(query, allow_joins, reuse, summarize, for_save)
  File "C:\Python372\mecheck\lib\site-packages\django\db\models\expressions.py", line 509, in resolve_expression
    return query.resolve_ref(self.name, allow_joins, reuse, summarize)
  File "C:\Python372\mecheck\lib\site-packages\django\db\models\sql\query.py", line 1570, in resolve_ref
    join_info = self.setup_joins(field_list, self.get_meta(), self.get_initial_alias(), can_reuse=reuse)
  File "C:\Python372\mecheck\lib\site-packages\django\db\models\sql\query.py", line 1473, in setup_joins
    names[:pivot], opts, allow_many, fail_on_missing=True,
  File "C:\Python372\mecheck\lib\site-packages\django\db\models\sql\query.py", line 1389, in names_to_path
    "Choices are: %s" % (name, ", ".join(available)))
django.core.exceptions.FieldError: Cannot resolve keyword 'BaseTimeSupport' into field. Choices are: AT_AttendTime, AT_Automation, AT_Totaltime, AT_UnattendTime, AttendtimeOptimize, Basetimesupport, Category, Comments, Commercial, ConfigAutomationItem, ConfigAutomationtime, ConfigLeverageItem, ConfigLeveragetime, ConfigRetestCycle, ConfigRetestSKU, ConfigRetesttime, ConfigSmartItemper, ConfigSmarttime, Configalltesttime, Configalltestunits, Coverage, Customer, Cusumer, DQMS_AttendTime, DQMS_UnattendTime, FeatureSupport, Owner, Phase, Priority, Projectinfo, Projectinfo_id, ProjecttestSKUOptimize, ReleaseDate, SDV, SIT, SKU1, SKU10, SKU11, SKU12, SKU13, SKU14, SKU15, SKU16, SKU17, SKU18, SKU19, SKU2, SKU20, SKU3, SKU4, SKU5, SKU6, SKU7, SKU8, SKU9, Schedule, SmartItem, Subtesttitle, TE, TestItem, TestTitle, TestUnitsConfig, edit_time, editor, id
[2020-09-18 08:28:43,026] [basehttp.py:154] [basehttp:log_message] [ERROR]- "GET /TestPlanSW/TestPlanSW-search-AIO/?action=getContent&customer=C38(AIO)&project=FOC30&phase=0&category= HTTP/1.1" 500 137350
[2020-09-18 08:32:51,924] [log.py:228] [log:log_response] [ERROR]- Internal Server Error: /TestPlanSW/TestPlanSW-search-AIO/
Traceback (most recent call last):
  File "C:\Python372\mecheck\lib\site-packages\django\core\handlers\exception.py", line 34, in inner
    response = get_response(request)
  File "C:\Python372\mecheck\lib\site-packages\django\core\handlers\base.py", line 126, in _get_response
    response = self.process_exception_by_middleware(e, request)
  File "C:\Python372\mecheck\lib\site-packages\django\core\handlers\base.py", line 124, in _get_response
    response = wrapped_callback(request, *callback_args, **callback_kwargs)
  File "C:\Python372\mecheck\lib\site-packages\django\views\decorators\csrf.py", line 54, in wrapped_view
    return view_func(*args, **kwargs)
  File "C:\djangoproject\Reliability_Row_data\TestPlanSW\views.py", line 7437, in TestPlanSW_search_AIO
    allSum.append({'category': i['Category'], 'basetime': round(i['BaseTime__sum'] / 60, 0), 'BTS': round(BTSsum[Num] / 60, 0),
KeyError: 'BaseTime__sum'
[2020-09-18 08:32:51,928] [basehttp.py:154] [basehttp:log_message] [ERROR]- "GET /TestPlanSW/TestPlanSW-search-AIO/?action=getContent&customer=C38(AIO)&project=FOC30&phase=0&category= HTTP/1.1" 500 97697
[2020-09-18 08:33:56,636] [log.py:228] [log:log_response] [ERROR]- Internal Server Error: /TestPlanSW/TestPlanSW-search-AIO/
Traceback (most recent call last):
  File "C:\Python372\mecheck\lib\site-packages\django\core\handlers\exception.py", line 34, in inner
    response = get_response(request)
  File "C:\Python372\mecheck\lib\site-packages\django\core\handlers\base.py", line 126, in _get_response
    response = self.process_exception_by_middleware(e, request)
  File "C:\Python372\mecheck\lib\site-packages\django\core\handlers\base.py", line 124, in _get_response
    response = wrapped_callback(request, *callback_args, **callback_kwargs)
  File "C:\Python372\mecheck\lib\site-packages\django\views\decorators\csrf.py", line 54, in wrapped_view
    return view_func(*args, **kwargs)
  File "C:\djangoproject\Reliability_Row_data\TestPlanSW\views.py", line 7437, in TestPlanSW_search_AIO
    allSum.append({'category': i['Category'], 'basetime': round(i['AT_Totaltime__sum'] / 60, 0), 'BTS': round(BTSsum[Num] / 60, 0),
TypeError: unsupported operand type(s) for /: 'dict' and 'int'
[2020-09-18 08:33:56,641] [basehttp.py:154] [basehttp:log_message] [ERROR]- "GET /TestPlanSW/TestPlanSW-search-AIO/?action=getContent&customer=C38(AIO)&project=FOC30&phase=0&category= HTTP/1.1" 500 97899
[2020-09-18 09:05:04,154] [log.py:228] [log:log_response] [ERROR]- Internal Server Error: /TestPlanSW/TestPlanSW-search-AIO/
Traceback (most recent call last):
  File "C:\Python372\mecheck\lib\site-packages\django\db\models\sql\query.py", line 1491, in transform
    return self.try_transform(wrapped, name)
  File "C:\Python372\mecheck\lib\site-packages\django\db\models\sql\query.py", line 1126, in try_transform
    (name, lhs.output_field.__class__.__name__))
django.core.exceptions.FieldError: Unsupported lookup 'sum' for CharField or join on the field not permitted.

During handling of the above exception, another exception occurred:

Traceback (most recent call last):
  File "C:\Python372\mecheck\lib\site-packages\django\core\handlers\exception.py", line 34, in inner
    response = get_response(request)
  File "C:\Python372\mecheck\lib\site-packages\django\core\handlers\base.py", line 126, in _get_response
    response = self.process_exception_by_middleware(e, request)
  File "C:\Python372\mecheck\lib\site-packages\django\core\handlers\base.py", line 124, in _get_response
    response = wrapped_callback(request, *callback_args, **callback_kwargs)
  File "C:\Python372\mecheck\lib\site-packages\django\views\decorators\csrf.py", line 54, in wrapped_view
    return view_func(*args, **kwargs)
  File "C:\djangoproject\Reliability_Row_data\TestPlanSW\views.py", line 7453, in TestPlanSW_search_AIO
    'CRT': round(TestPlanSWAIO.objects.filter(Projectinfo=ProjectSum).aggregate(Sum('ConfigRetesttime__sum'))['ConfigRetesttime__sum__sum']/60, 0),
  File "C:\Python372\mecheck\lib\site-packages\django\db\models\query.py", line 367, in aggregate
    query.add_annotation(aggregate_expr, alias, is_summary=True)
  File "C:\Python372\mecheck\lib\site-packages\django\db\models\sql\query.py", line 988, in add_annotation
    summarize=is_summary)
  File "C:\Python372\mecheck\lib\site-packages\django\db\models\aggregates.py", line 39, in resolve_expression
    c = super().resolve_expression(query, allow_joins, reuse, summarize)
  File "C:\Python372\mecheck\lib\site-packages\django\db\models\expressions.py", line 597, in resolve_expression
    c.source_expressions[pos] = arg.resolve_expression(query, allow_joins, reuse, summarize, for_save)
  File "C:\Python372\mecheck\lib\site-packages\django\db\models\expressions.py", line 509, in resolve_expression
    return query.resolve_ref(self.name, allow_joins, reuse, summarize)
  File "C:\Python372\mecheck\lib\site-packages\django\db\models\sql\query.py", line 1577, in resolve_ref
    join_info.transform_function(targets[0], final_alias)
  File "C:\Python372\mecheck\lib\site-packages\django\db\models\sql\query.py", line 1495, in transform
    raise last_field_exception
  File "C:\Python372\mecheck\lib\site-packages\django\db\models\sql\query.py", line 1473, in setup_joins
    names[:pivot], opts, allow_many, fail_on_missing=True,
  File "C:\Python372\mecheck\lib\site-packages\django\db\models\sql\query.py", line 1422, in names_to_path
    " not permitted." % (names[pos + 1], name))
django.core.exceptions.FieldError: Cannot resolve keyword 'sum' into field. Join on 'ConfigRetesttime' not permitted.
[2020-09-18 09:05:04,160] [basehttp.py:154] [basehttp:log_message] [ERROR]- "GET /TestPlanSW/TestPlanSW-search-AIO/?action=getContent&customer=C38(AIO)&project=FOC30&phase=0&category= HTTP/1.1" 500 163514
[2020-09-18 09:05:45,102] [log.py:228] [log:log_response] [ERROR]- Internal Server Error: /TestPlanSW/TestPlanSW-search-AIO/
Traceback (most recent call last):
  File "C:\Python372\mecheck\lib\site-packages\django\db\models\sql\query.py", line 1491, in transform
    return self.try_transform(wrapped, name)
  File "C:\Python372\mecheck\lib\site-packages\django\db\models\sql\query.py", line 1126, in try_transform
    (name, lhs.output_field.__class__.__name__))
django.core.exceptions.FieldError: Unsupported lookup 'sum' for CharField or join on the field not permitted.

During handling of the above exception, another exception occurred:

Traceback (most recent call last):
  File "C:\Python372\mecheck\lib\site-packages\django\core\handlers\exception.py", line 34, in inner
    response = get_response(request)
  File "C:\Python372\mecheck\lib\site-packages\django\core\handlers\base.py", line 126, in _get_response
    response = self.process_exception_by_middleware(e, request)
  File "C:\Python372\mecheck\lib\site-packages\django\core\handlers\base.py", line 124, in _get_response
    response = wrapped_callback(request, *callback_args, **callback_kwargs)
  File "C:\Python372\mecheck\lib\site-packages\django\views\decorators\csrf.py", line 54, in wrapped_view
    return view_func(*args, **kwargs)
  File "C:\djangoproject\Reliability_Row_data\TestPlanSW\views.py", line 7453, in TestPlanSW_search_AIO
    'CRT': round(TestPlanSWAIO.objects.filter(Projectinfo=ProjectSum).aggregate(Sum('ConfigRetesttime__sum'))['ConfigRetesttime__sum']/60, 0),
  File "C:\Python372\mecheck\lib\site-packages\django\db\models\query.py", line 367, in aggregate
    query.add_annotation(aggregate_expr, alias, is_summary=True)
  File "C:\Python372\mecheck\lib\site-packages\django\db\models\sql\query.py", line 988, in add_annotation
    summarize=is_summary)
  File "C:\Python372\mecheck\lib\site-packages\django\db\models\aggregates.py", line 39, in resolve_expression
    c = super().resolve_expression(query, allow_joins, reuse, summarize)
  File "C:\Python372\mecheck\lib\site-packages\django\db\models\expressions.py", line 597, in resolve_expression
    c.source_expressions[pos] = arg.resolve_expression(query, allow_joins, reuse, summarize, for_save)
  File "C:\Python372\mecheck\lib\site-packages\django\db\models\expressions.py", line 509, in resolve_expression
    return query.resolve_ref(self.name, allow_joins, reuse, summarize)
  File "C:\Python372\mecheck\lib\site-packages\django\db\models\sql\query.py", line 1577, in resolve_ref
    join_info.transform_function(targets[0], final_alias)
  File "C:\Python372\mecheck\lib\site-packages\django\db\models\sql\query.py", line 1495, in transform
    raise last_field_exception
  File "C:\Python372\mecheck\lib\site-packages\django\db\models\sql\query.py", line 1473, in setup_joins
    names[:pivot], opts, allow_many, fail_on_missing=True,
  File "C:\Python372\mecheck\lib\site-packages\django\db\models\sql\query.py", line 1422, in names_to_path
    " not permitted." % (names[pos + 1], name))
django.core.exceptions.FieldError: Cannot resolve keyword 'sum' into field. Join on 'ConfigRetesttime' not permitted.
[2020-09-18 09:05:45,109] [basehttp.py:154] [basehttp:log_message] [ERROR]- "GET /TestPlanSW/TestPlanSW-search-AIO/?action=getContent&customer=C38(AIO)&project=FOC30&phase=0&category= HTTP/1.1" 500 163504
[2020-09-18 11:33:22,047] [log.py:228] [log:log_response] [ERROR]- Internal Server Error: /TestPlanSW/TestPlanSW-summary/
Traceback (most recent call last):
  File "C:\Python372\mecheck\lib\site-packages\django\core\handlers\exception.py", line 34, in inner
    response = get_response(request)
  File "C:\Python372\mecheck\lib\site-packages\django\core\handlers\base.py", line 126, in _get_response
    response = self.process_exception_by_middleware(e, request)
  File "C:\Python372\mecheck\lib\site-packages\django\core\handlers\base.py", line 124, in _get_response
    response = wrapped_callback(request, *callback_args, **callback_kwargs)
  File "C:\djangoproject\Reliability_Row_data\TestPlanSW\views.py", line 1551, in TestPlanSW_summary
    Phaselist_top.sort(key=lambda x: Phasesortorder[x])
  File "C:\djangoproject\Reliability_Row_data\TestPlanSW\views.py", line 1551, in <lambda>
    Phaselist_top.sort(key=lambda x: Phasesortorder[x])
KeyError: 'B(SDV)'
[2020-09-18 11:33:22,052] [basehttp.py:154] [basehttp:log_message] [ERROR]- "POST /TestPlanSW/TestPlanSW-summary/ HTTP/1.1" 500 86361
[2020-09-18 13:54:42,045] [log.py:228] [log:log_response] [ERROR]- Internal Server Error: /TestPlanSW/TestPlanSW-summary/
Traceback (most recent call last):
  File "C:\Python372\mecheck\lib\site-packages\django\core\handlers\exception.py", line 34, in inner
    response = get_response(request)
  File "C:\Python372\mecheck\lib\site-packages\django\core\handlers\base.py", line 126, in _get_response
    response = self.process_exception_by_middleware(e, request)
  File "C:\Python372\mecheck\lib\site-packages\django\core\handlers\base.py", line 124, in _get_response
    response = wrapped_callback(request, *callback_args, **callback_kwargs)
  File "C:\djangoproject\Reliability_Row_data\TestPlanSW\views.py", line 657, in TestPlanSW_summary
    ComPrjCode=i["Project"]).first().CusPrjCode,
AttributeError: 'ProjectinfoinDCT' object has no attribute 'CusPrjCode'
[2020-09-18 13:54:42,051] [basehttp.py:154] [basehttp:log_message] [ERROR]- "POST /TestPlanSW/TestPlanSW-summary/ HTTP/1.1" 500 78928
[2020-09-18 15:55:52,879] [log.py:228] [log:log_response] [ERROR]- Internal Server Error: /TestPlanME/TestPlanME-search/
Traceback (most recent call last):
  File "C:\Python372\mecheck\lib\site-packages\django\core\handlers\exception.py", line 34, in inner
    response = get_response(request)
  File "C:\Python372\mecheck\lib\site-packages\django\core\handlers\base.py", line 126, in _get_response
    response = self.process_exception_by_middleware(e, request)
  File "C:\Python372\mecheck\lib\site-packages\django\core\handlers\base.py", line 124, in _get_response
    response = wrapped_callback(request, *callback_args, **callback_kwargs)
  File "C:\djangoproject\Reliability_Row_data\TestPlanME\views.py", line 1618, in TestPlanME_search
    mock_data.insert(0, {'ItemNo': 'Total', 'TTF': TestPlanMEs.aggregate(Sum('TimePunits_Facility_d'))['TimePunits_Facility_d__sum'],
  File "C:\Python372\mecheck\lib\site-packages\django\db\models\query.py", line 367, in aggregate
    query.add_annotation(aggregate_expr, alias, is_summary=True)
  File "C:\Python372\mecheck\lib\site-packages\django\db\models\sql\query.py", line 988, in add_annotation
    summarize=is_summary)
  File "C:\Python372\mecheck\lib\site-packages\django\db\models\aggregates.py", line 39, in resolve_expression
    c = super().resolve_expression(query, allow_joins, reuse, summarize)
  File "C:\Python372\mecheck\lib\site-packages\django\db\models\expressions.py", line 597, in resolve_expression
    c.source_expressions[pos] = arg.resolve_expression(query, allow_joins, reuse, summarize, for_save)
  File "C:\Python372\mecheck\lib\site-packages\django\db\models\expressions.py", line 509, in resolve_expression
    return query.resolve_ref(self.name, allow_joins, reuse, summarize)
  File "C:\Python372\mecheck\lib\site-packages\django\db\models\sql\query.py", line 1570, in resolve_ref
    join_info = self.setup_joins(field_list, self.get_meta(), self.get_initial_alias(), can_reuse=reuse)
  File "C:\Python372\mecheck\lib\site-packages\django\db\models\sql\query.py", line 1473, in setup_joins
    names[:pivot], opts, allow_many, fail_on_missing=True,
  File "C:\Python372\mecheck\lib\site-packages\django\db\models\sql\query.py", line 1389, in names_to_path
    "Choices are: %s" % (name, ", ".join(available)))
django.core.exceptions.FieldError: Cannot resolve keyword 'TimePunits_Facility_d' into field. Choices are: Items, Items_id, NormalAmount, NormalAttendTime, NormalFacilityTime, NormalProgramtime, Projectinfo, Projectinfo_id, RegAmount, RegAttendTime, RegCycles, RegFacilityTime, RegProgramtime, edit_time, editor, id
[2020-09-18 15:55:52,883] [basehttp.py:154] [basehttp:log_message] [ERROR]- "GET /TestPlanME/TestPlanME-search/?action=search&customer=C38(NB)&project=FLAT4&phase=0 HTTP/1.1" 500 139055
[2020-09-18 16:05:33,310] [log.py:228] [log:log_response] [ERROR]- Internal Server Error: /TestPlanME/TestPlanME-search/
Traceback (most recent call last):
  File "C:\Python372\mecheck\lib\site-packages\django\core\handlers\exception.py", line 34, in inner
    response = get_response(request)
  File "C:\Python372\mecheck\lib\site-packages\django\core\handlers\base.py", line 126, in _get_response
    response = self.process_exception_by_middleware(e, request)
  File "C:\Python372\mecheck\lib\site-packages\django\core\handlers\base.py", line 124, in _get_response
    response = wrapped_callback(request, *callback_args, **callback_kwargs)
  File "C:\djangoproject\Reliability_Row_data\TestPlanME\views.py", line 1618, in TestPlanME_search
    mock_data.insert(0, {'ItemNo': 'Total', 'TTF': TestPlanMEs.aggregate(Sum('Items__TimePunits_Facility_d'))['Items__TimePunits_Facility_d'],
KeyError: 'Items__TimePunits_Facility_d'
[2020-09-18 16:05:33,312] [basehttp.py:154] [basehttp:log_message] [ERROR]- "GET /TestPlanME/TestPlanME-search/?action=search&customer=C38(NB)&project=FLAT4&phase=0 HTTP/1.1" 500 95886
[2020-09-18 16:12:55,351] [log.py:228] [log:log_response] [ERROR]- Internal Server Error: /TestPlanME/TestPlanME-search/
Traceback (most recent call last):
  File "C:\Python372\mecheck\lib\site-packages\django\core\handlers\exception.py", line 34, in inner
    response = get_response(request)
  File "C:\Python372\mecheck\lib\site-packages\django\core\handlers\base.py", line 126, in _get_response
    response = self.process_exception_by_middleware(e, request)
  File "C:\Python372\mecheck\lib\site-packages\django\core\handlers\base.py", line 124, in _get_response
    response = wrapped_callback(request, *callback_args, **callback_kwargs)
  File "C:\djangoproject\Reliability_Row_data\TestPlanME\views.py", line 1623, in TestPlanME_search
    TTFTotal = TTFTotal + i['TTF']
TypeError: unsupported operand type(s) for +: 'float' and 'NoneType'
[2020-09-18 16:12:55,354] [basehttp.py:154] [basehttp:log_message] [ERROR]- "GET /TestPlanME/TestPlanME-search/?action=search&customer=C38(NB)&project=FLAT4&phase=0 HTTP/1.1" 500 96060
[2020-09-18 16:13:45,771] [log.py:228] [log:log_response] [ERROR]- Internal Server Error: /TestPlanME/TestPlanME-search/
Traceback (most recent call last):
  File "C:\Python372\mecheck\lib\site-packages\django\core\handlers\exception.py", line 34, in inner
    response = get_response(request)
  File "C:\Python372\mecheck\lib\site-packages\django\core\handlers\base.py", line 126, in _get_response
    response = self.process_exception_by_middleware(e, request)
  File "C:\Python372\mecheck\lib\site-packages\django\core\handlers\base.py", line 124, in _get_response
    response = wrapped_callback(request, *callback_args, **callback_kwargs)
  File "C:\djangoproject\Reliability_Row_data\TestPlanME\views.py", line 1623, in TestPlanME_search
    TTFTotal = TTFTotal + float(i['TTF'])
TypeError: float() argument must be a string or a number, not 'NoneType'
[2020-09-18 16:13:45,773] [basehttp.py:154] [basehttp:log_message] [ERROR]- "GET /TestPlanME/TestPlanME-search/?action=search&customer=C38(NB)&project=FLAT4&phase=0 HTTP/1.1" 500 96072
