[2020-06-05 09:23:41,309] [log.py:228] [log:log_response] [ERROR]- Internal Server Error: /mongotest/mongotest-upload/
Traceback (most recent call last):
  File "C:\Python372\mecheck\lib\site-packages\mongoengine\document.py", line 408, in save
    object_id = self._save_create(doc, force_insert, write_concern)
  File "C:\Python372\mecheck\lib\site-packages\mongoengine\document.py", line 463, in _save_create
    return wc_collection.insert_one(doc).inserted_id
  File "C:\Python372\mecheck\lib\site-packages\pymongo\collection.py", line 698, in insert_one
    session=session),
  File "C:\Python372\mecheck\lib\site-packages\pymongo\collection.py", line 612, in _insert
    bypass_doc_val, session)
  File "C:\Python372\mecheck\lib\site-packages\pymongo\collection.py", line 600, in _insert_one
    acknowledged, _insert_command, session)
  File "C:\Python372\mecheck\lib\site-packages\pymongo\mongo_client.py", line 1491, in _retryable_write
    return self._retry_with_session(retryable, func, s, None)
  File "C:\Python372\mecheck\lib\site-packages\pymongo\mongo_client.py", line 1377, in _retry_with_session
    with self._get_socket(server, session) as sock_info:
  File "C:\Python372\lib\contextlib.py", line 112, in __enter__
    return next(self.gen)
  File "C:\Python372\mecheck\lib\site-packages\pymongo\mongo_client.py", line 1222, in _get_socket
    self.__all_credentials, checkout=exhaust) as sock_info:
  File "C:\Python372\lib\contextlib.py", line 112, in __enter__
    return next(self.gen)
  File "C:\Python372\mecheck\lib\site-packages\pymongo\pool.py", line 1138, in get_socket
    sock_info.check_auth(all_credentials)
  File "C:\Python372\mecheck\lib\site-packages\pymongo\pool.py", line 712, in check_auth
    auth.authenticate(credentials, self)
  File "C:\Python372\mecheck\lib\site-packages\pymongo\auth.py", line 564, in authenticate
    auth_func(credentials, sock_info)
  File "C:\Python372\mecheck\lib\site-packages\pymongo\auth.py", line 539, in _authenticate_default
    return _authenticate_scram(credentials, sock_info, 'SCRAM-SHA-1')
  File "C:\Python372\mecheck\lib\site-packages\pymongo\auth.py", line 263, in _authenticate_scram
    res = sock_info.command(source, cmd)
  File "C:\Python372\mecheck\lib\site-packages\pymongo\pool.py", line 613, in command
    user_fields=user_fields)
  File "C:\Python372\mecheck\lib\site-packages\pymongo\network.py", line 167, in command
    parse_write_concern_error=parse_write_concern_error)
  File "C:\Python372\mecheck\lib\site-packages\pymongo\helpers.py", line 159, in _check_command_response
    raise OperationFailure(msg % errmsg, code, response)
pymongo.errors.OperationFailure: Authentication failed.

During handling of the above exception, another exception occurred:

Traceback (most recent call last):
  File "C:\Python372\mecheck\lib\site-packages\django\core\handlers\exception.py", line 34, in inner
    response = get_response(request)
  File "C:\Python372\mecheck\lib\site-packages\django\core\handlers\base.py", line 126, in _get_response
    response = self.process_exception_by_middleware(e, request)
  File "C:\Python372\mecheck\lib\site-packages\django\core\handlers\base.py", line 124, in _get_response
    response = wrapped_callback(request, *callback_args, **callback_kwargs)
  File "C:\Python372\mecheck\lib\site-packages\django\views\decorators\csrf.py", line 54, in wrapped_view
    return view_func(*args, **kwargs)
  File "C:\Python372\mecheck\lib\site-packages\django\views\generic\base.py", line 68, in view
    return self.dispatch(request, *args, **kwargs)
  File "C:\Python372\mecheck\lib\site-packages\rest_framework\views.py", line 505, in dispatch
    response = self.handle_exception(exc)
  File "C:\Python372\mecheck\lib\site-packages\rest_framework\views.py", line 465, in handle_exception
    self.raise_uncaught_exception(exc)
  File "C:\Python372\mecheck\lib\site-packages\rest_framework\views.py", line 476, in raise_uncaught_exception
    raise exc
  File "C:\Python372\mecheck\lib\site-packages\rest_framework\views.py", line 502, in dispatch
    response = handler(request, *args, **kwargs)
  File "C:\djangoproject\Reliability_Row_data\mongotest\views.py", line 21, in post
    StudentModel.objects.create(name=name, age=age, password=password)
  File "C:\Python372\mecheck\lib\site-packages\mongoengine\queryset\base.py", line 281, in create
    return self._document(**kwargs).save(force_insert=True)
  File "C:\Python372\mecheck\lib\site-packages\mongoengine\document.py", line 439, in save
    raise OperationError(message % err)
mongoengine.errors.OperationError: Could not save document (Authentication failed.)
[2020-06-05 09:23:41,320] [basehttp.py:154] [basehttp:log_message] [ERROR]- "POST /mongotest/mongotest-upload/ HTTP/1.1" 500 211102
[2020-06-05 09:28:05,871] [log.py:228] [log:log_response] [ERROR]- Internal Server Error: /mongotest/mongotest-upload/
Traceback (most recent call last):
  File "C:\Python372\mecheck\lib\site-packages\mongoengine\document.py", line 408, in save
    object_id = self._save_create(doc, force_insert, write_concern)
  File "C:\Python372\mecheck\lib\site-packages\mongoengine\document.py", line 463, in _save_create
    return wc_collection.insert_one(doc).inserted_id
  File "C:\Python372\mecheck\lib\site-packages\pymongo\collection.py", line 698, in insert_one
    session=session),
  File "C:\Python372\mecheck\lib\site-packages\pymongo\collection.py", line 612, in _insert
    bypass_doc_val, session)
  File "C:\Python372\mecheck\lib\site-packages\pymongo\collection.py", line 600, in _insert_one
    acknowledged, _insert_command, session)
  File "C:\Python372\mecheck\lib\site-packages\pymongo\mongo_client.py", line 1491, in _retryable_write
    return self._retry_with_session(retryable, func, s, None)
  File "C:\Python372\mecheck\lib\site-packages\pymongo\mongo_client.py", line 1377, in _retry_with_session
    with self._get_socket(server, session) as sock_info:
  File "C:\Python372\lib\contextlib.py", line 112, in __enter__
    return next(self.gen)
  File "C:\Python372\mecheck\lib\site-packages\pymongo\mongo_client.py", line 1222, in _get_socket
    self.__all_credentials, checkout=exhaust) as sock_info:
  File "C:\Python372\lib\contextlib.py", line 112, in __enter__
    return next(self.gen)
  File "C:\Python372\mecheck\lib\site-packages\pymongo\pool.py", line 1138, in get_socket
    sock_info.check_auth(all_credentials)
  File "C:\Python372\mecheck\lib\site-packages\pymongo\pool.py", line 712, in check_auth
    auth.authenticate(credentials, self)
  File "C:\Python372\mecheck\lib\site-packages\pymongo\auth.py", line 564, in authenticate
    auth_func(credentials, sock_info)
  File "C:\Python372\mecheck\lib\site-packages\pymongo\auth.py", line 539, in _authenticate_default
    return _authenticate_scram(credentials, sock_info, 'SCRAM-SHA-1')
  File "C:\Python372\mecheck\lib\site-packages\pymongo\auth.py", line 263, in _authenticate_scram
    res = sock_info.command(source, cmd)
  File "C:\Python372\mecheck\lib\site-packages\pymongo\pool.py", line 613, in command
    user_fields=user_fields)
  File "C:\Python372\mecheck\lib\site-packages\pymongo\network.py", line 167, in command
    parse_write_concern_error=parse_write_concern_error)
  File "C:\Python372\mecheck\lib\site-packages\pymongo\helpers.py", line 159, in _check_command_response
    raise OperationFailure(msg % errmsg, code, response)
pymongo.errors.OperationFailure: Authentication failed.

During handling of the above exception, another exception occurred:

Traceback (most recent call last):
  File "C:\Python372\mecheck\lib\site-packages\django\core\handlers\exception.py", line 34, in inner
    response = get_response(request)
  File "C:\Python372\mecheck\lib\site-packages\django\core\handlers\base.py", line 126, in _get_response
    response = self.process_exception_by_middleware(e, request)
  File "C:\Python372\mecheck\lib\site-packages\django\core\handlers\base.py", line 124, in _get_response
    response = wrapped_callback(request, *callback_args, **callback_kwargs)
  File "C:\Python372\mecheck\lib\site-packages\django\views\decorators\csrf.py", line 54, in wrapped_view
    return view_func(*args, **kwargs)
  File "C:\Python372\mecheck\lib\site-packages\django\views\generic\base.py", line 68, in view
    return self.dispatch(request, *args, **kwargs)
  File "C:\Python372\mecheck\lib\site-packages\rest_framework\views.py", line 505, in dispatch
    response = self.handle_exception(exc)
  File "C:\Python372\mecheck\lib\site-packages\rest_framework\views.py", line 465, in handle_exception
    self.raise_uncaught_exception(exc)
  File "C:\Python372\mecheck\lib\site-packages\rest_framework\views.py", line 476, in raise_uncaught_exception
    raise exc
  File "C:\Python372\mecheck\lib\site-packages\rest_framework\views.py", line 502, in dispatch
    response = handler(request, *args, **kwargs)
  File "C:\djangoproject\Reliability_Row_data\mongotest\views.py", line 21, in post
    StudentModel.objects.create(name=name, age=age, password=password)
  File "C:\Python372\mecheck\lib\site-packages\mongoengine\queryset\base.py", line 281, in create
    return self._document(**kwargs).save(force_insert=True)
  File "C:\Python372\mecheck\lib\site-packages\mongoengine\document.py", line 439, in save
    raise OperationError(message % err)
mongoengine.errors.OperationError: Could not save document (Authentication failed.)
[2020-06-05 09:28:05,877] [basehttp.py:154] [basehttp:log_message] [ERROR]- "POST /mongotest/mongotest-upload/ HTTP/1.1" 500 211100
[2020-06-05 09:44:37,431] [log.py:228] [log:log_response] [ERROR]- Internal Server Error: /mongotest/mongotest-upload/
Traceback (most recent call last):
  File "C:\Python372\mecheck\lib\site-packages\mongoengine\document.py", line 408, in save
    object_id = self._save_create(doc, force_insert, write_concern)
  File "C:\Python372\mecheck\lib\site-packages\mongoengine\document.py", line 463, in _save_create
    return wc_collection.insert_one(doc).inserted_id
  File "C:\Python372\mecheck\lib\site-packages\pymongo\collection.py", line 698, in insert_one
    session=session),
  File "C:\Python372\mecheck\lib\site-packages\pymongo\collection.py", line 612, in _insert
    bypass_doc_val, session)
  File "C:\Python372\mecheck\lib\site-packages\pymongo\collection.py", line 600, in _insert_one
    acknowledged, _insert_command, session)
  File "C:\Python372\mecheck\lib\site-packages\pymongo\mongo_client.py", line 1491, in _retryable_write
    return self._retry_with_session(retryable, func, s, None)
  File "C:\Python372\mecheck\lib\site-packages\pymongo\mongo_client.py", line 1377, in _retry_with_session
    with self._get_socket(server, session) as sock_info:
  File "C:\Python372\lib\contextlib.py", line 112, in __enter__
    return next(self.gen)
  File "C:\Python372\mecheck\lib\site-packages\pymongo\mongo_client.py", line 1222, in _get_socket
    self.__all_credentials, checkout=exhaust) as sock_info:
  File "C:\Python372\lib\contextlib.py", line 112, in __enter__
    return next(self.gen)
  File "C:\Python372\mecheck\lib\site-packages\pymongo\pool.py", line 1138, in get_socket
    sock_info.check_auth(all_credentials)
  File "C:\Python372\mecheck\lib\site-packages\pymongo\pool.py", line 712, in check_auth
    auth.authenticate(credentials, self)
  File "C:\Python372\mecheck\lib\site-packages\pymongo\auth.py", line 564, in authenticate
    auth_func(credentials, sock_info)
  File "C:\Python372\mecheck\lib\site-packages\pymongo\auth.py", line 539, in _authenticate_default
    return _authenticate_scram(credentials, sock_info, 'SCRAM-SHA-1')
  File "C:\Python372\mecheck\lib\site-packages\pymongo\auth.py", line 263, in _authenticate_scram
    res = sock_info.command(source, cmd)
  File "C:\Python372\mecheck\lib\site-packages\pymongo\pool.py", line 613, in command
    user_fields=user_fields)
  File "C:\Python372\mecheck\lib\site-packages\pymongo\network.py", line 167, in command
    parse_write_concern_error=parse_write_concern_error)
  File "C:\Python372\mecheck\lib\site-packages\pymongo\helpers.py", line 159, in _check_command_response
    raise OperationFailure(msg % errmsg, code, response)
pymongo.errors.OperationFailure: Authentication failed.

During handling of the above exception, another exception occurred:

Traceback (most recent call last):
  File "C:\Python372\mecheck\lib\site-packages\django\core\handlers\exception.py", line 34, in inner
    response = get_response(request)
  File "C:\Python372\mecheck\lib\site-packages\django\core\handlers\base.py", line 126, in _get_response
    response = self.process_exception_by_middleware(e, request)
  File "C:\Python372\mecheck\lib\site-packages\django\core\handlers\base.py", line 124, in _get_response
    response = wrapped_callback(request, *callback_args, **callback_kwargs)
  File "C:\Python372\mecheck\lib\site-packages\django\views\decorators\csrf.py", line 54, in wrapped_view
    return view_func(*args, **kwargs)
  File "C:\Python372\mecheck\lib\site-packages\django\views\generic\base.py", line 68, in view
    return self.dispatch(request, *args, **kwargs)
  File "C:\Python372\mecheck\lib\site-packages\rest_framework\views.py", line 505, in dispatch
    response = self.handle_exception(exc)
  File "C:\Python372\mecheck\lib\site-packages\rest_framework\views.py", line 465, in handle_exception
    self.raise_uncaught_exception(exc)
  File "C:\Python372\mecheck\lib\site-packages\rest_framework\views.py", line 476, in raise_uncaught_exception
    raise exc
  File "C:\Python372\mecheck\lib\site-packages\rest_framework\views.py", line 502, in dispatch
    response = handler(request, *args, **kwargs)
  File "C:\djangoproject\Reliability_Row_data\mongotest\views.py", line 42, in post
    StudentModel.objects.create(name=name, age=age, password=password)
  File "C:\Python372\mecheck\lib\site-packages\mongoengine\queryset\base.py", line 281, in create
    return self._document(**kwargs).save(force_insert=True)
  File "C:\Python372\mecheck\lib\site-packages\mongoengine\document.py", line 439, in save
    raise OperationError(message % err)
mongoengine.errors.OperationError: Could not save document (Authentication failed.)
[2020-06-05 09:44:37,441] [basehttp.py:154] [basehttp:log_message] [ERROR]- "POST /mongotest/mongotest-upload/ HTTP/1.1" 500 211110
[2020-06-05 09:49:13,243] [log.py:228] [log:log_response] [ERROR]- Internal Server Error: /mongotest/mongotest-upload/
Traceback (most recent call last):
  File "C:\Python372\mecheck\lib\site-packages\mongoengine\document.py", line 408, in save
    object_id = self._save_create(doc, force_insert, write_concern)
  File "C:\Python372\mecheck\lib\site-packages\mongoengine\document.py", line 463, in _save_create
    return wc_collection.insert_one(doc).inserted_id
  File "C:\Python372\mecheck\lib\site-packages\pymongo\collection.py", line 698, in insert_one
    session=session),
  File "C:\Python372\mecheck\lib\site-packages\pymongo\collection.py", line 612, in _insert
    bypass_doc_val, session)
  File "C:\Python372\mecheck\lib\site-packages\pymongo\collection.py", line 600, in _insert_one
    acknowledged, _insert_command, session)
  File "C:\Python372\mecheck\lib\site-packages\pymongo\mongo_client.py", line 1491, in _retryable_write
    return self._retry_with_session(retryable, func, s, None)
  File "C:\Python372\mecheck\lib\site-packages\pymongo\mongo_client.py", line 1377, in _retry_with_session
    with self._get_socket(server, session) as sock_info:
  File "C:\Python372\lib\contextlib.py", line 112, in __enter__
    return next(self.gen)
  File "C:\Python372\mecheck\lib\site-packages\pymongo\mongo_client.py", line 1222, in _get_socket
    self.__all_credentials, checkout=exhaust) as sock_info:
  File "C:\Python372\lib\contextlib.py", line 112, in __enter__
    return next(self.gen)
  File "C:\Python372\mecheck\lib\site-packages\pymongo\pool.py", line 1138, in get_socket
    sock_info.check_auth(all_credentials)
  File "C:\Python372\mecheck\lib\site-packages\pymongo\pool.py", line 712, in check_auth
    auth.authenticate(credentials, self)
  File "C:\Python372\mecheck\lib\site-packages\pymongo\auth.py", line 564, in authenticate
    auth_func(credentials, sock_info)
  File "C:\Python372\mecheck\lib\site-packages\pymongo\auth.py", line 539, in _authenticate_default
    return _authenticate_scram(credentials, sock_info, 'SCRAM-SHA-1')
  File "C:\Python372\mecheck\lib\site-packages\pymongo\auth.py", line 263, in _authenticate_scram
    res = sock_info.command(source, cmd)
  File "C:\Python372\mecheck\lib\site-packages\pymongo\pool.py", line 613, in command
    user_fields=user_fields)
  File "C:\Python372\mecheck\lib\site-packages\pymongo\network.py", line 167, in command
    parse_write_concern_error=parse_write_concern_error)
  File "C:\Python372\mecheck\lib\site-packages\pymongo\helpers.py", line 159, in _check_command_response
    raise OperationFailure(msg % errmsg, code, response)
pymongo.errors.OperationFailure: Authentication failed.

During handling of the above exception, another exception occurred:

Traceback (most recent call last):
  File "C:\Python372\mecheck\lib\site-packages\django\core\handlers\exception.py", line 34, in inner
    response = get_response(request)
  File "C:\Python372\mecheck\lib\site-packages\django\core\handlers\base.py", line 126, in _get_response
    response = self.process_exception_by_middleware(e, request)
  File "C:\Python372\mecheck\lib\site-packages\django\core\handlers\base.py", line 124, in _get_response
    response = wrapped_callback(request, *callback_args, **callback_kwargs)
  File "C:\Python372\mecheck\lib\site-packages\django\views\decorators\csrf.py", line 54, in wrapped_view
    return view_func(*args, **kwargs)
  File "C:\Python372\mecheck\lib\site-packages\django\views\generic\base.py", line 68, in view
    return self.dispatch(request, *args, **kwargs)
  File "C:\Python372\mecheck\lib\site-packages\rest_framework\views.py", line 505, in dispatch
    response = self.handle_exception(exc)
  File "C:\Python372\mecheck\lib\site-packages\rest_framework\views.py", line 465, in handle_exception
    self.raise_uncaught_exception(exc)
  File "C:\Python372\mecheck\lib\site-packages\rest_framework\views.py", line 476, in raise_uncaught_exception
    raise exc
  File "C:\Python372\mecheck\lib\site-packages\rest_framework\views.py", line 502, in dispatch
    response = handler(request, *args, **kwargs)
  File "C:\djangoproject\Reliability_Row_data\mongotest\views.py", line 42, in post
    StudentModel.objects.create(name=name, age=age, password=password)
  File "C:\Python372\mecheck\lib\site-packages\mongoengine\queryset\base.py", line 281, in create
    return self._document(**kwargs).save(force_insert=True)
  File "C:\Python372\mecheck\lib\site-packages\mongoengine\document.py", line 439, in save
    raise OperationError(message % err)
mongoengine.errors.OperationError: Could not save document (Authentication failed.)
[2020-06-05 09:49:13,253] [basehttp.py:154] [basehttp:log_message] [ERROR]- "POST /mongotest/mongotest-upload/ HTTP/1.1" 500 210221
[2020-06-05 10:06:07,235] [log.py:228] [log:log_response] [ERROR]- Internal Server Error: /mongotest/mongotest-upload/
Traceback (most recent call last):
  File "C:\Python372\mecheck\lib\site-packages\mongoengine\document.py", line 408, in save
    object_id = self._save_create(doc, force_insert, write_concern)
  File "C:\Python372\mecheck\lib\site-packages\mongoengine\document.py", line 463, in _save_create
    return wc_collection.insert_one(doc).inserted_id
  File "C:\Python372\mecheck\lib\site-packages\pymongo\collection.py", line 698, in insert_one
    session=session),
  File "C:\Python372\mecheck\lib\site-packages\pymongo\collection.py", line 612, in _insert
    bypass_doc_val, session)
  File "C:\Python372\mecheck\lib\site-packages\pymongo\collection.py", line 600, in _insert_one
    acknowledged, _insert_command, session)
  File "C:\Python372\mecheck\lib\site-packages\pymongo\mongo_client.py", line 1491, in _retryable_write
    return self._retry_with_session(retryable, func, s, None)
  File "C:\Python372\mecheck\lib\site-packages\pymongo\mongo_client.py", line 1377, in _retry_with_session
    with self._get_socket(server, session) as sock_info:
  File "C:\Python372\lib\contextlib.py", line 112, in __enter__
    return next(self.gen)
  File "C:\Python372\mecheck\lib\site-packages\pymongo\mongo_client.py", line 1222, in _get_socket
    self.__all_credentials, checkout=exhaust) as sock_info:
  File "C:\Python372\lib\contextlib.py", line 112, in __enter__
    return next(self.gen)
  File "C:\Python372\mecheck\lib\site-packages\pymongo\pool.py", line 1138, in get_socket
    sock_info.check_auth(all_credentials)
  File "C:\Python372\mecheck\lib\site-packages\pymongo\pool.py", line 712, in check_auth
    auth.authenticate(credentials, self)
  File "C:\Python372\mecheck\lib\site-packages\pymongo\auth.py", line 564, in authenticate
    auth_func(credentials, sock_info)
  File "C:\Python372\mecheck\lib\site-packages\pymongo\auth.py", line 539, in _authenticate_default
    return _authenticate_scram(credentials, sock_info, 'SCRAM-SHA-1')
  File "C:\Python372\mecheck\lib\site-packages\pymongo\auth.py", line 263, in _authenticate_scram
    res = sock_info.command(source, cmd)
  File "C:\Python372\mecheck\lib\site-packages\pymongo\pool.py", line 613, in command
    user_fields=user_fields)
  File "C:\Python372\mecheck\lib\site-packages\pymongo\network.py", line 167, in command
    parse_write_concern_error=parse_write_concern_error)
  File "C:\Python372\mecheck\lib\site-packages\pymongo\helpers.py", line 159, in _check_command_response
    raise OperationFailure(msg % errmsg, code, response)
pymongo.errors.OperationFailure: Authentication failed.

During handling of the above exception, another exception occurred:

Traceback (most recent call last):
  File "C:\Python372\mecheck\lib\site-packages\django\core\handlers\exception.py", line 34, in inner
    response = get_response(request)
  File "C:\Python372\mecheck\lib\site-packages\django\core\handlers\base.py", line 126, in _get_response
    response = self.process_exception_by_middleware(e, request)
  File "C:\Python372\mecheck\lib\site-packages\django\core\handlers\base.py", line 124, in _get_response
    response = wrapped_callback(request, *callback_args, **callback_kwargs)
  File "C:\Python372\mecheck\lib\site-packages\django\views\decorators\csrf.py", line 54, in wrapped_view
    return view_func(*args, **kwargs)
  File "C:\Python372\mecheck\lib\site-packages\django\views\generic\base.py", line 68, in view
    return self.dispatch(request, *args, **kwargs)
  File "C:\Python372\mecheck\lib\site-packages\rest_framework\views.py", line 505, in dispatch
    response = self.handle_exception(exc)
  File "C:\Python372\mecheck\lib\site-packages\rest_framework\views.py", line 465, in handle_exception
    self.raise_uncaught_exception(exc)
  File "C:\Python372\mecheck\lib\site-packages\rest_framework\views.py", line 476, in raise_uncaught_exception
    raise exc
  File "C:\Python372\mecheck\lib\site-packages\rest_framework\views.py", line 502, in dispatch
    response = handler(request, *args, **kwargs)
  File "C:\djangoproject\Reliability_Row_data\mongotest\views.py", line 42, in post
    StudentModel.objects.create(name=name, age=age, password=password)
  File "C:\Python372\mecheck\lib\site-packages\mongoengine\queryset\base.py", line 281, in create
    return self._document(**kwargs).save(force_insert=True)
  File "C:\Python372\mecheck\lib\site-packages\mongoengine\document.py", line 439, in save
    raise OperationError(message % err)
mongoengine.errors.OperationError: Could not save document (Authentication failed.)
[2020-06-05 10:06:07,246] [basehttp.py:154] [basehttp:log_message] [ERROR]- "POST /mongotest/mongotest-upload/ HTTP/1.1" 500 211110
[2020-06-05 10:07:23,864] [log.py:228] [log:log_response] [ERROR]- Internal Server Error: /mongotest/mongotest-upload/
Traceback (most recent call last):
  File "C:\Python372\mecheck\lib\site-packages\mongoengine\document.py", line 408, in save
    object_id = self._save_create(doc, force_insert, write_concern)
  File "C:\Python372\mecheck\lib\site-packages\mongoengine\document.py", line 463, in _save_create
    return wc_collection.insert_one(doc).inserted_id
  File "C:\Python372\mecheck\lib\site-packages\pymongo\collection.py", line 698, in insert_one
    session=session),
  File "C:\Python372\mecheck\lib\site-packages\pymongo\collection.py", line 612, in _insert
    bypass_doc_val, session)
  File "C:\Python372\mecheck\lib\site-packages\pymongo\collection.py", line 600, in _insert_one
    acknowledged, _insert_command, session)
  File "C:\Python372\mecheck\lib\site-packages\pymongo\mongo_client.py", line 1491, in _retryable_write
    return self._retry_with_session(retryable, func, s, None)
  File "C:\Python372\mecheck\lib\site-packages\pymongo\mongo_client.py", line 1377, in _retry_with_session
    with self._get_socket(server, session) as sock_info:
  File "C:\Python372\lib\contextlib.py", line 112, in __enter__
    return next(self.gen)
  File "C:\Python372\mecheck\lib\site-packages\pymongo\mongo_client.py", line 1222, in _get_socket
    self.__all_credentials, checkout=exhaust) as sock_info:
  File "C:\Python372\lib\contextlib.py", line 112, in __enter__
    return next(self.gen)
  File "C:\Python372\mecheck\lib\site-packages\pymongo\pool.py", line 1138, in get_socket
    sock_info.check_auth(all_credentials)
  File "C:\Python372\mecheck\lib\site-packages\pymongo\pool.py", line 712, in check_auth
    auth.authenticate(credentials, self)
  File "C:\Python372\mecheck\lib\site-packages\pymongo\auth.py", line 564, in authenticate
    auth_func(credentials, sock_info)
  File "C:\Python372\mecheck\lib\site-packages\pymongo\auth.py", line 539, in _authenticate_default
    return _authenticate_scram(credentials, sock_info, 'SCRAM-SHA-1')
  File "C:\Python372\mecheck\lib\site-packages\pymongo\auth.py", line 263, in _authenticate_scram
    res = sock_info.command(source, cmd)
  File "C:\Python372\mecheck\lib\site-packages\pymongo\pool.py", line 613, in command
    user_fields=user_fields)
  File "C:\Python372\mecheck\lib\site-packages\pymongo\network.py", line 167, in command
    parse_write_concern_error=parse_write_concern_error)
  File "C:\Python372\mecheck\lib\site-packages\pymongo\helpers.py", line 159, in _check_command_response
    raise OperationFailure(msg % errmsg, code, response)
pymongo.errors.OperationFailure: Authentication failed.

During handling of the above exception, another exception occurred:

Traceback (most recent call last):
  File "C:\Python372\mecheck\lib\site-packages\django\core\handlers\exception.py", line 34, in inner
    response = get_response(request)
  File "C:\Python372\mecheck\lib\site-packages\django\core\handlers\base.py", line 126, in _get_response
    response = self.process_exception_by_middleware(e, request)
  File "C:\Python372\mecheck\lib\site-packages\django\core\handlers\base.py", line 124, in _get_response
    response = wrapped_callback(request, *callback_args, **callback_kwargs)
  File "C:\Python372\mecheck\lib\site-packages\django\views\decorators\csrf.py", line 54, in wrapped_view
    return view_func(*args, **kwargs)
  File "C:\Python372\mecheck\lib\site-packages\django\views\generic\base.py", line 68, in view
    return self.dispatch(request, *args, **kwargs)
  File "C:\Python372\mecheck\lib\site-packages\rest_framework\views.py", line 505, in dispatch
    response = self.handle_exception(exc)
  File "C:\Python372\mecheck\lib\site-packages\rest_framework\views.py", line 465, in handle_exception
    self.raise_uncaught_exception(exc)
  File "C:\Python372\mecheck\lib\site-packages\rest_framework\views.py", line 476, in raise_uncaught_exception
    raise exc
  File "C:\Python372\mecheck\lib\site-packages\rest_framework\views.py", line 502, in dispatch
    response = handler(request, *args, **kwargs)
  File "C:\djangoproject\Reliability_Row_data\mongotest\views.py", line 42, in post
    StudentModel.objects.create(name=name, age=age, password=password)
  File "C:\Python372\mecheck\lib\site-packages\mongoengine\queryset\base.py", line 281, in create
    return self._document(**kwargs).save(force_insert=True)
  File "C:\Python372\mecheck\lib\site-packages\mongoengine\document.py", line 439, in save
    raise OperationError(message % err)
mongoengine.errors.OperationError: Could not save document (Authentication failed.)
[2020-06-05 10:07:23,870] [basehttp.py:154] [basehttp:log_message] [ERROR]- "POST /mongotest/mongotest-upload/ HTTP/1.1" 500 211108
[2020-06-05 11:44:32,423] [log.py:228] [log:log_response] [ERROR]- Internal Server Error: /mongotest/mongotest-upload/
Traceback (most recent call last):
  File "C:\Python372\mecheck\lib\site-packages\django\core\handlers\exception.py", line 34, in inner
    response = get_response(request)
  File "C:\Python372\mecheck\lib\site-packages\django\core\handlers\base.py", line 126, in _get_response
    response = self.process_exception_by_middleware(e, request)
  File "C:\Python372\mecheck\lib\site-packages\django\core\handlers\base.py", line 124, in _get_response
    response = wrapped_callback(request, *callback_args, **callback_kwargs)
  File "C:\Python372\mecheck\lib\site-packages\django\views\decorators\csrf.py", line 54, in wrapped_view
    return view_func(*args, **kwargs)
  File "C:\Python372\mecheck\lib\site-packages\django\views\generic\base.py", line 68, in view
    return self.dispatch(request, *args, **kwargs)
  File "C:\Python372\mecheck\lib\site-packages\rest_framework\views.py", line 505, in dispatch
    response = self.handle_exception(exc)
  File "C:\Python372\mecheck\lib\site-packages\rest_framework\views.py", line 465, in handle_exception
    self.raise_uncaught_exception(exc)
  File "C:\Python372\mecheck\lib\site-packages\rest_framework\views.py", line 476, in raise_uncaught_exception
    raise exc
  File "C:\Python372\mecheck\lib\site-packages\rest_framework\views.py", line 502, in dispatch
    response = handler(request, *args, **kwargs)
  File "C:\Python372\mecheck\lib\site-packages\rest_framework_mongoengine\generics.py", line 71, in get
    return self.list(request, *args, **kwargs)
  File "C:\Python372\mecheck\lib\site-packages\rest_framework\mixins.py", line 46, in list
    return Response(serializer.data)
  File "C:\Python372\mecheck\lib\site-packages\rest_framework\serializers.py", line 760, in data
    ret = super().data
  File "C:\Python372\mecheck\lib\site-packages\rest_framework\serializers.py", line 260, in data
    self._data = self.to_representation(self.instance)
  File "C:\Python372\mecheck\lib\site-packages\rest_framework\serializers.py", line 678, in to_representation
    self.child.to_representation(item) for item in iterable
  File "C:\Python372\mecheck\lib\site-packages\rest_framework\serializers.py", line 678, in <listcomp>
    self.child.to_representation(item) for item in iterable
  File "C:\Python372\mecheck\lib\site-packages\mongoengine\queryset\queryset.py", line 110, in _iter_results
    self._populate_cache()
  File "C:\Python372\mecheck\lib\site-packages\mongoengine\queryset\queryset.py", line 129, in _populate_cache
    self._result_cache.append(next(self))
  File "C:\Python372\mecheck\lib\site-packages\mongoengine\queryset\base.py", line 1590, in __next__
    raw_doc = next(self._cursor)
  File "C:\Python372\mecheck\lib\site-packages\pymongo\cursor.py", line 1156, in next
    if len(self.__data) or self._refresh():
  File "C:\Python372\mecheck\lib\site-packages\pymongo\cursor.py", line 1073, in _refresh
    self.__send_message(q)
  File "C:\Python372\mecheck\lib\site-packages\pymongo\cursor.py", line 955, in __send_message
    address=self.__address)
  File "C:\Python372\mecheck\lib\site-packages\pymongo\mongo_client.py", line 1346, in _run_operation_with_response
    exhaust=exhaust)
  File "C:\Python372\mecheck\lib\site-packages\pymongo\mongo_client.py", line 1458, in _retryable_read
    exhaust=exhaust) as (sock_info,
  File "C:\Python372\lib\contextlib.py", line 112, in __enter__
    return next(self.gen)
  File "C:\Python372\mecheck\lib\site-packages\pymongo\mongo_client.py", line 1282, in _slaveok_for_server
    with self._get_socket(server, session, exhaust=exhaust) as sock_info:
  File "C:\Python372\lib\contextlib.py", line 112, in __enter__
    return next(self.gen)
  File "C:\Python372\mecheck\lib\site-packages\pymongo\mongo_client.py", line 1222, in _get_socket
    self.__all_credentials, checkout=exhaust) as sock_info:
  File "C:\Python372\lib\contextlib.py", line 112, in __enter__
    return next(self.gen)
  File "C:\Python372\mecheck\lib\site-packages\pymongo\pool.py", line 1138, in get_socket
    sock_info.check_auth(all_credentials)
  File "C:\Python372\mecheck\lib\site-packages\pymongo\pool.py", line 712, in check_auth
    auth.authenticate(credentials, self)
  File "C:\Python372\mecheck\lib\site-packages\pymongo\auth.py", line 564, in authenticate
    auth_func(credentials, sock_info)
  File "C:\Python372\mecheck\lib\site-packages\pymongo\auth.py", line 539, in _authenticate_default
    return _authenticate_scram(credentials, sock_info, 'SCRAM-SHA-1')
  File "C:\Python372\mecheck\lib\site-packages\pymongo\auth.py", line 263, in _authenticate_scram
    res = sock_info.command(source, cmd)
  File "C:\Python372\mecheck\lib\site-packages\pymongo\pool.py", line 613, in command
    user_fields=user_fields)
  File "C:\Python372\mecheck\lib\site-packages\pymongo\network.py", line 167, in command
    parse_write_concern_error=parse_write_concern_error)
  File "C:\Python372\mecheck\lib\site-packages\pymongo\helpers.py", line 159, in _check_command_response
    raise OperationFailure(msg % errmsg, code, response)
pymongo.errors.OperationFailure: Authentication failed.
[2020-06-05 11:44:32,435] [basehttp.py:154] [basehttp:log_message] [ERROR]- "GET /mongotest/mongotest-upload/ HTTP/1.1" 500 224986
[2020-06-05 11:44:40,384] [log.py:228] [log:log_response] [ERROR]- Internal Server Error: /mongotest/mongotest-upload/
Traceback (most recent call last):
  File "C:\Python372\mecheck\lib\site-packages\django\core\handlers\exception.py", line 34, in inner
    response = get_response(request)
  File "C:\Python372\mecheck\lib\site-packages\django\core\handlers\base.py", line 126, in _get_response
    response = self.process_exception_by_middleware(e, request)
  File "C:\Python372\mecheck\lib\site-packages\django\core\handlers\base.py", line 124, in _get_response
    response = wrapped_callback(request, *callback_args, **callback_kwargs)
  File "C:\Python372\mecheck\lib\site-packages\django\views\decorators\csrf.py", line 54, in wrapped_view
    return view_func(*args, **kwargs)
  File "C:\Python372\mecheck\lib\site-packages\django\views\generic\base.py", line 68, in view
    return self.dispatch(request, *args, **kwargs)
  File "C:\Python372\mecheck\lib\site-packages\rest_framework\views.py", line 505, in dispatch
    response = self.handle_exception(exc)
  File "C:\Python372\mecheck\lib\site-packages\rest_framework\views.py", line 465, in handle_exception
    self.raise_uncaught_exception(exc)
  File "C:\Python372\mecheck\lib\site-packages\rest_framework\views.py", line 476, in raise_uncaught_exception
    raise exc
  File "C:\Python372\mecheck\lib\site-packages\rest_framework\views.py", line 502, in dispatch
    response = handler(request, *args, **kwargs)
  File "C:\Python372\mecheck\lib\site-packages\rest_framework_mongoengine\generics.py", line 71, in get
    return self.list(request, *args, **kwargs)
  File "C:\Python372\mecheck\lib\site-packages\rest_framework\mixins.py", line 46, in list
    return Response(serializer.data)
  File "C:\Python372\mecheck\lib\site-packages\rest_framework\serializers.py", line 760, in data
    ret = super().data
  File "C:\Python372\mecheck\lib\site-packages\rest_framework\serializers.py", line 260, in data
    self._data = self.to_representation(self.instance)
  File "C:\Python372\mecheck\lib\site-packages\rest_framework\serializers.py", line 678, in to_representation
    self.child.to_representation(item) for item in iterable
  File "C:\Python372\mecheck\lib\site-packages\rest_framework\serializers.py", line 678, in <listcomp>
    self.child.to_representation(item) for item in iterable
  File "C:\Python372\mecheck\lib\site-packages\mongoengine\queryset\queryset.py", line 110, in _iter_results
    self._populate_cache()
  File "C:\Python372\mecheck\lib\site-packages\mongoengine\queryset\queryset.py", line 129, in _populate_cache
    self._result_cache.append(next(self))
  File "C:\Python372\mecheck\lib\site-packages\mongoengine\queryset\base.py", line 1590, in __next__
    raw_doc = next(self._cursor)
  File "C:\Python372\mecheck\lib\site-packages\pymongo\cursor.py", line 1156, in next
    if len(self.__data) or self._refresh():
  File "C:\Python372\mecheck\lib\site-packages\pymongo\cursor.py", line 1073, in _refresh
    self.__send_message(q)
  File "C:\Python372\mecheck\lib\site-packages\pymongo\cursor.py", line 955, in __send_message
    address=self.__address)
  File "C:\Python372\mecheck\lib\site-packages\pymongo\mongo_client.py", line 1346, in _run_operation_with_response
    exhaust=exhaust)
  File "C:\Python372\mecheck\lib\site-packages\pymongo\mongo_client.py", line 1458, in _retryable_read
    exhaust=exhaust) as (sock_info,
  File "C:\Python372\lib\contextlib.py", line 112, in __enter__
    return next(self.gen)
  File "C:\Python372\mecheck\lib\site-packages\pymongo\mongo_client.py", line 1282, in _slaveok_for_server
    with self._get_socket(server, session, exhaust=exhaust) as sock_info:
  File "C:\Python372\lib\contextlib.py", line 112, in __enter__
    return next(self.gen)
  File "C:\Python372\mecheck\lib\site-packages\pymongo\mongo_client.py", line 1222, in _get_socket
    self.__all_credentials, checkout=exhaust) as sock_info:
  File "C:\Python372\lib\contextlib.py", line 112, in __enter__
    return next(self.gen)
  File "C:\Python372\mecheck\lib\site-packages\pymongo\pool.py", line 1138, in get_socket
    sock_info.check_auth(all_credentials)
  File "C:\Python372\mecheck\lib\site-packages\pymongo\pool.py", line 712, in check_auth
    auth.authenticate(credentials, self)
  File "C:\Python372\mecheck\lib\site-packages\pymongo\auth.py", line 564, in authenticate
    auth_func(credentials, sock_info)
  File "C:\Python372\mecheck\lib\site-packages\pymongo\auth.py", line 539, in _authenticate_default
    return _authenticate_scram(credentials, sock_info, 'SCRAM-SHA-1')
  File "C:\Python372\mecheck\lib\site-packages\pymongo\auth.py", line 263, in _authenticate_scram
    res = sock_info.command(source, cmd)
  File "C:\Python372\mecheck\lib\site-packages\pymongo\pool.py", line 613, in command
    user_fields=user_fields)
  File "C:\Python372\mecheck\lib\site-packages\pymongo\network.py", line 167, in command
    parse_write_concern_error=parse_write_concern_error)
  File "C:\Python372\mecheck\lib\site-packages\pymongo\helpers.py", line 159, in _check_command_response
    raise OperationFailure(msg % errmsg, code, response)
pymongo.errors.OperationFailure: Authentication failed.
[2020-06-05 11:44:40,388] [basehttp.py:154] [basehttp:log_message] [ERROR]- "GET /mongotest/mongotest-upload/ HTTP/1.1" 500 224849
[2020-06-05 11:53:33,321] [log.py:228] [log:log_response] [ERROR]- Internal Server Error: /mongotest/mongotest-upload/
Traceback (most recent call last):
  File "C:\Python372\mecheck\lib\site-packages\django\core\handlers\exception.py", line 34, in inner
    response = get_response(request)
  File "C:\Python372\mecheck\lib\site-packages\django\core\handlers\base.py", line 126, in _get_response
    response = self.process_exception_by_middleware(e, request)
  File "C:\Python372\mecheck\lib\site-packages\django\core\handlers\base.py", line 124, in _get_response
    response = wrapped_callback(request, *callback_args, **callback_kwargs)
  File "C:\Python372\mecheck\lib\site-packages\django\views\decorators\csrf.py", line 54, in wrapped_view
    return view_func(*args, **kwargs)
  File "C:\Python372\mecheck\lib\site-packages\django\views\generic\base.py", line 68, in view
    return self.dispatch(request, *args, **kwargs)
  File "C:\Python372\mecheck\lib\site-packages\rest_framework\views.py", line 505, in dispatch
    response = self.handle_exception(exc)
  File "C:\Python372\mecheck\lib\site-packages\rest_framework\views.py", line 465, in handle_exception
    self.raise_uncaught_exception(exc)
  File "C:\Python372\mecheck\lib\site-packages\rest_framework\views.py", line 476, in raise_uncaught_exception
    raise exc
  File "C:\Python372\mecheck\lib\site-packages\rest_framework\views.py", line 502, in dispatch
    response = handler(request, *args, **kwargs)
  File "C:\Python372\mecheck\lib\site-packages\rest_framework_mongoengine\generics.py", line 71, in get
    return self.list(request, *args, **kwargs)
  File "C:\Python372\mecheck\lib\site-packages\rest_framework\mixins.py", line 46, in list
    return Response(serializer.data)
  File "C:\Python372\mecheck\lib\site-packages\rest_framework\serializers.py", line 760, in data
    ret = super().data
  File "C:\Python372\mecheck\lib\site-packages\rest_framework\serializers.py", line 260, in data
    self._data = self.to_representation(self.instance)
  File "C:\Python372\mecheck\lib\site-packages\rest_framework\serializers.py", line 678, in to_representation
    self.child.to_representation(item) for item in iterable
  File "C:\Python372\mecheck\lib\site-packages\rest_framework\serializers.py", line 678, in <listcomp>
    self.child.to_representation(item) for item in iterable
  File "C:\Python372\mecheck\lib\site-packages\mongoengine\queryset\queryset.py", line 110, in _iter_results
    self._populate_cache()
  File "C:\Python372\mecheck\lib\site-packages\mongoengine\queryset\queryset.py", line 129, in _populate_cache
    self._result_cache.append(next(self))
  File "C:\Python372\mecheck\lib\site-packages\mongoengine\queryset\base.py", line 1590, in __next__
    raw_doc = next(self._cursor)
  File "C:\Python372\mecheck\lib\site-packages\pymongo\cursor.py", line 1156, in next
    if len(self.__data) or self._refresh():
  File "C:\Python372\mecheck\lib\site-packages\pymongo\cursor.py", line 1073, in _refresh
    self.__send_message(q)
  File "C:\Python372\mecheck\lib\site-packages\pymongo\cursor.py", line 955, in __send_message
    address=self.__address)
  File "C:\Python372\mecheck\lib\site-packages\pymongo\mongo_client.py", line 1346, in _run_operation_with_response
    exhaust=exhaust)
  File "C:\Python372\mecheck\lib\site-packages\pymongo\mongo_client.py", line 1458, in _retryable_read
    exhaust=exhaust) as (sock_info,
  File "C:\Python372\lib\contextlib.py", line 112, in __enter__
    return next(self.gen)
  File "C:\Python372\mecheck\lib\site-packages\pymongo\mongo_client.py", line 1282, in _slaveok_for_server
    with self._get_socket(server, session, exhaust=exhaust) as sock_info:
  File "C:\Python372\lib\contextlib.py", line 112, in __enter__
    return next(self.gen)
  File "C:\Python372\mecheck\lib\site-packages\pymongo\mongo_client.py", line 1222, in _get_socket
    self.__all_credentials, checkout=exhaust) as sock_info:
  File "C:\Python372\lib\contextlib.py", line 112, in __enter__
    return next(self.gen)
  File "C:\Python372\mecheck\lib\site-packages\pymongo\pool.py", line 1138, in get_socket
    sock_info.check_auth(all_credentials)
  File "C:\Python372\mecheck\lib\site-packages\pymongo\pool.py", line 712, in check_auth
    auth.authenticate(credentials, self)
  File "C:\Python372\mecheck\lib\site-packages\pymongo\auth.py", line 564, in authenticate
    auth_func(credentials, sock_info)
  File "C:\Python372\mecheck\lib\site-packages\pymongo\auth.py", line 539, in _authenticate_default
    return _authenticate_scram(credentials, sock_info, 'SCRAM-SHA-1')
  File "C:\Python372\mecheck\lib\site-packages\pymongo\auth.py", line 263, in _authenticate_scram
    res = sock_info.command(source, cmd)
  File "C:\Python372\mecheck\lib\site-packages\pymongo\pool.py", line 613, in command
    user_fields=user_fields)
  File "C:\Python372\mecheck\lib\site-packages\pymongo\network.py", line 167, in command
    parse_write_concern_error=parse_write_concern_error)
  File "C:\Python372\mecheck\lib\site-packages\pymongo\helpers.py", line 159, in _check_command_response
    raise OperationFailure(msg % errmsg, code, response)
pymongo.errors.OperationFailure: Authentication failed.
[2020-06-05 11:53:33,330] [basehttp.py:154] [basehttp:log_message] [ERROR]- "GET /mongotest/mongotest-upload/ HTTP/1.1" 500 224986
[2020-06-05 12:02:22,386] [log.py:228] [log:log_response] [ERROR]- Internal Server Error: /mongotest/mongotest-upload/
Traceback (most recent call last):
  File "C:\Python372\mecheck\lib\site-packages\django\core\handlers\exception.py", line 34, in inner
    response = get_response(request)
  File "C:\Python372\mecheck\lib\site-packages\django\core\handlers\base.py", line 156, in _get_response
    response = self.process_exception_by_middleware(e, request)
  File "C:\Python372\mecheck\lib\site-packages\django\core\handlers\base.py", line 154, in _get_response
    response = response.render()
  File "C:\Python372\mecheck\lib\site-packages\django\template\response.py", line 106, in render
    self.content = self.rendered_content
  File "C:\Python372\mecheck\lib\site-packages\rest_framework\response.py", line 70, in rendered_content
    ret = renderer.render(self.data, accepted_media_type, context)
  File "C:\Python372\mecheck\lib\site-packages\rest_framework\renderers.py", line 724, in render
    context = self.get_context(data, accepted_media_type, renderer_context)
  File "C:\Python372\mecheck\lib\site-packages\rest_framework\renderers.py", line 655, in get_context
    raw_data_post_form = self.get_raw_data_form(data, view, 'POST', request)
  File "C:\Python372\mecheck\lib\site-packages\rest_framework\renderers.py", line 563, in get_raw_data_form
    data = serializer.data.copy()
  File "C:\Python372\mecheck\lib\site-packages\rest_framework\serializers.py", line 562, in data
    ret = super().data
  File "C:\Python372\mecheck\lib\site-packages\rest_framework\serializers.py", line 264, in data
    self._data = self.get_initial()
  File "C:\Python372\mecheck\lib\site-packages\rest_framework\serializers.py", line 412, in get_initial
    for field in self.fields.values()
  File "C:\Python372\mecheck\lib\site-packages\django\utils\functional.py", line 37, in __get__
    res = instance.__dict__[self.name] = self.func(instance)
  File "C:\Python372\mecheck\lib\site-packages\rest_framework\serializers.py", line 363, in fields
    for key, value in self.get_fields().items():
  File "C:\Python372\mecheck\lib\site-packages\rest_framework_mongoengine\serializers.py", line 304, in get_fields
    serializer_class=self.__class__.__name__
AssertionError: Class StudentSerializers missing "Meta.model" attribute
[2020-06-05 12:02:22,389] [basehttp.py:154] [basehttp:log_message] [ERROR]- "GET /mongotest/mongotest-upload/ HTTP/1.1" 500 118713
[2020-06-05 12:03:43,182] [log.py:228] [log:log_response] [ERROR]- Internal Server Error: /mongotest/mongotest-upload/
Traceback (most recent call last):
  File "C:\Python372\mecheck\lib\site-packages\django\core\handlers\exception.py", line 34, in inner
    response = get_response(request)
  File "C:\Python372\mecheck\lib\site-packages\django\core\handlers\base.py", line 156, in _get_response
    response = self.process_exception_by_middleware(e, request)
  File "C:\Python372\mecheck\lib\site-packages\django\core\handlers\base.py", line 154, in _get_response
    response = response.render()
  File "C:\Python372\mecheck\lib\site-packages\django\template\response.py", line 106, in render
    self.content = self.rendered_content
  File "C:\Python372\mecheck\lib\site-packages\rest_framework\response.py", line 70, in rendered_content
    ret = renderer.render(self.data, accepted_media_type, context)
  File "C:\Python372\mecheck\lib\site-packages\rest_framework\renderers.py", line 724, in render
    context = self.get_context(data, accepted_media_type, renderer_context)
  File "C:\Python372\mecheck\lib\site-packages\rest_framework\renderers.py", line 655, in get_context
    raw_data_post_form = self.get_raw_data_form(data, view, 'POST', request)
  File "C:\Python372\mecheck\lib\site-packages\rest_framework\renderers.py", line 563, in get_raw_data_form
    data = serializer.data.copy()
  File "C:\Python372\mecheck\lib\site-packages\rest_framework\serializers.py", line 562, in data
    ret = super().data
  File "C:\Python372\mecheck\lib\site-packages\rest_framework\serializers.py", line 264, in data
    self._data = self.get_initial()
  File "C:\Python372\mecheck\lib\site-packages\rest_framework\serializers.py", line 412, in get_initial
    for field in self.fields.values()
  File "C:\Python372\mecheck\lib\site-packages\django\utils\functional.py", line 37, in __get__
    res = instance.__dict__[self.name] = self.func(instance)
  File "C:\Python372\mecheck\lib\site-packages\rest_framework\serializers.py", line 363, in fields
    for key, value in self.get_fields().items():
  File "C:\Python372\mecheck\lib\site-packages\rest_framework_mongoengine\serializers.py", line 304, in get_fields
    serializer_class=self.__class__.__name__
AssertionError: Class StudentSerializers missing "Meta.model" attribute
[2020-06-05 12:03:43,184] [basehttp.py:154] [basehttp:log_message] [ERROR]- "GET /mongotest/mongotest-upload/ HTTP/1.1" 500 118842
[2020-06-05 13:10:57,677] [log.py:228] [log:log_response] [ERROR]- Internal Server Error: /mongotest/mongotest-upload/
Traceback (most recent call last):
  File "C:\Python372\mecheck\lib\site-packages\django\core\handlers\exception.py", line 34, in inner
    response = get_response(request)
  File "C:\Python372\mecheck\lib\site-packages\django\core\handlers\base.py", line 126, in _get_response
    response = self.process_exception_by_middleware(e, request)
  File "C:\Python372\mecheck\lib\site-packages\django\core\handlers\base.py", line 124, in _get_response
    response = wrapped_callback(request, *callback_args, **callback_kwargs)
  File "C:\Python372\mecheck\lib\site-packages\django\views\decorators\csrf.py", line 54, in wrapped_view
    return view_func(*args, **kwargs)
  File "C:\Python372\mecheck\lib\site-packages\django\views\generic\base.py", line 68, in view
    return self.dispatch(request, *args, **kwargs)
  File "C:\Python372\mecheck\lib\site-packages\rest_framework\views.py", line 505, in dispatch
    response = self.handle_exception(exc)
  File "C:\Python372\mecheck\lib\site-packages\rest_framework\views.py", line 465, in handle_exception
    self.raise_uncaught_exception(exc)
  File "C:\Python372\mecheck\lib\site-packages\rest_framework\views.py", line 476, in raise_uncaught_exception
    raise exc
  File "C:\Python372\mecheck\lib\site-packages\rest_framework\views.py", line 502, in dispatch
    response = handler(request, *args, **kwargs)
  File "C:\Python372\mecheck\lib\site-packages\rest_framework_mongoengine\generics.py", line 71, in get
    return self.list(request, *args, **kwargs)
  File "C:\Python372\mecheck\lib\site-packages\rest_framework\mixins.py", line 46, in list
    return Response(serializer.data)
  File "C:\Python372\mecheck\lib\site-packages\rest_framework\serializers.py", line 760, in data
    ret = super().data
  File "C:\Python372\mecheck\lib\site-packages\rest_framework\serializers.py", line 260, in data
    self._data = self.to_representation(self.instance)
  File "C:\Python372\mecheck\lib\site-packages\rest_framework\serializers.py", line 678, in to_representation
    self.child.to_representation(item) for item in iterable
  File "C:\Python372\mecheck\lib\site-packages\rest_framework\serializers.py", line 678, in <listcomp>
    self.child.to_representation(item) for item in iterable
  File "C:\Python372\mecheck\lib\site-packages\mongoengine\queryset\queryset.py", line 110, in _iter_results
    self._populate_cache()
  File "C:\Python372\mecheck\lib\site-packages\mongoengine\queryset\queryset.py", line 129, in _populate_cache
    self._result_cache.append(next(self))
  File "C:\Python372\mecheck\lib\site-packages\mongoengine\queryset\base.py", line 1598, in __next__
    only_fields=self.only_fields,
  File "C:\Python372\mecheck\lib\site-packages\mongoengine\base\document.py", line 784, in _from_son
    __auto_convert=False, _created=created, __only_fields=only_fields, **data
  File "C:\Python372\mecheck\lib\site-packages\mongoengine\base\document.py", line 99, in __init__
    raise FieldDoesNotExist(msg)
mongoengine.errors.FieldDoesNotExist: The fields "{'lng', 'siteid', 'lat', 'title'}" do not exist on the document "StudentModel"
[2020-06-05 13:10:57,681] [basehttp.py:154] [basehttp:log_message] [ERROR]- "GET /mongotest/mongotest-upload/ HTTP/1.1" 500 144154
[2020-06-05 13:14:29,527] [log.py:228] [log:log_response] [ERROR]- Internal Server Error: /mongotest/mongotest-upload/
Traceback (most recent call last):
  File "C:\Python372\mecheck\lib\site-packages\django\core\handlers\exception.py", line 34, in inner
    response = get_response(request)
  File "C:\Python372\mecheck\lib\site-packages\django\core\handlers\base.py", line 156, in _get_response
    response = self.process_exception_by_middleware(e, request)
  File "C:\Python372\mecheck\lib\site-packages\django\core\handlers\base.py", line 154, in _get_response
    response = response.render()
  File "C:\Python372\mecheck\lib\site-packages\django\template\response.py", line 106, in render
    self.content = self.rendered_content
  File "C:\Python372\mecheck\lib\site-packages\rest_framework\response.py", line 70, in rendered_content
    ret = renderer.render(self.data, accepted_media_type, context)
  File "C:\Python372\mecheck\lib\site-packages\rest_framework\renderers.py", line 724, in render
    context = self.get_context(data, accepted_media_type, renderer_context)
  File "C:\Python372\mecheck\lib\site-packages\rest_framework\renderers.py", line 655, in get_context
    raw_data_post_form = self.get_raw_data_form(data, view, 'POST', request)
  File "C:\Python372\mecheck\lib\site-packages\rest_framework\renderers.py", line 563, in get_raw_data_form
    data = serializer.data.copy()
  File "C:\Python372\mecheck\lib\site-packages\rest_framework\serializers.py", line 562, in data
    ret = super().data
  File "C:\Python372\mecheck\lib\site-packages\rest_framework\serializers.py", line 264, in data
    self._data = self.get_initial()
  File "C:\Python372\mecheck\lib\site-packages\rest_framework\serializers.py", line 412, in get_initial
    for field in self.fields.values()
  File "C:\Python372\mecheck\lib\site-packages\django\utils\functional.py", line 37, in __get__
    res = instance.__dict__[self.name] = self.func(instance)
  File "C:\Python372\mecheck\lib\site-packages\rest_framework\serializers.py", line 363, in fields
    for key, value in self.get_fields().items():
  File "C:\Python372\mecheck\lib\site-packages\rest_framework_mongoengine\serializers.py", line 304, in get_fields
    serializer_class=self.__class__.__name__
AssertionError: Class StudentSerializers missing "Meta.model" attribute
[2020-06-05 13:14:29,529] [basehttp.py:154] [basehttp:log_message] [ERROR]- "GET /mongotest/mongotest-upload/ HTTP/1.1" 500 119336
[2020-06-05 13:18:04,949] [log.py:228] [log:log_response] [ERROR]- Internal Server Error: /mongotest/mongotest-upload/
Traceback (most recent call last):
  File "C:\Python372\mecheck\lib\site-packages\django\core\handlers\exception.py", line 34, in inner
    response = get_response(request)
  File "C:\Python372\mecheck\lib\site-packages\django\core\handlers\base.py", line 126, in _get_response
    response = self.process_exception_by_middleware(e, request)
  File "C:\Python372\mecheck\lib\site-packages\django\core\handlers\base.py", line 124, in _get_response
    response = wrapped_callback(request, *callback_args, **callback_kwargs)
  File "C:\Python372\mecheck\lib\site-packages\django\views\decorators\csrf.py", line 54, in wrapped_view
    return view_func(*args, **kwargs)
  File "C:\Python372\mecheck\lib\site-packages\django\views\generic\base.py", line 68, in view
    return self.dispatch(request, *args, **kwargs)
  File "C:\Python372\mecheck\lib\site-packages\rest_framework\views.py", line 505, in dispatch
    response = self.handle_exception(exc)
  File "C:\Python372\mecheck\lib\site-packages\rest_framework\views.py", line 465, in handle_exception
    self.raise_uncaught_exception(exc)
  File "C:\Python372\mecheck\lib\site-packages\rest_framework\views.py", line 476, in raise_uncaught_exception
    raise exc
  File "C:\Python372\mecheck\lib\site-packages\rest_framework\views.py", line 502, in dispatch
    response = handler(request, *args, **kwargs)
  File "C:\Python372\mecheck\lib\site-packages\rest_framework_mongoengine\generics.py", line 74, in post
    return self.create(request, *args, **kwargs)
  File "C:\Python372\mecheck\lib\site-packages\rest_framework\mixins.py", line 19, in create
    self.perform_create(serializer)
  File "C:\Python372\mecheck\lib\site-packages\rest_framework\mixins.py", line 24, in perform_create
    serializer.save()
  File "C:\Python372\mecheck\lib\site-packages\rest_framework\serializers.py", line 212, in save
    self.instance = self.create(validated_data)
  File "C:\Python372\mecheck\lib\site-packages\rest_framework_mongoengine\serializers.py", line 162, in create
    instance = self.recursive_save(validated_data)
  File "C:\Python372\mecheck\lib\site-packages\rest_framework_mongoengine\serializers.py", line 262, in recursive_save
    instance.save()
  File "C:\Python372\mecheck\lib\site-packages\mongoengine\document.py", line 408, in save
    object_id = self._save_create(doc, force_insert, write_concern)
  File "C:\Python372\mecheck\lib\site-packages\mongoengine\document.py", line 473, in _save_create
    object_id = wc_collection.insert_one(doc).inserted_id
  File "C:\Python372\mecheck\lib\site-packages\pymongo\collection.py", line 698, in insert_one
    session=session),
  File "C:\Python372\mecheck\lib\site-packages\pymongo\collection.py", line 612, in _insert
    bypass_doc_val, session)
  File "C:\Python372\mecheck\lib\site-packages\pymongo\collection.py", line 600, in _insert_one
    acknowledged, _insert_command, session)
  File "C:\Python372\mecheck\lib\site-packages\pymongo\mongo_client.py", line 1491, in _retryable_write
    return self._retry_with_session(retryable, func, s, None)
  File "C:\Python372\mecheck\lib\site-packages\pymongo\mongo_client.py", line 1384, in _retry_with_session
    return func(session, sock_info, retryable)
  File "C:\Python372\mecheck\lib\site-packages\pymongo\collection.py", line 595, in _insert_command
    retryable_write=retryable_write)
  File "C:\Python372\mecheck\lib\site-packages\pymongo\pool.py", line 618, in command
    self._raise_connection_failure(error)
  File "C:\Python372\mecheck\lib\site-packages\pymongo\pool.py", line 613, in command
    user_fields=user_fields)
  File "C:\Python372\mecheck\lib\site-packages\pymongo\network.py", line 167, in command
    parse_write_concern_error=parse_write_concern_error)
  File "C:\Python372\mecheck\lib\site-packages\pymongo\helpers.py", line 136, in _check_command_response
    raise NotMasterError(errmsg, response)
pymongo.errors.NotMasterError: not master
[2020-06-05 13:18:04,955] [basehttp.py:154] [basehttp:log_message] [ERROR]- "POST /mongotest/mongotest-upload/ HTTP/1.1" 500 205864
[2020-06-05 13:20:00,626] [log.py:228] [log:log_response] [ERROR]- Internal Server Error: /mongotest/mongotest-upload/
Traceback (most recent call last):
  File "C:\Python372\mecheck\lib\site-packages\django\core\handlers\exception.py", line 34, in inner
    response = get_response(request)
  File "C:\Python372\mecheck\lib\site-packages\django\core\handlers\base.py", line 126, in _get_response
    response = self.process_exception_by_middleware(e, request)
  File "C:\Python372\mecheck\lib\site-packages\django\core\handlers\base.py", line 124, in _get_response
    response = wrapped_callback(request, *callback_args, **callback_kwargs)
  File "C:\Python372\mecheck\lib\site-packages\django\views\decorators\csrf.py", line 54, in wrapped_view
    return view_func(*args, **kwargs)
  File "C:\Python372\mecheck\lib\site-packages\django\views\generic\base.py", line 68, in view
    return self.dispatch(request, *args, **kwargs)
  File "C:\Python372\mecheck\lib\site-packages\rest_framework\views.py", line 505, in dispatch
    response = self.handle_exception(exc)
  File "C:\Python372\mecheck\lib\site-packages\rest_framework\views.py", line 465, in handle_exception
    self.raise_uncaught_exception(exc)
  File "C:\Python372\mecheck\lib\site-packages\rest_framework\views.py", line 476, in raise_uncaught_exception
    raise exc
  File "C:\Python372\mecheck\lib\site-packages\rest_framework\views.py", line 502, in dispatch
    response = handler(request, *args, **kwargs)
  File "C:\Python372\mecheck\lib\site-packages\rest_framework_mongoengine\generics.py", line 74, in post
    return self.create(request, *args, **kwargs)
  File "C:\Python372\mecheck\lib\site-packages\rest_framework\mixins.py", line 19, in create
    self.perform_create(serializer)
  File "C:\Python372\mecheck\lib\site-packages\rest_framework\mixins.py", line 24, in perform_create
    serializer.save()
  File "C:\Python372\mecheck\lib\site-packages\rest_framework\serializers.py", line 212, in save
    self.instance = self.create(validated_data)
  File "C:\Python372\mecheck\lib\site-packages\rest_framework_mongoengine\serializers.py", line 162, in create
    instance = self.recursive_save(validated_data)
  File "C:\Python372\mecheck\lib\site-packages\rest_framework_mongoengine\serializers.py", line 262, in recursive_save
    instance.save()
  File "C:\Python372\mecheck\lib\site-packages\mongoengine\document.py", line 408, in save
    object_id = self._save_create(doc, force_insert, write_concern)
  File "C:\Python372\mecheck\lib\site-packages\mongoengine\document.py", line 473, in _save_create
    object_id = wc_collection.insert_one(doc).inserted_id
  File "C:\Python372\mecheck\lib\site-packages\pymongo\collection.py", line 698, in insert_one
    session=session),
  File "C:\Python372\mecheck\lib\site-packages\pymongo\collection.py", line 612, in _insert
    bypass_doc_val, session)
  File "C:\Python372\mecheck\lib\site-packages\pymongo\collection.py", line 600, in _insert_one
    acknowledged, _insert_command, session)
  File "C:\Python372\mecheck\lib\site-packages\pymongo\mongo_client.py", line 1491, in _retryable_write
    return self._retry_with_session(retryable, func, s, None)
  File "C:\Python372\mecheck\lib\site-packages\pymongo\mongo_client.py", line 1384, in _retry_with_session
    return func(session, sock_info, retryable)
  File "C:\Python372\mecheck\lib\site-packages\pymongo\collection.py", line 595, in _insert_command
    retryable_write=retryable_write)
  File "C:\Python372\mecheck\lib\site-packages\pymongo\pool.py", line 618, in command
    self._raise_connection_failure(error)
  File "C:\Python372\mecheck\lib\site-packages\pymongo\pool.py", line 613, in command
    user_fields=user_fields)
  File "C:\Python372\mecheck\lib\site-packages\pymongo\network.py", line 167, in command
    parse_write_concern_error=parse_write_concern_error)
  File "C:\Python372\mecheck\lib\site-packages\pymongo\helpers.py", line 136, in _check_command_response
    raise NotMasterError(errmsg, response)
pymongo.errors.NotMasterError: not master
[2020-06-05 13:20:00,628] [basehttp.py:154] [basehttp:log_message] [ERROR]- "POST /mongotest/mongotest-upload/ HTTP/1.1" 500 205861
[2020-06-05 13:20:23,006] [log.py:228] [log:log_response] [ERROR]- Internal Server Error: /mongotest/mongotest-upload/
Traceback (most recent call last):
  File "C:\Python372\mecheck\lib\site-packages\django\core\handlers\exception.py", line 34, in inner
    response = get_response(request)
  File "C:\Python372\mecheck\lib\site-packages\django\core\handlers\base.py", line 126, in _get_response
    response = self.process_exception_by_middleware(e, request)
  File "C:\Python372\mecheck\lib\site-packages\django\core\handlers\base.py", line 124, in _get_response
    response = wrapped_callback(request, *callback_args, **callback_kwargs)
  File "C:\Python372\mecheck\lib\site-packages\django\views\decorators\csrf.py", line 54, in wrapped_view
    return view_func(*args, **kwargs)
  File "C:\Python372\mecheck\lib\site-packages\django\views\generic\base.py", line 68, in view
    return self.dispatch(request, *args, **kwargs)
  File "C:\Python372\mecheck\lib\site-packages\rest_framework\views.py", line 505, in dispatch
    response = self.handle_exception(exc)
  File "C:\Python372\mecheck\lib\site-packages\rest_framework\views.py", line 465, in handle_exception
    self.raise_uncaught_exception(exc)
  File "C:\Python372\mecheck\lib\site-packages\rest_framework\views.py", line 476, in raise_uncaught_exception
    raise exc
  File "C:\Python372\mecheck\lib\site-packages\rest_framework\views.py", line 502, in dispatch
    response = handler(request, *args, **kwargs)
  File "C:\Python372\mecheck\lib\site-packages\rest_framework_mongoengine\generics.py", line 74, in post
    return self.create(request, *args, **kwargs)
  File "C:\Python372\mecheck\lib\site-packages\rest_framework\mixins.py", line 19, in create
    self.perform_create(serializer)
  File "C:\Python372\mecheck\lib\site-packages\rest_framework\mixins.py", line 24, in perform_create
    serializer.save()
  File "C:\Python372\mecheck\lib\site-packages\rest_framework\serializers.py", line 212, in save
    self.instance = self.create(validated_data)
  File "C:\Python372\mecheck\lib\site-packages\rest_framework_mongoengine\serializers.py", line 162, in create
    instance = self.recursive_save(validated_data)
  File "C:\Python372\mecheck\lib\site-packages\rest_framework_mongoengine\serializers.py", line 262, in recursive_save
    instance.save()
  File "C:\Python372\mecheck\lib\site-packages\mongoengine\document.py", line 408, in save
    object_id = self._save_create(doc, force_insert, write_concern)
  File "C:\Python372\mecheck\lib\site-packages\mongoengine\document.py", line 473, in _save_create
    object_id = wc_collection.insert_one(doc).inserted_id
  File "C:\Python372\mecheck\lib\site-packages\pymongo\collection.py", line 698, in insert_one
    session=session),
  File "C:\Python372\mecheck\lib\site-packages\pymongo\collection.py", line 612, in _insert
    bypass_doc_val, session)
  File "C:\Python372\mecheck\lib\site-packages\pymongo\collection.py", line 600, in _insert_one
    acknowledged, _insert_command, session)
  File "C:\Python372\mecheck\lib\site-packages\pymongo\mongo_client.py", line 1491, in _retryable_write
    return self._retry_with_session(retryable, func, s, None)
  File "C:\Python372\mecheck\lib\site-packages\pymongo\mongo_client.py", line 1384, in _retry_with_session
    return func(session, sock_info, retryable)
  File "C:\Python372\mecheck\lib\site-packages\pymongo\collection.py", line 595, in _insert_command
    retryable_write=retryable_write)
  File "C:\Python372\mecheck\lib\site-packages\pymongo\pool.py", line 618, in command
    self._raise_connection_failure(error)
  File "C:\Python372\mecheck\lib\site-packages\pymongo\pool.py", line 613, in command
    user_fields=user_fields)
  File "C:\Python372\mecheck\lib\site-packages\pymongo\network.py", line 167, in command
    parse_write_concern_error=parse_write_concern_error)
  File "C:\Python372\mecheck\lib\site-packages\pymongo\helpers.py", line 136, in _check_command_response
    raise NotMasterError(errmsg, response)
pymongo.errors.NotMasterError: not master
[2020-06-05 13:20:23,008] [basehttp.py:154] [basehttp:log_message] [ERROR]- "POST /mongotest/mongotest-upload/ HTTP/1.1" 500 205854
[2020-06-05 13:23:12,336] [log.py:228] [log:log_response] [ERROR]- Internal Server Error: /mongotest/mongotest-upload/
Traceback (most recent call last):
  File "C:\Python372\mecheck\lib\site-packages\django\core\handlers\exception.py", line 34, in inner
    response = get_response(request)
  File "C:\Python372\mecheck\lib\site-packages\django\core\handlers\base.py", line 126, in _get_response
    response = self.process_exception_by_middleware(e, request)
  File "C:\Python372\mecheck\lib\site-packages\django\core\handlers\base.py", line 124, in _get_response
    response = wrapped_callback(request, *callback_args, **callback_kwargs)
  File "C:\Python372\mecheck\lib\site-packages\django\views\decorators\csrf.py", line 54, in wrapped_view
    return view_func(*args, **kwargs)
  File "C:\Python372\mecheck\lib\site-packages\django\views\generic\base.py", line 68, in view
    return self.dispatch(request, *args, **kwargs)
  File "C:\Python372\mecheck\lib\site-packages\rest_framework\views.py", line 505, in dispatch
    response = self.handle_exception(exc)
  File "C:\Python372\mecheck\lib\site-packages\rest_framework\views.py", line 465, in handle_exception
    self.raise_uncaught_exception(exc)
  File "C:\Python372\mecheck\lib\site-packages\rest_framework\views.py", line 476, in raise_uncaught_exception
    raise exc
  File "C:\Python372\mecheck\lib\site-packages\rest_framework\views.py", line 502, in dispatch
    response = handler(request, *args, **kwargs)
  File "C:\Python372\mecheck\lib\site-packages\rest_framework_mongoengine\generics.py", line 74, in post
    return self.create(request, *args, **kwargs)
  File "C:\Python372\mecheck\lib\site-packages\rest_framework\mixins.py", line 19, in create
    self.perform_create(serializer)
  File "C:\Python372\mecheck\lib\site-packages\rest_framework\mixins.py", line 24, in perform_create
    serializer.save()
  File "C:\Python372\mecheck\lib\site-packages\rest_framework\serializers.py", line 212, in save
    self.instance = self.create(validated_data)
  File "C:\Python372\mecheck\lib\site-packages\rest_framework_mongoengine\serializers.py", line 162, in create
    instance = self.recursive_save(validated_data)
  File "C:\Python372\mecheck\lib\site-packages\rest_framework_mongoengine\serializers.py", line 262, in recursive_save
    instance.save()
  File "C:\Python372\mecheck\lib\site-packages\mongoengine\document.py", line 408, in save
    object_id = self._save_create(doc, force_insert, write_concern)
  File "C:\Python372\mecheck\lib\site-packages\mongoengine\document.py", line 473, in _save_create
    object_id = wc_collection.insert_one(doc).inserted_id
  File "C:\Python372\mecheck\lib\site-packages\pymongo\collection.py", line 698, in insert_one
    session=session),
  File "C:\Python372\mecheck\lib\site-packages\pymongo\collection.py", line 612, in _insert
    bypass_doc_val, session)
  File "C:\Python372\mecheck\lib\site-packages\pymongo\collection.py", line 600, in _insert_one
    acknowledged, _insert_command, session)
  File "C:\Python372\mecheck\lib\site-packages\pymongo\mongo_client.py", line 1491, in _retryable_write
    return self._retry_with_session(retryable, func, s, None)
  File "C:\Python372\mecheck\lib\site-packages\pymongo\mongo_client.py", line 1384, in _retry_with_session
    return func(session, sock_info, retryable)
  File "C:\Python372\mecheck\lib\site-packages\pymongo\collection.py", line 595, in _insert_command
    retryable_write=retryable_write)
  File "C:\Python372\mecheck\lib\site-packages\pymongo\pool.py", line 618, in command
    self._raise_connection_failure(error)
  File "C:\Python372\mecheck\lib\site-packages\pymongo\pool.py", line 613, in command
    user_fields=user_fields)
  File "C:\Python372\mecheck\lib\site-packages\pymongo\network.py", line 167, in command
    parse_write_concern_error=parse_write_concern_error)
  File "C:\Python372\mecheck\lib\site-packages\pymongo\helpers.py", line 136, in _check_command_response
    raise NotMasterError(errmsg, response)
pymongo.errors.NotMasterError: not master
[2020-06-05 13:23:12,341] [basehttp.py:154] [basehttp:log_message] [ERROR]- "POST /mongotest/mongotest-upload/ HTTP/1.1" 500 203681
[2020-06-05 13:23:46,655] [log.py:228] [log:log_response] [ERROR]- Internal Server Error: /mongotest/mongotest-upload/
Traceback (most recent call last):
  File "C:\Python372\mecheck\lib\site-packages\django\core\handlers\exception.py", line 34, in inner
    response = get_response(request)
  File "C:\Python372\mecheck\lib\site-packages\django\core\handlers\base.py", line 126, in _get_response
    response = self.process_exception_by_middleware(e, request)
  File "C:\Python372\mecheck\lib\site-packages\django\core\handlers\base.py", line 124, in _get_response
    response = wrapped_callback(request, *callback_args, **callback_kwargs)
  File "C:\Python372\mecheck\lib\site-packages\django\views\decorators\csrf.py", line 54, in wrapped_view
    return view_func(*args, **kwargs)
  File "C:\Python372\mecheck\lib\site-packages\django\views\generic\base.py", line 68, in view
    return self.dispatch(request, *args, **kwargs)
  File "C:\Python372\mecheck\lib\site-packages\rest_framework\views.py", line 505, in dispatch
    response = self.handle_exception(exc)
  File "C:\Python372\mecheck\lib\site-packages\rest_framework\views.py", line 465, in handle_exception
    self.raise_uncaught_exception(exc)
  File "C:\Python372\mecheck\lib\site-packages\rest_framework\views.py", line 476, in raise_uncaught_exception
    raise exc
  File "C:\Python372\mecheck\lib\site-packages\rest_framework\views.py", line 502, in dispatch
    response = handler(request, *args, **kwargs)
  File "C:\Python372\mecheck\lib\site-packages\rest_framework_mongoengine\generics.py", line 74, in post
    return self.create(request, *args, **kwargs)
  File "C:\Python372\mecheck\lib\site-packages\rest_framework\mixins.py", line 19, in create
    self.perform_create(serializer)
  File "C:\Python372\mecheck\lib\site-packages\rest_framework\mixins.py", line 24, in perform_create
    serializer.save()
  File "C:\Python372\mecheck\lib\site-packages\rest_framework\serializers.py", line 212, in save
    self.instance = self.create(validated_data)
  File "C:\Python372\mecheck\lib\site-packages\rest_framework_mongoengine\serializers.py", line 162, in create
    instance = self.recursive_save(validated_data)
  File "C:\Python372\mecheck\lib\site-packages\rest_framework_mongoengine\serializers.py", line 262, in recursive_save
    instance.save()
  File "C:\Python372\mecheck\lib\site-packages\mongoengine\document.py", line 408, in save
    object_id = self._save_create(doc, force_insert, write_concern)
  File "C:\Python372\mecheck\lib\site-packages\mongoengine\document.py", line 473, in _save_create
    object_id = wc_collection.insert_one(doc).inserted_id
  File "C:\Python372\mecheck\lib\site-packages\pymongo\collection.py", line 698, in insert_one
    session=session),
  File "C:\Python372\mecheck\lib\site-packages\pymongo\collection.py", line 612, in _insert
    bypass_doc_val, session)
  File "C:\Python372\mecheck\lib\site-packages\pymongo\collection.py", line 600, in _insert_one
    acknowledged, _insert_command, session)
  File "C:\Python372\mecheck\lib\site-packages\pymongo\mongo_client.py", line 1491, in _retryable_write
    return self._retry_with_session(retryable, func, s, None)
  File "C:\Python372\mecheck\lib\site-packages\pymongo\mongo_client.py", line 1384, in _retry_with_session
    return func(session, sock_info, retryable)
  File "C:\Python372\mecheck\lib\site-packages\pymongo\collection.py", line 595, in _insert_command
    retryable_write=retryable_write)
  File "C:\Python372\mecheck\lib\site-packages\pymongo\pool.py", line 618, in command
    self._raise_connection_failure(error)
  File "C:\Python372\mecheck\lib\site-packages\pymongo\pool.py", line 613, in command
    user_fields=user_fields)
  File "C:\Python372\mecheck\lib\site-packages\pymongo\network.py", line 167, in command
    parse_write_concern_error=parse_write_concern_error)
  File "C:\Python372\mecheck\lib\site-packages\pymongo\helpers.py", line 136, in _check_command_response
    raise NotMasterError(errmsg, response)
pymongo.errors.NotMasterError: not master
[2020-06-05 13:23:46,662] [basehttp.py:154] [basehttp:log_message] [ERROR]- "POST /mongotest/mongotest-upload/ HTTP/1.1" 500 206935
