[2021-01-14 14:53:23,982] [log.py:228] [log:log_response] [ERROR]- Internal Server Error: /PersonalInfo/ManPower-edit/
Traceback (most recent call last):
  File "C:\Python372\mecheck\lib\site-packages\django\db\models\options.py", line 564, in get_field
    return self.fields_map[field_name]
KeyError: 'Department_Code'

During handling of the above exception, another exception occurred:

Traceback (most recent call last):
  File "C:\Python372\mecheck\lib\site-packages\django\core\handlers\exception.py", line 34, in inner
    response = get_response(request)
  File "C:\Python372\mecheck\lib\site-packages\django\core\handlers\base.py", line 126, in _get_response
    response = self.process_exception_by_middleware(e, request)
  File "C:\Python372\mecheck\lib\site-packages\django\core\handlers\base.py", line 124, in _get_response
    response = wrapped_callback(request, *callback_args, **callback_kwargs)
  File "C:\Python372\mecheck\lib\site-packages\django\views\decorators\csrf.py", line 54, in wrapped_view
    return view_func(*args, **kwargs)
  File "C:\djangoproject\Reliability_Row_data\PersonalInfo\views.py", line 2212, in ManPower_edit
    MainPower.objects.filter(id=ManID).update(**MainPowerupdate)
  File "C:\Python372\mecheck\lib\site-packages\django\db\models\query.py", line 689, in update
    query.add_update_values(kwargs)
  File "C:\Python372\mecheck\lib\site-packages\django\db\models\sql\subqueries.py", line 117, in add_update_values
    field = self.get_meta().get_field(name)
  File "C:\Python372\mecheck\lib\site-packages\django\db\models\options.py", line 566, in get_field
    raise FieldDoesNotExist("%s has no field named '%s'" % (self.object_name, field_name))
django.core.exceptions.FieldDoesNotExist: MainPower has no field named 'Department_Code'
[2021-01-14 14:53:23,989] [basehttp.py:154] [basehttp:log_message] [ERROR]- "POST /PersonalInfo/ManPower-edit/ HTTP/1.1" 500 108605
[2021-01-14 14:54:31,549] [log.py:228] [log:log_response] [ERROR]- Internal Server Error: /PersonalInfo/ManPower-edit/
Traceback (most recent call last):
  File "C:\Python372\mecheck\lib\site-packages\django\db\models\options.py", line 564, in get_field
    return self.fields_map[field_name]
KeyError: 'Chu'

During handling of the above exception, another exception occurred:

Traceback (most recent call last):
  File "C:\Python372\mecheck\lib\site-packages\django\core\handlers\exception.py", line 34, in inner
    response = get_response(request)
  File "C:\Python372\mecheck\lib\site-packages\django\core\handlers\base.py", line 126, in _get_response
    response = self.process_exception_by_middleware(e, request)
  File "C:\Python372\mecheck\lib\site-packages\django\core\handlers\base.py", line 124, in _get_response
    response = wrapped_callback(request, *callback_args, **callback_kwargs)
  File "C:\Python372\mecheck\lib\site-packages\django\views\decorators\csrf.py", line 54, in wrapped_view
    return view_func(*args, **kwargs)
  File "C:\djangoproject\Reliability_Row_data\PersonalInfo\views.py", line 2212, in ManPower_edit
    MainPower.objects.filter(id=ManID).update(**MainPowerupdate)
  File "C:\Python372\mecheck\lib\site-packages\django\db\models\query.py", line 689, in update
    query.add_update_values(kwargs)
  File "C:\Python372\mecheck\lib\site-packages\django\db\models\sql\subqueries.py", line 117, in add_update_values
    field = self.get_meta().get_field(name)
  File "C:\Python372\mecheck\lib\site-packages\django\db\models\options.py", line 566, in get_field
    raise FieldDoesNotExist("%s has no field named '%s'" % (self.object_name, field_name))
django.core.exceptions.FieldDoesNotExist: MainPower has no field named 'Chu'
[2021-01-14 14:54:31,556] [basehttp.py:154] [basehttp:log_message] [ERROR]- "POST /PersonalInfo/ManPower-edit/ HTTP/1.1" 500 108637
[2021-01-14 14:55:52,374] [log.py:228] [log:log_response] [ERROR]- Internal Server Error: /PersonalInfo/ManPower-edit/
Traceback (most recent call last):
  File "C:\Python372\mecheck\lib\site-packages\django\db\models\options.py", line 564, in get_field
    return self.fields_map[field_name]
KeyError: 'Title'

During handling of the above exception, another exception occurred:

Traceback (most recent call last):
  File "C:\Python372\mecheck\lib\site-packages\django\core\handlers\exception.py", line 34, in inner
    response = get_response(request)
  File "C:\Python372\mecheck\lib\site-packages\django\core\handlers\base.py", line 126, in _get_response
    response = self.process_exception_by_middleware(e, request)
  File "C:\Python372\mecheck\lib\site-packages\django\core\handlers\base.py", line 124, in _get_response
    response = wrapped_callback(request, *callback_args, **callback_kwargs)
  File "C:\Python372\mecheck\lib\site-packages\django\views\decorators\csrf.py", line 54, in wrapped_view
    return view_func(*args, **kwargs)
  File "C:\djangoproject\Reliability_Row_data\PersonalInfo\views.py", line 2212, in ManPower_edit
    MainPower.objects.filter(id=ManID).update(**MainPowerupdate)
  File "C:\Python372\mecheck\lib\site-packages\django\db\models\query.py", line 689, in update
    query.add_update_values(kwargs)
  File "C:\Python372\mecheck\lib\site-packages\django\db\models\sql\subqueries.py", line 117, in add_update_values
    field = self.get_meta().get_field(name)
  File "C:\Python372\mecheck\lib\site-packages\django\db\models\options.py", line 566, in get_field
    raise FieldDoesNotExist("%s has no field named '%s'" % (self.object_name, field_name))
django.core.exceptions.FieldDoesNotExist: MainPower has no field named 'Title'
[2021-01-14 14:55:52,379] [basehttp.py:154] [basehttp:log_message] [ERROR]- "POST /PersonalInfo/ManPower-edit/ HTTP/1.1" 500 109117
[2021-01-14 17:09:30,289] [log.py:228] [log:log_response] [ERROR]- Internal Server Error: /PersonalInfo/PersonalInfo-search/
Traceback (most recent call last):
  File "C:\Python372\mecheck\lib\site-packages\django\core\handlers\exception.py", line 34, in inner
    response = get_response(request)
  File "C:\Python372\mecheck\lib\site-packages\django\core\handlers\base.py", line 126, in _get_response
    response = self.process_exception_by_middleware(e, request)
  File "C:\Python372\mecheck\lib\site-packages\django\core\handlers\base.py", line 124, in _get_response
    response = wrapped_callback(request, *callback_args, **callback_kwargs)
  File "C:\Python372\mecheck\lib\site-packages\django\views\decorators\csrf.py", line 54, in wrapped_view
    return view_func(*args, **kwargs)
  File "C:\djangoproject\Reliability_Row_data\PersonalInfo\views.py", line 659, in PersonalInfo_search
    registinfo = PersonalInfo.objects.get(GroupNumSearch=GroupNumSearch)
  File "C:\Python372\mecheck\lib\site-packages\django\db\models\manager.py", line 82, in manager_method
    return getattr(self.get_queryset(), name)(*args, **kwargs)
  File "C:\Python372\mecheck\lib\site-packages\django\db\models\query.py", line 390, in get
    clone = self.filter(*args, **kwargs)
  File "C:\Python372\mecheck\lib\site-packages\django\db\models\query.py", line 844, in filter
    return self._filter_or_exclude(False, *args, **kwargs)
  File "C:\Python372\mecheck\lib\site-packages\django\db\models\query.py", line 862, in _filter_or_exclude
    clone.query.add_q(Q(*args, **kwargs))
  File "C:\Python372\mecheck\lib\site-packages\django\db\models\sql\query.py", line 1263, in add_q
    clause, _ = self._add_q(q_object, self.used_aliases)
  File "C:\Python372\mecheck\lib\site-packages\django\db\models\sql\query.py", line 1287, in _add_q
    split_subq=split_subq,
  File "C:\Python372\mecheck\lib\site-packages\django\db\models\sql\query.py", line 1164, in build_filter
    lookups, parts, reffed_expression = self.solve_lookup_type(arg)
  File "C:\Python372\mecheck\lib\site-packages\django\db\models\sql\query.py", line 1028, in solve_lookup_type
    _, field, _, lookup_parts = self.names_to_path(lookup_splitted, self.get_meta())
  File "C:\Python372\mecheck\lib\site-packages\django\db\models\sql\query.py", line 1389, in names_to_path
    "Choices are: %s" % (name, ", ".join(available)))
django.core.exceptions.FieldError: Cannot resolve keyword 'GroupNumSearch' into field. Choices are: Aalary, CNName, Customer, Department, DepartmentCode, ENLevel, Education, EngName, Experience, GraduationYear, GroupNum, IdCard, LastAchievements, LastPromotionData, Major, MajorAscription, MobileNum, NativeCity, NativeCounty, NativeProvince, NewCompany, PlanQuitDate, Portrait, PositionNow, PositionTimes, QuitDate, QuitDetail, QuitReason, RegistPosition, RegistrationDate, ResidenceCity, ResidenceCounty, ResidenceProvince, SAPNum, School, Sex, Status, Whereabouts, id, personalinfohisbyper
[2021-01-14 17:09:30,298] [basehttp.py:154] [basehttp:log_message] [ERROR]- "POST /PersonalInfo/PersonalInfo-search/ HTTP/1.1" 500 134795
[2021-01-14 17:10:23,932] [log.py:228] [log:log_response] [ERROR]- Internal Server Error: /PersonalInfo/PersonalInfo-search/
Traceback (most recent call last):
  File "C:\Python372\mecheck\lib\site-packages\django\core\handlers\exception.py", line 34, in inner
    response = get_response(request)
  File "C:\Python372\mecheck\lib\site-packages\django\core\handlers\base.py", line 126, in _get_response
    response = self.process_exception_by_middleware(e, request)
  File "C:\Python372\mecheck\lib\site-packages\django\core\handlers\base.py", line 124, in _get_response
    response = wrapped_callback(request, *callback_args, **callback_kwargs)
  File "C:\Python372\mecheck\lib\site-packages\django\views\decorators\csrf.py", line 54, in wrapped_view
    return view_func(*args, **kwargs)
  File "C:\djangoproject\Reliability_Row_data\PersonalInfo\views.py", line 672, in PersonalInfo_search
    {"Department": i["DepartmentCode"], "GroupEmployees": i["GroupNum"],
KeyError: 'GroupNum'
[2021-01-14 17:10:23,940] [basehttp.py:154] [basehttp:log_message] [ERROR]- "POST /PersonalInfo/PersonalInfo-search/ HTTP/1.1" 500 84423
[2021-01-14 17:10:58,025] [log.py:228] [log:log_response] [ERROR]- Internal Server Error: /PersonalInfo/PersonalInfo-search/
Traceback (most recent call last):
  File "C:\Python372\mecheck\lib\site-packages\django\core\handlers\exception.py", line 34, in inner
    response = get_response(request)
  File "C:\Python372\mecheck\lib\site-packages\django\core\handlers\base.py", line 126, in _get_response
    response = self.process_exception_by_middleware(e, request)
  File "C:\Python372\mecheck\lib\site-packages\django\core\handlers\base.py", line 124, in _get_response
    response = wrapped_callback(request, *callback_args, **callback_kwargs)
  File "C:\Python372\mecheck\lib\site-packages\django\views\decorators\csrf.py", line 54, in wrapped_view
    return view_func(*args, **kwargs)
  File "C:\djangoproject\Reliability_Row_data\PersonalInfo\views.py", line 689, in PersonalInfo_search
    return HttpResponse(json.dumps(data), content_type="application/json")
  File "C:\Python372\lib\json\__init__.py", line 231, in dumps
    return _default_encoder.encode(obj)
  File "C:\Python372\lib\json\encoder.py", line 199, in encode
    chunks = self.iterencode(o, _one_shot=True)
  File "C:\Python372\lib\json\encoder.py", line 257, in iterencode
    return _iterencode(o, 0)
  File "C:\Python372\lib\json\encoder.py", line 179, in default
    raise TypeError(f'Object of type {o.__class__.__name__} '
TypeError: Object of type date is not JSON serializable
[2021-01-14 17:10:58,035] [basehttp.py:154] [basehttp:log_message] [ERROR]- "POST /PersonalInfo/PersonalInfo-search/ HTTP/1.1" 500 113526
