[2020-06-08 08:45:49,111] [log.py:228] [log:log_response] [ERROR]- Internal Server Error: /mongotest/mongotest-upload/
Traceback (most recent call last):
  File "C:\Python372\mecheck\lib\site-packages\django\core\handlers\exception.py", line 34, in inner
    response = get_response(request)
  File "C:\Python372\mecheck\lib\site-packages\django\core\handlers\base.py", line 126, in _get_response
    response = self.process_exception_by_middleware(e, request)
  File "C:\Python372\mecheck\lib\site-packages\django\core\handlers\base.py", line 124, in _get_response
    response = wrapped_callback(request, *callback_args, **callback_kwargs)
  File "C:\djangoproject\Reliability_Row_data\mongotest\views.py", line 62, in addInvitation
    ToolList_upload = ToolList(request.POST)
TypeError: __init__() takes 1 positional argument but 2 were given
[2020-06-08 08:45:49,113] [basehttp.py:154] [basehttp:log_message] [ERROR]- "GET /mongotest/mongotest-upload/ HTTP/1.1" 500 74557
[2020-06-08 08:51:40,932] [log.py:228] [log:log_response] [ERROR]- Internal Server Error: /mongotest/mongotest-upload/
Traceback (most recent call last):
  File "C:\Python372\mecheck\lib\site-packages\django\core\handlers\exception.py", line 34, in inner
    response = get_response(request)
  File "C:\Python372\mecheck\lib\site-packages\django\core\handlers\base.py", line 126, in _get_response
    response = self.process_exception_by_middleware(e, request)
  File "C:\Python372\mecheck\lib\site-packages\django\core\handlers\base.py", line 124, in _get_response
    response = wrapped_callback(request, *callback_args, **callback_kwargs)
  File "C:\djangoproject\Reliability_Row_data\mongotest\views.py", line 163, in addInvitation
    ToolList_Mmodule.save()
  File "C:\Python372\mecheck\lib\site-packages\mongoengine\document.py", line 388, in save
    self.validate(clean=clean)
  File "C:\Python372\mecheck\lib\site-packages\mongoengine\base\document.py", line 445, in validate
    raise ValidationError(message, errors=errors)
mongoengine.errors.ValidationError: ValidationError (ToolList_M:None) (Value must be one of ['', 'NPI', 'OS refresh', 'OOC', 'INV']: ['Phase0'])
[2020-06-08 08:51:40,934] [basehttp.py:154] [basehttp:log_message] [ERROR]- "POST /mongotest/mongotest-upload/ HTTP/1.1" 500 91096
[2020-06-08 08:53:42,662] [log.py:228] [log:log_response] [ERROR]- Internal Server Error: /mongotest/mongotest-upload/
Traceback (most recent call last):
  File "C:\Python372\mecheck\lib\site-packages\django\core\handlers\exception.py", line 34, in inner
    response = get_response(request)
  File "C:\Python372\mecheck\lib\site-packages\django\core\handlers\base.py", line 126, in _get_response
    response = self.process_exception_by_middleware(e, request)
  File "C:\Python372\mecheck\lib\site-packages\django\core\handlers\base.py", line 124, in _get_response
    response = wrapped_callback(request, *callback_args, **callback_kwargs)
  File "C:\djangoproject\Reliability_Row_data\mongotest\views.py", line 164, in addInvitation
    ToolList_Mmodule.save()
  File "C:\Python372\mecheck\lib\site-packages\mongoengine\document.py", line 388, in save
    self.validate(clean=clean)
  File "C:\Python372\mecheck\lib\site-packages\mongoengine\base\document.py", line 445, in validate
    raise ValidationError(message, errors=errors)
mongoengine.errors.ValidationError: ValidationError (ToolList_M:None) (Value must be one of ['', 'NPI', 'OS refresh', 'OOC', 'INV']: ['Phase0'])
[2020-06-08 08:53:42,664] [basehttp.py:154] [basehttp:log_message] [ERROR]- "POST /mongotest/mongotest-upload/ HTTP/1.1" 500 91096
[2020-06-08 08:54:51,711] [log.py:228] [log:log_response] [ERROR]- Internal Server Error: /mongotest/mongotest-upload/
Traceback (most recent call last):
  File "C:\Python372\mecheck\lib\site-packages\django\core\handlers\exception.py", line 34, in inner
    response = get_response(request)
  File "C:\Python372\mecheck\lib\site-packages\django\core\handlers\base.py", line 126, in _get_response
    response = self.process_exception_by_middleware(e, request)
  File "C:\Python372\mecheck\lib\site-packages\django\core\handlers\base.py", line 124, in _get_response
    response = wrapped_callback(request, *callback_args, **callback_kwargs)
  File "C:\djangoproject\Reliability_Row_data\mongotest\views.py", line 164, in addInvitation
    ToolList_Mmodule.save()
  File "C:\Python372\mecheck\lib\site-packages\mongoengine\document.py", line 388, in save
    self.validate(clean=clean)
  File "C:\Python372\mecheck\lib\site-packages\mongoengine\base\document.py", line 445, in validate
    raise ValidationError(message, errors=errors)
mongoengine.errors.ValidationError: ValidationError (ToolList_M:None) (Value must be one of ['', 'NPI', 'OS refresh', 'OOC', 'INV']: ['Phase0'])
[2020-06-08 08:54:51,713] [basehttp.py:154] [basehttp:log_message] [ERROR]- "POST /mongotest/mongotest-upload/ HTTP/1.1" 500 91096
[2020-06-08 14:02:12,863] [log.py:228] [log:log_response] [ERROR]- Internal Server Error: /mongotest/index/
Traceback (most recent call last):
  File "C:\Python372\mecheck\lib\site-packages\django\core\handlers\exception.py", line 34, in inner
    response = get_response(request)
  File "C:\Python372\mecheck\lib\site-packages\django\core\handlers\base.py", line 126, in _get_response
    response = self.process_exception_by_middleware(e, request)
  File "C:\Python372\mecheck\lib\site-packages\django\core\handlers\base.py", line 124, in _get_response
    response = wrapped_callback(request, *callback_args, **callback_kwargs)
  File "C:\djangoproject\Reliability_Row_data\mongotest\views.py", line 194, in index
    print(context)
  File "C:\Python372\mecheck\lib\site-packages\mongoengine\queryset\queryset.py", line 77, in __repr__
    return repr(data)
  File "C:\Python372\mecheck\lib\site-packages\mongoengine\base\document.py", line 285, in __repr__
    u = self.__str__()
  File "C:\Python372\mecheck\lib\site-packages\mongoengine\base\document.py", line 294, in __str__
    return self.__unicode__()
  File "C:\djangoproject\Reliability_Row_data\mongotest\models.py", line 67, in __unicode__
    return '{Project}-{Phase0}-{ToolName}'.format(Project=self.Project, Phase0=self.Phase0, Location=self.ToolName)
KeyError: 'ToolName'
[2020-06-08 14:02:12,865] [basehttp.py:154] [basehttp:log_message] [ERROR]- "GET /mongotest/index/ HTTP/1.1" 500 87983
[2020-06-08 14:04:06,837] [log.py:228] [log:log_response] [ERROR]- Internal Server Error: /mongotest/delete/
Traceback (most recent call last):
  File "C:\Python372\mecheck\lib\site-packages\mongoengine\queryset\transform.py", line 91, in query
    fields = _doc_cls._lookup_field(parts)
  File "C:\Python372\mecheck\lib\site-packages\mongoengine\base\document.py", line 1086, in _lookup_field
    raise LookUpError('Cannot resolve field "%s"' % field_name)
mongoengine.errors.LookUpError: Cannot resolve field "number"

During handling of the above exception, another exception occurred:

Traceback (most recent call last):
  File "C:\Python372\mecheck\lib\site-packages\django\core\handlers\exception.py", line 34, in inner
    response = get_response(request)
  File "C:\Python372\mecheck\lib\site-packages\django\core\handlers\base.py", line 126, in _get_response
    response = self.process_exception_by_middleware(e, request)
  File "C:\Python372\mecheck\lib\site-packages\django\core\handlers\base.py", line 124, in _get_response
    response = wrapped_callback(request, *callback_args, **callback_kwargs)
  File "C:\djangoproject\Reliability_Row_data\mongotest\views.py", line 241, in delete
    invi = ToolList_Mongo.objects.filter(number=number).delete()
  File "C:\Python372\mecheck\lib\site-packages\mongoengine\queryset\base.py", line 486, in delete
    result = collection.delete_many(queryset._query)
  File "C:\Python372\mecheck\lib\site-packages\mongoengine\queryset\base.py", line 1715, in _query
    self._mongo_query = self._query_obj.to_query(self._document)
  File "C:\Python372\mecheck\lib\site-packages\mongoengine\queryset\visitor.py", line 90, in to_query
    query = query.accept(QueryCompilerVisitor(document))
  File "C:\Python372\mecheck\lib\site-packages\mongoengine\queryset\visitor.py", line 185, in accept
    return visitor.visit_query(self)
  File "C:\Python372\mecheck\lib\site-packages\mongoengine\queryset\visitor.py", line 79, in visit_query
    return transform.query(self.document, **query.query)
  File "C:\Python372\mecheck\lib\site-packages\mongoengine\queryset\transform.py", line 93, in query
    raise InvalidQueryError(e)
mongoengine.errors.InvalidQueryError: Cannot resolve field "number"
[2020-06-08 14:04:06,840] [basehttp.py:154] [basehttp:log_message] [ERROR]- "GET /mongotest/delete/?number= HTTP/1.1" 500 109397
[2020-06-08 14:05:48,898] [basehttp.py:154] [basehttp:log_message] [ERROR]- "GET /favicon.ico HTTP/1.1" 500 59
[2020-06-08 14:06:35,113] [log.py:228] [log:log_response] [ERROR]- Internal Server Error: /mongotest/index/
Traceback (most recent call last):
  File "C:\Python372\mecheck\lib\site-packages\django\core\handlers\exception.py", line 34, in inner
    response = get_response(request)
  File "C:\Python372\mecheck\lib\site-packages\django\core\handlers\base.py", line 126, in _get_response
    response = self.process_exception_by_middleware(e, request)
  File "C:\Python372\mecheck\lib\site-packages\django\core\handlers\base.py", line 124, in _get_response
    response = wrapped_callback(request, *callback_args, **callback_kwargs)
  File "C:\djangoproject\Reliability_Row_data\mongotest\views.py", line 188, in index
    print(i)
  File "C:\Python372\mecheck\lib\site-packages\mongoengine\base\document.py", line 294, in __str__
    return self.__unicode__()
  File "C:\djangoproject\Reliability_Row_data\mongotest\models.py", line 67, in __unicode__
    return '{Project}-{Phase0}-{ToolName}'.format(Project=self.Project, Phase0=self.Phase0, Location=self.ToolName)
KeyError: 'ToolName'
[2020-06-08 14:06:35,115] [basehttp.py:154] [basehttp:log_message] [ERROR]- "GET /mongotest/index/ HTTP/1.1" 500 80057
[2020-06-08 14:07:04,314] [log.py:228] [log:log_response] [ERROR]- Internal Server Error: /mongotest/index/
Traceback (most recent call last):
  File "C:\Python372\mecheck\lib\site-packages\django\core\handlers\exception.py", line 34, in inner
    response = get_response(request)
  File "C:\Python372\mecheck\lib\site-packages\django\core\handlers\base.py", line 126, in _get_response
    response = self.process_exception_by_middleware(e, request)
  File "C:\Python372\mecheck\lib\site-packages\django\core\handlers\base.py", line 124, in _get_response
    response = wrapped_callback(request, *callback_args, **callback_kwargs)
  File "C:\djangoproject\Reliability_Row_data\mongotest\views.py", line 188, in index
    print(i.verder)
AttributeError: 'ToolList_Mongo' object has no attribute 'verder'
[2020-06-08 14:07:04,315] [basehttp.py:154] [basehttp:log_message] [ERROR]- "GET /mongotest/index/ HTTP/1.1" 500 73963
[2020-06-08 14:07:21,237] [log.py:228] [log:log_response] [ERROR]- Internal Server Error: /mongotest/index/
Traceback (most recent call last):
  File "C:\Python372\mecheck\lib\site-packages\django\core\handlers\exception.py", line 34, in inner
    response = get_response(request)
  File "C:\Python372\mecheck\lib\site-packages\django\core\handlers\base.py", line 126, in _get_response
    response = self.process_exception_by_middleware(e, request)
  File "C:\Python372\mecheck\lib\site-packages\django\core\handlers\base.py", line 124, in _get_response
    response = wrapped_callback(request, *callback_args, **callback_kwargs)
  File "C:\djangoproject\Reliability_Row_data\mongotest\views.py", line 188, in index
    print(i.Verder)
AttributeError: 'ToolList_Mongo' object has no attribute 'Verder'
[2020-06-08 14:07:21,239] [basehttp.py:154] [basehttp:log_message] [ERROR]- "GET /mongotest/index/ HTTP/1.1" 500 73963
[2020-06-08 14:07:35,466] [log.py:228] [log:log_response] [ERROR]- Internal Server Error: /mongotest/index/
Traceback (most recent call last):
  File "C:\Python372\mecheck\lib\site-packages\django\core\handlers\exception.py", line 34, in inner
    response = get_response(request)
  File "C:\Python372\mecheck\lib\site-packages\django\core\handlers\base.py", line 126, in _get_response
    response = self.process_exception_by_middleware(e, request)
  File "C:\Python372\mecheck\lib\site-packages\django\core\handlers\base.py", line 124, in _get_response
    response = wrapped_callback(request, *callback_args, **callback_kwargs)
  File "C:\djangoproject\Reliability_Row_data\mongotest\views.py", line 188, in index
    print(i.Vender)
AttributeError: 'ToolList_Mongo' object has no attribute 'Vender'
[2020-06-08 14:07:35,467] [basehttp.py:154] [basehttp:log_message] [ERROR]- "GET /mongotest/index/ HTTP/1.1" 500 73963
[2020-06-08 14:26:40,364] [basehttp.py:154] [basehttp:log_message] [ERROR]- "GET /favicon.ico HTTP/1.1" 500 59
[2020-06-08 14:46:58,235] [log.py:228] [log:log_response] [ERROR]- Internal Server Error: /admin/
Traceback (most recent call last):
  File "C:\Python372\mecheck\lib\site-packages\django\template\utils.py", line 66, in __getitem__
    return self._engines[alias]
KeyError: 'django'

During handling of the above exception, another exception occurred:

Traceback (most recent call last):
  File "C:\Python372\mecheck\lib\site-packages\django\template\backends\django.py", line 121, in get_package_libraries
    module = import_module(entry[1])
  File "C:\Python372\lib\importlib\__init__.py", line 127, in import_module
    return _bootstrap._gcd_import(name[level:], package, level)
  File "<frozen importlib._bootstrap>", line 1006, in _gcd_import
  File "<frozen importlib._bootstrap>", line 983, in _find_and_load
  File "<frozen importlib._bootstrap>", line 967, in _find_and_load_unlocked
  File "<frozen importlib._bootstrap>", line 677, in _load_unlocked
  File "<frozen importlib._bootstrap_external>", line 728, in exec_module
  File "<frozen importlib._bootstrap>", line 219, in _call_with_frames_removed
  File "C:\Python372\mecheck\lib\site-packages\mongonaut\templatetags\mongonaut_tags.py", line 4, in <module>
    from django.core.urlresolvers import reverse
ModuleNotFoundError: No module named 'django.core.urlresolvers'

During handling of the above exception, another exception occurred:

Traceback (most recent call last):
  File "C:\Python372\mecheck\lib\site-packages\django\core\handlers\exception.py", line 34, in inner
    response = get_response(request)
  File "C:\Python372\mecheck\lib\site-packages\django\core\handlers\base.py", line 156, in _get_response
    response = self.process_exception_by_middleware(e, request)
  File "C:\Python372\mecheck\lib\site-packages\django\core\handlers\base.py", line 154, in _get_response
    response = response.render()
  File "C:\Python372\mecheck\lib\site-packages\django\template\response.py", line 106, in render
    self.content = self.rendered_content
  File "C:\Python372\mecheck\lib\site-packages\django\template\response.py", line 81, in rendered_content
    template = self.resolve_template(self.template_name)
  File "C:\Python372\mecheck\lib\site-packages\django\template\response.py", line 65, in resolve_template
    return get_template(template, using=self.using)
  File "C:\Python372\mecheck\lib\site-packages\django\template\loader.py", line 12, in get_template
    engines = _engine_list(using)
  File "C:\Python372\mecheck\lib\site-packages\django\template\loader.py", line 66, in _engine_list
    return engines.all() if using is None else [engines[using]]
  File "C:\Python372\mecheck\lib\site-packages\django\template\utils.py", line 90, in all
    return [self[alias] for alias in self]
  File "C:\Python372\mecheck\lib\site-packages\django\template\utils.py", line 90, in <listcomp>
    return [self[alias] for alias in self]
  File "C:\Python372\mecheck\lib\site-packages\django\template\utils.py", line 81, in __getitem__
    engine = engine_cls(params)
  File "C:\Python372\mecheck\lib\site-packages\django\template\backends\django.py", line 25, in __init__
    options['libraries'] = self.get_templatetag_libraries(libraries)
  File "C:\Python372\mecheck\lib\site-packages\django\template\backends\django.py", line 43, in get_templatetag_libraries
    libraries = get_installed_libraries()
  File "C:\Python372\mecheck\lib\site-packages\django\template\backends\django.py", line 108, in get_installed_libraries
    for name in get_package_libraries(pkg):
  File "C:\Python372\mecheck\lib\site-packages\django\template\backends\django.py", line 125, in get_package_libraries
    "trying to load '%s': %s" % (entry[1], e)
django.template.library.InvalidTemplateLibrary: Invalid template library specified. ImportError raised when trying to load 'mongonaut.templatetags.mongonaut_tags': No module named 'django.core.urlresolvers'
[2020-06-08 14:46:58,237] [basehttp.py:154] [basehttp:log_message] [ERROR]- "GET /admin/ HTTP/1.1" 500 159469
