[2022-06-20 07:57:56,141] [log.py:228] [log:log_response] [ERROR]- Internal Server Error: /PersonalInfo/Summary3/
Traceback (most recent call last):
  File "C:\Python372\mecheck\lib\site-packages\django\core\handlers\exception.py", line 34, in inner
    response = get_response(request)
  File "C:\Python372\mecheck\lib\site-packages\django\core\handlers\base.py", line 126, in _get_response
    response = self.process_exception_by_middleware(e, request)
  File "C:\Python372\mecheck\lib\site-packages\django\core\handlers\base.py", line 124, in _get_response
    response = wrapped_callback(request, *callback_args, **callback_kwargs)
  File "C:\Python372\mecheck\lib\site-packages\django\views\decorators\csrf.py", line 54, in wrapped_view
    return view_func(*args, **kwargs)
  File "C:\djangoproject\Reliability_Row_data\PersonalInfo\views.py", line 6230, in Summary3
    for Per in PersonalInfoHisByYear.objects.filter(Year=YearSearch, Status__in=["離職"], QuitDate__range=Search_Endperiod):
  File "C:\Python372\mecheck\lib\site-packages\django\db\models\manager.py", line 82, in manager_method
    return getattr(self.get_queryset(), name)(*args, **kwargs)
  File "C:\Python372\mecheck\lib\site-packages\django\db\models\query.py", line 844, in filter
    return self._filter_or_exclude(False, *args, **kwargs)
  File "C:\Python372\mecheck\lib\site-packages\django\db\models\query.py", line 862, in _filter_or_exclude
    clone.query.add_q(Q(*args, **kwargs))
  File "C:\Python372\mecheck\lib\site-packages\django\db\models\sql\query.py", line 1263, in add_q
    clause, _ = self._add_q(q_object, self.used_aliases)
  File "C:\Python372\mecheck\lib\site-packages\django\db\models\sql\query.py", line 1287, in _add_q
    split_subq=split_subq,
  File "C:\Python372\mecheck\lib\site-packages\django\db\models\sql\query.py", line 1225, in build_filter
    condition = self.build_lookup(lookups, col, value)
  File "C:\Python372\mecheck\lib\site-packages\django\db\models\sql\query.py", line 1096, in build_lookup
    lookup = lookup_class(lhs, rhs)
  File "C:\Python372\mecheck\lib\site-packages\django\db\models\lookups.py", line 20, in __init__
    self.rhs = self.get_prep_lookup()
  File "C:\Python372\mecheck\lib\site-packages\django\db\models\lookups.py", line 210, in get_prep_lookup
    rhs_value = self.lhs.output_field.get_prep_value(rhs_value)
  File "C:\Python372\mecheck\lib\site-packages\django\db\models\fields\__init__.py", line 1268, in get_prep_value
    return self.to_python(value)
  File "C:\Python372\mecheck\lib\site-packages\django\db\models\fields\__init__.py", line 1243, in to_python
    params={'value': value},
django.core.exceptions.ValidationError: ['’‘ 必须为合法的日期格式，请使用 YYYY-MM-DD 格式。']
[2022-06-20 07:57:56,156] [UserIP.py:89] [UserIP:process_response] [CRITICAL]- 系统错误
[2022-06-20 07:57:56,157] [basehttp.py:154] [basehttp:log_message] [ERROR]- "POST /PersonalInfo/Summary3/ HTTP/1.1" 500 142347
[2022-06-20 07:58:30,332] [log.py:228] [log:log_response] [ERROR]- Internal Server Error: /PersonalInfo/Summary3/
Traceback (most recent call last):
  File "C:\Python372\mecheck\lib\site-packages\django\core\handlers\exception.py", line 34, in inner
    response = get_response(request)
  File "C:\Python372\mecheck\lib\site-packages\django\core\handlers\base.py", line 126, in _get_response
    response = self.process_exception_by_middleware(e, request)
  File "C:\Python372\mecheck\lib\site-packages\django\core\handlers\base.py", line 124, in _get_response
    response = wrapped_callback(request, *callback_args, **callback_kwargs)
  File "C:\Python372\mecheck\lib\site-packages\django\views\decorators\csrf.py", line 54, in wrapped_view
    return view_func(*args, **kwargs)
  File "C:\djangoproject\Reliability_Row_data\PersonalInfo\views.py", line 6219, in Summary3
    for Per in PersonalInfo.objects.filter(Status__in=["離職"], QuitDate__range=Search_Endperiod):
  File "C:\Python372\mecheck\lib\site-packages\django\db\models\manager.py", line 82, in manager_method
    return getattr(self.get_queryset(), name)(*args, **kwargs)
  File "C:\Python372\mecheck\lib\site-packages\django\db\models\query.py", line 844, in filter
    return self._filter_or_exclude(False, *args, **kwargs)
  File "C:\Python372\mecheck\lib\site-packages\django\db\models\query.py", line 862, in _filter_or_exclude
    clone.query.add_q(Q(*args, **kwargs))
  File "C:\Python372\mecheck\lib\site-packages\django\db\models\sql\query.py", line 1263, in add_q
    clause, _ = self._add_q(q_object, self.used_aliases)
  File "C:\Python372\mecheck\lib\site-packages\django\db\models\sql\query.py", line 1287, in _add_q
    split_subq=split_subq,
  File "C:\Python372\mecheck\lib\site-packages\django\db\models\sql\query.py", line 1225, in build_filter
    condition = self.build_lookup(lookups, col, value)
  File "C:\Python372\mecheck\lib\site-packages\django\db\models\sql\query.py", line 1096, in build_lookup
    lookup = lookup_class(lhs, rhs)
  File "C:\Python372\mecheck\lib\site-packages\django\db\models\lookups.py", line 20, in __init__
    self.rhs = self.get_prep_lookup()
  File "C:\Python372\mecheck\lib\site-packages\django\db\models\lookups.py", line 210, in get_prep_lookup
    rhs_value = self.lhs.output_field.get_prep_value(rhs_value)
  File "C:\Python372\mecheck\lib\site-packages\django\db\models\fields\__init__.py", line 1268, in get_prep_value
    return self.to_python(value)
  File "C:\Python372\mecheck\lib\site-packages\django\db\models\fields\__init__.py", line 1243, in to_python
    params={'value': value},
django.core.exceptions.ValidationError: ['’‘ 必须为合法的日期格式，请使用 YYYY-MM-DD 格式。']
[2022-06-20 07:58:30,349] [UserIP.py:89] [UserIP:process_response] [CRITICAL]- 系统错误
[2022-06-20 07:58:30,350] [basehttp.py:154] [basehttp:log_message] [ERROR]- "POST /PersonalInfo/Summary3/ HTTP/1.1" 500 141415
[2022-06-20 07:59:09,678] [log.py:228] [log:log_response] [ERROR]- Internal Server Error: /PersonalInfo/Summary3/
Traceback (most recent call last):
  File "C:\Python372\mecheck\lib\site-packages\django\db\models\fields\__init__.py", line 1230, in to_python
    parsed = parse_date(value)
  File "C:\Python372\mecheck\lib\site-packages\django\utils\dateparse.py", line 77, in parse_date
    return datetime.date(**kw)
ValueError: year 0 is out of range

During handling of the above exception, another exception occurred:

Traceback (most recent call last):
  File "C:\Python372\mecheck\lib\site-packages\django\core\handlers\exception.py", line 34, in inner
    response = get_response(request)
  File "C:\Python372\mecheck\lib\site-packages\django\core\handlers\base.py", line 126, in _get_response
    response = self.process_exception_by_middleware(e, request)
  File "C:\Python372\mecheck\lib\site-packages\django\core\handlers\base.py", line 124, in _get_response
    response = wrapped_callback(request, *callback_args, **callback_kwargs)
  File "C:\Python372\mecheck\lib\site-packages\django\views\decorators\csrf.py", line 54, in wrapped_view
    return view_func(*args, **kwargs)
  File "C:\djangoproject\Reliability_Row_data\PersonalInfo\views.py", line 6219, in Summary3
    for Per in PersonalInfo.objects.filter(Status__in=["離職"], QuitDate__range=Search_Endperiod):
  File "C:\Python372\mecheck\lib\site-packages\django\db\models\manager.py", line 82, in manager_method
    return getattr(self.get_queryset(), name)(*args, **kwargs)
  File "C:\Python372\mecheck\lib\site-packages\django\db\models\query.py", line 844, in filter
    return self._filter_or_exclude(False, *args, **kwargs)
  File "C:\Python372\mecheck\lib\site-packages\django\db\models\query.py", line 862, in _filter_or_exclude
    clone.query.add_q(Q(*args, **kwargs))
  File "C:\Python372\mecheck\lib\site-packages\django\db\models\sql\query.py", line 1263, in add_q
    clause, _ = self._add_q(q_object, self.used_aliases)
  File "C:\Python372\mecheck\lib\site-packages\django\db\models\sql\query.py", line 1287, in _add_q
    split_subq=split_subq,
  File "C:\Python372\mecheck\lib\site-packages\django\db\models\sql\query.py", line 1225, in build_filter
    condition = self.build_lookup(lookups, col, value)
  File "C:\Python372\mecheck\lib\site-packages\django\db\models\sql\query.py", line 1096, in build_lookup
    lookup = lookup_class(lhs, rhs)
  File "C:\Python372\mecheck\lib\site-packages\django\db\models\lookups.py", line 20, in __init__
    self.rhs = self.get_prep_lookup()
  File "C:\Python372\mecheck\lib\site-packages\django\db\models\lookups.py", line 210, in get_prep_lookup
    rhs_value = self.lhs.output_field.get_prep_value(rhs_value)
  File "C:\Python372\mecheck\lib\site-packages\django\db\models\fields\__init__.py", line 1268, in get_prep_value
    return self.to_python(value)
  File "C:\Python372\mecheck\lib\site-packages\django\db\models\fields\__init__.py", line 1237, in to_python
    params={'value': value},
django.core.exceptions.ValidationError: ['’0000-00-00‘ 值的格式正确(YYYY-MM-DD)，但是日期无效。']
[2022-06-20 07:59:09,690] [UserIP.py:89] [UserIP:process_response] [CRITICAL]- 系统错误
[2022-06-20 07:59:09,692] [basehttp.py:154] [basehttp:log_message] [ERROR]- "POST /PersonalInfo/Summary3/ HTTP/1.1" 500 149680
[2022-06-20 08:02:08,607] [log.py:228] [log:log_response] [ERROR]- Internal Server Error: /PersonalInfo/Summary3/
Traceback (most recent call last):
  File "C:\Python372\mecheck\lib\site-packages\django\core\handlers\exception.py", line 34, in inner
    response = get_response(request)
  File "C:\Python372\mecheck\lib\site-packages\django\core\handlers\base.py", line 126, in _get_response
    response = self.process_exception_by_middleware(e, request)
  File "C:\Python372\mecheck\lib\site-packages\django\core\handlers\base.py", line 124, in _get_response
    response = wrapped_callback(request, *callback_args, **callback_kwargs)
  File "C:\Python372\mecheck\lib\site-packages\django\views\decorators\csrf.py", line 54, in wrapped_view
    return view_func(*args, **kwargs)
  File "C:\djangoproject\Reliability_Row_data\PersonalInfo\views.py", line 6219, in Summary3
    for Per in PersonalInfo.objects.filter(Status__in=["離職"], QuitDate__range=Search_Endperiod):
  File "C:\Python372\mecheck\lib\site-packages\django\db\models\manager.py", line 82, in manager_method
    return getattr(self.get_queryset(), name)(*args, **kwargs)
  File "C:\Python372\mecheck\lib\site-packages\django\db\models\query.py", line 844, in filter
    return self._filter_or_exclude(False, *args, **kwargs)
  File "C:\Python372\mecheck\lib\site-packages\django\db\models\query.py", line 862, in _filter_or_exclude
    clone.query.add_q(Q(*args, **kwargs))
  File "C:\Python372\mecheck\lib\site-packages\django\db\models\sql\query.py", line 1263, in add_q
    clause, _ = self._add_q(q_object, self.used_aliases)
  File "C:\Python372\mecheck\lib\site-packages\django\db\models\sql\query.py", line 1287, in _add_q
    split_subq=split_subq,
  File "C:\Python372\mecheck\lib\site-packages\django\db\models\sql\query.py", line 1225, in build_filter
    condition = self.build_lookup(lookups, col, value)
  File "C:\Python372\mecheck\lib\site-packages\django\db\models\sql\query.py", line 1096, in build_lookup
    lookup = lookup_class(lhs, rhs)
  File "C:\Python372\mecheck\lib\site-packages\django\db\models\lookups.py", line 20, in __init__
    self.rhs = self.get_prep_lookup()
  File "C:\Python372\mecheck\lib\site-packages\django\db\models\lookups.py", line 204, in get_prep_lookup
    for rhs_value in self.rhs:
TypeError: 'NoneType' object is not iterable
[2022-06-20 08:02:08,638] [UserIP.py:89] [UserIP:process_response] [CRITICAL]- 系统错误
[2022-06-20 08:02:08,655] [basehttp.py:154] [basehttp:log_message] [ERROR]- "POST /PersonalInfo/Summary3/ HTTP/1.1" 500 132870
[2022-06-20 09:01:16,605] [log.py:228] [log:log_response] [ERROR]- Internal Server Error: /PersonalInfo/Summary3/
Traceback (most recent call last):
  File "C:\Python372\mecheck\lib\site-packages\django\db\models\fields\__init__.py", line 1230, in to_python
    parsed = parse_date(value)
  File "C:\Python372\mecheck\lib\site-packages\django\utils\dateparse.py", line 77, in parse_date
    return datetime.date(**kw)
ValueError: year 0 is out of range

During handling of the above exception, another exception occurred:

Traceback (most recent call last):
  File "C:\Python372\mecheck\lib\site-packages\django\core\handlers\exception.py", line 34, in inner
    response = get_response(request)
  File "C:\Python372\mecheck\lib\site-packages\django\core\handlers\base.py", line 126, in _get_response
    response = self.process_exception_by_middleware(e, request)
  File "C:\Python372\mecheck\lib\site-packages\django\core\handlers\base.py", line 124, in _get_response
    response = wrapped_callback(request, *callback_args, **callback_kwargs)
  File "C:\Python372\mecheck\lib\site-packages\django\views\decorators\csrf.py", line 54, in wrapped_view
    return view_func(*args, **kwargs)
  File "C:\djangoproject\Reliability_Row_data\PersonalInfo\views.py", line 6220, in Summary3
    for Per in PersonalInfo.objects.filter(Status__in=["離職"], QuitDate__range=Search_Endperiod):
  File "C:\Python372\mecheck\lib\site-packages\django\db\models\manager.py", line 82, in manager_method
    return getattr(self.get_queryset(), name)(*args, **kwargs)
  File "C:\Python372\mecheck\lib\site-packages\django\db\models\query.py", line 844, in filter
    return self._filter_or_exclude(False, *args, **kwargs)
  File "C:\Python372\mecheck\lib\site-packages\django\db\models\query.py", line 862, in _filter_or_exclude
    clone.query.add_q(Q(*args, **kwargs))
  File "C:\Python372\mecheck\lib\site-packages\django\db\models\sql\query.py", line 1263, in add_q
    clause, _ = self._add_q(q_object, self.used_aliases)
  File "C:\Python372\mecheck\lib\site-packages\django\db\models\sql\query.py", line 1287, in _add_q
    split_subq=split_subq,
  File "C:\Python372\mecheck\lib\site-packages\django\db\models\sql\query.py", line 1225, in build_filter
    condition = self.build_lookup(lookups, col, value)
  File "C:\Python372\mecheck\lib\site-packages\django\db\models\sql\query.py", line 1096, in build_lookup
    lookup = lookup_class(lhs, rhs)
  File "C:\Python372\mecheck\lib\site-packages\django\db\models\lookups.py", line 20, in __init__
    self.rhs = self.get_prep_lookup()
  File "C:\Python372\mecheck\lib\site-packages\django\db\models\lookups.py", line 210, in get_prep_lookup
    rhs_value = self.lhs.output_field.get_prep_value(rhs_value)
  File "C:\Python372\mecheck\lib\site-packages\django\db\models\fields\__init__.py", line 1268, in get_prep_value
    return self.to_python(value)
  File "C:\Python372\mecheck\lib\site-packages\django\db\models\fields\__init__.py", line 1237, in to_python
    params={'value': value},
django.core.exceptions.ValidationError: ['’0000-00-00‘ 值的格式正确(YYYY-MM-DD)，但是日期无效。']
[2022-06-20 09:01:16,629] [UserIP.py:89] [UserIP:process_response] [CRITICAL]- 系统错误
[2022-06-20 09:01:16,630] [basehttp.py:154] [basehttp:log_message] [ERROR]- "POST /PersonalInfo/Summary3/ HTTP/1.1" 500 149524
[2022-06-20 09:05:06,623] [log.py:228] [log:log_response] [ERROR]- Internal Server Error: /PersonalInfo/Summary3/
Traceback (most recent call last):
  File "C:\Python372\mecheck\lib\site-packages\django\db\models\fields\__init__.py", line 1230, in to_python
    parsed = parse_date(value)
  File "C:\Python372\mecheck\lib\site-packages\django\utils\dateparse.py", line 77, in parse_date
    return datetime.date(**kw)
ValueError: year 0 is out of range

During handling of the above exception, another exception occurred:

Traceback (most recent call last):
  File "C:\Python372\mecheck\lib\site-packages\django\core\handlers\exception.py", line 34, in inner
    response = get_response(request)
  File "C:\Python372\mecheck\lib\site-packages\django\core\handlers\base.py", line 126, in _get_response
    response = self.process_exception_by_middleware(e, request)
  File "C:\Python372\mecheck\lib\site-packages\django\core\handlers\base.py", line 124, in _get_response
    response = wrapped_callback(request, *callback_args, **callback_kwargs)
  File "C:\Python372\mecheck\lib\site-packages\django\views\decorators\csrf.py", line 54, in wrapped_view
    return view_func(*args, **kwargs)
  File "C:\djangoproject\Reliability_Row_data\PersonalInfo\views.py", line 6222, in Summary3
    for Per in PersonalInfo.objects.filter(Status__in=["離職"], QuitDate__range=Search_Endperiod):
  File "C:\Python372\mecheck\lib\site-packages\django\db\models\manager.py", line 82, in manager_method
    return getattr(self.get_queryset(), name)(*args, **kwargs)
  File "C:\Python372\mecheck\lib\site-packages\django\db\models\query.py", line 844, in filter
    return self._filter_or_exclude(False, *args, **kwargs)
  File "C:\Python372\mecheck\lib\site-packages\django\db\models\query.py", line 862, in _filter_or_exclude
    clone.query.add_q(Q(*args, **kwargs))
  File "C:\Python372\mecheck\lib\site-packages\django\db\models\sql\query.py", line 1263, in add_q
    clause, _ = self._add_q(q_object, self.used_aliases)
  File "C:\Python372\mecheck\lib\site-packages\django\db\models\sql\query.py", line 1287, in _add_q
    split_subq=split_subq,
  File "C:\Python372\mecheck\lib\site-packages\django\db\models\sql\query.py", line 1225, in build_filter
    condition = self.build_lookup(lookups, col, value)
  File "C:\Python372\mecheck\lib\site-packages\django\db\models\sql\query.py", line 1096, in build_lookup
    lookup = lookup_class(lhs, rhs)
  File "C:\Python372\mecheck\lib\site-packages\django\db\models\lookups.py", line 20, in __init__
    self.rhs = self.get_prep_lookup()
  File "C:\Python372\mecheck\lib\site-packages\django\db\models\lookups.py", line 210, in get_prep_lookup
    rhs_value = self.lhs.output_field.get_prep_value(rhs_value)
  File "C:\Python372\mecheck\lib\site-packages\django\db\models\fields\__init__.py", line 1268, in get_prep_value
    return self.to_python(value)
  File "C:\Python372\mecheck\lib\site-packages\django\db\models\fields\__init__.py", line 1237, in to_python
    params={'value': value},
django.core.exceptions.ValidationError: ['’0000-00-00‘ 值的格式正确(YYYY-MM-DD)，但是日期无效。']
[2022-06-20 09:05:06,639] [UserIP.py:89] [UserIP:process_response] [CRITICAL]- 系统错误
[2022-06-20 09:05:06,640] [basehttp.py:154] [basehttp:log_message] [ERROR]- "POST /PersonalInfo/Summary3/ HTTP/1.1" 500 149919
[2022-06-20 09:08:01,296] [log.py:228] [log:log_response] [ERROR]- Internal Server Error: /PersonalInfo/Summary3/
Traceback (most recent call last):
  File "C:\Python372\mecheck\lib\site-packages\django\core\handlers\exception.py", line 34, in inner
    response = get_response(request)
  File "C:\Python372\mecheck\lib\site-packages\django\core\handlers\base.py", line 126, in _get_response
    response = self.process_exception_by_middleware(e, request)
  File "C:\Python372\mecheck\lib\site-packages\django\core\handlers\base.py", line 124, in _get_response
    response = wrapped_callback(request, *callback_args, **callback_kwargs)
  File "C:\Python372\mecheck\lib\site-packages\django\views\decorators\csrf.py", line 54, in wrapped_view
    return view_func(*args, **kwargs)
  File "C:\djangoproject\Reliability_Row_data\PersonalInfo\views.py", line 6216, in Summary3
    Search_start = PersonalInfo.objects.all().values("QuitDate").distinct().order_by("QuitDate").first().strftime("%Y-%m-%d")
AttributeError: 'dict' object has no attribute 'strftime'
[2022-06-20 09:08:01,310] [UserIP.py:89] [UserIP:process_response] [CRITICAL]- 系统错误
[2022-06-20 09:08:01,317] [basehttp.py:154] [basehttp:log_message] [ERROR]- "POST /PersonalInfo/Summary3/ HTTP/1.1" 500 85981
[2022-06-20 09:09:08,364] [log.py:228] [log:log_response] [ERROR]- Internal Server Error: /PersonalInfo/Summary3/
Traceback (most recent call last):
  File "C:\Python372\mecheck\lib\site-packages\django\core\handlers\exception.py", line 34, in inner
    response = get_response(request)
  File "C:\Python372\mecheck\lib\site-packages\django\core\handlers\base.py", line 126, in _get_response
    response = self.process_exception_by_middleware(e, request)
  File "C:\Python372\mecheck\lib\site-packages\django\core\handlers\base.py", line 124, in _get_response
    response = wrapped_callback(request, *callback_args, **callback_kwargs)
  File "C:\Python372\mecheck\lib\site-packages\django\views\decorators\csrf.py", line 54, in wrapped_view
    return view_func(*args, **kwargs)
  File "C:\djangoproject\Reliability_Row_data\PersonalInfo\views.py", line 6224, in Summary3
    for Per in PersonalInfo.objects.filter(Status__in=["離職"], QuitDate__range=Search_Endperiod):
  File "C:\Python372\mecheck\lib\site-packages\django\db\models\manager.py", line 82, in manager_method
    return getattr(self.get_queryset(), name)(*args, **kwargs)
  File "C:\Python372\mecheck\lib\site-packages\django\db\models\query.py", line 844, in filter
    return self._filter_or_exclude(False, *args, **kwargs)
  File "C:\Python372\mecheck\lib\site-packages\django\db\models\query.py", line 862, in _filter_or_exclude
    clone.query.add_q(Q(*args, **kwargs))
  File "C:\Python372\mecheck\lib\site-packages\django\db\models\sql\query.py", line 1263, in add_q
    clause, _ = self._add_q(q_object, self.used_aliases)
  File "C:\Python372\mecheck\lib\site-packages\django\db\models\sql\query.py", line 1287, in _add_q
    split_subq=split_subq,
  File "C:\Python372\mecheck\lib\site-packages\django\db\models\sql\query.py", line 1225, in build_filter
    condition = self.build_lookup(lookups, col, value)
  File "C:\Python372\mecheck\lib\site-packages\django\db\models\sql\query.py", line 1096, in build_lookup
    lookup = lookup_class(lhs, rhs)
  File "C:\Python372\mecheck\lib\site-packages\django\db\models\lookups.py", line 20, in __init__
    self.rhs = self.get_prep_lookup()
  File "C:\Python372\mecheck\lib\site-packages\django\db\models\lookups.py", line 210, in get_prep_lookup
    rhs_value = self.lhs.output_field.get_prep_value(rhs_value)
  File "C:\Python372\mecheck\lib\site-packages\django\db\models\fields\__init__.py", line 1268, in get_prep_value
    return self.to_python(value)
  File "C:\Python372\mecheck\lib\site-packages\django\db\models\fields\__init__.py", line 1230, in to_python
    parsed = parse_date(value)
  File "C:\Python372\mecheck\lib\site-packages\django\utils\dateparse.py", line 74, in parse_date
    match = date_re.match(value)
TypeError: expected string or bytes-like object
[2022-06-20 09:09:08,379] [UserIP.py:89] [UserIP:process_response] [CRITICAL]- 系统错误
[2022-06-20 09:09:08,380] [basehttp.py:154] [basehttp:log_message] [ERROR]- "POST /PersonalInfo/Summary3/ HTTP/1.1" 500 145226
[2022-06-20 09:56:47,497] [UserIP.py:89] [UserIP:process_response] [CRITICAL]- 系统错误
[2022-06-20 14:31:23,458] [basehttp.py:154] [basehttp:log_message] [ERROR]- "GET /TestPlanSW/TestPlanSW-search/?action=getContent&customer=C38(NB)&project=FLAT4&phase=15&category= HTTP/1.1" 500 59
[2022-06-20 15:13:12,837] [basehttp.py:154] [basehttp:log_message] [ERROR]- "POST /TestPlanSW/TestPlanSW-summary/ HTTP/1.1" 500 59
[2022-06-21 10:00:12,760] [UserIP.py:89] [UserIP:process_response] [CRITICAL]- 系统错误
[2022-06-21 16:26:02,639] [UserIP.py:89] [UserIP:process_response] [CRITICAL]- 系统错误
[2022-06-21 16:27:20,956] [UserIP.py:89] [UserIP:process_response] [CRITICAL]- 系统错误
[2022-06-21 16:31:04,564] [UserIP.py:89] [UserIP:process_response] [CRITICAL]- 系统错误
[2022-06-21 16:31:09,989] [UserIP.py:89] [UserIP:process_response] [CRITICAL]- 系统错误
[2022-06-21 16:31:20,352] [UserIP.py:89] [UserIP:process_response] [CRITICAL]- 系统错误
[2022-06-21 16:31:25,183] [UserIP.py:89] [UserIP:process_response] [CRITICAL]- 系统错误
[2022-06-21 16:31:42,285] [UserIP.py:89] [UserIP:process_response] [CRITICAL]- 系统错误
[2022-06-21 16:31:48,435] [UserIP.py:89] [UserIP:process_response] [CRITICAL]- 系统错误
[2022-06-21 16:31:58,196] [UserIP.py:89] [UserIP:process_response] [CRITICAL]- 系统错误
[2022-06-21 16:32:04,196] [UserIP.py:89] [UserIP:process_response] [CRITICAL]- 系统错误
[2022-06-21 16:32:04,205] [basehttp.py:154] [basehttp:log_message] [ERROR]- "POST /admin/TestPlanSW/testplansw/?Projectinfo__id__exact=1 HTTP/1.1" 500 59
[2022-06-21 16:32:31,826] [UserIP.py:89] [UserIP:process_response] [CRITICAL]- 系统错误
[2022-06-21 16:32:36,786] [UserIP.py:89] [UserIP:process_response] [CRITICAL]- 系统错误
[2022-06-21 16:32:43,135] [UserIP.py:89] [UserIP:process_response] [CRITICAL]- 系统错误
[2022-06-21 16:32:48,471] [UserIP.py:89] [UserIP:process_response] [CRITICAL]- 系统错误
[2022-06-21 16:33:11,107] [UserIP.py:89] [UserIP:process_response] [CRITICAL]- 系统错误
[2022-06-21 16:38:59,956] [UserIP.py:89] [UserIP:process_response] [CRITICAL]- 系统错误
[2022-06-21 16:39:01,418] [UserIP.py:89] [UserIP:process_response] [CRITICAL]- 系统错误
[2022-06-21 16:40:42,286] [UserIP.py:89] [UserIP:process_response] [CRITICAL]- 系统错误
[2022-06-21 16:58:04,034] [UserIP.py:89] [UserIP:process_response] [CRITICAL]- 系统错误
[2022-06-21 16:58:13,334] [UserIP.py:89] [UserIP:process_response] [CRITICAL]- 系统错误
[2022-06-28 13:11:47,645] [UserIP.py:89] [UserIP:process_response] [CRITICAL]- 系统错误
