[2023-07-17 08:25:02,003] [basehttp.py:154] [basehttp:log_message] [ERROR]- "POST /ABOTestPlan/ABOTestPlan_summary/ HTTP/1.1" 500 59
[2023-07-17 09:33:23,123] [log.py:228] [log:log_response] [ERROR]- Internal Server Error: /ABOTestPlan/ABOTestPlan_edit/
Traceback (most recent call last):
  File "C:\Python372\mecheck\lib\site-packages\django\core\handlers\exception.py", line 34, in inner
    response = get_response(request)
  File "C:\Python372\mecheck\lib\site-packages\django\core\handlers\base.py", line 126, in _get_response
    response = self.process_exception_by_middleware(e, request)
  File "C:\Python372\mecheck\lib\site-packages\django\core\handlers\base.py", line 124, in _get_response
    response = wrapped_callback(request, *callback_args, **callback_kwargs)
  File "C:\Python372\mecheck\lib\site-packages\django\views\decorators\csrf.py", line 54, in wrapped_view
    return view_func(*args, **kwargs)
  File "C:\djangoproject\Reliability_Row_data\ABOTestPlan\views.py", line 739, in ABOTestPlan_edit
    excel_info = info_excel(folder_path_Sys)
  File "C:\djangoproject\Reliability_Row_data\ABOTestPlan\views.py", line 191, in info_excel
    df = pd.read_excel(src_file, header=header, sheet_name=int(sheetnum0)).iloc[:,
  File "C:\Python372\mecheck\lib\site-packages\pandas\util\_decorators.py", line 311, in wrapper
    return func(*args, **kwargs)
  File "C:\Python372\mecheck\lib\site-packages\pandas\io\excel\_base.py", line 364, in read_excel
    io = ExcelFile(io, storage_options=storage_options, engine=engine)
  File "C:\Python372\mecheck\lib\site-packages\pandas\io\excel\_base.py", line 1192, in __init__
    content_or_path=path_or_buffer, storage_options=storage_options
  File "C:\Python372\mecheck\lib\site-packages\pandas\io\excel\_base.py", line 1071, in inspect_excel_format
    content_or_path, "rb", storage_options=storage_options, is_text=False
  File "C:\Python372\mecheck\lib\site-packages\pandas\io\common.py", line 711, in get_handle
    handle = open(handle, ioargs.mode)
PermissionError: [Errno 13] Permission denied: 'c:\\media/ABOTestPlanSys/'
[2023-07-17 09:33:23,128] [basehttp.py:154] [basehttp:log_message] [ERROR]- "POST /ABOTestPlan/ABOTestPlan_edit/ HTTP/1.1" 500 131286
[2023-07-17 10:53:18,181] [log.py:228] [log:log_response] [ERROR]- Internal Server Error: /ABOTestPlan/ABOTestPlan_edit/
Traceback (most recent call last):
  File "C:\Python372\mecheck\lib\site-packages\django\core\handlers\exception.py", line 34, in inner
    response = get_response(request)
  File "C:\Python372\mecheck\lib\site-packages\django\core\handlers\base.py", line 126, in _get_response
    response = self.process_exception_by_middleware(e, request)
  File "C:\Python372\mecheck\lib\site-packages\django\core\handlers\base.py", line 124, in _get_response
    response = wrapped_callback(request, *callback_args, **callback_kwargs)
  File "C:\Python372\mecheck\lib\site-packages\django\views\decorators\csrf.py", line 54, in wrapped_view
    return view_func(*args, **kwargs)
  File "C:\djangoproject\Reliability_Row_data\ABOTestPlan\views.py", line 775, in ABOTestPlan_edit
    df = df.drop(index=df[(df.TestID == tabledata[0]["TestID"], df.TestItems == tabledata[0]["TestItems"])].index.tolist())
  File "C:\Python372\mecheck\lib\site-packages\pandas\core\frame.py", line 3458, in __getitem__
    indexer = self.columns.get_loc(key)
  File "C:\Python372\mecheck\lib\site-packages\pandas\core\indexes\base.py", line 3361, in get_loc
    return self._engine.get_loc(casted_key)
  File "pandas\_libs\index.pyx", line 76, in pandas._libs.index.IndexEngine.get_loc
  File "pandas\_libs\index.pyx", line 82, in pandas._libs.index.IndexEngine.get_loc
TypeError: '(0    True
Name: TestID, dtype: bool, 0    True
Name: TestItems, dtype: bool)' is an invalid key
[2023-07-17 10:53:18,186] [basehttp.py:154] [basehttp:log_message] [ERROR]- "POST /ABOTestPlan/ABOTestPlan_edit/ HTTP/1.1" 500 137066
[2023-07-17 11:59:03,734] [log.py:228] [log:log_response] [ERROR]- Internal Server Error: /ABOTestPlan/ABOTestPlan_edit/
Traceback (most recent call last):
  File "C:\Python372\mecheck\lib\site-packages\pandas\core\indexes\base.py", line 3361, in get_loc
    return self._engine.get_loc(casted_key)
  File "pandas\_libs\index.pyx", line 76, in pandas._libs.index.IndexEngine.get_loc
  File "pandas\_libs\index.pyx", line 108, in pandas._libs.index.IndexEngine.get_loc
  File "pandas\_libs\hashtable_class_helper.pxi", line 5198, in pandas._libs.hashtable.PyObjectHashTable.get_item
  File "pandas\_libs\hashtable_class_helper.pxi", line 5206, in pandas._libs.hashtable.PyObjectHashTable.get_item
KeyError: 0

The above exception was the direct cause of the following exception:

Traceback (most recent call last):
  File "C:\Python372\mecheck\lib\site-packages\django\core\handlers\exception.py", line 34, in inner
    response = get_response(request)
  File "C:\Python372\mecheck\lib\site-packages\django\core\handlers\base.py", line 126, in _get_response
    response = self.process_exception_by_middleware(e, request)
  File "C:\Python372\mecheck\lib\site-packages\django\core\handlers\base.py", line 124, in _get_response
    response = wrapped_callback(request, *callback_args, **callback_kwargs)
  File "C:\Python372\mecheck\lib\site-packages\django\views\decorators\csrf.py", line 54, in wrapped_view
    return view_func(*args, **kwargs)
  File "C:\djangoproject\Reliability_Row_data\ABOTestPlan\views.py", line 782, in ABOTestPlan_edit
    dffinal = df_part1.append(pd.DataFrame(tabledata)[0])
  File "C:\Python372\mecheck\lib\site-packages\pandas\core\frame.py", line 3458, in __getitem__
    indexer = self.columns.get_loc(key)
  File "C:\Python372\mecheck\lib\site-packages\pandas\core\indexes\base.py", line 3363, in get_loc
    raise KeyError(key) from err
KeyError: 0
[2023-07-17 11:59:03,738] [basehttp.py:154] [basehttp:log_message] [ERROR]- "POST /ABOTestPlan/ABOTestPlan_edit/ HTTP/1.1" 500 170685
[2023-07-17 13:25:11,440] [log.py:228] [log:log_response] [ERROR]- Internal Server Error: /ABOTestPlan/ABOTestPlan_edit/
Traceback (most recent call last):
  File "C:\Python372\mecheck\lib\site-packages\django\core\handlers\exception.py", line 34, in inner
    response = get_response(request)
  File "C:\Python372\mecheck\lib\site-packages\django\core\handlers\base.py", line 126, in _get_response
    response = self.process_exception_by_middleware(e, request)
  File "C:\Python372\mecheck\lib\site-packages\django\core\handlers\base.py", line 124, in _get_response
    response = wrapped_callback(request, *callback_args, **callback_kwargs)
  File "C:\Python372\mecheck\lib\site-packages\django\views\decorators\csrf.py", line 54, in wrapped_view
    return view_func(*args, **kwargs)
  File "C:\djangoproject\Reliability_Row_data\ABOTestPlan\views.py", line 789, in ABOTestPlan_edit
    dffinal.sort_values(by=["TestID"], inplace=True)  # 多条件从小到大
UnboundLocalError: local variable 'dffinal' referenced before assignment
[2023-07-17 13:25:11,448] [basehttp.py:154] [basehttp:log_message] [ERROR]- "POST /ABOTestPlan/ABOTestPlan_edit/ HTTP/1.1" 500 103420
[2023-07-17 14:28:17,893] [log.py:228] [log:log_response] [ERROR]- Internal Server Error: /ABOTestPlan/ABOTestPlan_edit/
Traceback (most recent call last):
  File "C:\Python372\mecheck\lib\site-packages\django\core\handlers\exception.py", line 34, in inner
    response = get_response(request)
  File "C:\Python372\mecheck\lib\site-packages\django\core\handlers\base.py", line 126, in _get_response
    response = self.process_exception_by_middleware(e, request)
  File "C:\Python372\mecheck\lib\site-packages\django\core\handlers\base.py", line 124, in _get_response
    response = wrapped_callback(request, *callback_args, **callback_kwargs)
  File "C:\Python372\mecheck\lib\site-packages\django\views\decorators\csrf.py", line 54, in wrapped_view
    return view_func(*args, **kwargs)
  File "C:\djangoproject\Reliability_Row_data\ABOTestPlan\views.py", line 790, in ABOTestPlan_edit
    dffinal.to_excel(folder_path_Sys_summary,index=False)
  File "C:\Python372\mecheck\lib\site-packages\pandas\core\generic.py", line 2291, in to_excel
    storage_options=storage_options,
  File "C:\Python372\mecheck\lib\site-packages\pandas\io\formats\excel.py", line 835, in write
    writer, engine=engine, storage_options=storage_options
  File "C:\Python372\mecheck\lib\site-packages\pandas\io\excel\_xlsxwriter.py", line 199, in __init__
    engine_kwargs=engine_kwargs,
  File "C:\Python372\mecheck\lib\site-packages\pandas\io\excel\_base.py", line 926, in __init__
    path, mode, storage_options=storage_options, is_text=False
  File "C:\Python372\mecheck\lib\site-packages\pandas\io\common.py", line 711, in get_handle
    handle = open(handle, ioargs.mode)
PermissionError: [Errno 13] Permission denied: 'c:/media/ABOTestPlanSys/T88_ProjectName1_B Phase_Compatibility/1Summary.xlsx'
[2023-07-17 14:28:17,914] [basehttp.py:154] [basehttp:log_message] [ERROR]- "POST /ABOTestPlan/ABOTestPlan_edit/ HTTP/1.1" 500 139219
[2023-07-17 14:49:13,835] [log.py:228] [log:log_response] [ERROR]- Internal Server Error: /ABOTestPlan/ABOTestPlan_edit/
Traceback (most recent call last):
  File "C:\Python372\mecheck\lib\site-packages\django\core\handlers\exception.py", line 34, in inner
    response = get_response(request)
  File "C:\Python372\mecheck\lib\site-packages\django\core\handlers\base.py", line 126, in _get_response
    response = self.process_exception_by_middleware(e, request)
  File "C:\Python372\mecheck\lib\site-packages\django\core\handlers\base.py", line 124, in _get_response
    response = wrapped_callback(request, *callback_args, **callback_kwargs)
  File "C:\Python372\mecheck\lib\site-packages\django\views\decorators\csrf.py", line 54, in wrapped_view
    return view_func(*args, **kwargs)
  File "C:\djangoproject\Reliability_Row_data\ABOTestPlan\views.py", line 796, in ABOTestPlan_edit
    dffinal.to_excel(folder_path_Sys_summary,index=False)
  File "C:\Python372\mecheck\lib\site-packages\pandas\core\generic.py", line 2291, in to_excel
    storage_options=storage_options,
  File "C:\Python372\mecheck\lib\site-packages\pandas\io\formats\excel.py", line 835, in write
    writer, engine=engine, storage_options=storage_options
  File "C:\Python372\mecheck\lib\site-packages\pandas\io\excel\_xlsxwriter.py", line 199, in __init__
    engine_kwargs=engine_kwargs,
  File "C:\Python372\mecheck\lib\site-packages\pandas\io\excel\_base.py", line 926, in __init__
    path, mode, storage_options=storage_options, is_text=False
  File "C:\Python372\mecheck\lib\site-packages\pandas\io\common.py", line 711, in get_handle
    handle = open(handle, ioargs.mode)
PermissionError: [Errno 13] Permission denied: 'c:/media/ABOTestPlanSys/T88_ProjectName1_B Phase_Compatibility/1Summary.xlsx'
[2023-07-17 14:49:13,840] [basehttp.py:154] [basehttp:log_message] [ERROR]- "POST /ABOTestPlan/ABOTestPlan_edit/ HTTP/1.1" 500 136705
[2023-07-17 14:55:43,137] [log.py:228] [log:log_response] [ERROR]- Internal Server Error: /ABOTestPlan/ABOTestPlan_edit/
Traceback (most recent call last):
  File "C:\Python372\mecheck\lib\site-packages\django\core\handlers\exception.py", line 34, in inner
    response = get_response(request)
  File "C:\Python372\mecheck\lib\site-packages\django\core\handlers\base.py", line 126, in _get_response
    response = self.process_exception_by_middleware(e, request)
  File "C:\Python372\mecheck\lib\site-packages\django\core\handlers\base.py", line 124, in _get_response
    response = wrapped_callback(request, *callback_args, **callback_kwargs)
  File "C:\Python372\mecheck\lib\site-packages\django\views\decorators\csrf.py", line 54, in wrapped_view
    return view_func(*args, **kwargs)
  File "C:\djangoproject\Reliability_Row_data\ABOTestPlan\views.py", line 791, in ABOTestPlan_edit
    dffinal = df.append(tabledata[0])
  File "C:\Python372\mecheck\lib\site-packages\pandas\core\frame.py", line 8931, in append
    raise TypeError("Can only append a dict if ignore_index=True")
TypeError: Can only append a dict if ignore_index=True
[2023-07-17 14:55:43,157] [basehttp.py:154] [basehttp:log_message] [ERROR]- "POST /ABOTestPlan/ABOTestPlan_edit/ HTTP/1.1" 500 108623
[2023-07-17 14:57:53,200] [log.py:228] [log:log_response] [ERROR]- Internal Server Error: /ABOTestPlan/ABOTestPlan_edit/
Traceback (most recent call last):
  File "C:\Python372\mecheck\lib\site-packages\django\core\handlers\exception.py", line 34, in inner
    response = get_response(request)
  File "C:\Python372\mecheck\lib\site-packages\django\core\handlers\base.py", line 126, in _get_response
    response = self.process_exception_by_middleware(e, request)
  File "C:\Python372\mecheck\lib\site-packages\django\core\handlers\base.py", line 124, in _get_response
    response = wrapped_callback(request, *callback_args, **callback_kwargs)
  File "C:\Python372\mecheck\lib\site-packages\django\views\decorators\csrf.py", line 54, in wrapped_view
    return view_func(*args, **kwargs)
  File "C:\djangoproject\Reliability_Row_data\ABOTestPlan\views.py", line 798, in ABOTestPlan_edit
    dffinal.to_excel(folder_path_Sys_summary,index=False)
  File "C:\Python372\mecheck\lib\site-packages\pandas\core\generic.py", line 2291, in to_excel
    storage_options=storage_options,
  File "C:\Python372\mecheck\lib\site-packages\pandas\io\formats\excel.py", line 835, in write
    writer, engine=engine, storage_options=storage_options
  File "C:\Python372\mecheck\lib\site-packages\pandas\io\excel\_xlsxwriter.py", line 199, in __init__
    engine_kwargs=engine_kwargs,
  File "C:\Python372\mecheck\lib\site-packages\pandas\io\excel\_base.py", line 926, in __init__
    path, mode, storage_options=storage_options, is_text=False
  File "C:\Python372\mecheck\lib\site-packages\pandas\io\common.py", line 711, in get_handle
    handle = open(handle, ioargs.mode)
PermissionError: [Errno 13] Permission denied: 'c:/media/ABOTestPlanSys/T88_ProjectName1_B Phase_Compatibility/1Summary.xlsx'
[2023-07-17 14:57:53,205] [basehttp.py:154] [basehttp:log_message] [ERROR]- "POST /ABOTestPlan/ABOTestPlan_edit/ HTTP/1.1" 500 135215
[2023-07-17 15:20:17,437] [log.py:228] [log:log_response] [ERROR]- Internal Server Error: /ABOTestPlan/ABOTestPlan_edit/
Traceback (most recent call last):
  File "C:\Python372\mecheck\lib\site-packages\django\core\handlers\exception.py", line 34, in inner
    response = get_response(request)
  File "C:\Python372\mecheck\lib\site-packages\django\core\handlers\base.py", line 126, in _get_response
    response = self.process_exception_by_middleware(e, request)
  File "C:\Python372\mecheck\lib\site-packages\django\core\handlers\base.py", line 124, in _get_response
    response = wrapped_callback(request, *callback_args, **callback_kwargs)
  File "C:\Python372\mecheck\lib\site-packages\django\views\decorators\csrf.py", line 54, in wrapped_view
    return view_func(*args, **kwargs)
  File "C:\djangoproject\Reliability_Row_data\ABOTestPlan\views.py", line 800, in ABOTestPlan_edit
    dffinal.to_excel(folder_path_Sys_summary,index=False)
  File "C:\Python372\mecheck\lib\site-packages\pandas\core\generic.py", line 2291, in to_excel
    storage_options=storage_options,
  File "C:\Python372\mecheck\lib\site-packages\pandas\io\formats\excel.py", line 835, in write
    writer, engine=engine, storage_options=storage_options
  File "C:\Python372\mecheck\lib\site-packages\pandas\io\excel\_xlsxwriter.py", line 199, in __init__
    engine_kwargs=engine_kwargs,
  File "C:\Python372\mecheck\lib\site-packages\pandas\io\excel\_base.py", line 926, in __init__
    path, mode, storage_options=storage_options, is_text=False
  File "C:\Python372\mecheck\lib\site-packages\pandas\io\common.py", line 711, in get_handle
    handle = open(handle, ioargs.mode)
PermissionError: [Errno 13] Permission denied: 'c:/media/ABOTestPlanSys/T88_ProjectName1_B Phase_Compatibility/1Summary.xlsx'
[2023-07-17 15:20:17,441] [basehttp.py:154] [basehttp:log_message] [ERROR]- "POST /ABOTestPlan/ABOTestPlan_edit/ HTTP/1.1" 500 137510
[2023-07-17 15:26:12,230] [log.py:228] [log:log_response] [ERROR]- Internal Server Error: /ABOTestPlan/ABOTestPlan_edit/
Traceback (most recent call last):
  File "C:\Python372\mecheck\lib\site-packages\django\core\handlers\exception.py", line 34, in inner
    response = get_response(request)
  File "C:\Python372\mecheck\lib\site-packages\django\core\handlers\base.py", line 126, in _get_response
    response = self.process_exception_by_middleware(e, request)
  File "C:\Python372\mecheck\lib\site-packages\django\core\handlers\base.py", line 124, in _get_response
    response = wrapped_callback(request, *callback_args, **callback_kwargs)
  File "C:\Python372\mecheck\lib\site-packages\django\views\decorators\csrf.py", line 54, in wrapped_view
    return view_func(*args, **kwargs)
  File "C:\djangoproject\Reliability_Row_data\ABOTestPlan\views.py", line 798, in ABOTestPlan_edit
    dffinal.to_excel(folder_path_Sys_summary,index=False)
  File "C:\Python372\mecheck\lib\site-packages\pandas\core\generic.py", line 2291, in to_excel
    storage_options=storage_options,
  File "C:\Python372\mecheck\lib\site-packages\pandas\io\formats\excel.py", line 835, in write
    writer, engine=engine, storage_options=storage_options
  File "C:\Python372\mecheck\lib\site-packages\pandas\io\excel\_xlsxwriter.py", line 199, in __init__
    engine_kwargs=engine_kwargs,
  File "C:\Python372\mecheck\lib\site-packages\pandas\io\excel\_base.py", line 926, in __init__
    path, mode, storage_options=storage_options, is_text=False
  File "C:\Python372\mecheck\lib\site-packages\pandas\io\common.py", line 711, in get_handle
    handle = open(handle, ioargs.mode)
PermissionError: [Errno 13] Permission denied: 'c:/media/ABOTestPlanSys/T88_ProjectName1_B Phase_Compatibility/1Summary.xlsx'
[2023-07-17 15:26:12,254] [basehttp.py:154] [basehttp:log_message] [ERROR]- "POST /ABOTestPlan/ABOTestPlan_edit/ HTTP/1.1" 500 137510
[2023-07-17 16:10:32,528] [basehttp.py:154] [basehttp:log_message] [ERROR]- "POST /ABOTestPlan/ABOTestPlan_summary/ HTTP/1.1" 500 59
[2023-07-17 16:31:58,284] [log.py:228] [log:log_response] [ERROR]- Internal Server Error: /INVGantt/INVGantt-searchByProject/
Traceback (most recent call last):
  File "C:\Python372\mecheck\lib\site-packages\django\core\handlers\exception.py", line 34, in inner
    response = get_response(request)
  File "C:\Python372\mecheck\lib\site-packages\django\core\handlers\base.py", line 126, in _get_response
    response = self.process_exception_by_middleware(e, request)
  File "C:\Python372\mecheck\lib\site-packages\django\core\handlers\base.py", line 124, in _get_response
    response = wrapped_callback(request, *callback_args, **callback_kwargs)
  File "C:\Python372\mecheck\lib\site-packages\django\views\decorators\csrf.py", line 54, in wrapped_view
    return view_func(*args, **kwargs)
  File "C:\djangoproject\Reliability_Row_data\INVGantt\views.py", line 449, in INVGantt_searchByProject
    endtime = datetime.datetime.strptime(Search_Endperiod[1].split('-')[0] + "-" + str(int(Search_Endperiod[1].split('-')[1]) + 1) + "-01", '%Y-%m-%d')
  File "C:\Python372\lib\_strptime.py", line 577, in _strptime_datetime
    tt, fraction, gmtoff_fraction = _strptime(data_string, format)
  File "C:\Python372\lib\_strptime.py", line 359, in _strptime
    (data_string, format))
ValueError: time data '2023-13-01' does not match format '%Y-%m-%d'
[2023-07-17 16:31:58,312] [basehttp.py:154] [basehttp:log_message] [ERROR]- "POST /INVGantt/INVGantt-searchByProject/ HTTP/1.1" 500 113933
[2023-07-17 16:32:57,181] [log.py:228] [log:log_response] [ERROR]- Internal Server Error: /INVGantt/INVGantt-searchByProject/
Traceback (most recent call last):
  File "C:\Python372\mecheck\lib\site-packages\django\core\handlers\exception.py", line 34, in inner
    response = get_response(request)
  File "C:\Python372\mecheck\lib\site-packages\django\core\handlers\base.py", line 126, in _get_response
    response = self.process_exception_by_middleware(e, request)
  File "C:\Python372\mecheck\lib\site-packages\django\core\handlers\base.py", line 124, in _get_response
    response = wrapped_callback(request, *callback_args, **callback_kwargs)
  File "C:\Python372\mecheck\lib\site-packages\django\views\decorators\csrf.py", line 54, in wrapped_view
    return view_func(*args, **kwargs)
  File "C:\djangoproject\Reliability_Row_data\INVGantt\views.py", line 449, in INVGantt_searchByProject
    endtime = datetime.datetime.strptime(Search_Endperiod[1].split('-')[0] + "-" + str(int(Search_Endperiod[1].split('-')[1]) + 1) + "-01", '%Y-%m-%d')
  File "C:\Python372\lib\_strptime.py", line 577, in _strptime_datetime
    tt, fraction, gmtoff_fraction = _strptime(data_string, format)
  File "C:\Python372\lib\_strptime.py", line 359, in _strptime
    (data_string, format))
ValueError: time data '2023-13-01' does not match format '%Y-%m-%d'
[2023-07-17 16:32:57,197] [basehttp.py:154] [basehttp:log_message] [ERROR]- "POST /INVGantt/INVGantt-searchByProject/ HTTP/1.1" 500 113763
[2023-07-17 16:35:11,101] [log.py:228] [log:log_response] [ERROR]- Internal Server Error: /INVGantt/INVGantt-searchByProject/
Traceback (most recent call last):
  File "C:\Python372\mecheck\lib\site-packages\django\core\handlers\exception.py", line 34, in inner
    response = get_response(request)
  File "C:\Python372\mecheck\lib\site-packages\django\core\handlers\base.py", line 126, in _get_response
    response = self.process_exception_by_middleware(e, request)
  File "C:\Python372\mecheck\lib\site-packages\django\core\handlers\base.py", line 124, in _get_response
    response = wrapped_callback(request, *callback_args, **callback_kwargs)
  File "C:\Python372\mecheck\lib\site-packages\django\views\decorators\csrf.py", line 54, in wrapped_view
    return view_func(*args, **kwargs)
  File "C:\djangoproject\Reliability_Row_data\INVGantt\views.py", line 478, in INVGantt_searchByProject
    int(Search_Endperiod[1].split('-')[1]) + 1) + "-01", '%Y-%m-%d')]
  File "C:\Python372\lib\_strptime.py", line 577, in _strptime_datetime
    tt, fraction, gmtoff_fraction = _strptime(data_string, format)
  File "C:\Python372\lib\_strptime.py", line 359, in _strptime
    (data_string, format))
ValueError: time data '2021-13-01' does not match format '%Y-%m-%d'
[2023-07-17 16:35:11,147] [basehttp.py:154] [basehttp:log_message] [ERROR]- "POST /INVGantt/INVGantt-searchByProject/ HTTP/1.1" 500 113771
