[2023-10-16 10:05:42,549] [basehttp.py:154] [basehttp:log_message] [INFO]- "GET / HTTP/1.1" 302 0
[2023-10-16 10:05:42,563] [basehttp.py:154] [basehttp:log_message] [INFO]- "GET /login/ HTTP/1.1" 200 4823
[2023-10-16 10:05:43,285] [basehttp.py:154] [basehttp:log_message] [INFO]- "GET /favicon.ico HTTP/1.1" 302 0
[2023-10-16 10:05:43,290] [basehttp.py:154] [basehttp:log_message] [INFO]- "GET /login/ HTTP/1.1" 200 4823
[2023-10-16 10:05:57,032] [basehttp.py:154] [basehttp:log_message] [INFO]- "GET /TUMHistory/SummaryMateria/ HTTP/1.1" 200 40429
[2023-10-16 10:05:57,142] [basehttp.py:154] [basehttp:log_message] [INFO]- "GET /TUMHistory/SummaryMateria/ HTTP/1.1" 200 40429
[2023-10-16 10:05:57,155] [basehttp.py:154] [basehttp:log_message] [WARNING]- "GET /static/css/bootstrap.min.css.map HTTP/1.1" 404 1800
[2023-10-16 10:05:57,168] [basehttp.py:154] [basehttp:log_message] [WARNING]- "GET /static/js/lib/bootstrap.min.js.map HTTP/1.1" 404 1806
[2023-10-16 10:05:57,230] [basehttp.py:154] [basehttp:log_message] [WARNING]- "GET /static/js/axios.min.map HTTP/1.1" 404 1773
[2023-10-16 10:05:57,233] [basehttp.py:154] [basehttp:log_message] [WARNING]- "GET /static/js/xlsx/FileSaver.min.js.map HTTP/1.1" 404 1809
[2023-10-16 10:05:57,373] [UserIP.py:87] [UserIP:process_response] [INFO]- 2023-10-16 10:05:57 C1010S3>Cao.Edwin None>LAPTOP-EJP4HNEV>543 127.0.0.1 127.0.0.1 /TUMHistory/SummaryMateria/ POST
[2023-10-16 10:05:57,385] [basehttp.py:154] [basehttp:log_message] [INFO]- "POST /TUMHistory/SummaryMateria/ HTTP/1.1" 200 2025
[2023-10-16 10:05:57,416] [basehttp.py:154] [basehttp:log_message] [INFO]- "GET /favicon.ico HTTP/1.1" 200 23520
[2023-10-16 10:07:36,725] [UserIP.py:87] [UserIP:process_response] [INFO]- 2023-10-16 10:07:36 C1010S3>Cao.Edwin None>LAPTOP-EJP4HNEV>543 127.0.0.1 127.0.0.1 /TUMHistory/SummaryMateria/ POST
[2023-10-16 10:07:36,739] [basehttp.py:154] [basehttp:log_message] [INFO]- "POST /TUMHistory/SummaryMateria/ HTTP/1.1" 200 2025
[2023-10-16 10:07:37,420] [UserIP.py:87] [UserIP:process_response] [INFO]- 2023-10-16 10:07:37 C1010S3>Cao.Edwin None>LAPTOP-EJP4HNEV>543 127.0.0.1 127.0.0.1 /TUMHistory/SummaryMateria/ POST
[2023-10-16 10:07:37,430] [basehttp.py:154] [basehttp:log_message] [INFO]- "POST /TUMHistory/SummaryMateria/ HTTP/1.1" 200 2025
[2023-10-16 10:07:37,622] [UserIP.py:87] [UserIP:process_response] [INFO]- 2023-10-16 10:07:37 C1010S3>Cao.Edwin None>LAPTOP-EJP4HNEV>543 127.0.0.1 127.0.0.1 /TUMHistory/SummaryMateria/ POST
[2023-10-16 10:07:37,634] [basehttp.py:154] [basehttp:log_message] [INFO]- "POST /TUMHistory/SummaryMateria/ HTTP/1.1" 200 2025
[2023-10-16 10:07:37,798] [UserIP.py:87] [UserIP:process_response] [INFO]- 2023-10-16 10:07:37 C1010S3>Cao.Edwin None>LAPTOP-EJP4HNEV>543 127.0.0.1 127.0.0.1 /TUMHistory/SummaryMateria/ POST
[2023-10-16 10:07:37,811] [basehttp.py:154] [basehttp:log_message] [INFO]- "POST /TUMHistory/SummaryMateria/ HTTP/1.1" 200 2025
[2023-10-16 10:38:52,197] [basehttp.py:154] [basehttp:log_message] [INFO]- "GET /TUMHistory/SummaryMateria/ HTTP/1.1" 200 40452
[2023-10-16 10:38:52,411] [basehttp.py:154] [basehttp:log_message] [INFO]- "GET /TUMHistory/SummaryMateria/ HTTP/1.1" 200 40452
[2023-10-16 10:38:52,421] [basehttp.py:154] [basehttp:log_message] [WARNING]- "GET /static/css/bootstrap.min.css.map HTTP/1.1" 404 1800
[2023-10-16 10:38:52,500] [basehttp.py:154] [basehttp:log_message] [WARNING]- "GET /static/js/lib/bootstrap.min.js.map HTTP/1.1" 404 1806
[2023-10-16 10:38:52,858] [basehttp.py:154] [basehttp:log_message] [WARNING]- "GET /static/js/axios.min.map HTTP/1.1" 404 1773
[2023-10-16 10:38:52,945] [basehttp.py:154] [basehttp:log_message] [WARNING]- "GET /static/js/xlsx/FileSaver.min.js.map HTTP/1.1" 404 1809
[2023-10-16 10:38:53,453] [basehttp.py:154] [basehttp:log_message] [INFO]- "GET /favicon.ico HTTP/1.1" 200 23520
[2023-10-16 10:39:01,493] [log.py:228] [log:log_response] [ERROR]- Internal Server Error: /TUMHistory/SummaryMateria/
Traceback (most recent call last):
  File "C:\Python372\mecheck\lib\site-packages\django\core\handlers\exception.py", line 34, in inner
    response = get_response(request)
  File "C:\Python372\mecheck\lib\site-packages\django\core\handlers\base.py", line 126, in _get_response
    response = self.process_exception_by_middleware(e, request)
  File "C:\Python372\mecheck\lib\site-packages\django\core\handlers\base.py", line 124, in _get_response
    response = wrapped_callback(request, *callback_args, **callback_kwargs)
  File "C:\Python372\mecheck\lib\site-packages\django\views\decorators\csrf.py", line 54, in wrapped_view
    return view_func(*args, **kwargs)
  File "C:\djangoproject\DMS\TUMHistory\views.py", line 633, in SummaryMateria
    return HttpResponse(json.dumps(data), content_type="application/json")
  File "C:\Python372\lib\json\__init__.py", line 231, in dumps
    return _default_encoder.encode(obj)
  File "C:\Python372\lib\json\encoder.py", line 199, in encode
    chunks = self.iterencode(o, _one_shot=True)
  File "C:\Python372\lib\json\encoder.py", line 257, in iterencode
    return _iterencode(o, 0)
  File "C:\Python372\lib\json\encoder.py", line 179, in default
    raise TypeError(f'Object of type {o.__class__.__name__} '
TypeError: Object of type date is not JSON serializable
[2023-10-16 10:39:01,500] [UserIP.py:89] [UserIP:process_response] [CRITICAL]- 系统错误
[2023-10-16 10:39:01,502] [basehttp.py:154] [basehttp:log_message] [ERROR]- "POST /TUMHistory/SummaryMateria/ HTTP/1.1" 500 142756
[2023-10-16 10:40:01,962] [basehttp.py:154] [basehttp:log_message] [INFO]- "GET /TUMHistory/SummaryMateria/ HTTP/1.1" 200 40562
[2023-10-16 10:40:02,099] [basehttp.py:154] [basehttp:log_message] [WARNING]- "GET /static/css/bootstrap.min.css.map HTTP/1.1" 404 1800
[2023-10-16 10:40:02,143] [basehttp.py:154] [basehttp:log_message] [WARNING]- "GET /static/js/lib/bootstrap.min.js.map HTTP/1.1" 404 1806
[2023-10-16 10:40:02,195] [basehttp.py:154] [basehttp:log_message] [INFO]- "GET /TUMHistory/SummaryMateria/ HTTP/1.1" 200 40562
[2023-10-16 10:40:02,331] [basehttp.py:154] [basehttp:log_message] [WARNING]- "GET /static/js/axios.min.map HTTP/1.1" 404 1773
[2023-10-16 10:40:02,401] [basehttp.py:154] [basehttp:log_message] [WARNING]- "GET /static/js/xlsx/FileSaver.min.js.map HTTP/1.1" 404 1809
[2023-10-16 10:40:02,753] [basehttp.py:154] [basehttp:log_message] [INFO]- "GET /favicon.ico HTTP/1.1" 200 23520
[2023-10-16 10:40:11,713] [log.py:228] [log:log_response] [ERROR]- Internal Server Error: /TUMHistory/SummaryMateria/
Traceback (most recent call last):
  File "C:\Python372\mecheck\lib\site-packages\django\core\handlers\exception.py", line 34, in inner
    response = get_response(request)
  File "C:\Python372\mecheck\lib\site-packages\django\core\handlers\base.py", line 126, in _get_response
    response = self.process_exception_by_middleware(e, request)
  File "C:\Python372\mecheck\lib\site-packages\django\core\handlers\base.py", line 124, in _get_response
    response = wrapped_callback(request, *callback_args, **callback_kwargs)
  File "C:\Python372\mecheck\lib\site-packages\django\views\decorators\csrf.py", line 54, in wrapped_view
    return view_func(*args, **kwargs)
  File "C:\djangoproject\DMS\TUMHistory\views.py", line 633, in SummaryMateria
    return HttpResponse(json.dumps(data), content_type="application/json")
  File "C:\Python372\lib\json\__init__.py", line 231, in dumps
    return _default_encoder.encode(obj)
  File "C:\Python372\lib\json\encoder.py", line 199, in encode
    chunks = self.iterencode(o, _one_shot=True)
  File "C:\Python372\lib\json\encoder.py", line 257, in iterencode
    return _iterencode(o, 0)
  File "C:\Python372\lib\json\encoder.py", line 179, in default
    raise TypeError(f'Object of type {o.__class__.__name__} '
TypeError: Object of type date is not JSON serializable
[2023-10-16 10:40:11,721] [UserIP.py:89] [UserIP:process_response] [CRITICAL]- 系统错误
[2023-10-16 10:40:11,723] [basehttp.py:154] [basehttp:log_message] [ERROR]- "POST /TUMHistory/SummaryMateria/ HTTP/1.1" 500 142640
[2023-10-16 10:43:19,647] [log.py:228] [log:log_response] [ERROR]- Internal Server Error: /TUMHistory/SummaryMateria/
Traceback (most recent call last):
  File "C:\Python372\mecheck\lib\site-packages\django\core\handlers\exception.py", line 34, in inner
    response = get_response(request)
  File "C:\Python372\mecheck\lib\site-packages\django\core\handlers\base.py", line 126, in _get_response
    response = self.process_exception_by_middleware(e, request)
  File "C:\Python372\mecheck\lib\site-packages\django\core\handlers\base.py", line 124, in _get_response
    response = wrapped_callback(request, *callback_args, **callback_kwargs)
  File "C:\Python372\mecheck\lib\site-packages\django\views\decorators\csrf.py", line 54, in wrapped_view
    return view_func(*args, **kwargs)
  File "C:\djangoproject\DMS\TUMHistory\views.py", line 578, in SummaryMateria
    sectionProject.append(i["sectionProject"])
KeyError: 'sectionProject'
[2023-10-16 10:43:19,650] [basehttp.py:154] [basehttp:log_message] [ERROR]- "GET /TUMHistory/SummaryMateria/ HTTP/1.1" 500 84344
[2023-10-16 10:43:19,782] [basehttp.py:154] [basehttp:log_message] [INFO]- "GET /favicon.ico HTTP/1.1" 200 23520
[2023-10-16 10:43:38,566] [basehttp.py:154] [basehttp:log_message] [INFO]- "GET /TUMHistory/SummaryMateria/ HTTP/1.1" 200 40562
[2023-10-16 10:43:38,733] [basehttp.py:154] [basehttp:log_message] [INFO]- "GET /TUMHistory/SummaryMateria/ HTTP/1.1" 200 40562
[2023-10-16 10:43:38,853] [basehttp.py:154] [basehttp:log_message] [WARNING]- "GET /static/css/bootstrap.min.css.map HTTP/1.1" 404 1800
[2023-10-16 10:43:38,939] [basehttp.py:154] [basehttp:log_message] [WARNING]- "GET /static/js/lib/bootstrap.min.js.map HTTP/1.1" 404 1806
[2023-10-16 10:43:39,400] [basehttp.py:154] [basehttp:log_message] [WARNING]- "GET /static/js/axios.min.map HTTP/1.1" 404 1773
[2023-10-16 10:43:39,511] [basehttp.py:154] [basehttp:log_message] [WARNING]- "GET /static/js/xlsx/FileSaver.min.js.map HTTP/1.1" 404 1809
[2023-10-16 10:43:39,949] [UserIP.py:87] [UserIP:process_response] [INFO]- 2023-10-16 10:43:39 C1010S3>Cao.Edwin None>LAPTOP-EJP4HNEV>543 127.0.0.1 127.0.0.1 /TUMHistory/SummaryMateria/ POST
[2023-10-16 10:43:39,957] [basehttp.py:154] [basehttp:log_message] [INFO]- "POST /TUMHistory/SummaryMateria/ HTTP/1.1" 200 2108
[2023-10-16 10:43:40,112] [basehttp.py:154] [basehttp:log_message] [INFO]- "GET /favicon.ico HTTP/1.1" 200 23520
[2023-10-16 10:44:37,793] [basehttp.py:154] [basehttp:log_message] [INFO]- "GET /admin/ HTTP/1.1" 302 0
[2023-10-16 10:44:37,954] [basehttp.py:154] [basehttp:log_message] [INFO]- "GET /admin/login/?next=/admin/ HTTP/1.1" 200 4026
[2023-10-16 10:44:38,124] [basehttp.py:154] [basehttp:log_message] [INFO]- "GET /favicon.ico HTTP/1.1" 200 23520
[2023-10-16 10:44:41,086] [UserIP.py:89] [UserIP:process_response] [CRITICAL]- 系统错误
[2023-10-16 10:44:41,100] [basehttp.py:154] [basehttp:log_message] [INFO]- "POST /admin/login/?next=/admin/ HTTP/1.1" 302 0
[2023-10-16 10:44:41,643] [basehttp.py:154] [basehttp:log_message] [INFO]- "GET /admin/ HTTP/1.1" 200 36786
[2023-10-16 10:44:41,879] [basehttp.py:154] [basehttp:log_message] [INFO]- "GET /favicon.ico HTTP/1.1" 200 23520
[2023-10-16 10:44:48,356] [basehttp.py:154] [basehttp:log_message] [INFO]- "GET /favicon.ico HTTP/1.1" 200 23520
[2023-10-16 10:44:53,856] [basehttp.py:154] [basehttp:log_message] [INFO]- "GET /admin/TUMHistory/materiaindqa_tum/ HTTP/1.1" 200 1653083
[2023-10-16 10:44:53,905] [basehttp.py:154] [basehttp:log_message] [INFO]- "GET /admin/jsi18n/ HTTP/1.1" 200 7684
[2023-10-16 10:44:55,062] [basehttp.py:154] [basehttp:log_message] [INFO]- "GET /favicon.ico HTTP/1.1" 200 23520
[2023-10-16 10:44:56,808] [basehttp.py:154] [basehttp:log_message] [INFO]- "GET /favicon.ico HTTP/1.1" 200 23520
[2023-10-16 10:45:00,374] [basehttp.py:154] [basehttp:log_message] [INFO]- "GET /admin/TUMHistory/dqamateria_tumhistory/ HTTP/1.1" 200 1871036
[2023-10-16 10:45:00,468] [basehttp.py:154] [basehttp:log_message] [INFO]- "GET /admin/jsi18n/ HTTP/1.1" 200 7684
[2023-10-16 10:45:06,461] [basehttp.py:154] [basehttp:log_message] [INFO]- "GET /favicon.ico HTTP/1.1" 200 23520
[2023-10-16 10:45:19,100] [basehttp.py:154] [basehttp:log_message] [INFO]- "GET /favicon.ico HTTP/1.1" 200 23520
[2023-10-16 10:45:51,415] [basehttp.py:154] [basehttp:log_message] [INFO]- "GET /TUMHistory/SummaryMateria/ HTTP/1.1" 200 40562
[2023-10-16 10:45:51,530] [basehttp.py:154] [basehttp:log_message] [INFO]- "GET /TUMHistory/SummaryMateria/ HTTP/1.1" 200 40562
[2023-10-16 10:45:51,538] [basehttp.py:154] [basehttp:log_message] [WARNING]- "GET /static/css/bootstrap.min.css.map HTTP/1.1" 404 1800
[2023-10-16 10:45:51,622] [basehttp.py:154] [basehttp:log_message] [WARNING]- "GET /static/js/lib/bootstrap.min.js.map HTTP/1.1" 404 1806
[2023-10-16 10:45:51,821] [basehttp.py:154] [basehttp:log_message] [WARNING]- "GET /static/js/axios.min.map HTTP/1.1" 404 1773
[2023-10-16 10:45:51,895] [basehttp.py:154] [basehttp:log_message] [WARNING]- "GET /static/js/xlsx/FileSaver.min.js.map HTTP/1.1" 404 1809
[2023-10-16 10:45:52,134] [UserIP.py:87] [UserIP:process_response] [INFO]- 2023-10-16 10:45:52 C1010S3>Cao.Edwin None>LAPTOP-EJP4HNEV>543 127.0.0.1 127.0.0.1 /TUMHistory/SummaryMateria/ POST
[2023-10-16 10:45:52,155] [basehttp.py:154] [basehttp:log_message] [INFO]- "POST /TUMHistory/SummaryMateria/ HTTP/1.1" 200 4239
[2023-10-16 10:45:52,175] [basehttp.py:154] [basehttp:log_message] [INFO]- "GET /favicon.ico HTTP/1.1" 200 23520
[2023-10-16 10:52:53,556] [basehttp.py:154] [basehttp:log_message] [INFO]- "GET /TUMHistory/SummaryMateria/ HTTP/1.1" 200 40562
[2023-10-16 10:52:53,698] [basehttp.py:154] [basehttp:log_message] [INFO]- "GET /TUMHistory/SummaryMateria/ HTTP/1.1" 200 40562
[2023-10-16 10:52:53,773] [basehttp.py:154] [basehttp:log_message] [WARNING]- "GET /static/css/bootstrap.min.css.map HTTP/1.1" 404 1800
[2023-10-16 10:52:53,833] [basehttp.py:154] [basehttp:log_message] [WARNING]- "GET /static/js/lib/bootstrap.min.js.map HTTP/1.1" 404 1806
[2023-10-16 10:52:54,076] [basehttp.py:154] [basehttp:log_message] [WARNING]- "GET /static/js/axios.min.map HTTP/1.1" 404 1773
[2023-10-16 10:52:54,076] [basehttp.py:154] [basehttp:log_message] [WARNING]- "GET /static/js/xlsx/FileSaver.min.js.map HTTP/1.1" 404 1809
[2023-10-16 10:52:54,656] [basehttp.py:154] [basehttp:log_message] [INFO]- "GET /favicon.ico HTTP/1.1" 200 23520
[2023-10-16 10:52:54,658] [UserIP.py:87] [UserIP:process_response] [INFO]- 2023-10-16 10:52:54 C1010S3>Cao.Edwin None>LAPTOP-EJP4HNEV>543 127.0.0.1 127.0.0.1 /TUMHistory/SummaryMateria/ POST
[2023-10-16 10:52:54,668] [basehttp.py:154] [basehttp:log_message] [INFO]- "POST /TUMHistory/SummaryMateria/ HTTP/1.1" 200 13523
[2023-10-16 11:36:34,473] [basehttp.py:154] [basehttp:log_message] [INFO]- "GET /TUMHistory/SummaryMateria/ HTTP/1.1" 200 40562
[2023-10-16 11:36:34,579] [basehttp.py:154] [basehttp:log_message] [INFO]- "GET /TUMHistory/SummaryMateria/ HTTP/1.1" 200 40562
[2023-10-16 11:36:34,603] [basehttp.py:154] [basehttp:log_message] [WARNING]- "GET /static/css/bootstrap.min.css.map HTTP/1.1" 404 1800
[2023-10-16 11:36:34,622] [basehttp.py:154] [basehttp:log_message] [WARNING]- "GET /static/js/lib/bootstrap.min.js.map HTTP/1.1" 404 1806
[2023-10-16 11:36:34,960] [UserIP.py:87] [UserIP:process_response] [INFO]- 2023-10-16 11:36:34 C1010S3>Cao.Edwin None>LAPTOP-EJP4HNEV>543 127.0.0.1 127.0.0.1 /TUMHistory/SummaryMateria/ POST
[2023-10-16 11:36:34,966] [basehttp.py:154] [basehttp:log_message] [INFO]- "GET /favicon.ico HTTP/1.1" 200 23520
[2023-10-16 11:36:34,973] [basehttp.py:154] [basehttp:log_message] [INFO]- "POST /TUMHistory/SummaryMateria/ HTTP/1.1" 200 13523
[2023-10-16 11:36:35,145] [basehttp.py:154] [basehttp:log_message] [WARNING]- "GET /static/js/axios.min.map HTTP/1.1" 404 1773
[2023-10-16 11:36:35,147] [basehttp.py:154] [basehttp:log_message] [WARNING]- "GET /static/js/xlsx/FileSaver.min.js.map HTTP/1.1" 404 1809
[2023-10-16 11:37:26,915] [basehttp.py:154] [basehttp:log_message] [INFO]- "GET /admin/TUMHistory/materiaindqa_tum/15903/change/ HTTP/1.1" 200 27541
[2023-10-16 11:37:26,933] [basehttp.py:154] [basehttp:log_message] [ERROR]- "GET /admin/TUMHistory/materiaindqa_tum/15903/change/ HTTP/1.1" 500 59
[2023-10-16 11:37:27,068] [basehttp.py:154] [basehttp:log_message] [INFO]- "GET /admin/TUMHistory/materiaindqa_tum/15903/change/ HTTP/1.1" 200 27541
[2023-10-16 11:37:27,111] [basehttp.py:154] [basehttp:log_message] [INFO]- "GET /admin/jsi18n/ HTTP/1.1" 200 7684
[2023-10-16 11:39:15,362] [basehttp.py:154] [basehttp:log_message] [INFO]- "GET / HTTP/1.1" 302 0
[2023-10-16 11:39:15,368] [basehttp.py:154] [basehttp:log_message] [INFO]- "GET /login/ HTTP/1.1" 200 4823
[2023-10-16 11:39:15,663] [basehttp.py:154] [basehttp:log_message] [INFO]- "GET /favicon.ico HTTP/1.1" 302 0
[2023-10-16 11:39:15,667] [basehttp.py:154] [basehttp:log_message] [INFO]- "GET /login/ HTTP/1.1" 200 4823
[2023-10-16 11:39:21,068] [basehttp.py:154] [basehttp:log_message] [INFO]- "GET /TUMHistory/SummaryMateria/ HTTP/1.1" 200 40562
[2023-10-16 11:39:21,209] [basehttp.py:154] [basehttp:log_message] [INFO]- "GET /TUMHistory/SummaryMateria/ HTTP/1.1" 200 40562
[2023-10-16 11:39:21,628] [basehttp.py:154] [basehttp:log_message] [WARNING]- "GET /static/css/bootstrap.min.css.map HTTP/1.1" 404 1800
[2023-10-16 11:39:21,641] [basehttp.py:154] [basehttp:log_message] [WARNING]- "GET /static/js/lib/bootstrap.min.js.map HTTP/1.1" 404 1806
[2023-10-16 11:39:21,654] [basehttp.py:154] [basehttp:log_message] [WARNING]- "GET /static/js/xlsx/FileSaver.min.js.map HTTP/1.1" 404 1809
[2023-10-16 11:39:21,655] [basehttp.py:154] [basehttp:log_message] [WARNING]- "GET /static/js/axios.min.map HTTP/1.1" 404 1773
[2023-10-16 11:39:21,771] [UserIP.py:87] [UserIP:process_response] [INFO]- 2023-10-16 11:39:21 C1010S3>Cao.Edwin None>LAPTOP-EJP4HNEV>543 127.0.0.1 127.0.0.1 /TUMHistory/SummaryMateria/ POST
[2023-10-16 11:39:21,793] [basehttp.py:154] [basehttp:log_message] [INFO]- "GET /favicon.ico HTTP/1.1" 200 23520
[2023-10-16 11:39:21,802] [basehttp.py:154] [basehttp:log_message] [INFO]- "POST /TUMHistory/SummaryMateria/ HTTP/1.1" 200 13523
[2023-10-16 11:40:33,225] [log.py:228] [log:log_response] [ERROR]- Internal Server Error: /TUMHistory/SummaryMateria/
Traceback (most recent call last):
  File "C:\Python372\mecheck\lib\site-packages\django\db\models\query.py", line 64, in __iter__
    obj = model_cls.from_db(db, init_list, row[model_fields_start:model_fields_end])
  File "C:\Python372\mecheck\lib\site-packages\django\db\models\base.py", line 495, in from_db
    for f in cls._meta.concrete_fields
  File "C:\Python372\mecheck\lib\site-packages\django\db\models\base.py", line 495, in <listcomp>
    for f in cls._meta.concrete_fields
StopIteration

The above exception was the direct cause of the following exception:

Traceback (most recent call last):
  File "C:\Python372\mecheck\lib\site-packages\django\core\handlers\exception.py", line 34, in inner
    response = get_response(request)
  File "C:\Python372\mecheck\lib\site-packages\django\core\handlers\base.py", line 126, in _get_response
    response = self.process_exception_by_middleware(e, request)
  File "C:\Python372\mecheck\lib\site-packages\django\core\handlers\base.py", line 124, in _get_response
    response = wrapped_callback(request, *callback_args, **callback_kwargs)
  File "C:\Python372\mecheck\lib\site-packages\django\views\decorators\csrf.py", line 54, in wrapped_view
    return view_func(*args, **kwargs)
  File "C:\djangoproject\DMS\TUMHistory\views.py", line 601, in SummaryMateria
    for i in all_queryset:
  File "C:\Python372\mecheck\lib\site-packages\django\db\models\query.py", line 268, in __iter__
    self._fetch_all()
  File "C:\Python372\mecheck\lib\site-packages\django\db\models\query.py", line 1186, in _fetch_all
    self._result_cache = list(self._iterable_class(self))
RuntimeError: generator raised StopIteration
[2023-10-16 11:40:33,227] [basehttp.py:154] [basehttp:log_message] [ERROR]- "GET /TUMHistory/SummaryMateria/ HTTP/1.1" 500 131196
[2023-10-16 11:40:33,464] [basehttp.py:154] [basehttp:log_message] [INFO]- "GET /favicon.ico HTTP/1.1" 200 23520
[2023-10-16 11:41:44,285] [log.py:228] [log:log_response] [ERROR]- Internal Server Error: /TUMHistory/SummaryMateria/
Traceback (most recent call last):
  File "C:\Python372\mecheck\lib\site-packages\django\db\models\query.py", line 64, in __iter__
    obj = model_cls.from_db(db, init_list, row[model_fields_start:model_fields_end])
  File "C:\Python372\mecheck\lib\site-packages\django\db\models\base.py", line 495, in from_db
    for f in cls._meta.concrete_fields
  File "C:\Python372\mecheck\lib\site-packages\django\db\models\base.py", line 495, in <listcomp>
    for f in cls._meta.concrete_fields
StopIteration

The above exception was the direct cause of the following exception:

Traceback (most recent call last):
  File "C:\Python372\mecheck\lib\site-packages\django\core\handlers\exception.py", line 34, in inner
    response = get_response(request)
  File "C:\Python372\mecheck\lib\site-packages\django\core\handlers\base.py", line 126, in _get_response
    response = self.process_exception_by_middleware(e, request)
  File "C:\Python372\mecheck\lib\site-packages\django\core\handlers\base.py", line 124, in _get_response
    response = wrapped_callback(request, *callback_args, **callback_kwargs)
  File "C:\Python372\mecheck\lib\site-packages\django\views\decorators\csrf.py", line 54, in wrapped_view
    return view_func(*args, **kwargs)
  File "C:\djangoproject\DMS\TUMHistory\views.py", line 601, in SummaryMateria
    for i in all_queryset.filter():
  File "C:\Python372\mecheck\lib\site-packages\django\db\models\query.py", line 268, in __iter__
    self._fetch_all()
  File "C:\Python372\mecheck\lib\site-packages\django\db\models\query.py", line 1186, in _fetch_all
    self._result_cache = list(self._iterable_class(self))
RuntimeError: generator raised StopIteration
[2023-10-16 11:41:44,288] [basehttp.py:154] [basehttp:log_message] [ERROR]- "GET /TUMHistory/SummaryMateria/ HTTP/1.1" 500 131214
[2023-10-16 11:41:44,481] [basehttp.py:154] [basehttp:log_message] [INFO]- "GET /favicon.ico HTTP/1.1" 200 23520
[2023-10-16 11:41:58,578] [log.py:228] [log:log_response] [ERROR]- Internal Server Error: /TUMHistory/SummaryMateria/
Traceback (most recent call last):
  File "C:\Python372\mecheck\lib\site-packages\django\db\models\query.py", line 64, in __iter__
    obj = model_cls.from_db(db, init_list, row[model_fields_start:model_fields_end])
  File "C:\Python372\mecheck\lib\site-packages\django\db\models\base.py", line 495, in from_db
    for f in cls._meta.concrete_fields
  File "C:\Python372\mecheck\lib\site-packages\django\db\models\base.py", line 495, in <listcomp>
    for f in cls._meta.concrete_fields
StopIteration

The above exception was the direct cause of the following exception:

Traceback (most recent call last):
  File "C:\Python372\mecheck\lib\site-packages\django\core\handlers\exception.py", line 34, in inner
    response = get_response(request)
  File "C:\Python372\mecheck\lib\site-packages\django\core\handlers\base.py", line 126, in _get_response
    response = self.process_exception_by_middleware(e, request)
  File "C:\Python372\mecheck\lib\site-packages\django\core\handlers\base.py", line 124, in _get_response
    response = wrapped_callback(request, *callback_args, **callback_kwargs)
  File "C:\Python372\mecheck\lib\site-packages\django\views\decorators\csrf.py", line 54, in wrapped_view
    return view_func(*args, **kwargs)
  File "C:\djangoproject\DMS\TUMHistory\views.py", line 601, in SummaryMateria
    for i in all_queryset.all():
  File "C:\Python372\mecheck\lib\site-packages\django\db\models\query.py", line 268, in __iter__
    self._fetch_all()
  File "C:\Python372\mecheck\lib\site-packages\django\db\models\query.py", line 1186, in _fetch_all
    self._result_cache = list(self._iterable_class(self))
RuntimeError: generator raised StopIteration
[2023-10-16 11:41:58,581] [basehttp.py:154] [basehttp:log_message] [ERROR]- "GET /TUMHistory/SummaryMateria/ HTTP/1.1" 500 131208
[2023-10-16 11:41:58,663] [basehttp.py:154] [basehttp:log_message] [INFO]- "GET /favicon.ico HTTP/1.1" 200 23520
[2023-10-16 11:43:17,771] [log.py:228] [log:log_response] [ERROR]- Internal Server Error: /TUMHistory/SummaryMateria/
Traceback (most recent call last):
  File "C:\Python372\mecheck\lib\site-packages\django\db\models\query.py", line 64, in __iter__
    obj = model_cls.from_db(db, init_list, row[model_fields_start:model_fields_end])
  File "C:\Python372\mecheck\lib\site-packages\django\db\models\base.py", line 495, in from_db
    for f in cls._meta.concrete_fields
  File "C:\Python372\mecheck\lib\site-packages\django\db\models\base.py", line 495, in <listcomp>
    for f in cls._meta.concrete_fields
StopIteration

The above exception was the direct cause of the following exception:

Traceback (most recent call last):
  File "C:\Python372\mecheck\lib\site-packages\django\core\handlers\exception.py", line 34, in inner
    response = get_response(request)
  File "C:\Python372\mecheck\lib\site-packages\django\core\handlers\base.py", line 126, in _get_response
    response = self.process_exception_by_middleware(e, request)
  File "C:\Python372\mecheck\lib\site-packages\django\core\handlers\base.py", line 124, in _get_response
    response = wrapped_callback(request, *callback_args, **callback_kwargs)
  File "C:\Python372\mecheck\lib\site-packages\django\views\decorators\csrf.py", line 54, in wrapped_view
    return view_func(*args, **kwargs)
  File "C:\djangoproject\DMS\TUMHistory\views.py", line 601, in SummaryMateria
    print(all_queryset)
  File "C:\Python372\mecheck\lib\site-packages\django\db\models\query.py", line 244, in __repr__
    data = list(self[:REPR_OUTPUT_SIZE + 1])
  File "C:\Python372\mecheck\lib\site-packages\django\db\models\query.py", line 268, in __iter__
    self._fetch_all()
  File "C:\Python372\mecheck\lib\site-packages\django\db\models\query.py", line 1186, in _fetch_all
    self._result_cache = list(self._iterable_class(self))
RuntimeError: generator raised StopIteration
[2023-10-16 11:43:17,773] [basehttp.py:154] [basehttp:log_message] [ERROR]- "GET /TUMHistory/SummaryMateria/ HTTP/1.1" 500 134863
[2023-10-16 11:43:17,843] [basehttp.py:154] [basehttp:log_message] [INFO]- "GET /favicon.ico HTTP/1.1" 200 23520
[2023-10-16 11:44:34,012] [basehttp.py:154] [basehttp:log_message] [INFO]- "GET /TUMHistory/SummaryMateria/ HTTP/1.1" 200 40562
[2023-10-16 11:44:34,260] [basehttp.py:154] [basehttp:log_message] [INFO]- "GET /TUMHistory/SummaryMateria/ HTTP/1.1" 200 40562
[2023-10-16 11:44:35,153] [basehttp.py:154] [basehttp:log_message] [WARNING]- "GET /static/css/bootstrap.min.css.map HTTP/1.1" 404 1800
[2023-10-16 11:44:35,178] [basehttp.py:154] [basehttp:log_message] [WARNING]- "GET /static/js/lib/bootstrap.min.js.map HTTP/1.1" 404 1806
[2023-10-16 11:44:35,200] [basehttp.py:154] [basehttp:log_message] [WARNING]- "GET /static/js/axios.min.map HTTP/1.1" 404 1773
[2023-10-16 11:44:35,205] [basehttp.py:154] [basehttp:log_message] [WARNING]- "GET /static/js/xlsx/FileSaver.min.js.map HTTP/1.1" 404 1809
[2023-10-16 11:44:35,425] [UserIP.py:87] [UserIP:process_response] [INFO]- 2023-10-16 11:44:35 C1010S3>Cao.Edwin None>LAPTOP-EJP4HNEV>543 127.0.0.1 127.0.0.1 /TUMHistory/SummaryMateria/ POST
[2023-10-16 11:44:35,434] [basehttp.py:154] [basehttp:log_message] [INFO]- "POST /TUMHistory/SummaryMateria/ HTTP/1.1" 200 13523
[2023-10-16 11:44:35,443] [basehttp.py:154] [basehttp:log_message] [INFO]- "GET /favicon.ico HTTP/1.1" 200 23520
[2023-10-16 11:46:51,200] [basehttp.py:154] [basehttp:log_message] [INFO]- "GET /TUMHistory/SummaryMateria/ HTTP/1.1" 200 40562
[2023-10-16 11:46:51,296] [basehttp.py:154] [basehttp:log_message] [WARNING]- "GET /static/css/bootstrap.min.css.map HTTP/1.1" 404 1800
[2023-10-16 11:46:51,306] [basehttp.py:154] [basehttp:log_message] [WARNING]- "GET /static/js/lib/bootstrap.min.js.map HTTP/1.1" 404 1806
[2023-10-16 11:46:51,313] [basehttp.py:154] [basehttp:log_message] [INFO]- "GET /TUMHistory/SummaryMateria/ HTTP/1.1" 200 40562
[2023-10-16 11:46:51,494] [UserIP.py:87] [UserIP:process_response] [INFO]- 2023-10-16 11:46:51 C1010S3>Cao.Edwin None>LAPTOP-EJP4HNEV>543 127.0.0.1 127.0.0.1 /TUMHistory/SummaryMateria/ POST
[2023-10-16 11:46:51,496] [basehttp.py:154] [basehttp:log_message] [INFO]- "GET /favicon.ico HTTP/1.1" 200 23520
[2023-10-16 11:46:51,501] [basehttp.py:154] [basehttp:log_message] [INFO]- "POST /TUMHistory/SummaryMateria/ HTTP/1.1" 200 23836
[2023-10-16 11:46:51,924] [basehttp.py:154] [basehttp:log_message] [WARNING]- "GET /static/js/xlsx/FileSaver.min.js.map HTTP/1.1" 404 1809
[2023-10-16 11:46:51,925] [basehttp.py:154] [basehttp:log_message] [WARNING]- "GET /static/js/axios.min.map HTTP/1.1" 404 1773
[2023-10-16 11:49:32,867] [UserIP.py:87] [UserIP:process_response] [INFO]- 2023-10-16 11:49:32 C1010S3>Cao.Edwin None>LAPTOP-EJP4HNEV>543 127.0.0.1 127.0.0.1 /TUMHistory/SummaryMateria/ POST
[2023-10-16 11:49:32,880] [basehttp.py:154] [basehttp:log_message] [INFO]- "POST /TUMHistory/SummaryMateria/ HTTP/1.1" 200 23836
[2023-10-16 11:54:14,613] [UserIP.py:87] [UserIP:process_response] [INFO]- 2023-10-16 11:54:14 C1010S3>Cao.Edwin None>LAPTOP-EJP4HNEV>543 127.0.0.1 127.0.0.1 /TUMHistory/SummaryMateria/ POST
[2023-10-16 11:54:14,628] [basehttp.py:154] [basehttp:log_message] [INFO]- "POST /TUMHistory/SummaryMateria/ HTTP/1.1" 200 22218
[2023-10-16 11:54:49,636] [basehttp.py:154] [basehttp:log_message] [WARNING]- "GET /static/js/lib/bootstrap.min.js.map HTTP/1.1" 404 1806
[2023-10-16 11:54:49,637] [basehttp.py:154] [basehttp:log_message] [WARNING]- "GET /static/js/axios.min.map HTTP/1.1" 404 1773
[2023-10-16 11:54:49,643] [basehttp.py:154] [basehttp:log_message] [WARNING]- "GET /static/js/xlsx/FileSaver.min.js.map HTTP/1.1" 404 1809
[2023-10-16 11:54:49,692] [basehttp.py:154] [basehttp:log_message] [WARNING]- "GET /static/css/bootstrap.min.css.map HTTP/1.1" 404 1800
[2023-10-16 11:54:51,686] [UserIP.py:87] [UserIP:process_response] [INFO]- 2023-10-16 11:54:51 C1010S3>Cao.Edwin None>LAPTOP-EJP4HNEV>543 127.0.0.1 127.0.0.1 /TUMHistory/SummaryMateria/ POST
[2023-10-16 11:54:51,698] [basehttp.py:154] [basehttp:log_message] [INFO]- "POST /TUMHistory/SummaryMateria/ HTTP/1.1" 200 22218
[2023-10-16 12:01:49,585] [basehttp.py:154] [basehttp:log_message] [INFO]- "GET /TUMHistory/SummaryMateria/ HTTP/1.1" 200 40562
[2023-10-16 12:01:49,738] [basehttp.py:154] [basehttp:log_message] [INFO]- "GET /TUMHistory/SummaryMateria/ HTTP/1.1" 200 40562
[2023-10-16 12:01:49,834] [basehttp.py:154] [basehttp:log_message] [WARNING]- "GET /static/css/bootstrap.min.css.map HTTP/1.1" 404 1800
[2023-10-16 12:01:49,982] [basehttp.py:154] [basehttp:log_message] [WARNING]- "GET /static/js/lib/bootstrap.min.js.map HTTP/1.1" 404 1806
[2023-10-16 12:01:50,661] [basehttp.py:154] [basehttp:log_message] [WARNING]- "GET /static/js/axios.min.map HTTP/1.1" 404 1773
[2023-10-16 12:01:50,840] [basehttp.py:154] [basehttp:log_message] [WARNING]- "GET /static/js/xlsx/FileSaver.min.js.map HTTP/1.1" 404 1809
[2023-10-16 12:01:51,402] [UserIP.py:87] [UserIP:process_response] [INFO]- 2023-10-16 12:01:51 C1010S3>Cao.Edwin None>LAPTOP-EJP4HNEV>543 127.0.0.1 127.0.0.1 /TUMHistory/SummaryMateria/ POST
[2023-10-16 12:01:51,412] [basehttp.py:154] [basehttp:log_message] [INFO]- "POST /TUMHistory/SummaryMateria/ HTTP/1.1" 200 22218
[2023-10-16 12:01:51,476] [basehttp.py:154] [basehttp:log_message] [INFO]- "GET /favicon.ico HTTP/1.1" 200 23520
[2023-10-16 12:02:01,705] [log.py:228] [log:log_response] [ERROR]- Internal Server Error: /TUMHistory/SummaryMateria/
Traceback (most recent call last):
  File "C:\Python372\mecheck\lib\site-packages\django\core\handlers\exception.py", line 34, in inner
    response = get_response(request)
  File "C:\Python372\mecheck\lib\site-packages\django\core\handlers\base.py", line 126, in _get_response
    response = self.process_exception_by_middleware(e, request)
  File "C:\Python372\mecheck\lib\site-packages\django\core\handlers\base.py", line 124, in _get_response
    response = wrapped_callback(request, *callback_args, **callback_kwargs)
  File "C:\Python372\mecheck\lib\site-packages\django\views\decorators\csrf.py", line 54, in wrapped_view
    return view_func(*args, **kwargs)
  File "C:\djangoproject\DMS\TUMHistory\views.py", line 699, in SummaryMateria
    return HttpResponse(json.dumps(data), content_type="application/json")
  File "C:\Python372\lib\json\__init__.py", line 231, in dumps
    return _default_encoder.encode(obj)
  File "C:\Python372\lib\json\encoder.py", line 199, in encode
    chunks = self.iterencode(o, _one_shot=True)
  File "C:\Python372\lib\json\encoder.py", line 257, in iterencode
    return _iterencode(o, 0)
  File "C:\Python372\lib\json\encoder.py", line 179, in default
    raise TypeError(f'Object of type {o.__class__.__name__} '
TypeError: Object of type date is not JSON serializable
[2023-10-16 12:02:01,721] [UserIP.py:89] [UserIP:process_response] [CRITICAL]- 系统错误
[2023-10-16 12:02:01,724] [basehttp.py:154] [basehttp:log_message] [ERROR]- "POST /TUMHistory/SummaryMateria/ HTTP/1.1" 500 160215
[2023-10-16 12:03:29,367] [basehttp.py:154] [basehttp:log_message] [INFO]- "GET /TUMHistory/SummaryMateria/ HTTP/1.1" 200 40562
[2023-10-16 12:03:29,458] [basehttp.py:154] [basehttp:log_message] [WARNING]- "GET /static/css/bootstrap.min.css.map HTTP/1.1" 404 1800
[2023-10-16 12:03:29,473] [basehttp.py:154] [basehttp:log_message] [WARNING]- "GET /static/js/lib/bootstrap.min.js.map HTTP/1.1" 404 1806
[2023-10-16 12:03:29,475] [basehttp.py:154] [basehttp:log_message] [INFO]- "GET /TUMHistory/SummaryMateria/ HTTP/1.1" 200 40562
[2023-10-16 12:03:29,649] [basehttp.py:154] [basehttp:log_message] [WARNING]- "GET /static/js/axios.min.map HTTP/1.1" 404 1773
[2023-10-16 12:03:29,652] [basehttp.py:154] [basehttp:log_message] [WARNING]- "GET /static/js/xlsx/FileSaver.min.js.map HTTP/1.1" 404 1809
[2023-10-16 12:03:29,781] [basehttp.py:154] [basehttp:log_message] [INFO]- "GET /favicon.ico HTTP/1.1" 200 23520
[2023-10-16 12:03:29,792] [UserIP.py:87] [UserIP:process_response] [INFO]- 2023-10-16 12:03:29 C1010S3>Cao.Edwin None>LAPTOP-EJP4HNEV>543 127.0.0.1 127.0.0.1 /TUMHistory/SummaryMateria/ POST
[2023-10-16 12:03:29,801] [basehttp.py:154] [basehttp:log_message] [INFO]- "POST /TUMHistory/SummaryMateria/ HTTP/1.1" 200 22218
[2023-10-16 12:03:37,773] [UserIP.py:87] [UserIP:process_response] [INFO]- 2023-10-16 12:03:37 C1010S3>Cao.Edwin None>LAPTOP-EJP4HNEV>543 127.0.0.1 127.0.0.1 /TUMHistory/SummaryMateria/ POST
[2023-10-16 12:03:37,806] [basehttp.py:154] [basehttp:log_message] [INFO]- "POST /TUMHistory/SummaryMateria/ HTTP/1.1" 200 1241441
[2023-10-16 12:04:34,856] [basehttp.py:154] [basehttp:log_message] [INFO]- "GET /admin/ HTTP/1.1" 200 36786
[2023-10-16 12:04:44,413] [basehttp.py:154] [basehttp:log_message] [INFO]- "GET /admin/TUMHistory/materiaindqa_tum/ HTTP/1.1" 200 1653083
[2023-10-16 12:04:44,493] [basehttp.py:154] [basehttp:log_message] [INFO]- "GET /admin/jsi18n/ HTTP/1.1" 200 7684
[2023-10-16 12:04:49,189] [basehttp.py:154] [basehttp:log_message] [INFO]- "GET /admin/TUMHistory/unitindqa_tum/ HTTP/1.1" 200 2404828
[2023-10-16 12:04:49,203] [basehttp.py:154] [basehttp:log_message] [ERROR]- "GET /admin/TUMHistory/unitindqa_tum/ HTTP/1.1" 500 59
[2023-10-16 12:04:53,528] [basehttp.py:154] [basehttp:log_message] [INFO]- "GET /admin/TUMHistory/dqamateria_tumhistory/ HTTP/1.1" 200 1871036
[2023-10-16 12:04:53,599] [basehttp.py:154] [basehttp:log_message] [INFO]- "GET /admin/jsi18n/ HTTP/1.1" 200 7684
[2023-10-16 12:04:54,263] [basehttp.py:154] [basehttp:log_message] [INFO]- "GET /favicon.ico HTTP/1.1" 200 23520
[2023-10-16 12:05:39,812] [basehttp.py:154] [basehttp:log_message] [INFO]- "GET / HTTP/1.1" 302 0
[2023-10-16 12:05:39,817] [basehttp.py:154] [basehttp:log_message] [INFO]- "GET /login/ HTTP/1.1" 200 4823
[2023-10-16 12:05:40,053] [basehttp.py:154] [basehttp:log_message] [INFO]- "GET /favicon.ico HTTP/1.1" 302 0
[2023-10-16 12:05:40,057] [basehttp.py:154] [basehttp:log_message] [INFO]- "GET /login/ HTTP/1.1" 200 4823
[2023-10-16 12:05:43,250] [basehttp.py:154] [basehttp:log_message] [INFO]- "GET /TUMHistory/SummaryMateria/ HTTP/1.1" 200 40562
[2023-10-16 12:05:43,333] [basehttp.py:154] [basehttp:log_message] [WARNING]- "GET /static/css/bootstrap.min.css.map HTTP/1.1" 404 1800
[2023-10-16 12:05:43,344] [basehttp.py:154] [basehttp:log_message] [INFO]- "GET /TUMHistory/SummaryMateria/ HTTP/1.1" 200 40562
[2023-10-16 12:05:43,348] [basehttp.py:154] [basehttp:log_message] [WARNING]- "GET /static/js/lib/bootstrap.min.js.map HTTP/1.1" 404 1806
[2023-10-16 12:05:43,409] [basehttp.py:154] [basehttp:log_message] [WARNING]- "GET /static/js/axios.min.map HTTP/1.1" 404 1773
[2023-10-16 12:05:43,412] [basehttp.py:154] [basehttp:log_message] [WARNING]- "GET /static/js/xlsx/FileSaver.min.js.map HTTP/1.1" 404 1809
[2023-10-16 12:05:43,573] [UserIP.py:87] [UserIP:process_response] [INFO]- 2023-10-16 12:05:43 C1010S3>Cao.Edwin None>LAPTOP-EJP4HNEV>543 127.0.0.1 127.0.0.1 /TUMHistory/SummaryMateria/ POST
[2023-10-16 12:05:43,584] [basehttp.py:154] [basehttp:log_message] [INFO]- "POST /TUMHistory/SummaryMateria/ HTTP/1.1" 200 22218
[2023-10-16 12:05:43,595] [basehttp.py:154] [basehttp:log_message] [INFO]- "GET /favicon.ico HTTP/1.1" 200 23520
[2023-10-16 12:05:52,123] [basehttp.py:154] [basehttp:log_message] [INFO]- "GET /TUMHistory/SummaryMateria/ HTTP/1.1" 200 40562
[2023-10-16 12:05:52,231] [basehttp.py:154] [basehttp:log_message] [WARNING]- "GET /static/css/bootstrap.min.css.map HTTP/1.1" 404 1800
[2023-10-16 12:05:52,260] [basehttp.py:154] [basehttp:log_message] [WARNING]- "GET /static/js/lib/bootstrap.min.js.map HTTP/1.1" 404 1806
[2023-10-16 12:05:52,304] [basehttp.py:154] [basehttp:log_message] [INFO]- "GET /TUMHistory/SummaryMateria/ HTTP/1.1" 200 40562
[2023-10-16 12:05:52,319] [basehttp.py:154] [basehttp:log_message] [WARNING]- "GET /static/js/axios.min.map HTTP/1.1" 404 1773
[2023-10-16 12:05:52,324] [basehttp.py:154] [basehttp:log_message] [WARNING]- "GET /static/js/xlsx/FileSaver.min.js.map HTTP/1.1" 404 1809
[2023-10-16 12:05:52,462] [basehttp.py:154] [basehttp:log_message] [INFO]- "GET /favicon.ico HTTP/1.1" 200 23520
[2023-10-16 12:05:52,494] [UserIP.py:87] [UserIP:process_response] [INFO]- 2023-10-16 12:05:52 C1010S3>Cao.Edwin None>LAPTOP-EJP4HNEV>543 127.0.0.1 127.0.0.1 /TUMHistory/SummaryMateria/ POST
[2023-10-16 12:05:52,511] [basehttp.py:154] [basehttp:log_message] [INFO]- "POST /TUMHistory/SummaryMateria/ HTTP/1.1" 200 22218
[2023-10-16 12:05:56,030] [UserIP.py:87] [UserIP:process_response] [INFO]- 2023-10-16 12:05:56 C1010S3>Cao.Edwin None>LAPTOP-EJP4HNEV>543 127.0.0.1 127.0.0.1 /TUMHistory/SummaryMateria/ POST
[2023-10-16 12:05:56,052] [basehttp.py:154] [basehttp:log_message] [INFO]- "POST /TUMHistory/SummaryMateria/ HTTP/1.1" 200 1241441
[2023-10-16 12:06:19,906] [UserIP.py:87] [UserIP:process_response] [INFO]- 2023-10-16 12:06:19 C1010S3>Cao.Edwin None>LAPTOP-EJP4HNEV>543 127.0.0.1 127.0.0.1 /TUMHistory/SummaryMateria/ POST
[2023-10-16 12:06:19,918] [basehttp.py:154] [basehttp:log_message] [INFO]- "POST /TUMHistory/SummaryMateria/ HTTP/1.1" 200 1241441
[2023-10-16 12:07:18,649] [UserIP.py:87] [UserIP:process_response] [INFO]- 2023-10-16 12:07:18 C1010S3>Cao.Edwin None>LAPTOP-EJP4HNEV>543 127.0.0.1 127.0.0.1 /TUMHistory/SummaryMateria/ POST
[2023-10-16 12:07:18,660] [basehttp.py:154] [basehttp:log_message] [INFO]- "POST /TUMHistory/SummaryMateria/ HTTP/1.1" 200 1241441
[2023-10-16 12:08:46,638] [UserIP.py:87] [UserIP:process_response] [INFO]- 2023-10-16 12:08:46 C1010S3>Cao.Edwin None>LAPTOP-EJP4HNEV>543 127.0.0.1 127.0.0.1 /TUMHistory/SummaryMateria/ POST
[2023-10-16 12:08:46,648] [basehttp.py:154] [basehttp:log_message] [INFO]- "POST /TUMHistory/SummaryMateria/ HTTP/1.1" 200 1241441
[2023-10-16 13:17:37,698] [basehttp.py:154] [basehttp:log_message] [INFO]- "GET /TUMHistory/SummaryMateria/ HTTP/1.1" 200 40562
[2023-10-16 13:17:37,778] [basehttp.py:154] [basehttp:log_message] [WARNING]- "GET /static/css/bootstrap.min.css.map HTTP/1.1" 404 1800
[2023-10-16 13:17:37,782] [basehttp.py:154] [basehttp:log_message] [INFO]- "GET /TUMHistory/SummaryMateria/ HTTP/1.1" 200 40562
[2023-10-16 13:17:37,813] [basehttp.py:154] [basehttp:log_message] [WARNING]- "GET /static/js/lib/bootstrap.min.js.map HTTP/1.1" 404 1806
[2023-10-16 13:17:37,968] [basehttp.py:154] [basehttp:log_message] [WARNING]- "GET /static/js/axios.min.map HTTP/1.1" 404 1773
[2023-10-16 13:17:37,970] [basehttp.py:154] [basehttp:log_message] [WARNING]- "GET /static/js/xlsx/FileSaver.min.js.map HTTP/1.1" 404 1809
[2023-10-16 13:17:38,128] [UserIP.py:87] [UserIP:process_response] [INFO]- 2023-10-16 13:17:38 C1010S3>Cao.Edwin None>LAPTOP-EJP4HNEV>543 127.0.0.1 127.0.0.1 /TUMHistory/SummaryMateria/ POST
[2023-10-16 13:17:38,138] [basehttp.py:154] [basehttp:log_message] [INFO]- "GET /favicon.ico HTTP/1.1" 200 23520
[2023-10-16 13:17:38,149] [basehttp.py:154] [basehttp:log_message] [INFO]- "POST /TUMHistory/SummaryMateria/ HTTP/1.1" 200 22218
[2023-10-16 13:17:46,629] [UserIP.py:87] [UserIP:process_response] [INFO]- 2023-10-16 13:17:46 C1010S3>Cao.Edwin None>LAPTOP-EJP4HNEV>543 127.0.0.1 127.0.0.1 /TUMHistory/SummaryMateria/ POST
[2023-10-16 13:17:46,665] [basehttp.py:154] [basehttp:log_message] [INFO]- "POST /TUMHistory/SummaryMateria/ HTTP/1.1" 200 949574
[2023-10-16 13:19:55,652] [UserIP.py:87] [UserIP:process_response] [INFO]- 2023-10-16 13:19:55 C1010S3>Cao.Edwin None>LAPTOP-EJP4HNEV>543 127.0.0.1 127.0.0.1 /TUMHistory/SummaryMateria/ POST
[2023-10-16 13:19:55,687] [basehttp.py:154] [basehttp:log_message] [INFO]- "POST /TUMHistory/SummaryMateria/ HTTP/1.1" 200 1241441
[2023-10-16 13:20:54,472] [UserIP.py:87] [UserIP:process_response] [INFO]- 2023-10-16 13:20:54 C1010S3>Cao.Edwin None>LAPTOP-EJP4HNEV>543 127.0.0.1 127.0.0.1 /TUMHistory/SummaryMateria/ POST
[2023-10-16 13:20:54,488] [basehttp.py:154] [basehttp:log_message] [INFO]- "POST /TUMHistory/SummaryMateria/ HTTP/1.1" 200 314083
[2023-10-16 13:21:17,733] [UserIP.py:87] [UserIP:process_response] [INFO]- 2023-10-16 13:21:17 C1010S3>Cao.Edwin None>LAPTOP-EJP4HNEV>543 127.0.0.1 127.0.0.1 /TUMHistory/SummaryMateria/ POST
[2023-10-16 13:21:17,768] [basehttp.py:154] [basehttp:log_message] [INFO]- "POST /TUMHistory/SummaryMateria/ HTTP/1.1" 200 949574
[2023-10-16 13:21:31,477] [UserIP.py:87] [UserIP:process_response] [INFO]- 2023-10-16 13:21:31 C1010S3>Cao.Edwin None>LAPTOP-EJP4HNEV>543 127.0.0.1 127.0.0.1 /TUMHistory/SummaryMateria/ POST
[2023-10-16 13:21:31,510] [basehttp.py:154] [basehttp:log_message] [INFO]- "POST /TUMHistory/SummaryMateria/ HTTP/1.1" 200 1241441
[2023-10-16 13:21:54,515] [UserIP.py:87] [UserIP:process_response] [INFO]- 2023-10-16 13:21:54 C1010S3>Cao.Edwin None>LAPTOP-EJP4HNEV>543 127.0.0.1 127.0.0.1 /TUMHistory/SummaryMateria/ POST
[2023-10-16 13:21:54,540] [basehttp.py:154] [basehttp:log_message] [INFO]- "POST /TUMHistory/SummaryMateria/ HTTP/1.1" 200 31863
[2023-10-16 13:22:08,876] [UserIP.py:87] [UserIP:process_response] [INFO]- 2023-10-16 13:22:08 C1010S3>Cao.Edwin None>LAPTOP-EJP4HNEV>543 127.0.0.1 127.0.0.1 /TUMHistory/SummaryMateria/ POST
[2023-10-16 13:22:08,901] [basehttp.py:154] [basehttp:log_message] [INFO]- "POST /TUMHistory/SummaryMateria/ HTTP/1.1" 200 22218
[2023-10-16 13:22:12,482] [UserIP.py:87] [UserIP:process_response] [INFO]- 2023-10-16 13:22:12 C1010S3>Cao.Edwin None>LAPTOP-EJP4HNEV>543 127.0.0.1 127.0.0.1 /TUMHistory/SummaryMateria/ POST
[2023-10-16 13:22:12,498] [basehttp.py:154] [basehttp:log_message] [INFO]- "POST /TUMHistory/SummaryMateria/ HTTP/1.1" 200 118977
