[2021-08-19 08:53:48,695] [log.py:228] [log:log_response] [ERROR]- Internal Server Error: /DeviceLNV/R_Borrowed/
Traceback (most recent call last):
  File "C:\Python372\mecheck\lib\site-packages\django\core\handlers\exception.py", line 34, in inner
    response = get_response(request)
  File "C:\Python372\mecheck\lib\site-packages\django\core\handlers\base.py", line 126, in _get_response
    response = self.process_exception_by_middleware(e, request)
  File "C:\Python372\mecheck\lib\site-packages\django\core\handlers\base.py", line 124, in _get_response
    response = wrapped_callback(request, *callback_args, **callback_kwargs)
  File "C:\Python372\mecheck\lib\site-packages\django\views\decorators\csrf.py", line 54, in wrapped_view
    return view_func(*args, **kwargs)
  File "C:\djangoproject\DMS\DeviceLNV\views.py", line 962, in R_Borrowed
    for i in responseData['params']:
KeyError: 'params'
[2021-08-19 08:53:48,700] [UserIP.py:89] [UserIP:process_response] [CRITICAL]- 系统错误
[2021-08-19 08:53:48,701] [basehttp.py:154] [basehttp:log_message] [ERROR]- "POST /DeviceLNV/R_Borrowed/ HTTP/1.1" 500 82154
[2021-08-19 08:55:33,472] [UserIP.py:87] [UserIP:process_response] [INFO]- 2021-08-19 08:55:33 C1010S3>cao. edwin None>LAPTOP-VA9VPAO8>417 127.0.0.1 127.0.0.1 /DeviceLNV/R_Borrowed/ POST
[2021-08-19 08:55:33,483] [basehttp.py:154] [basehttp:log_message] [INFO]- "POST /DeviceLNV/R_Borrowed/ HTTP/1.1" 200 1366
[2021-08-19 08:56:18,064] [log.py:228] [log:log_response] [ERROR]- Internal Server Error: /DeviceLNV/R_Borrowed/
Traceback (most recent call last):
  File "C:\Python372\mecheck\lib\site-packages\django\core\handlers\exception.py", line 34, in inner
    response = get_response(request)
  File "C:\Python372\mecheck\lib\site-packages\django\core\handlers\base.py", line 126, in _get_response
    response = self.process_exception_by_middleware(e, request)
  File "C:\Python372\mecheck\lib\site-packages\django\core\handlers\base.py", line 124, in _get_response
    response = wrapped_callback(request, *callback_args, **callback_kwargs)
  File "C:\Python372\mecheck\lib\site-packages\django\views\decorators\csrf.py", line 54, in wrapped_view
    return view_func(*args, **kwargs)
  File "C:\djangoproject\DMS\DeviceLNV\views.py", line 990, in R_Borrowed
    for i in mock_datalist:
UnboundLocalError: local variable 'mock_datalist' referenced before assignment
[2021-08-19 08:56:18,067] [UserIP.py:89] [UserIP:process_response] [CRITICAL]- 系统错误
[2021-08-19 08:56:18,068] [basehttp.py:154] [basehttp:log_message] [ERROR]- "POST /DeviceLNV/R_Borrowed/ HTTP/1.1" 500 82702
[2021-08-19 08:57:20,615] [log.py:228] [log:log_response] [ERROR]- Internal Server Error: /DeviceLNV/R_Borrowed/
Traceback (most recent call last):
  File "C:\Python372\mecheck\lib\site-packages\django\core\handlers\exception.py", line 34, in inner
    response = get_response(request)
  File "C:\Python372\mecheck\lib\site-packages\django\core\handlers\base.py", line 126, in _get_response
    response = self.process_exception_by_middleware(e, request)
  File "C:\Python372\mecheck\lib\site-packages\django\core\handlers\base.py", line 124, in _get_response
    response = wrapped_callback(request, *callback_args, **callback_kwargs)
  File "C:\Python372\mecheck\lib\site-packages\django\views\decorators\csrf.py", line 54, in wrapped_view
    return view_func(*args, **kwargs)
  File "C:\djangoproject\DMS\DeviceLNV\views.py", line 990, in R_Borrowed
    for i in mock_datalist:
UnboundLocalError: local variable 'mock_datalist' referenced before assignment
[2021-08-19 08:57:20,617] [UserIP.py:89] [UserIP:process_response] [CRITICAL]- 系统错误
[2021-08-19 08:57:20,618] [basehttp.py:154] [basehttp:log_message] [ERROR]- "POST /DeviceLNV/R_Borrowed/ HTTP/1.1" 500 82702
[2021-08-19 08:59:50,880] [UserIP.py:87] [UserIP:process_response] [INFO]- 2021-08-19 08:59:50 C1010S3>cao. edwin None>LAPTOP-VA9VPAO8>417 127.0.0.1 127.0.0.1 /DeviceLNV/R_Borrowed/ POST
[2021-08-19 08:59:50,891] [basehttp.py:154] [basehttp:log_message] [INFO]- "POST /DeviceLNV/R_Borrowed/ HTTP/1.1" 200 1366
[2021-08-19 09:05:44,427] [UserIP.py:87] [UserIP:process_response] [INFO]- 2021-08-19 09:05:44 C1010S3>cao. edwin None>LAPTOP-VA9VPAO8>417 127.0.0.1 127.0.0.1 /DeviceLNV/R_Borrowed/ POST
[2021-08-19 09:05:44,438] [basehttp.py:154] [basehttp:log_message] [INFO]- "POST /DeviceLNV/R_Borrowed/ HTTP/1.1" 200 458
[2021-08-19 09:06:00,781] [log.py:228] [log:log_response] [ERROR]- Internal Server Error: /DeviceLNV/M_Keep/
Traceback (most recent call last):
  File "C:\Python372\mecheck\lib\site-packages\django\core\handlers\exception.py", line 34, in inner
    response = get_response(request)
  File "C:\Python372\mecheck\lib\site-packages\django\core\handlers\base.py", line 126, in _get_response
    response = self.process_exception_by_middleware(e, request)
  File "C:\Python372\mecheck\lib\site-packages\django\core\handlers\base.py", line 124, in _get_response
    response = wrapped_callback(request, *callback_args, **callback_kwargs)
  File "C:\Python372\mecheck\lib\site-packages\django\views\decorators\csrf.py", line 54, in wrapped_view
    return view_func(*args, **kwargs)
  File "C:\djangoproject\DMS\DeviceLNV\views.py", line 2846, in M_Keep
    for i in DeviceLNV.objects.filter(BR_Status='續借確認').values('BR_per', 'BR_per_code').distinct().order_by('BR_per_code'):
  File "C:\Python372\mecheck\lib\site-packages\django\db\models\manager.py", line 82, in manager_method
    return getattr(self.get_queryset(), name)(*args, **kwargs)
  File "C:\Python372\mecheck\lib\site-packages\django\db\models\query.py", line 844, in filter
    return self._filter_or_exclude(False, *args, **kwargs)
  File "C:\Python372\mecheck\lib\site-packages\django\db\models\query.py", line 862, in _filter_or_exclude
    clone.query.add_q(Q(*args, **kwargs))
  File "C:\Python372\mecheck\lib\site-packages\django\db\models\sql\query.py", line 1263, in add_q
    clause, _ = self._add_q(q_object, self.used_aliases)
  File "C:\Python372\mecheck\lib\site-packages\django\db\models\sql\query.py", line 1287, in _add_q
    split_subq=split_subq,
  File "C:\Python372\mecheck\lib\site-packages\django\db\models\sql\query.py", line 1164, in build_filter
    lookups, parts, reffed_expression = self.solve_lookup_type(arg)
  File "C:\Python372\mecheck\lib\site-packages\django\db\models\sql\query.py", line 1028, in solve_lookup_type
    _, field, _, lookup_parts = self.names_to_path(lookup_splitted, self.get_meta())
  File "C:\Python372\mecheck\lib\site-packages\django\db\models\sql\query.py", line 1389, in names_to_path
    "Choices are: %s" % (name, ", ".join(available)))
django.core.exceptions.FieldError: Cannot resolve keyword 'BR_Status' into field. Choices are: ApplicationNo, AssetNum, BR_per_code, BrwStatus, Btime, Comment, Customer, Declaration, DeclarationNo, DevCtgry, DevDescription, DevID, DevModel, DevName, DevPrice, DevStatus, DevVendor, Devproperties, Devsize, FWVer, HWVer, IntfCtgry, LSTA, Last_BR_per, Last_BR_per_code, Last_Borrow_date, Last_Phase, Last_Predict_return, Last_ProjectCode, Last_Return_date, NID, PN, Pchsdate, PckgIncludes, Phase, Photo, Plandate, Plant, ProjectCode, Rtime, Source, UsrTimes, Usrname, addnewdate, addnewname, expirdate, id, uscyc, useday
[2021-08-19 09:06:00,784] [basehttp.py:154] [basehttp:log_message] [ERROR]- "GET /DeviceLNV/M_Keep/ HTTP/1.1" 500 122337
[2021-08-19 09:06:00,885] [basehttp.py:154] [basehttp:log_message] [INFO]- "GET /favicon.ico HTTP/1.1" 200 14289
[2021-08-19 12:03:46,624] [basehttp.py:154] [basehttp:log_message] [INFO]- "GET /DeviceLNV/M_Keep/ HTTP/1.1" 200 36625
[2021-08-19 12:03:46,725] [basehttp.py:154] [basehttp:log_message] [INFO]- "GET /DeviceLNV/M_Keep/ HTTP/1.1" 200 36625
[2021-08-19 12:03:46,757] [basehttp.py:154] [basehttp:log_message] [WARNING]- "GET /static/css/bootstrap.min.css.map HTTP/1.1" 404 1800
[2021-08-19 12:03:46,776] [basehttp.py:154] [basehttp:log_message] [WARNING]- "GET /static/js/lib/bootstrap.min.js.map HTTP/1.1" 404 1806
[2021-08-19 12:03:46,888] [basehttp.py:154] [basehttp:log_message] [WARNING]- "GET /static/js/axios.min.map HTTP/1.1" 404 1773
[2021-08-19 12:03:46,888] [basehttp.py:154] [basehttp:log_message] [WARNING]- "GET /static/js/xlsx/FileSaver.min.js.map HTTP/1.1" 404 1809
[2021-08-19 12:03:47,086] [basehttp.py:154] [basehttp:log_message] [INFO]- "GET /favicon.ico HTTP/1.1" 200 14289
[2021-08-19 12:03:47,131] [log.py:228] [log:log_response] [ERROR]- Internal Server Error: /DeviceLNV/M_Keep/
Traceback (most recent call last):
  File "C:\Python372\mecheck\lib\site-packages\django\core\handlers\exception.py", line 34, in inner
    response = get_response(request)
  File "C:\Python372\mecheck\lib\site-packages\django\core\handlers\base.py", line 126, in _get_response
    response = self.process_exception_by_middleware(e, request)
  File "C:\Python372\mecheck\lib\site-packages\django\core\handlers\base.py", line 124, in _get_response
    response = wrapped_callback(request, *callback_args, **callback_kwargs)
  File "C:\Python372\mecheck\lib\site-packages\django\views\decorators\csrf.py", line 54, in wrapped_view
    return view_func(*args, **kwargs)
  File "C:\djangoproject\DMS\DeviceLNV\views.py", line 2866, in M_Keep
    mock_datalist = DeviceLNV.objects.filter(BR_Status='續借確認')
  File "C:\Python372\mecheck\lib\site-packages\django\db\models\manager.py", line 82, in manager_method
    return getattr(self.get_queryset(), name)(*args, **kwargs)
  File "C:\Python372\mecheck\lib\site-packages\django\db\models\query.py", line 844, in filter
    return self._filter_or_exclude(False, *args, **kwargs)
  File "C:\Python372\mecheck\lib\site-packages\django\db\models\query.py", line 862, in _filter_or_exclude
    clone.query.add_q(Q(*args, **kwargs))
  File "C:\Python372\mecheck\lib\site-packages\django\db\models\sql\query.py", line 1263, in add_q
    clause, _ = self._add_q(q_object, self.used_aliases)
  File "C:\Python372\mecheck\lib\site-packages\django\db\models\sql\query.py", line 1287, in _add_q
    split_subq=split_subq,
  File "C:\Python372\mecheck\lib\site-packages\django\db\models\sql\query.py", line 1164, in build_filter
    lookups, parts, reffed_expression = self.solve_lookup_type(arg)
  File "C:\Python372\mecheck\lib\site-packages\django\db\models\sql\query.py", line 1028, in solve_lookup_type
    _, field, _, lookup_parts = self.names_to_path(lookup_splitted, self.get_meta())
  File "C:\Python372\mecheck\lib\site-packages\django\db\models\sql\query.py", line 1389, in names_to_path
    "Choices are: %s" % (name, ", ".join(available)))
django.core.exceptions.FieldError: Cannot resolve keyword 'BR_Status' into field. Choices are: ApplicationNo, AssetNum, BR_per_code, BrwStatus, Btime, Comment, Customer, Declaration, DeclarationNo, DevCtgry, DevDescription, DevID, DevModel, DevName, DevPrice, DevStatus, DevVendor, Devproperties, Devsize, FWVer, HWVer, IntfCtgry, LSTA, Last_BR_per, Last_BR_per_code, Last_Borrow_date, Last_Phase, Last_Predict_return, Last_ProjectCode, Last_Return_date, NID, PN, Pchsdate, PckgIncludes, Phase, Photo, Plandate, Plant, ProjectCode, Rtime, Source, UsrTimes, Usrname, addnewdate, addnewname, expirdate, id, uscyc, useday
[2021-08-19 12:03:47,135] [UserIP.py:89] [UserIP:process_response] [CRITICAL]- 系统错误
[2021-08-19 12:03:47,135] [basehttp.py:154] [basehttp:log_message] [ERROR]- "POST /DeviceLNV/M_Keep/ HTTP/1.1" 500 122717
[2021-08-19 12:04:08,003] [basehttp.py:154] [basehttp:log_message] [INFO]- "GET /DeviceLNV/M_Keep/ HTTP/1.1" 200 36625
[2021-08-19 12:04:08,078] [basehttp.py:154] [basehttp:log_message] [INFO]- "GET /DeviceLNV/M_Keep/ HTTP/1.1" 200 36625
[2021-08-19 12:04:08,109] [basehttp.py:154] [basehttp:log_message] [WARNING]- "GET /static/css/bootstrap.min.css.map HTTP/1.1" 404 1800
[2021-08-19 12:04:08,114] [basehttp.py:154] [basehttp:log_message] [WARNING]- "GET /static/js/lib/bootstrap.min.js.map HTTP/1.1" 404 1806
[2021-08-19 12:04:08,200] [basehttp.py:154] [basehttp:log_message] [WARNING]- "GET /static/js/axios.min.map HTTP/1.1" 404 1773
[2021-08-19 12:04:08,202] [basehttp.py:154] [basehttp:log_message] [WARNING]- "GET /static/js/xlsx/FileSaver.min.js.map HTTP/1.1" 404 1809
[2021-08-19 12:04:08,420] [log.py:228] [log:log_response] [ERROR]- Internal Server Error: /DeviceLNV/M_Keep/
Traceback (most recent call last):
  File "C:\Python372\mecheck\lib\site-packages\django\core\handlers\exception.py", line 34, in inner
    response = get_response(request)
  File "C:\Python372\mecheck\lib\site-packages\django\core\handlers\base.py", line 126, in _get_response
    response = self.process_exception_by_middleware(e, request)
  File "C:\Python372\mecheck\lib\site-packages\django\core\handlers\base.py", line 124, in _get_response
    response = wrapped_callback(request, *callback_args, **callback_kwargs)
  File "C:\Python372\mecheck\lib\site-packages\django\views\decorators\csrf.py", line 54, in wrapped_view
    return view_func(*args, **kwargs)
  File "C:\djangoproject\DMS\DeviceLNV\views.py", line 2866, in M_Keep
    mock_datalist = DeviceLNV.objects.filter(BR_Status='續借確認')
  File "C:\Python372\mecheck\lib\site-packages\django\db\models\manager.py", line 82, in manager_method
    return getattr(self.get_queryset(), name)(*args, **kwargs)
  File "C:\Python372\mecheck\lib\site-packages\django\db\models\query.py", line 844, in filter
    return self._filter_or_exclude(False, *args, **kwargs)
  File "C:\Python372\mecheck\lib\site-packages\django\db\models\query.py", line 862, in _filter_or_exclude
    clone.query.add_q(Q(*args, **kwargs))
  File "C:\Python372\mecheck\lib\site-packages\django\db\models\sql\query.py", line 1263, in add_q
    clause, _ = self._add_q(q_object, self.used_aliases)
  File "C:\Python372\mecheck\lib\site-packages\django\db\models\sql\query.py", line 1287, in _add_q
    split_subq=split_subq,
  File "C:\Python372\mecheck\lib\site-packages\django\db\models\sql\query.py", line 1164, in build_filter
    lookups, parts, reffed_expression = self.solve_lookup_type(arg)
  File "C:\Python372\mecheck\lib\site-packages\django\db\models\sql\query.py", line 1028, in solve_lookup_type
    _, field, _, lookup_parts = self.names_to_path(lookup_splitted, self.get_meta())
  File "C:\Python372\mecheck\lib\site-packages\django\db\models\sql\query.py", line 1389, in names_to_path
    "Choices are: %s" % (name, ", ".join(available)))
django.core.exceptions.FieldError: Cannot resolve keyword 'BR_Status' into field. Choices are: ApplicationNo, AssetNum, BR_per_code, BrwStatus, Btime, Comment, Customer, Declaration, DeclarationNo, DevCtgry, DevDescription, DevID, DevModel, DevName, DevPrice, DevStatus, DevVendor, Devproperties, Devsize, FWVer, HWVer, IntfCtgry, LSTA, Last_BR_per, Last_BR_per_code, Last_Borrow_date, Last_Phase, Last_Predict_return, Last_ProjectCode, Last_Return_date, NID, PN, Pchsdate, PckgIncludes, Phase, Photo, Plandate, Plant, ProjectCode, Rtime, Source, UsrTimes, Usrname, addnewdate, addnewname, expirdate, id, uscyc, useday
[2021-08-19 12:04:08,421] [basehttp.py:154] [basehttp:log_message] [INFO]- "GET /favicon.ico HTTP/1.1" 200 14289
[2021-08-19 12:04:08,422] [UserIP.py:89] [UserIP:process_response] [CRITICAL]- 系统错误
[2021-08-19 12:04:08,423] [basehttp.py:154] [basehttp:log_message] [ERROR]- "POST /DeviceLNV/M_Keep/ HTTP/1.1" 500 122717
[2021-08-19 12:06:17,670] [basehttp.py:154] [basehttp:log_message] [INFO]- "GET /DeviceLNV/M_Keep/ HTTP/1.1" 200 36625
[2021-08-19 12:06:17,753] [basehttp.py:154] [basehttp:log_message] [INFO]- "GET /DeviceLNV/M_Keep/ HTTP/1.1" 200 36625
[2021-08-19 12:06:17,785] [basehttp.py:154] [basehttp:log_message] [WARNING]- "GET /static/css/bootstrap.min.css.map HTTP/1.1" 404 1800
[2021-08-19 12:06:17,793] [basehttp.py:154] [basehttp:log_message] [WARNING]- "GET /static/js/lib/bootstrap.min.js.map HTTP/1.1" 404 1806
[2021-08-19 12:06:17,975] [basehttp.py:154] [basehttp:log_message] [WARNING]- "GET /static/js/axios.min.map HTTP/1.1" 404 1773
[2021-08-19 12:06:17,976] [basehttp.py:154] [basehttp:log_message] [WARNING]- "GET /static/js/xlsx/FileSaver.min.js.map HTTP/1.1" 404 1809
[2021-08-19 12:06:18,173] [basehttp.py:154] [basehttp:log_message] [INFO]- "GET /favicon.ico HTTP/1.1" 200 14289
[2021-08-19 12:06:18,223] [log.py:228] [log:log_response] [ERROR]- Internal Server Error: /DeviceLNV/M_Keep/
Traceback (most recent call last):
  File "C:\Python372\mecheck\lib\site-packages\django\core\handlers\exception.py", line 34, in inner
    response = get_response(request)
  File "C:\Python372\mecheck\lib\site-packages\django\core\handlers\base.py", line 126, in _get_response
    response = self.process_exception_by_middleware(e, request)
  File "C:\Python372\mecheck\lib\site-packages\django\core\handlers\base.py", line 124, in _get_response
    response = wrapped_callback(request, *callback_args, **callback_kwargs)
  File "C:\Python372\mecheck\lib\site-packages\django\views\decorators\csrf.py", line 54, in wrapped_view
    return view_func(*args, **kwargs)
  File "C:\djangoproject\DMS\DeviceLNV\views.py", line 2872, in M_Keep
    if i.Predict_return and not i.Return_date:
AttributeError: 'DeviceLNV' object has no attribute 'Predict_return'
[2021-08-19 12:06:18,226] [UserIP.py:89] [UserIP:process_response] [CRITICAL]- 系统错误
[2021-08-19 12:06:18,226] [basehttp.py:154] [basehttp:log_message] [ERROR]- "POST /DeviceLNV/M_Keep/ HTTP/1.1" 500 79626
[2021-08-19 12:55:34,978] [basehttp.py:154] [basehttp:log_message] [INFO]- "GET /DeviceLNV/M_Keep/ HTTP/1.1" 200 36625
[2021-08-19 12:55:35,086] [basehttp.py:154] [basehttp:log_message] [INFO]- "GET /DeviceLNV/M_Keep/ HTTP/1.1" 200 36625
[2021-08-19 12:55:35,139] [basehttp.py:154] [basehttp:log_message] [WARNING]- "GET /static/css/bootstrap.min.css.map HTTP/1.1" 404 1800
[2021-08-19 12:55:35,155] [basehttp.py:154] [basehttp:log_message] [WARNING]- "GET /static/js/lib/bootstrap.min.js.map HTTP/1.1" 404 1806
[2021-08-19 12:55:35,419] [basehttp.py:154] [basehttp:log_message] [WARNING]- "GET /static/js/axios.min.map HTTP/1.1" 404 1773
[2021-08-19 12:55:35,419] [basehttp.py:154] [basehttp:log_message] [WARNING]- "GET /static/js/xlsx/FileSaver.min.js.map HTTP/1.1" 404 1809
[2021-08-19 12:55:35,646] [UserIP.py:87] [UserIP:process_response] [INFO]- 2021-08-19 12:55:35 C1010S3>cao. edwin None>LAPTOP-VA9VPAO8>417 127.0.0.1 127.0.0.1 /DeviceLNV/M_Keep/ POST
[2021-08-19 12:55:35,654] [basehttp.py:154] [basehttp:log_message] [INFO]- "POST /DeviceLNV/M_Keep/ HTTP/1.1" 200 993
[2021-08-19 12:55:35,724] [log.py:228] [log:log_response] [WARNING]- Not Found: /media/DeviceLNV/Device/1514.jpg
[2021-08-19 12:55:35,724] [basehttp.py:154] [basehttp:log_message] [WARNING]- "GET /media/DeviceLNV/Device/1514.jpg HTTP/1.1" 404 1803
[2021-08-19 12:55:35,745] [basehttp.py:154] [basehttp:log_message] [INFO]- "GET /favicon.ico HTTP/1.1" 200 14289
[2021-08-19 12:56:10,875] [log.py:228] [log:log_response] [WARNING]- Not Found: /media/DeviceLNV/Baoguan/1514_b.jpg
[2021-08-19 12:56:10,875] [basehttp.py:154] [basehttp:log_message] [WARNING]- "GET /media/DeviceLNV/Baoguan/1514_b.jpg HTTP/1.1" 404 1812
[2021-08-19 12:57:53,914] [basehttp.py:154] [basehttp:log_message] [INFO]- "GET /DeviceLNV/M_Keep/ HTTP/1.1" 200 36625
[2021-08-19 12:57:54,024] [basehttp.py:154] [basehttp:log_message] [INFO]- "GET /DeviceLNV/M_Keep/ HTTP/1.1" 200 36625
[2021-08-19 12:57:54,066] [basehttp.py:154] [basehttp:log_message] [WARNING]- "GET /static/css/bootstrap.min.css.map HTTP/1.1" 404 1800
[2021-08-19 12:57:54,082] [basehttp.py:154] [basehttp:log_message] [WARNING]- "GET /static/js/lib/bootstrap.min.js.map HTTP/1.1" 404 1806
[2021-08-19 12:57:54,363] [basehttp.py:154] [basehttp:log_message] [WARNING]- "GET /static/js/xlsx/FileSaver.min.js.map HTTP/1.1" 404 1809
[2021-08-19 12:57:54,363] [basehttp.py:154] [basehttp:log_message] [WARNING]- "GET /static/js/axios.min.map HTTP/1.1" 404 1773
[2021-08-19 12:57:54,584] [UserIP.py:87] [UserIP:process_response] [INFO]- 2021-08-19 12:57:54 C1010S3>cao. edwin None>LAPTOP-VA9VPAO8>417 127.0.0.1 127.0.0.1 /DeviceLNV/M_Keep/ POST
[2021-08-19 12:57:54,599] [basehttp.py:154] [basehttp:log_message] [INFO]- "POST /DeviceLNV/M_Keep/ HTTP/1.1" 200 986
[2021-08-19 12:57:54,655] [log.py:228] [log:log_response] [WARNING]- Not Found: /media/DeviceLNV/Device/1514.jpg
[2021-08-19 12:57:54,656] [basehttp.py:154] [basehttp:log_message] [WARNING]- "GET /media/DeviceLNV/Device/1514.jpg HTTP/1.1" 404 1803
[2021-08-19 12:57:54,679] [basehttp.py:154] [basehttp:log_message] [INFO]- "GET /favicon.ico HTTP/1.1" 200 14289
[2021-08-19 12:57:59,684] [log.py:228] [log:log_response] [ERROR]- Internal Server Error: /DeviceLNV/M_Keep/
Traceback (most recent call last):
  File "C:\Python372\mecheck\lib\site-packages\django\core\handlers\exception.py", line 34, in inner
    response = get_response(request)
  File "C:\Python372\mecheck\lib\site-packages\django\core\handlers\base.py", line 126, in _get_response
    response = self.process_exception_by_middleware(e, request)
  File "C:\Python372\mecheck\lib\site-packages\django\core\handlers\base.py", line 124, in _get_response
    response = wrapped_callback(request, *callback_args, **callback_kwargs)
  File "C:\Python372\mecheck\lib\site-packages\django\views\decorators\csrf.py", line 54, in wrapped_view
    return view_func(*args, **kwargs)
  File "C:\djangoproject\DMS\DeviceLNV\views.py", line 2965, in M_Keep
    mock_datalist = DeviceLNV.objects.filter(**checkAdaPow)
  File "C:\Python372\mecheck\lib\site-packages\django\db\models\manager.py", line 82, in manager_method
    return getattr(self.get_queryset(), name)(*args, **kwargs)
  File "C:\Python372\mecheck\lib\site-packages\django\db\models\query.py", line 844, in filter
    return self._filter_or_exclude(False, *args, **kwargs)
  File "C:\Python372\mecheck\lib\site-packages\django\db\models\query.py", line 862, in _filter_or_exclude
    clone.query.add_q(Q(*args, **kwargs))
  File "C:\Python372\mecheck\lib\site-packages\django\db\models\sql\query.py", line 1263, in add_q
    clause, _ = self._add_q(q_object, self.used_aliases)
  File "C:\Python372\mecheck\lib\site-packages\django\db\models\sql\query.py", line 1287, in _add_q
    split_subq=split_subq,
  File "C:\Python372\mecheck\lib\site-packages\django\db\models\sql\query.py", line 1164, in build_filter
    lookups, parts, reffed_expression = self.solve_lookup_type(arg)
  File "C:\Python372\mecheck\lib\site-packages\django\db\models\sql\query.py", line 1028, in solve_lookup_type
    _, field, _, lookup_parts = self.names_to_path(lookup_splitted, self.get_meta())
  File "C:\Python372\mecheck\lib\site-packages\django\db\models\sql\query.py", line 1389, in names_to_path
    "Choices are: %s" % (name, ", ".join(available)))
django.core.exceptions.FieldError: Cannot resolve keyword 'BR_Status' into field. Choices are: ApplicationNo, AssetNum, BR_per_code, BrwStatus, Btime, Comment, Customer, Declaration, DeclarationNo, DevCtgry, DevDescription, DevID, DevModel, DevName, DevPrice, DevStatus, DevVendor, Devproperties, Devsize, FWVer, HWVer, IntfCtgry, LSTA, Last_BR_per, Last_BR_per_code, Last_Borrow_date, Last_Phase, Last_Predict_return, Last_ProjectCode, Last_Return_date, NID, PN, Pchsdate, PckgIncludes, Phase, Photo, Plandate, Plant, ProjectCode, Rtime, Source, UsrTimes, Usrname, addnewdate, addnewname, expirdate, id, uscyc, useday
[2021-08-19 12:57:59,688] [UserIP.py:89] [UserIP:process_response] [CRITICAL]- 系统错误
[2021-08-19 12:57:59,688] [basehttp.py:154] [basehttp:log_message] [ERROR]- "POST /DeviceLNV/M_Keep/ HTTP/1.1" 500 123151
[2021-08-19 13:00:08,430] [log.py:228] [log:log_response] [ERROR]- Internal Server Error: /DeviceLNV/M_Keep/
Traceback (most recent call last):
  File "C:\Python372\mecheck\lib\site-packages\django\core\handlers\exception.py", line 34, in inner
    response = get_response(request)
  File "C:\Python372\mecheck\lib\site-packages\django\core\handlers\base.py", line 126, in _get_response
    response = self.process_exception_by_middleware(e, request)
  File "C:\Python372\mecheck\lib\site-packages\django\core\handlers\base.py", line 124, in _get_response
    response = wrapped_callback(request, *callback_args, **callback_kwargs)
  File "C:\Python372\mecheck\lib\site-packages\django\views\decorators\csrf.py", line 54, in wrapped_view
    return view_func(*args, **kwargs)
  File "C:\djangoproject\DMS\DeviceLNV\views.py", line 2951, in M_Keep
    mock_datalist = DeviceLNV.objects.filter(**checkAdaPow)
  File "C:\Python372\mecheck\lib\site-packages\django\db\models\manager.py", line 82, in manager_method
    return getattr(self.get_queryset(), name)(*args, **kwargs)
  File "C:\Python372\mecheck\lib\site-packages\django\db\models\query.py", line 844, in filter
    return self._filter_or_exclude(False, *args, **kwargs)
  File "C:\Python372\mecheck\lib\site-packages\django\db\models\query.py", line 862, in _filter_or_exclude
    clone.query.add_q(Q(*args, **kwargs))
  File "C:\Python372\mecheck\lib\site-packages\django\db\models\sql\query.py", line 1263, in add_q
    clause, _ = self._add_q(q_object, self.used_aliases)
  File "C:\Python372\mecheck\lib\site-packages\django\db\models\sql\query.py", line 1287, in _add_q
    split_subq=split_subq,
  File "C:\Python372\mecheck\lib\site-packages\django\db\models\sql\query.py", line 1164, in build_filter
    lookups, parts, reffed_expression = self.solve_lookup_type(arg)
  File "C:\Python372\mecheck\lib\site-packages\django\db\models\sql\query.py", line 1028, in solve_lookup_type
    _, field, _, lookup_parts = self.names_to_path(lookup_splitted, self.get_meta())
  File "C:\Python372\mecheck\lib\site-packages\django\db\models\sql\query.py", line 1389, in names_to_path
    "Choices are: %s" % (name, ", ".join(available)))
django.core.exceptions.FieldError: Cannot resolve keyword 'BR_Status' into field. Choices are: ApplicationNo, AssetNum, BR_per_code, BrwStatus, Btime, Comment, Customer, Declaration, DeclarationNo, DevCtgry, DevDescription, DevID, DevModel, DevName, DevPrice, DevStatus, DevVendor, Devproperties, Devsize, FWVer, HWVer, IntfCtgry, LSTA, Last_BR_per, Last_BR_per_code, Last_Borrow_date, Last_Phase, Last_Predict_return, Last_ProjectCode, Last_Return_date, NID, PN, Pchsdate, PckgIncludes, Phase, Photo, Plandate, Plant, ProjectCode, Rtime, Source, UsrTimes, Usrname, addnewdate, addnewname, expirdate, id, uscyc, useday
[2021-08-19 13:00:08,434] [UserIP.py:89] [UserIP:process_response] [CRITICAL]- 系统错误
[2021-08-19 13:00:08,435] [basehttp.py:154] [basehttp:log_message] [ERROR]- "POST /DeviceLNV/M_Keep/ HTTP/1.1" 500 123256
[2021-08-19 13:56:17,899] [log.py:228] [log:log_response] [ERROR]- Internal Server Error: /DeviceLNV/M_Keep/
Traceback (most recent call last):
  File "C:\Python372\mecheck\lib\site-packages\django\core\handlers\exception.py", line 34, in inner
    response = get_response(request)
  File "C:\Python372\mecheck\lib\site-packages\django\core\handlers\base.py", line 126, in _get_response
    response = self.process_exception_by_middleware(e, request)
  File "C:\Python372\mecheck\lib\site-packages\django\core\handlers\base.py", line 124, in _get_response
    response = wrapped_callback(request, *callback_args, **callback_kwargs)
  File "C:\Python372\mecheck\lib\site-packages\django\views\decorators\csrf.py", line 54, in wrapped_view
    return view_func(*args, **kwargs)
  File "C:\djangoproject\DMS\DeviceLNV\views.py", line 2951, in M_Keep
    mock_datalist = DeviceLNV.objects.filter(**checkAdaPow)
  File "C:\Python372\mecheck\lib\site-packages\django\db\models\manager.py", line 82, in manager_method
    return getattr(self.get_queryset(), name)(*args, **kwargs)
  File "C:\Python372\mecheck\lib\site-packages\django\db\models\query.py", line 844, in filter
    return self._filter_or_exclude(False, *args, **kwargs)
  File "C:\Python372\mecheck\lib\site-packages\django\db\models\query.py", line 862, in _filter_or_exclude
    clone.query.add_q(Q(*args, **kwargs))
  File "C:\Python372\mecheck\lib\site-packages\django\db\models\sql\query.py", line 1263, in add_q
    clause, _ = self._add_q(q_object, self.used_aliases)
  File "C:\Python372\mecheck\lib\site-packages\django\db\models\sql\query.py", line 1287, in _add_q
    split_subq=split_subq,
  File "C:\Python372\mecheck\lib\site-packages\django\db\models\sql\query.py", line 1164, in build_filter
    lookups, parts, reffed_expression = self.solve_lookup_type(arg)
  File "C:\Python372\mecheck\lib\site-packages\django\db\models\sql\query.py", line 1028, in solve_lookup_type
    _, field, _, lookup_parts = self.names_to_path(lookup_splitted, self.get_meta())
  File "C:\Python372\mecheck\lib\site-packages\django\db\models\sql\query.py", line 1389, in names_to_path
    "Choices are: %s" % (name, ", ".join(available)))
django.core.exceptions.FieldError: Cannot resolve keyword 'BR_Status' into field. Choices are: ApplicationNo, AssetNum, BR_per_code, BrwStatus, Btime, Comment, Customer, Declaration, DeclarationNo, DevCtgry, DevDescription, DevID, DevModel, DevName, DevPrice, DevStatus, DevVendor, Devproperties, Devsize, FWVer, HWVer, IntfCtgry, LSTA, Last_BR_per, Last_BR_per_code, Last_Borrow_date, Last_Phase, Last_Predict_return, Last_ProjectCode, Last_Return_date, NID, PN, Pchsdate, PckgIncludes, Phase, Photo, Plandate, Plant, ProjectCode, Rtime, Source, UsrTimes, Usrname, addnewdate, addnewname, expirdate, id, uscyc, useday
[2021-08-19 13:56:17,901] [UserIP.py:89] [UserIP:process_response] [CRITICAL]- 系统错误
[2021-08-19 13:56:17,901] [basehttp.py:154] [basehttp:log_message] [ERROR]- "POST /DeviceLNV/M_Keep/ HTTP/1.1" 500 123256
[2021-08-19 13:56:54,047] [UserIP.py:87] [UserIP:process_response] [INFO]- 2021-08-19 13:56:54 C1010S3>cao. edwin None>LAPTOP-VA9VPAO8>417 127.0.0.1 127.0.0.1 /DeviceLNV/M_Keep/ POST
[2021-08-19 13:56:54,060] [basehttp.py:154] [basehttp:log_message] [INFO]- "POST /DeviceLNV/M_Keep/ HTTP/1.1" 200 986
[2021-08-19 13:57:14,074] [log.py:228] [log:log_response] [ERROR]- Internal Server Error: /DeviceLNV/M_Keep/
Traceback (most recent call last):
  File "C:\Python372\mecheck\lib\site-packages\django\core\handlers\exception.py", line 34, in inner
    response = get_response(request)
  File "C:\Python372\mecheck\lib\site-packages\django\core\handlers\base.py", line 126, in _get_response
    response = self.process_exception_by_middleware(e, request)
  File "C:\Python372\mecheck\lib\site-packages\django\core\handlers\base.py", line 124, in _get_response
    response = wrapped_callback(request, *callback_args, **callback_kwargs)
  File "C:\Python372\mecheck\lib\site-packages\django\views\decorators\csrf.py", line 54, in wrapped_view
    return view_func(*args, **kwargs)
  File "C:\djangoproject\DMS\DeviceLNV\views.py", line 3037, in M_Keep
    if responseData['Usrname']:
KeyError: 'Usrname'
[2021-08-19 13:57:14,078] [UserIP.py:89] [UserIP:process_response] [CRITICAL]- 系统错误
[2021-08-19 13:57:14,078] [basehttp.py:154] [basehttp:log_message] [ERROR]- "POST /DeviceLNV/M_Keep/ HTTP/1.1" 500 79039
[2021-08-19 13:57:55,380] [log.py:228] [log:log_response] [ERROR]- Internal Server Error: /DeviceLNV/M_Keep/
Traceback (most recent call last):
  File "C:\Python372\mecheck\lib\site-packages\django\core\handlers\exception.py", line 34, in inner
    response = get_response(request)
  File "C:\Python372\mecheck\lib\site-packages\django\core\handlers\base.py", line 126, in _get_response
    response = self.process_exception_by_middleware(e, request)
  File "C:\Python372\mecheck\lib\site-packages\django\core\handlers\base.py", line 124, in _get_response
    response = wrapped_callback(request, *callback_args, **callback_kwargs)
  File "C:\Python372\mecheck\lib\site-packages\django\views\decorators\csrf.py", line 54, in wrapped_view
    return view_func(*args, **kwargs)
  File "C:\djangoproject\DMS\DeviceLNV\views.py", line 3037, in M_Keep
    if responseData['Usrname']:
KeyError: 'Usrname'
[2021-08-19 13:57:55,384] [UserIP.py:89] [UserIP:process_response] [CRITICAL]- 系统错误
[2021-08-19 13:57:55,384] [basehttp.py:154] [basehttp:log_message] [ERROR]- "POST /DeviceLNV/M_Keep/ HTTP/1.1" 500 79040
[2021-08-19 13:58:45,070] [UserIP.py:87] [UserIP:process_response] [INFO]- 2021-08-19 13:58:45 C1010S3>cao. edwin None>LAPTOP-VA9VPAO8>417 127.0.0.1 127.0.0.1 /DeviceLNV/M_Keep/ POST
[2021-08-19 13:58:45,085] [basehttp.py:154] [basehttp:log_message] [INFO]- "POST /DeviceLNV/M_Keep/ HTTP/1.1" 200 986
[2021-08-19 13:58:51,548] [log.py:228] [log:log_response] [ERROR]- Internal Server Error: /DeviceLNV/M_Keep/
Traceback (most recent call last):
  File "C:\Python372\mecheck\lib\site-packages\django\core\handlers\exception.py", line 34, in inner
    response = get_response(request)
  File "C:\Python372\mecheck\lib\site-packages\django\core\handlers\base.py", line 126, in _get_response
    response = self.process_exception_by_middleware(e, request)
  File "C:\Python372\mecheck\lib\site-packages\django\core\handlers\base.py", line 124, in _get_response
    response = wrapped_callback(request, *callback_args, **callback_kwargs)
  File "C:\Python372\mecheck\lib\site-packages\django\views\decorators\csrf.py", line 54, in wrapped_view
    return view_func(*args, **kwargs)
  File "C:\djangoproject\DMS\DeviceLNV\views.py", line 3050, in M_Keep
    for i in responseData['RenewId']:
KeyError: 'RenewId'
[2021-08-19 13:58:51,551] [UserIP.py:89] [UserIP:process_response] [CRITICAL]- 系统错误
[2021-08-19 13:58:51,551] [basehttp.py:154] [basehttp:log_message] [ERROR]- "POST /DeviceLNV/M_Keep/ HTTP/1.1" 500 79511
[2021-08-19 13:59:35,110] [basehttp.py:154] [basehttp:log_message] [INFO]- "GET /DeviceLNV/M_Keep/ HTTP/1.1" 200 36625
[2021-08-19 13:59:35,207] [basehttp.py:154] [basehttp:log_message] [INFO]- "GET /DeviceLNV/M_Keep/ HTTP/1.1" 200 36625
[2021-08-19 13:59:35,247] [basehttp.py:154] [basehttp:log_message] [WARNING]- "GET /static/css/bootstrap.min.css.map HTTP/1.1" 404 1800
[2021-08-19 13:59:35,261] [basehttp.py:154] [basehttp:log_message] [WARNING]- "GET /static/js/lib/bootstrap.min.js.map HTTP/1.1" 404 1806
[2021-08-19 13:59:35,450] [basehttp.py:154] [basehttp:log_message] [WARNING]- "GET /static/js/axios.min.map HTTP/1.1" 404 1773
[2021-08-19 13:59:35,450] [basehttp.py:154] [basehttp:log_message] [WARNING]- "GET /static/js/xlsx/FileSaver.min.js.map HTTP/1.1" 404 1809
[2021-08-19 13:59:35,604] [UserIP.py:87] [UserIP:process_response] [INFO]- 2021-08-19 13:59:35 C1010S3>cao. edwin None>LAPTOP-VA9VPAO8>417 127.0.0.1 127.0.0.1 /DeviceLNV/M_Keep/ POST
[2021-08-19 13:59:35,612] [basehttp.py:154] [basehttp:log_message] [INFO]- "POST /DeviceLNV/M_Keep/ HTTP/1.1" 200 986
[2021-08-19 13:59:35,653] [log.py:228] [log:log_response] [WARNING]- Not Found: /media/DeviceLNV/Device/1514.jpg
[2021-08-19 13:59:35,654] [basehttp.py:154] [basehttp:log_message] [WARNING]- "GET /media/DeviceLNV/Device/1514.jpg HTTP/1.1" 404 1803
[2021-08-19 13:59:35,674] [basehttp.py:154] [basehttp:log_message] [INFO]- "GET /favicon.ico HTTP/1.1" 200 14289
[2021-08-19 13:59:40,031] [UserIP.py:87] [UserIP:process_response] [INFO]- 2021-08-19 13:59:40 C1010S3>cao. edwin None>LAPTOP-VA9VPAO8>417 127.0.0.1 127.0.0.1 /DeviceLNV/M_Keep/ POST
[2021-08-19 13:59:40,041] [basehttp.py:154] [basehttp:log_message] [INFO]- "POST /DeviceLNV/M_Keep/ HTTP/1.1" 200 986
[2021-08-19 14:00:17,446] [UserIP.py:87] [UserIP:process_response] [INFO]- 2021-08-19 14:00:17 C1010S3>cao. edwin None>LAPTOP-VA9VPAO8>417 127.0.0.1 127.0.0.1 /DeviceLNV/M_Keep/ POST
[2021-08-19 14:00:17,454] [basehttp.py:154] [basehttp:log_message] [INFO]- "POST /DeviceLNV/M_Keep/ HTTP/1.1" 200 986
[2021-08-19 14:00:51,667] [UserIP.py:87] [UserIP:process_response] [INFO]- 2021-08-19 14:00:51 C1010S3>cao. edwin None>LAPTOP-VA9VPAO8>417 127.0.0.1 127.0.0.1 /DeviceLNV/M_Keep/ POST
[2021-08-19 14:00:51,675] [basehttp.py:154] [basehttp:log_message] [INFO]- "POST /DeviceLNV/M_Keep/ HTTP/1.1" 200 986
[2021-08-19 14:01:19,601] [UserIP.py:87] [UserIP:process_response] [INFO]- 2021-08-19 14:01:19 C1010S3>cao. edwin None>LAPTOP-VA9VPAO8>417 127.0.0.1 127.0.0.1 /DeviceLNV/M_Keep/ POST
[2021-08-19 14:01:19,612] [basehttp.py:154] [basehttp:log_message] [INFO]- "POST /DeviceLNV/M_Keep/ HTTP/1.1" 200 986
[2021-08-19 14:01:23,843] [UserIP.py:87] [UserIP:process_response] [INFO]- 2021-08-19 14:01:23 C1010S3>cao. edwin None>LAPTOP-VA9VPAO8>417 127.0.0.1 127.0.0.1 /DeviceLNV/M_Keep/ POST
[2021-08-19 14:01:23,852] [basehttp.py:154] [basehttp:log_message] [INFO]- "POST /DeviceLNV/M_Keep/ HTTP/1.1" 200 986
[2021-08-19 14:01:54,157] [UserIP.py:87] [UserIP:process_response] [INFO]- 2021-08-19 14:01:54 C1010S3>cao. edwin None>LAPTOP-VA9VPAO8>417 127.0.0.1 127.0.0.1 /DeviceLNV/M_Keep/ POST
[2021-08-19 14:01:54,166] [basehttp.py:154] [basehttp:log_message] [INFO]- "POST /DeviceLNV/M_Keep/ HTTP/1.1" 200 986
[2021-08-19 14:03:59,859] [basehttp.py:154] [basehttp:log_message] [INFO]- "GET /DeviceLNV/M_Keep/ HTTP/1.1" 200 36625
[2021-08-19 14:03:59,940] [basehttp.py:154] [basehttp:log_message] [INFO]- "GET /DeviceLNV/M_Keep/ HTTP/1.1" 200 36625
[2021-08-19 14:04:00,323] [UserIP.py:87] [UserIP:process_response] [INFO]- 2021-08-19 14:04:00 C1010S3>cao. edwin None>LAPTOP-VA9VPAO8>417 127.0.0.1 127.0.0.1 /DeviceLNV/M_Keep/ POST
[2021-08-19 14:04:00,331] [basehttp.py:154] [basehttp:log_message] [INFO]- "POST /DeviceLNV/M_Keep/ HTTP/1.1" 200 986
[2021-08-19 14:04:00,391] [log.py:228] [log:log_response] [WARNING]- Not Found: /media/DeviceLNV/Device/1514.jpg
[2021-08-19 14:04:00,392] [basehttp.py:154] [basehttp:log_message] [WARNING]- "GET /media/DeviceLNV/Device/1514.jpg HTTP/1.1" 404 1803
[2021-08-19 14:04:00,409] [basehttp.py:154] [basehttp:log_message] [INFO]- "GET /favicon.ico HTTP/1.1" 200 14289
[2021-08-19 14:04:03,459] [basehttp.py:154] [basehttp:log_message] [INFO]- "GET /admin/ HTTP/1.1" 302 0
[2021-08-19 14:04:03,540] [basehttp.py:154] [basehttp:log_message] [INFO]- "GET /admin/login/?next=/admin/ HTTP/1.1" 200 1821
[2021-08-19 14:04:03,581] [basehttp.py:154] [basehttp:log_message] [INFO]- "GET /favicon.ico HTTP/1.1" 200 14289
[2021-08-19 14:04:06,109] [UserIP.py:89] [UserIP:process_response] [CRITICAL]- 系统错误
[2021-08-19 14:04:06,118] [basehttp.py:154] [basehttp:log_message] [INFO]- "POST /admin/login/?next=/admin/ HTTP/1.1" 302 0
[2021-08-19 14:04:06,169] [basehttp.py:154] [basehttp:log_message] [INFO]- "GET /admin/ HTTP/1.1" 200 19662
[2021-08-19 14:04:06,219] [basehttp.py:154] [basehttp:log_message] [INFO]- "GET /favicon.ico HTTP/1.1" 200 14289
[2021-08-19 14:04:12,319] [basehttp.py:154] [basehttp:log_message] [INFO]- "GET /admin/DeviceLNV/devicelnvhis/ HTTP/1.1" 200 9896
[2021-08-19 14:04:12,343] [basehttp.py:154] [basehttp:log_message] [INFO]- "GET /admin/jsi18n/ HTTP/1.1" 200 7684
[2021-08-19 14:04:12,396] [basehttp.py:154] [basehttp:log_message] [INFO]- "GET /favicon.ico HTTP/1.1" 200 14289
[2021-08-19 14:04:22,185] [basehttp.py:154] [basehttp:log_message] [INFO]- "GET /admin/ HTTP/1.1" 200 19662
[2021-08-19 14:04:22,217] [basehttp.py:154] [basehttp:log_message] [INFO]- "GET /favicon.ico HTTP/1.1" 200 14289
[2021-08-19 14:04:54,017] [basehttp.py:154] [basehttp:log_message] [INFO]- "GET /DeviceLNV/M_Keep/ HTTP/1.1" 200 36625
[2021-08-19 14:04:54,097] [basehttp.py:154] [basehttp:log_message] [INFO]- "GET /DeviceLNV/M_Keep/ HTTP/1.1" 200 36625
[2021-08-19 14:04:54,130] [basehttp.py:154] [basehttp:log_message] [WARNING]- "GET /static/css/bootstrap.min.css.map HTTP/1.1" 404 1800
[2021-08-19 14:04:54,140] [basehttp.py:154] [basehttp:log_message] [WARNING]- "GET /static/js/lib/bootstrap.min.js.map HTTP/1.1" 404 1806
[2021-08-19 14:04:54,350] [basehttp.py:154] [basehttp:log_message] [WARNING]- "GET /static/js/xlsx/FileSaver.min.js.map HTTP/1.1" 404 1809
[2021-08-19 14:04:54,350] [basehttp.py:154] [basehttp:log_message] [WARNING]- "GET /static/js/axios.min.map HTTP/1.1" 404 1773
[2021-08-19 14:04:54,542] [UserIP.py:87] [UserIP:process_response] [INFO]- 2021-08-19 14:04:54 C1010S3>cao. edwin None>LAPTOP-VA9VPAO8>417 127.0.0.1 127.0.0.1 /DeviceLNV/M_Keep/ POST
[2021-08-19 14:04:54,547] [basehttp.py:154] [basehttp:log_message] [INFO]- "GET /favicon.ico HTTP/1.1" 200 14289
[2021-08-19 14:04:54,556] [basehttp.py:154] [basehttp:log_message] [INFO]- "POST /DeviceLNV/M_Keep/ HTTP/1.1" 200 986
[2021-08-19 14:04:54,593] [log.py:228] [log:log_response] [WARNING]- Not Found: /media/DeviceLNV/Device/1514.jpg
[2021-08-19 14:04:54,593] [basehttp.py:154] [basehttp:log_message] [WARNING]- "GET /media/DeviceLNV/Device/1514.jpg HTTP/1.1" 404 1803
[2021-08-19 14:04:56,585] [UserIP.py:87] [UserIP:process_response] [INFO]- 2021-08-19 14:04:56 C1010S3>cao. edwin None>LAPTOP-VA9VPAO8>417 127.0.0.1 127.0.0.1 /DeviceLNV/M_Keep/ POST
[2021-08-19 14:04:56,594] [basehttp.py:154] [basehttp:log_message] [INFO]- "POST /DeviceLNV/M_Keep/ HTTP/1.1" 200 986
[2021-08-19 14:05:09,409] [basehttp.py:154] [basehttp:log_message] [INFO]- "GET /admin/DeviceLNV/devicelnvhis/ HTTP/1.1" 200 9896
[2021-08-19 14:05:09,432] [basehttp.py:154] [basehttp:log_message] [INFO]- "GET /admin/jsi18n/ HTTP/1.1" 200 7684
[2021-08-19 14:05:09,473] [basehttp.py:154] [basehttp:log_message] [INFO]- "GET /favicon.ico HTTP/1.1" 200 14289
[2021-08-19 14:05:10,908] [basehttp.py:154] [basehttp:log_message] [INFO]- "GET /admin/DeviceLNV/devicelnvhis/ HTTP/1.1" 200 9896
[2021-08-19 14:05:10,942] [basehttp.py:154] [basehttp:log_message] [INFO]- "GET /admin/jsi18n/ HTTP/1.1" 200 7684
[2021-08-19 14:05:10,987] [basehttp.py:154] [basehttp:log_message] [INFO]- "GET /favicon.ico HTTP/1.1" 200 14289
[2021-08-19 14:05:11,791] [basehttp.py:154] [basehttp:log_message] [INFO]- "GET /admin/DeviceLNV/devicelnvhis/ HTTP/1.1" 200 9896
[2021-08-19 14:05:11,823] [basehttp.py:154] [basehttp:log_message] [INFO]- "GET /admin/jsi18n/ HTTP/1.1" 200 7684
[2021-08-19 14:05:11,869] [basehttp.py:154] [basehttp:log_message] [INFO]- "GET /favicon.ico HTTP/1.1" 200 14289
[2021-08-19 14:06:10,296] [UserIP.py:87] [UserIP:process_response] [INFO]- 2021-08-19 14:06:10 C1010S3>cao. edwin None>LAPTOP-VA9VPAO8>417 127.0.0.1 127.0.0.1 /DeviceLNV/M_Keep/ POST
[2021-08-19 14:06:10,308] [basehttp.py:154] [basehttp:log_message] [INFO]- "POST /DeviceLNV/M_Keep/ HTTP/1.1" 200 986
[2021-08-19 14:06:46,044] [UserIP.py:87] [UserIP:process_response] [INFO]- 2021-08-19 14:06:46 C1010S3>cao. edwin None>LAPTOP-VA9VPAO8>417 127.0.0.1 127.0.0.1 /DeviceLNV/M_Keep/ POST
[2021-08-19 14:06:46,052] [basehttp.py:154] [basehttp:log_message] [INFO]- "POST /DeviceLNV/M_Keep/ HTTP/1.1" 200 75
[2021-08-19 14:06:55,316] [basehttp.py:154] [basehttp:log_message] [INFO]- "GET /admin/DeviceLNV/devicelnvhis/ HTTP/1.1" 200 11420
[2021-08-19 14:06:55,362] [basehttp.py:154] [basehttp:log_message] [INFO]- "GET /admin/jsi18n/ HTTP/1.1" 200 7684
[2021-08-19 14:06:55,399] [basehttp.py:154] [basehttp:log_message] [INFO]- "GET /favicon.ico HTTP/1.1" 200 14289
[2021-08-19 14:07:06,427] [basehttp.py:154] [basehttp:log_message] [INFO]- "GET /admin/DeviceLNV/devicelnvhis/4/change/ HTTP/1.1" 200 8392
[2021-08-19 14:07:06,448] [basehttp.py:154] [basehttp:log_message] [INFO]- "GET /admin/jsi18n/ HTTP/1.1" 200 7684
[2021-08-19 14:07:06,482] [basehttp.py:154] [basehttp:log_message] [INFO]- "GET /favicon.ico HTTP/1.1" 200 14289
[2021-08-19 14:11:58,058] [basehttp.py:154] [basehttp:log_message] [INFO]- "GET /admin/DeviceLNV/devicelnvhis/4/change/ HTTP/1.1" 200 9809
[2021-08-19 14:11:58,088] [basehttp.py:154] [basehttp:log_message] [INFO]- "GET /admin/jsi18n/ HTTP/1.1" 200 7684
[2021-08-19 14:11:58,169] [basehttp.py:154] [basehttp:log_message] [INFO]- "GET /favicon.ico HTTP/1.1" 200 14289
[2021-08-19 14:22:23,776] [log.py:228] [log:log_response] [ERROR]- Internal Server Error: /DeviceLNV/M_Return/
Traceback (most recent call last):
  File "C:\Python372\mecheck\lib\site-packages\django\core\handlers\exception.py", line 34, in inner
    response = get_response(request)
  File "C:\Python372\mecheck\lib\site-packages\django\core\handlers\base.py", line 126, in _get_response
    response = self.process_exception_by_middleware(e, request)
  File "C:\Python372\mecheck\lib\site-packages\django\core\handlers\base.py", line 124, in _get_response
    response = wrapped_callback(request, *callback_args, **callback_kwargs)
  File "C:\Python372\mecheck\lib\site-packages\django\views\decorators\csrf.py", line 54, in wrapped_view
    return view_func(*args, **kwargs)
  File "C:\djangoproject\DMS\DeviceLNV\views.py", line 2538, in M_Return
    for i in DeviceLNV.objects.filter(BR_Status='歸還確認').values('BR_per', 'BR_per_code').distinct().order_by('BR_per_code'):
  File "C:\Python372\mecheck\lib\site-packages\django\db\models\manager.py", line 82, in manager_method
    return getattr(self.get_queryset(), name)(*args, **kwargs)
  File "C:\Python372\mecheck\lib\site-packages\django\db\models\query.py", line 844, in filter
    return self._filter_or_exclude(False, *args, **kwargs)
  File "C:\Python372\mecheck\lib\site-packages\django\db\models\query.py", line 862, in _filter_or_exclude
    clone.query.add_q(Q(*args, **kwargs))
  File "C:\Python372\mecheck\lib\site-packages\django\db\models\sql\query.py", line 1263, in add_q
    clause, _ = self._add_q(q_object, self.used_aliases)
  File "C:\Python372\mecheck\lib\site-packages\django\db\models\sql\query.py", line 1287, in _add_q
    split_subq=split_subq,
  File "C:\Python372\mecheck\lib\site-packages\django\db\models\sql\query.py", line 1164, in build_filter
    lookups, parts, reffed_expression = self.solve_lookup_type(arg)
  File "C:\Python372\mecheck\lib\site-packages\django\db\models\sql\query.py", line 1028, in solve_lookup_type
    _, field, _, lookup_parts = self.names_to_path(lookup_splitted, self.get_meta())
  File "C:\Python372\mecheck\lib\site-packages\django\db\models\sql\query.py", line 1389, in names_to_path
    "Choices are: %s" % (name, ", ".join(available)))
django.core.exceptions.FieldError: Cannot resolve keyword 'BR_Status' into field. Choices are: ApplicationNo, AssetNum, BR_per_code, BrwStatus, Btime, Comment, Customer, Declaration, DeclarationNo, DevCtgry, DevDescription, DevID, DevModel, DevName, DevPrice, DevStatus, DevVendor, Devproperties, Devsize, FWVer, HWVer, IntfCtgry, LSTA, Last_BR_per, Last_BR_per_code, Last_Borrow_date, Last_Phase, Last_Predict_return, Last_ProjectCode, Last_Return_date, NID, PN, Pchsdate, PckgIncludes, Phase, Photo, Plandate, Plant, ProjectCode, Rtime, Source, UsrTimes, Usrname, addnewdate, addnewname, expirdate, id, uscyc, useday
[2021-08-19 14:22:23,780] [basehttp.py:154] [basehttp:log_message] [ERROR]- "GET /DeviceLNV/M_Return/ HTTP/1.1" 500 122382
[2021-08-19 14:22:23,849] [basehttp.py:154] [basehttp:log_message] [INFO]- "GET /favicon.ico HTTP/1.1" 200 14289
[2021-08-19 14:31:52,280] [basehttp.py:154] [basehttp:log_message] [INFO]- "GET /DeviceLNV/M_Return/ HTTP/1.1" 200 36593
[2021-08-19 14:31:52,373] [basehttp.py:154] [basehttp:log_message] [INFO]- "GET /DeviceLNV/M_Return/ HTTP/1.1" 200 36593
[2021-08-19 14:31:52,406] [basehttp.py:154] [basehttp:log_message] [WARNING]- "GET /static/css/bootstrap.min.css.map HTTP/1.1" 404 1800
[2021-08-19 14:31:52,433] [basehttp.py:154] [basehttp:log_message] [WARNING]- "GET /static/js/lib/bootstrap.min.js.map HTTP/1.1" 404 1806
[2021-08-19 14:31:52,617] [basehttp.py:154] [basehttp:log_message] [WARNING]- "GET /static/js/axios.min.map HTTP/1.1" 404 1773
[2021-08-19 14:31:52,619] [basehttp.py:154] [basehttp:log_message] [WARNING]- "GET /static/js/xlsx/FileSaver.min.js.map HTTP/1.1" 404 1809
[2021-08-19 14:31:52,773] [UserIP.py:87] [UserIP:process_response] [INFO]- 2021-08-19 14:31:52 C1010S3>cao. edwin None>LAPTOP-VA9VPAO8>417 127.0.0.1 127.0.0.1 /DeviceLNV/M_Return/ POST
[2021-08-19 14:31:52,785] [basehttp.py:154] [basehttp:log_message] [INFO]- "POST /DeviceLNV/M_Return/ HTTP/1.1" 200 995
[2021-08-19 14:31:52,830] [log.py:228] [log:log_response] [WARNING]- Not Found: /media/DeviceLNV/Device/1515.jpg
[2021-08-19 14:31:52,830] [basehttp.py:154] [basehttp:log_message] [WARNING]- "GET /media/DeviceLNV/Device/1515.jpg HTTP/1.1" 404 1803
[2021-08-19 14:31:52,850] [basehttp.py:154] [basehttp:log_message] [INFO]- "GET /favicon.ico HTTP/1.1" 200 14289
[2021-08-19 14:31:56,573] [UserIP.py:87] [UserIP:process_response] [INFO]- 2021-08-19 14:31:56 C1010S3>cao. edwin None>LAPTOP-VA9VPAO8>417 127.0.0.1 127.0.0.1 /DeviceLNV/M_Return/ POST
[2021-08-19 14:31:56,582] [basehttp.py:154] [basehttp:log_message] [INFO]- "POST /DeviceLNV/M_Return/ HTTP/1.1" 200 995
[2021-08-19 14:33:01,160] [log.py:228] [log:log_response] [ERROR]- Internal Server Error: /DeviceLNV/M_Return/
Traceback (most recent call last):
  File "C:\Python372\mecheck\lib\site-packages\django\core\handlers\exception.py", line 34, in inner
    response = get_response(request)
  File "C:\Python372\mecheck\lib\site-packages\django\core\handlers\base.py", line 126, in _get_response
    response = self.process_exception_by_middleware(e, request)
  File "C:\Python372\mecheck\lib\site-packages\django\core\handlers\base.py", line 124, in _get_response
    response = wrapped_callback(request, *callback_args, **callback_kwargs)
  File "C:\Python372\mecheck\lib\site-packages\django\views\decorators\csrf.py", line 54, in wrapped_view
    return view_func(*args, **kwargs)
  File "C:\djangoproject\DMS\DeviceLNV\views.py", line 2755, in M_Return
    mock_datalist = DeviceLNV.objects.filter(**checkAdaPow)
  File "C:\Python372\mecheck\lib\site-packages\django\db\models\manager.py", line 82, in manager_method
    return getattr(self.get_queryset(), name)(*args, **kwargs)
  File "C:\Python372\mecheck\lib\site-packages\django\db\models\query.py", line 844, in filter
    return self._filter_or_exclude(False, *args, **kwargs)
  File "C:\Python372\mecheck\lib\site-packages\django\db\models\query.py", line 862, in _filter_or_exclude
    clone.query.add_q(Q(*args, **kwargs))
  File "C:\Python372\mecheck\lib\site-packages\django\db\models\sql\query.py", line 1263, in add_q
    clause, _ = self._add_q(q_object, self.used_aliases)
  File "C:\Python372\mecheck\lib\site-packages\django\db\models\sql\query.py", line 1287, in _add_q
    split_subq=split_subq,
  File "C:\Python372\mecheck\lib\site-packages\django\db\models\sql\query.py", line 1164, in build_filter
    lookups, parts, reffed_expression = self.solve_lookup_type(arg)
  File "C:\Python372\mecheck\lib\site-packages\django\db\models\sql\query.py", line 1028, in solve_lookup_type
    _, field, _, lookup_parts = self.names_to_path(lookup_splitted, self.get_meta())
  File "C:\Python372\mecheck\lib\site-packages\django\db\models\sql\query.py", line 1389, in names_to_path
    "Choices are: %s" % (name, ", ".join(available)))
django.core.exceptions.FieldError: Cannot resolve keyword 'BR_Status' into field. Choices are: ApplicationNo, AssetNum, BR_per_code, BrwStatus, Btime, Comment, Customer, Declaration, DeclarationNo, DevCtgry, DevDescription, DevID, DevModel, DevName, DevPrice, DevStatus, DevVendor, Devproperties, Devsize, FWVer, HWVer, IntfCtgry, LSTA, Last_BR_per, Last_BR_per_code, Last_Borrow_date, Last_Phase, Last_Predict_return, Last_ProjectCode, Last_Return_date, NID, PN, Pchsdate, PckgIncludes, Phase, Photo, Plandate, Plant, ProjectCode, Rtime, Source, UsrTimes, Usrname, addnewdate, addnewname, expirdate, id, uscyc, useday
[2021-08-19 14:33:01,165] [UserIP.py:89] [UserIP:process_response] [CRITICAL]- 系统错误
[2021-08-19 14:33:01,166] [basehttp.py:154] [basehttp:log_message] [ERROR]- "POST /DeviceLNV/M_Return/ HTTP/1.1" 500 123330
[2021-08-19 15:30:41,567] [UserIP.py:87] [UserIP:process_response] [INFO]- 2021-08-19 15:30:41 C1010S3>cao. edwin None>LAPTOP-VA9VPAO8>417 127.0.0.1 127.0.0.1 /DeviceLNV/M_Return/ POST
[2021-08-19 15:30:41,574] [basehttp.py:154] [basehttp:log_message] [INFO]- "POST /DeviceLNV/M_Return/ HTTP/1.1" 200 75
[2021-08-19 15:31:17,258] [basehttp.py:154] [basehttp:log_message] [INFO]- "GET /admin/DeviceLNV/devicelnvhis/ HTTP/1.1" 200 13431
[2021-08-19 15:31:17,344] [basehttp.py:154] [basehttp:log_message] [INFO]- "GET /favicon.ico HTTP/1.1" 200 14289
[2021-08-19 15:31:27,098] [basehttp.py:154] [basehttp:log_message] [INFO]- "GET /admin/DeviceLNV/devicelnvhis/4/change/ HTTP/1.1" 200 9809
[2021-08-19 15:31:27,123] [basehttp.py:154] [basehttp:log_message] [INFO]- "GET /admin/jsi18n/ HTTP/1.1" 200 7684
[2021-08-19 15:31:27,165] [basehttp.py:154] [basehttp:log_message] [INFO]- "GET /favicon.ico HTTP/1.1" 200 14289
[2021-08-19 15:31:30,465] [basehttp.py:154] [basehttp:log_message] [INFO]- "GET /admin/DeviceLNV/devicelnvhis/ HTTP/1.1" 200 13431
[2021-08-19 15:31:30,524] [basehttp.py:154] [basehttp:log_message] [INFO]- "GET /favicon.ico HTTP/1.1" 200 14289
[2021-08-19 15:31:32,702] [basehttp.py:154] [basehttp:log_message] [INFO]- "GET /admin/DeviceLNV/devicelnvhis/5/change/ HTTP/1.1" 200 9828
[2021-08-19 15:31:32,740] [basehttp.py:154] [basehttp:log_message] [INFO]- "GET /admin/jsi18n/ HTTP/1.1" 200 7684
[2021-08-19 15:31:32,790] [basehttp.py:154] [basehttp:log_message] [INFO]- "GET /favicon.ico HTTP/1.1" 200 14289
[2021-08-19 15:31:34,844] [basehttp.py:154] [basehttp:log_message] [INFO]- "GET /admin/DeviceLNV/devicelnvhis/ HTTP/1.1" 200 13431
[2021-08-19 15:31:34,904] [basehttp.py:154] [basehttp:log_message] [INFO]- "GET /favicon.ico HTTP/1.1" 200 14289
[2021-08-19 15:31:50,866] [basehttp.py:154] [basehttp:log_message] [INFO]- "GET /admin/DeviceLNV/ HTTP/1.1" 200 5476
[2021-08-19 15:31:50,910] [basehttp.py:154] [basehttp:log_message] [INFO]- "GET /favicon.ico HTTP/1.1" 200 14289
[2021-08-19 15:31:52,825] [basehttp.py:154] [basehttp:log_message] [INFO]- "GET /admin/DeviceLNV/devicelnv/ HTTP/1.1" 200 28190
[2021-08-19 15:31:52,867] [basehttp.py:154] [basehttp:log_message] [INFO]- "GET /admin/jsi18n/ HTTP/1.1" 200 7684
[2021-08-19 15:31:52,916] [basehttp.py:154] [basehttp:log_message] [INFO]- "GET /favicon.ico HTTP/1.1" 200 14289
[2021-08-19 15:31:57,247] [basehttp.py:154] [basehttp:log_message] [INFO]- "GET /admin/DeviceLNV/ HTTP/1.1" 200 5476
[2021-08-19 15:31:57,286] [basehttp.py:154] [basehttp:log_message] [INFO]- "GET /favicon.ico HTTP/1.1" 200 14289
[2021-08-19 15:31:58,903] [basehttp.py:154] [basehttp:log_message] [INFO]- "GET /admin/DeviceLNV/devicelnvhis/ HTTP/1.1" 200 13431
[2021-08-19 15:31:58,950] [basehttp.py:154] [basehttp:log_message] [INFO]- "GET /admin/jsi18n/ HTTP/1.1" 200 7684
[2021-08-19 15:31:58,996] [basehttp.py:154] [basehttp:log_message] [INFO]- "GET /favicon.ico HTTP/1.1" 200 14289
[2021-08-19 15:32:00,566] [basehttp.py:154] [basehttp:log_message] [INFO]- "GET /admin/DeviceLNV/ HTTP/1.1" 200 5476
[2021-08-19 15:32:00,615] [basehttp.py:154] [basehttp:log_message] [INFO]- "GET /favicon.ico HTTP/1.1" 200 14289
[2021-08-19 15:32:01,735] [basehttp.py:154] [basehttp:log_message] [INFO]- "GET /admin/DeviceLNV/devicelnv/ HTTP/1.1" 200 28190
[2021-08-19 15:32:01,778] [basehttp.py:154] [basehttp:log_message] [INFO]- "GET /admin/jsi18n/ HTTP/1.1" 200 7684
[2021-08-19 15:32:01,817] [basehttp.py:154] [basehttp:log_message] [INFO]- "GET /favicon.ico HTTP/1.1" 200 14289
[2021-08-19 15:32:03,774] [basehttp.py:154] [basehttp:log_message] [INFO]- "GET /admin/DeviceLNV/devicelnv/12/change/ HTTP/1.1" 200 26761
[2021-08-19 15:32:03,796] [basehttp.py:154] [basehttp:log_message] [INFO]- "GET /admin/jsi18n/ HTTP/1.1" 200 7684
[2021-08-19 15:32:03,860] [basehttp.py:154] [basehttp:log_message] [INFO]- "GET /favicon.ico HTTP/1.1" 200 14289
[2021-08-19 15:33:20,889] [basehttp.py:154] [basehttp:log_message] [INFO]- "GET /admin/DeviceLNV/devicelnv/12/change/ HTTP/1.1" 200 27787
[2021-08-19 15:33:20,909] [basehttp.py:154] [basehttp:log_message] [INFO]- "GET /admin/jsi18n/ HTTP/1.1" 200 7684
[2021-08-19 15:33:20,951] [basehttp.py:154] [basehttp:log_message] [INFO]- "GET /favicon.ico HTTP/1.1" 200 14289
[2021-08-19 15:33:27,903] [basehttp.py:154] [basehttp:log_message] [INFO]- "GET /admin/DeviceLNV/devicelnv/ HTTP/1.1" 200 28932
[2021-08-19 15:33:27,966] [basehttp.py:154] [basehttp:log_message] [INFO]- "GET /favicon.ico HTTP/1.1" 200 14289
[2021-08-19 15:33:38,279] [basehttp.py:154] [basehttp:log_message] [INFO]- "GET /admin/DeviceLNV/devicelnv/12/change/ HTTP/1.1" 200 27787
[2021-08-19 15:33:38,304] [basehttp.py:154] [basehttp:log_message] [INFO]- "GET /admin/jsi18n/ HTTP/1.1" 200 7684
[2021-08-19 15:33:38,364] [basehttp.py:154] [basehttp:log_message] [INFO]- "GET /favicon.ico HTTP/1.1" 200 14289
[2021-08-19 15:33:41,532] [basehttp.py:154] [basehttp:log_message] [INFO]- "GET /admin/DeviceLNV/devicelnv/ HTTP/1.1" 200 28932
[2021-08-19 15:33:41,580] [basehttp.py:154] [basehttp:log_message] [INFO]- "GET /favicon.ico HTTP/1.1" 200 14289
[2021-08-19 15:33:43,175] [basehttp.py:154] [basehttp:log_message] [INFO]- "GET /admin/DeviceLNV/devicelnv/13/change/ HTTP/1.1" 200 27793
[2021-08-19 15:33:43,207] [basehttp.py:154] [basehttp:log_message] [INFO]- "GET /admin/jsi18n/ HTTP/1.1" 200 7684
[2021-08-19 15:33:43,249] [basehttp.py:154] [basehttp:log_message] [INFO]- "GET /favicon.ico HTTP/1.1" 200 14289
[2021-08-19 15:34:45,672] [basehttp.py:154] [basehttp:log_message] [INFO]- "GET /DeviceLNV/R_Borrowed/ HTTP/1.1" 200 43259
[2021-08-19 15:34:45,766] [basehttp.py:154] [basehttp:log_message] [INFO]- "GET /DeviceLNV/R_Borrowed/ HTTP/1.1" 200 43259
[2021-08-19 15:34:45,799] [basehttp.py:154] [basehttp:log_message] [WARNING]- "GET /static/css/bootstrap.min.css.map HTTP/1.1" 404 1800
[2021-08-19 15:34:45,811] [basehttp.py:154] [basehttp:log_message] [WARNING]- "GET /static/js/lib/bootstrap.min.js.map HTTP/1.1" 404 1806
[2021-08-19 15:34:45,989] [basehttp.py:154] [basehttp:log_message] [WARNING]- "GET /static/js/axios.min.map HTTP/1.1" 404 1773
[2021-08-19 15:34:46,161] [UserIP.py:87] [UserIP:process_response] [INFO]- 2021-08-19 15:34:46 C1010S3>cao. edwin None>LAPTOP-VA9VPAO8>417 127.0.0.1 127.0.0.1 /DeviceLNV/R_Borrowed/ POST
[2021-08-19 15:34:46,171] [basehttp.py:154] [basehttp:log_message] [INFO]- "POST /DeviceLNV/R_Borrowed/ HTTP/1.1" 200 1367
[2021-08-19 15:34:46,183] [basehttp.py:154] [basehttp:log_message] [INFO]- "GET /favicon.ico HTTP/1.1" 200 14289
[2021-08-19 15:34:46,196] [basehttp.py:154] [basehttp:log_message] [WARNING]- "GET /static/images/1514.jpg HTTP/1.1" 404 1770
[2021-08-19 15:34:55,883] [log.py:228] [log:log_response] [ERROR]- Internal Server Error: /DeviceLNV/R_Return/
Traceback (most recent call last):
  File "C:\Python372\mecheck\lib\site-packages\django\db\models\sql\query.py", line 1735, in add_fields
    join_info = self.setup_joins(name.split(LOOKUP_SEP), opts, alias, allow_many=allow_m2m)
  File "C:\Python372\mecheck\lib\site-packages\django\db\models\sql\query.py", line 1473, in setup_joins
    names[:pivot], opts, allow_many, fail_on_missing=True,
  File "C:\Python372\mecheck\lib\site-packages\django\db\models\sql\query.py", line 1389, in names_to_path
    "Choices are: %s" % (name, ", ".join(available)))
django.core.exceptions.FieldError: Cannot resolve keyword 'Changjia' into field. Choices are: ApplicationNo, AssetNum, BR_per_code, BrwStatus, Btime, Comment, Customer, Declaration, DeclarationNo, DevCtgry, DevDescription, DevID, DevModel, DevName, DevPrice, DevStatus, DevVendor, Devproperties, Devsize, FWVer, HWVer, IntfCtgry, LSTA, Last_BR_per, Last_BR_per_code, Last_Borrow_date, Last_Phase, Last_Predict_return, Last_ProjectCode, Last_Return_date, NID, PN, Pchsdate, PckgIncludes, Phase, Photo, Plandate, Plant, ProjectCode, Rtime, Source, UsrTimes, Usrname, addnewdate, addnewname, expirdate, id, uscyc, useday

During handling of the above exception, another exception occurred:

Traceback (most recent call last):
  File "C:\Python372\mecheck\lib\site-packages\django\core\handlers\exception.py", line 34, in inner
    response = get_response(request)
  File "C:\Python372\mecheck\lib\site-packages\django\core\handlers\base.py", line 126, in _get_response
    response = self.process_exception_by_middleware(e, request)
  File "C:\Python372\mecheck\lib\site-packages\django\core\handlers\base.py", line 124, in _get_response
    response = wrapped_callback(request, *callback_args, **callback_kwargs)
  File "C:\Python372\mecheck\lib\site-packages\django\views\decorators\csrf.py", line 54, in wrapped_view
    return view_func(*args, **kwargs)
  File "C:\djangoproject\DMS\DeviceLNV\views.py", line 1131, in R_Return
    for j in DeviceLNV.objects.filter(Customer=i["Customer"]).values("Changjia").distinct().order_by(
  File "C:\Python372\mecheck\lib\site-packages\django\db\models\query.py", line 750, in values
    clone = self._values(*fields, **expressions)
  File "C:\Python372\mecheck\lib\site-packages\django\db\models\query.py", line 745, in _values
    clone.query.set_values(fields)
  File "C:\Python372\mecheck\lib\site-packages\django\db\models\sql\query.py", line 1987, in set_values
    self.add_fields(field_names, True)
  File "C:\Python372\mecheck\lib\site-packages\django\db\models\sql\query.py", line 1758, in add_fields
    "Choices are: %s" % (name, ", ".join(names)))
django.core.exceptions.FieldError: Cannot resolve keyword 'Changjia' into field. Choices are: ApplicationNo, AssetNum, BR_per_code, BrwStatus, Btime, Comment, Customer, Declaration, DeclarationNo, DevCtgry, DevDescription, DevID, DevModel, DevName, DevPrice, DevStatus, DevVendor, Devproperties, Devsize, FWVer, HWVer, IntfCtgry, LSTA, Last_BR_per, Last_BR_per_code, Last_Borrow_date, Last_Phase, Last_Predict_return, Last_ProjectCode, Last_Return_date, NID, PN, Pchsdate, PckgIncludes, Phase, Photo, Plandate, Plant, ProjectCode, Rtime, Source, UsrTimes, Usrname, addnewdate, addnewname, expirdate, id, uscyc, useday
[2021-08-19 15:34:55,886] [basehttp.py:154] [basehttp:log_message] [ERROR]- "GET /DeviceLNV/R_Return/ HTTP/1.1" 500 122493
[2021-08-19 15:34:55,961] [basehttp.py:154] [basehttp:log_message] [INFO]- "GET /favicon.ico HTTP/1.1" 200 14289
[2021-08-19 15:34:58,546] [basehttp.py:154] [basehttp:log_message] [INFO]- "GET /DeviceLNV/R_Borrowed/ HTTP/1.1" 200 43259
[2021-08-19 15:34:58,652] [basehttp.py:154] [basehttp:log_message] [WARNING]- "GET /static/css/bootstrap.min.css.map HTTP/1.1" 404 1800
[2021-08-19 15:34:58,674] [basehttp.py:154] [basehttp:log_message] [WARNING]- "GET /static/js/lib/bootstrap.min.js.map HTTP/1.1" 404 1806
[2021-08-19 15:34:58,844] [basehttp.py:154] [basehttp:log_message] [WARNING]- "GET /static/js/axios.min.map HTTP/1.1" 404 1773
[2021-08-19 15:34:59,021] [UserIP.py:87] [UserIP:process_response] [INFO]- 2021-08-19 15:34:59 C1010S3>cao. edwin None>LAPTOP-VA9VPAO8>417 127.0.0.1 127.0.0.1 /DeviceLNV/R_Borrowed/ POST
[2021-08-19 15:34:59,032] [basehttp.py:154] [basehttp:log_message] [INFO]- "POST /DeviceLNV/R_Borrowed/ HTTP/1.1" 200 1367
[2021-08-19 15:34:59,053] [basehttp.py:154] [basehttp:log_message] [WARNING]- "GET /static/images/1514.jpg HTTP/1.1" 404 1770
[2021-08-19 15:34:59,073] [basehttp.py:154] [basehttp:log_message] [INFO]- "GET /favicon.ico HTTP/1.1" 200 14289
[2021-08-19 15:35:48,627] [basehttp.py:154] [basehttp:log_message] [INFO]- "GET /admin/DeviceLNV/devicelnv/ HTTP/1.1" 200 28932
[2021-08-19 15:35:48,699] [basehttp.py:154] [basehttp:log_message] [INFO]- "GET /favicon.ico HTTP/1.1" 200 14289
[2021-08-19 15:35:51,503] [basehttp.py:154] [basehttp:log_message] [INFO]- "GET /admin/DeviceLNV/devicelnv/12/change/ HTTP/1.1" 200 27787
[2021-08-19 15:35:51,546] [basehttp.py:154] [basehttp:log_message] [INFO]- "GET /admin/jsi18n/ HTTP/1.1" 200 7684
[2021-08-19 15:35:51,595] [basehttp.py:154] [basehttp:log_message] [INFO]- "GET /favicon.ico HTTP/1.1" 200 14289
[2021-08-19 15:36:59,550] [UserIP.py:87] [UserIP:process_response] [INFO]- 2021-08-19 15:36:59 C1010S3>cao. edwin None>LAPTOP-VA9VPAO8>417 127.0.0.1 127.0.0.1 /DeviceLNV/R_Borrowed/ POST
[2021-08-19 15:36:59,557] [basehttp.py:154] [basehttp:log_message] [INFO]- "POST /DeviceLNV/R_Borrowed/ HTTP/1.1" 200 458
[2021-08-19 15:37:01,877] [log.py:228] [log:log_response] [ERROR]- Internal Server Error: /DeviceLNV/R_Keep/
Traceback (most recent call last):
  File "C:\Python372\mecheck\lib\site-packages\django\db\models\sql\query.py", line 1735, in add_fields
    join_info = self.setup_joins(name.split(LOOKUP_SEP), opts, alias, allow_many=allow_m2m)
  File "C:\Python372\mecheck\lib\site-packages\django\db\models\sql\query.py", line 1473, in setup_joins
    names[:pivot], opts, allow_many, fail_on_missing=True,
  File "C:\Python372\mecheck\lib\site-packages\django\db\models\sql\query.py", line 1389, in names_to_path
    "Choices are: %s" % (name, ", ".join(available)))
django.core.exceptions.FieldError: Cannot resolve keyword 'Changjia' into field. Choices are: ApplicationNo, AssetNum, BR_per_code, BrwStatus, Btime, Comment, Customer, Declaration, DeclarationNo, DevCtgry, DevDescription, DevID, DevModel, DevName, DevPrice, DevStatus, DevVendor, Devproperties, Devsize, FWVer, HWVer, IntfCtgry, LSTA, Last_BR_per, Last_BR_per_code, Last_Borrow_date, Last_Phase, Last_Predict_return, Last_ProjectCode, Last_Return_date, NID, PN, Pchsdate, PckgIncludes, Phase, Photo, Plandate, Plant, ProjectCode, Rtime, Source, UsrTimes, Usrname, addnewdate, addnewname, expirdate, id, uscyc, useday

During handling of the above exception, another exception occurred:

Traceback (most recent call last):
  File "C:\Python372\mecheck\lib\site-packages\django\core\handlers\exception.py", line 34, in inner
    response = get_response(request)
  File "C:\Python372\mecheck\lib\site-packages\django\core\handlers\base.py", line 126, in _get_response
    response = self.process_exception_by_middleware(e, request)
  File "C:\Python372\mecheck\lib\site-packages\django\core\handlers\base.py", line 124, in _get_response
    response = wrapped_callback(request, *callback_args, **callback_kwargs)
  File "C:\Python372\mecheck\lib\site-packages\django\views\decorators\csrf.py", line 54, in wrapped_view
    return view_func(*args, **kwargs)
  File "C:\djangoproject\DMS\DeviceLNV\views.py", line 1469, in R_Keep
    for j in DeviceLNV.objects.filter(Customer=i["Customer"]).values("Changjia").distinct().order_by(
  File "C:\Python372\mecheck\lib\site-packages\django\db\models\query.py", line 750, in values
    clone = self._values(*fields, **expressions)
  File "C:\Python372\mecheck\lib\site-packages\django\db\models\query.py", line 745, in _values
    clone.query.set_values(fields)
  File "C:\Python372\mecheck\lib\site-packages\django\db\models\sql\query.py", line 1987, in set_values
    self.add_fields(field_names, True)
  File "C:\Python372\mecheck\lib\site-packages\django\db\models\sql\query.py", line 1758, in add_fields
    "Choices are: %s" % (name, ", ".join(names)))
django.core.exceptions.FieldError: Cannot resolve keyword 'Changjia' into field. Choices are: ApplicationNo, AssetNum, BR_per_code, BrwStatus, Btime, Comment, Customer, Declaration, DeclarationNo, DevCtgry, DevDescription, DevID, DevModel, DevName, DevPrice, DevStatus, DevVendor, Devproperties, Devsize, FWVer, HWVer, IntfCtgry, LSTA, Last_BR_per, Last_BR_per_code, Last_Borrow_date, Last_Phase, Last_Predict_return, Last_ProjectCode, Last_Return_date, NID, PN, Pchsdate, PckgIncludes, Phase, Photo, Plandate, Plant, ProjectCode, Rtime, Source, UsrTimes, Usrname, addnewdate, addnewname, expirdate, id, uscyc, useday
[2021-08-19 15:37:01,880] [basehttp.py:154] [basehttp:log_message] [ERROR]- "GET /DeviceLNV/R_Keep/ HTTP/1.1" 500 122449
[2021-08-19 15:37:01,958] [basehttp.py:154] [basehttp:log_message] [INFO]- "GET /favicon.ico HTTP/1.1" 200 14289
[2021-08-19 15:37:04,219] [basehttp.py:154] [basehttp:log_message] [INFO]- "GET /DeviceLNV/R_Borrowed/ HTTP/1.1" 200 43259
[2021-08-19 15:37:04,314] [basehttp.py:154] [basehttp:log_message] [WARNING]- "GET /static/css/bootstrap.min.css.map HTTP/1.1" 404 1800
[2021-08-19 15:37:04,348] [basehttp.py:154] [basehttp:log_message] [WARNING]- "GET /static/js/lib/bootstrap.min.js.map HTTP/1.1" 404 1806
[2021-08-19 15:37:04,421] [basehttp.py:154] [basehttp:log_message] [WARNING]- "GET /static/js/axios.min.map HTTP/1.1" 404 1773
[2021-08-19 15:37:04,612] [UserIP.py:87] [UserIP:process_response] [INFO]- 2021-08-19 15:37:04 C1010S3>cao. edwin None>LAPTOP-VA9VPAO8>417 127.0.0.1 127.0.0.1 /DeviceLNV/R_Borrowed/ POST
[2021-08-19 15:37:04,621] [basehttp.py:154] [basehttp:log_message] [INFO]- "POST /DeviceLNV/R_Borrowed/ HTTP/1.1" 200 458
[2021-08-19 15:37:04,650] [basehttp.py:154] [basehttp:log_message] [INFO]- "GET /favicon.ico HTTP/1.1" 200 14289
[2021-08-19 15:37:08,355] [log.py:228] [log:log_response] [ERROR]- Internal Server Error: /DeviceLNV/R_Return/
Traceback (most recent call last):
  File "C:\Python372\mecheck\lib\site-packages\django\db\models\sql\query.py", line 1735, in add_fields
    join_info = self.setup_joins(name.split(LOOKUP_SEP), opts, alias, allow_many=allow_m2m)
  File "C:\Python372\mecheck\lib\site-packages\django\db\models\sql\query.py", line 1473, in setup_joins
    names[:pivot], opts, allow_many, fail_on_missing=True,
  File "C:\Python372\mecheck\lib\site-packages\django\db\models\sql\query.py", line 1389, in names_to_path
    "Choices are: %s" % (name, ", ".join(available)))
django.core.exceptions.FieldError: Cannot resolve keyword 'Changjia' into field. Choices are: ApplicationNo, AssetNum, BR_per_code, BrwStatus, Btime, Comment, Customer, Declaration, DeclarationNo, DevCtgry, DevDescription, DevID, DevModel, DevName, DevPrice, DevStatus, DevVendor, Devproperties, Devsize, FWVer, HWVer, IntfCtgry, LSTA, Last_BR_per, Last_BR_per_code, Last_Borrow_date, Last_Phase, Last_Predict_return, Last_ProjectCode, Last_Return_date, NID, PN, Pchsdate, PckgIncludes, Phase, Photo, Plandate, Plant, ProjectCode, Rtime, Source, UsrTimes, Usrname, addnewdate, addnewname, expirdate, id, uscyc, useday

During handling of the above exception, another exception occurred:

Traceback (most recent call last):
  File "C:\Python372\mecheck\lib\site-packages\django\core\handlers\exception.py", line 34, in inner
    response = get_response(request)
  File "C:\Python372\mecheck\lib\site-packages\django\core\handlers\base.py", line 126, in _get_response
    response = self.process_exception_by_middleware(e, request)
  File "C:\Python372\mecheck\lib\site-packages\django\core\handlers\base.py", line 124, in _get_response
    response = wrapped_callback(request, *callback_args, **callback_kwargs)
  File "C:\Python372\mecheck\lib\site-packages\django\views\decorators\csrf.py", line 54, in wrapped_view
    return view_func(*args, **kwargs)
  File "C:\djangoproject\DMS\DeviceLNV\views.py", line 1131, in R_Return
    for j in DeviceLNV.objects.filter(Customer=i["Customer"]).values("Changjia").distinct().order_by(
  File "C:\Python372\mecheck\lib\site-packages\django\db\models\query.py", line 750, in values
    clone = self._values(*fields, **expressions)
  File "C:\Python372\mecheck\lib\site-packages\django\db\models\query.py", line 745, in _values
    clone.query.set_values(fields)
  File "C:\Python372\mecheck\lib\site-packages\django\db\models\sql\query.py", line 1987, in set_values
    self.add_fields(field_names, True)
  File "C:\Python372\mecheck\lib\site-packages\django\db\models\sql\query.py", line 1758, in add_fields
    "Choices are: %s" % (name, ", ".join(names)))
django.core.exceptions.FieldError: Cannot resolve keyword 'Changjia' into field. Choices are: ApplicationNo, AssetNum, BR_per_code, BrwStatus, Btime, Comment, Customer, Declaration, DeclarationNo, DevCtgry, DevDescription, DevID, DevModel, DevName, DevPrice, DevStatus, DevVendor, Devproperties, Devsize, FWVer, HWVer, IntfCtgry, LSTA, Last_BR_per, Last_BR_per_code, Last_Borrow_date, Last_Phase, Last_Predict_return, Last_ProjectCode, Last_Return_date, NID, PN, Pchsdate, PckgIncludes, Phase, Photo, Plandate, Plant, ProjectCode, Rtime, Source, UsrTimes, Usrname, addnewdate, addnewname, expirdate, id, uscyc, useday
[2021-08-19 15:37:08,356] [basehttp.py:154] [basehttp:log_message] [ERROR]- "GET /DeviceLNV/R_Return/ HTTP/1.1" 500 122493
[2021-08-19 15:37:08,424] [basehttp.py:154] [basehttp:log_message] [INFO]- "GET /favicon.ico HTTP/1.1" 200 14289
[2021-08-19 15:37:09,819] [basehttp.py:154] [basehttp:log_message] [INFO]- "GET /DeviceLNV/R_Borrowed/ HTTP/1.1" 200 43259
[2021-08-19 15:37:09,918] [basehttp.py:154] [basehttp:log_message] [WARNING]- "GET /static/css/bootstrap.min.css.map HTTP/1.1" 404 1800
[2021-08-19 15:37:09,923] [basehttp.py:154] [basehttp:log_message] [WARNING]- "GET /static/js/lib/bootstrap.min.js.map HTTP/1.1" 404 1806
[2021-08-19 15:37:10,006] [basehttp.py:154] [basehttp:log_message] [WARNING]- "GET /static/js/axios.min.map HTTP/1.1" 404 1773
[2021-08-19 15:37:10,195] [UserIP.py:87] [UserIP:process_response] [INFO]- 2021-08-19 15:37:10 C1010S3>cao. edwin None>LAPTOP-VA9VPAO8>417 127.0.0.1 127.0.0.1 /DeviceLNV/R_Borrowed/ POST
[2021-08-19 15:37:10,206] [basehttp.py:154] [basehttp:log_message] [INFO]- "POST /DeviceLNV/R_Borrowed/ HTTP/1.1" 200 458
[2021-08-19 15:37:10,243] [basehttp.py:154] [basehttp:log_message] [INFO]- "GET /favicon.ico HTTP/1.1" 200 14289
[2021-08-19 15:37:16,731] [basehttp.py:154] [basehttp:log_message] [INFO]- "GET /DeviceLNV/R_Destine/ HTTP/1.1" 200 38242
[2021-08-19 15:37:16,802] [basehttp.py:154] [basehttp:log_message] [INFO]- "GET /DeviceLNV/R_Destine/ HTTP/1.1" 200 38242
[2021-08-19 15:37:16,830] [basehttp.py:154] [basehttp:log_message] [WARNING]- "GET /static/css/bootstrap.min.css.map HTTP/1.1" 404 1800
[2021-08-19 15:37:16,836] [basehttp.py:154] [basehttp:log_message] [WARNING]- "GET /static/js/lib/bootstrap.min.js.map HTTP/1.1" 404 1806
[2021-08-19 15:37:16,913] [basehttp.py:154] [basehttp:log_message] [WARNING]- "GET /static/js/axios.min.map HTTP/1.1" 404 1773
[2021-08-19 15:37:17,085] [UserIP.py:87] [UserIP:process_response] [INFO]- 2021-08-19 15:37:17 C1010S3>cao. edwin None>LAPTOP-VA9VPAO8>417 127.0.0.1 127.0.0.1 /DeviceLNV/R_Destine/ POST
[2021-08-19 15:37:17,096] [basehttp.py:154] [basehttp:log_message] [INFO]- "POST /DeviceLNV/R_Destine/ HTTP/1.1" 200 458
[2021-08-19 15:37:17,107] [basehttp.py:154] [basehttp:log_message] [INFO]- "GET /favicon.ico HTTP/1.1" 200 14289
[2021-08-19 15:37:18,215] [basehttp.py:154] [basehttp:log_message] [INFO]- "GET /DeviceLNV/R_Borrowed/ HTTP/1.1" 200 43259
[2021-08-19 15:37:18,291] [basehttp.py:154] [basehttp:log_message] [WARNING]- "GET /static/css/bootstrap.min.css.map HTTP/1.1" 404 1800
[2021-08-19 15:37:18,304] [basehttp.py:154] [basehttp:log_message] [WARNING]- "GET /static/js/lib/bootstrap.min.js.map HTTP/1.1" 404 1806
[2021-08-19 15:37:18,378] [basehttp.py:154] [basehttp:log_message] [WARNING]- "GET /static/js/axios.min.map HTTP/1.1" 404 1773
[2021-08-19 15:37:18,598] [UserIP.py:87] [UserIP:process_response] [INFO]- 2021-08-19 15:37:18 C1010S3>cao. edwin None>LAPTOP-VA9VPAO8>417 127.0.0.1 127.0.0.1 /DeviceLNV/R_Borrowed/ POST
[2021-08-19 15:37:18,606] [basehttp.py:154] [basehttp:log_message] [INFO]- "GET /favicon.ico HTTP/1.1" 200 14289
[2021-08-19 15:37:18,612] [basehttp.py:154] [basehttp:log_message] [INFO]- "POST /DeviceLNV/R_Borrowed/ HTTP/1.1" 200 458
[2021-08-19 15:37:25,911] [basehttp.py:154] [basehttp:log_message] [INFO]- "GET /DeviceLNV/M_Keep/ HTTP/1.1" 200 36625
[2021-08-19 15:37:25,962] [basehttp.py:154] [basehttp:log_message] [INFO]- "GET /DeviceLNV/M_Keep/ HTTP/1.1" 200 36625
[2021-08-19 15:37:25,995] [basehttp.py:154] [basehttp:log_message] [WARNING]- "GET /static/css/bootstrap.min.css.map HTTP/1.1" 404 1800
[2021-08-19 15:37:26,005] [basehttp.py:154] [basehttp:log_message] [WARNING]- "GET /static/js/lib/bootstrap.min.js.map HTTP/1.1" 404 1806
[2021-08-19 15:37:26,092] [basehttp.py:154] [basehttp:log_message] [WARNING]- "GET /static/js/axios.min.map HTTP/1.1" 404 1773
[2021-08-19 15:37:26,101] [basehttp.py:154] [basehttp:log_message] [WARNING]- "GET /static/js/xlsx/FileSaver.min.js.map HTTP/1.1" 404 1809
[2021-08-19 15:37:26,263] [UserIP.py:87] [UserIP:process_response] [INFO]- 2021-08-19 15:37:26 C1010S3>cao. edwin None>LAPTOP-VA9VPAO8>417 127.0.0.1 127.0.0.1 /DeviceLNV/M_Keep/ POST
[2021-08-19 15:37:26,275] [basehttp.py:154] [basehttp:log_message] [INFO]- "POST /DeviceLNV/M_Keep/ HTTP/1.1" 200 986
[2021-08-19 15:37:26,283] [basehttp.py:154] [basehttp:log_message] [INFO]- "GET /favicon.ico HTTP/1.1" 200 14289
[2021-08-19 15:37:26,311] [log.py:228] [log:log_response] [WARNING]- Not Found: /media/DeviceLNV/Device/1514.jpg
[2021-08-19 15:37:26,312] [basehttp.py:154] [basehttp:log_message] [WARNING]- "GET /media/DeviceLNV/Device/1514.jpg HTTP/1.1" 404 1803
[2021-08-19 15:37:31,461] [UserIP.py:87] [UserIP:process_response] [INFO]- 2021-08-19 15:37:31 C1010S3>cao. edwin None>LAPTOP-VA9VPAO8>417 127.0.0.1 127.0.0.1 /DeviceLNV/M_Keep/ POST
[2021-08-19 15:37:31,470] [basehttp.py:154] [basehttp:log_message] [INFO]- "POST /DeviceLNV/M_Keep/ HTTP/1.1" 200 986
[2021-08-19 15:38:05,019] [UserIP.py:87] [UserIP:process_response] [INFO]- 2021-08-19 15:38:05 C1010S3>cao. edwin None>LAPTOP-VA9VPAO8>417 127.0.0.1 127.0.0.1 /DeviceLNV/M_Keep/ POST
[2021-08-19 15:38:05,027] [basehttp.py:154] [basehttp:log_message] [INFO]- "POST /DeviceLNV/M_Keep/ HTTP/1.1" 200 986
[2021-08-19 15:38:07,306] [UserIP.py:87] [UserIP:process_response] [INFO]- 2021-08-19 15:38:07 C1010S3>cao. edwin None>LAPTOP-VA9VPAO8>417 127.0.0.1 127.0.0.1 /DeviceLNV/M_Keep/ POST
[2021-08-19 15:38:07,316] [basehttp.py:154] [basehttp:log_message] [INFO]- "POST /DeviceLNV/M_Keep/ HTTP/1.1" 200 986
[2021-08-19 15:38:40,283] [UserIP.py:87] [UserIP:process_response] [INFO]- 2021-08-19 15:38:40 C1010S3>cao. edwin None>LAPTOP-VA9VPAO8>417 127.0.0.1 127.0.0.1 /DeviceLNV/M_Keep/ POST
[2021-08-19 15:38:40,290] [basehttp.py:154] [basehttp:log_message] [INFO]- "POST /DeviceLNV/M_Keep/ HTTP/1.1" 200 986
[2021-08-19 15:39:11,804] [UserIP.py:87] [UserIP:process_response] [INFO]- 2021-08-19 15:39:11 C1010S3>cao. edwin None>LAPTOP-VA9VPAO8>417 127.0.0.1 127.0.0.1 /DeviceLNV/M_Keep/ POST
[2021-08-19 15:39:11,811] [basehttp.py:154] [basehttp:log_message] [INFO]- "POST /DeviceLNV/M_Keep/ HTTP/1.1" 200 986
[2021-08-19 15:40:18,735] [UserIP.py:87] [UserIP:process_response] [INFO]- 2021-08-19 15:40:18 C1010S3>cao. edwin None>LAPTOP-VA9VPAO8>417 127.0.0.1 127.0.0.1 /DeviceLNV/M_Keep/ POST
[2021-08-19 15:40:18,742] [basehttp.py:154] [basehttp:log_message] [INFO]- "POST /DeviceLNV/M_Keep/ HTTP/1.1" 200 986
[2021-08-19 15:42:14,318] [UserIP.py:87] [UserIP:process_response] [INFO]- 2021-08-19 15:42:14 C1010S3>cao. edwin None>LAPTOP-VA9VPAO8>417 127.0.0.1 127.0.0.1 /DeviceLNV/M_Keep/ POST
[2021-08-19 15:42:14,327] [basehttp.py:154] [basehttp:log_message] [INFO]- "POST /DeviceLNV/M_Keep/ HTTP/1.1" 200 75
[2021-08-19 15:42:22,560] [basehttp.py:154] [basehttp:log_message] [INFO]- "GET /admin/DeviceLNV/devicelnv/ HTTP/1.1" 200 28932
[2021-08-19 15:42:22,630] [basehttp.py:154] [basehttp:log_message] [INFO]- "GET /favicon.ico HTTP/1.1" 200 14289
[2021-08-19 15:42:26,474] [basehttp.py:154] [basehttp:log_message] [INFO]- "GET /admin/DeviceLNV/ HTTP/1.1" 200 5476
[2021-08-19 15:42:26,501] [basehttp.py:154] [basehttp:log_message] [INFO]- "GET /favicon.ico HTTP/1.1" 200 14289
[2021-08-19 15:42:27,890] [basehttp.py:154] [basehttp:log_message] [INFO]- "GET /admin/DeviceLNV/devicelnvhis/ HTTP/1.1" 200 14588
[2021-08-19 15:42:27,910] [basehttp.py:154] [basehttp:log_message] [INFO]- "GET /admin/jsi18n/ HTTP/1.1" 200 7684
[2021-08-19 15:42:27,947] [basehttp.py:154] [basehttp:log_message] [INFO]- "GET /favicon.ico HTTP/1.1" 200 14289
[2021-08-19 15:42:32,762] [basehttp.py:154] [basehttp:log_message] [INFO]- "GET /admin/DeviceLNV/devicelnvhis/11/change/ HTTP/1.1" 200 9840
[2021-08-19 15:42:32,787] [basehttp.py:154] [basehttp:log_message] [INFO]- "GET /admin/jsi18n/ HTTP/1.1" 200 7684
[2021-08-19 15:42:32,825] [basehttp.py:154] [basehttp:log_message] [INFO]- "GET /favicon.ico HTTP/1.1" 200 14289
[2021-08-19 15:43:36,921] [basehttp.py:154] [basehttp:log_message] [INFO]- "GET /admin/DeviceLNV/devicelnvhis/ HTTP/1.1" 200 14588
[2021-08-19 15:43:36,993] [basehttp.py:154] [basehttp:log_message] [INFO]- "GET /favicon.ico HTTP/1.1" 200 14289
[2021-08-19 15:55:05,756] [basehttp.py:154] [basehttp:log_message] [INFO]- "GET /DeviceLNV/M_Return/ HTTP/1.1" 200 36593
[2021-08-19 15:55:05,817] [basehttp.py:154] [basehttp:log_message] [INFO]- "GET /DeviceLNV/M_Return/ HTTP/1.1" 200 36593
[2021-08-19 15:55:05,860] [basehttp.py:154] [basehttp:log_message] [WARNING]- "GET /static/css/bootstrap.min.css.map HTTP/1.1" 404 1800
[2021-08-19 15:55:05,884] [basehttp.py:154] [basehttp:log_message] [WARNING]- "GET /static/js/lib/bootstrap.min.js.map HTTP/1.1" 404 1806
[2021-08-19 15:55:06,072] [basehttp.py:154] [basehttp:log_message] [WARNING]- "GET /static/js/axios.min.map HTTP/1.1" 404 1773
[2021-08-19 15:55:06,072] [basehttp.py:154] [basehttp:log_message] [WARNING]- "GET /static/js/xlsx/FileSaver.min.js.map HTTP/1.1" 404 1809
[2021-08-19 15:55:06,227] [UserIP.py:87] [UserIP:process_response] [INFO]- 2021-08-19 15:55:06 C1010S3>cao. edwin None>LAPTOP-VA9VPAO8>417 127.0.0.1 127.0.0.1 /DeviceLNV/M_Return/ POST
[2021-08-19 15:55:06,236] [basehttp.py:154] [basehttp:log_message] [INFO]- "POST /DeviceLNV/M_Return/ HTTP/1.1" 200 29
[2021-08-19 15:55:06,283] [basehttp.py:154] [basehttp:log_message] [INFO]- "GET /favicon.ico HTTP/1.1" 200 14289
[2021-08-19 15:55:09,965] [basehttp.py:154] [basehttp:log_message] [INFO]- "GET /DeviceLNV/M_Borrow/ HTTP/1.1" 200 39349
[2021-08-19 15:55:10,020] [basehttp.py:154] [basehttp:log_message] [INFO]- "GET /DeviceLNV/M_Borrow/ HTTP/1.1" 200 39349
[2021-08-19 15:55:10,054] [basehttp.py:154] [basehttp:log_message] [WARNING]- "GET /static/css/bootstrap.min.css.map HTTP/1.1" 404 1800
[2021-08-19 15:55:10,082] [basehttp.py:154] [basehttp:log_message] [WARNING]- "GET /static/js/lib/bootstrap.min.js.map HTTP/1.1" 404 1806
[2021-08-19 15:55:10,276] [basehttp.py:154] [basehttp:log_message] [WARNING]- "GET /static/js/axios.min.map HTTP/1.1" 404 1773
[2021-08-19 15:55:10,276] [basehttp.py:154] [basehttp:log_message] [WARNING]- "GET /static/js/xlsx/FileSaver.min.js.map HTTP/1.1" 404 1809
[2021-08-19 15:55:10,426] [UserIP.py:87] [UserIP:process_response] [INFO]- 2021-08-19 15:55:10 C1010S3>cao. edwin None>LAPTOP-VA9VPAO8>417 127.0.0.1 127.0.0.1 /DeviceLNV/M_Borrow/ POST
[2021-08-19 15:55:10,436] [basehttp.py:154] [basehttp:log_message] [INFO]- "POST /DeviceLNV/M_Borrow/ HTTP/1.1" 200 29
[2021-08-19 15:55:10,463] [basehttp.py:154] [basehttp:log_message] [INFO]- "GET /favicon.ico HTTP/1.1" 200 14289
[2021-08-19 15:55:19,356] [log.py:228] [log:log_response] [ERROR]- Internal Server Error: /DeviceLNV/R_Return/
Traceback (most recent call last):
  File "C:\Python372\mecheck\lib\site-packages\django\db\models\sql\query.py", line 1735, in add_fields
    join_info = self.setup_joins(name.split(LOOKUP_SEP), opts, alias, allow_many=allow_m2m)
  File "C:\Python372\mecheck\lib\site-packages\django\db\models\sql\query.py", line 1473, in setup_joins
    names[:pivot], opts, allow_many, fail_on_missing=True,
  File "C:\Python372\mecheck\lib\site-packages\django\db\models\sql\query.py", line 1389, in names_to_path
    "Choices are: %s" % (name, ", ".join(available)))
django.core.exceptions.FieldError: Cannot resolve keyword 'Changjia' into field. Choices are: ApplicationNo, AssetNum, BR_per_code, BrwStatus, Btime, Comment, Customer, Declaration, DeclarationNo, DevCtgry, DevDescription, DevID, DevModel, DevName, DevPrice, DevStatus, DevVendor, Devproperties, Devsize, FWVer, HWVer, IntfCtgry, LSTA, Last_BR_per, Last_BR_per_code, Last_Borrow_date, Last_Phase, Last_Predict_return, Last_ProjectCode, Last_Return_date, NID, PN, Pchsdate, PckgIncludes, Phase, Photo, Plandate, Plant, ProjectCode, Rtime, Source, UsrTimes, Usrname, addnewdate, addnewname, expirdate, id, uscyc, useday

During handling of the above exception, another exception occurred:

Traceback (most recent call last):
  File "C:\Python372\mecheck\lib\site-packages\django\core\handlers\exception.py", line 34, in inner
    response = get_response(request)
  File "C:\Python372\mecheck\lib\site-packages\django\core\handlers\base.py", line 126, in _get_response
    response = self.process_exception_by_middleware(e, request)
  File "C:\Python372\mecheck\lib\site-packages\django\core\handlers\base.py", line 124, in _get_response
    response = wrapped_callback(request, *callback_args, **callback_kwargs)
  File "C:\Python372\mecheck\lib\site-packages\django\views\decorators\csrf.py", line 54, in wrapped_view
    return view_func(*args, **kwargs)
  File "C:\djangoproject\DMS\DeviceLNV\views.py", line 1131, in R_Return
    for j in DeviceLNV.objects.filter(Customer=i["Customer"]).values("Changjia").distinct().order_by(
  File "C:\Python372\mecheck\lib\site-packages\django\db\models\query.py", line 750, in values
    clone = self._values(*fields, **expressions)
  File "C:\Python372\mecheck\lib\site-packages\django\db\models\query.py", line 745, in _values
    clone.query.set_values(fields)
  File "C:\Python372\mecheck\lib\site-packages\django\db\models\sql\query.py", line 1987, in set_values
    self.add_fields(field_names, True)
  File "C:\Python372\mecheck\lib\site-packages\django\db\models\sql\query.py", line 1758, in add_fields
    "Choices are: %s" % (name, ", ".join(names)))
django.core.exceptions.FieldError: Cannot resolve keyword 'Changjia' into field. Choices are: ApplicationNo, AssetNum, BR_per_code, BrwStatus, Btime, Comment, Customer, Declaration, DeclarationNo, DevCtgry, DevDescription, DevID, DevModel, DevName, DevPrice, DevStatus, DevVendor, Devproperties, Devsize, FWVer, HWVer, IntfCtgry, LSTA, Last_BR_per, Last_BR_per_code, Last_Borrow_date, Last_Phase, Last_Predict_return, Last_ProjectCode, Last_Return_date, NID, PN, Pchsdate, PckgIncludes, Phase, Photo, Plandate, Plant, ProjectCode, Rtime, Source, UsrTimes, Usrname, addnewdate, addnewname, expirdate, id, uscyc, useday
[2021-08-19 15:55:19,359] [basehttp.py:154] [basehttp:log_message] [ERROR]- "GET /DeviceLNV/R_Return/ HTTP/1.1" 500 122491
[2021-08-19 15:55:19,448] [basehttp.py:154] [basehttp:log_message] [INFO]- "GET /favicon.ico HTTP/1.1" 200 14289
[2021-08-19 16:07:04,270] [basehttp.py:154] [basehttp:log_message] [INFO]- "GET /DeviceLNV/R_Return/ HTTP/1.1" 200 26349
[2021-08-19 16:07:04,363] [basehttp.py:154] [basehttp:log_message] [INFO]- "GET /DeviceLNV/R_Return/ HTTP/1.1" 200 26349
[2021-08-19 16:07:04,396] [basehttp.py:154] [basehttp:log_message] [WARNING]- "GET /static/css/bootstrap.min.css.map HTTP/1.1" 404 1800
[2021-08-19 16:07:04,422] [basehttp.py:154] [basehttp:log_message] [WARNING]- "GET /static/js/lib/bootstrap.min.js.map HTTP/1.1" 404 1806
[2021-08-19 16:07:04,512] [basehttp.py:154] [basehttp:log_message] [WARNING]- "GET /static/js/axios.min.map HTTP/1.1" 404 1773
[2021-08-19 16:07:04,717] [basehttp.py:154] [basehttp:log_message] [INFO]- "GET /favicon.ico HTTP/1.1" 200 14289
[2021-08-19 16:07:04,721] [UserIP.py:87] [UserIP:process_response] [INFO]- 2021-08-19 16:07:04 C1010S3>cao. edwin None>LAPTOP-VA9VPAO8>417 127.0.0.1 127.0.0.1 /AdapterPowerCode/R_Return/ POST
[2021-08-19 16:07:04,730] [basehttp.py:154] [basehttp:log_message] [INFO]- "POST /AdapterPowerCode/R_Return/ HTTP/1.1" 200 1149
[2021-08-19 16:11:12,318] [basehttp.py:154] [basehttp:log_message] [INFO]- "GET /DeviceLNV/R_Return/ HTTP/1.1" 200 26349
[2021-08-19 16:11:12,434] [basehttp.py:154] [basehttp:log_message] [INFO]- "GET /DeviceLNV/R_Return/ HTTP/1.1" 200 26349
[2021-08-19 16:11:12,471] [basehttp.py:154] [basehttp:log_message] [WARNING]- "GET /static/css/bootstrap.min.css.map HTTP/1.1" 404 1800
[2021-08-19 16:11:12,485] [basehttp.py:154] [basehttp:log_message] [WARNING]- "GET /static/js/lib/bootstrap.min.js.map HTTP/1.1" 404 1806
[2021-08-19 16:11:12,718] [basehttp.py:154] [basehttp:log_message] [WARNING]- "GET /static/js/axios.min.map HTTP/1.1" 404 1773
[2021-08-19 16:11:12,919] [basehttp.py:154] [basehttp:log_message] [INFO]- "GET /favicon.ico HTTP/1.1" 200 14289
[2021-08-19 16:11:12,922] [UserIP.py:87] [UserIP:process_response] [INFO]- 2021-08-19 16:11:12 C1010S3>cao. edwin None>LAPTOP-VA9VPAO8>417 127.0.0.1 127.0.0.1 /AdapterPowerCode/R_Return/ POST
[2021-08-19 16:11:12,929] [basehttp.py:154] [basehttp:log_message] [INFO]- "POST /AdapterPowerCode/R_Return/ HTTP/1.1" 200 1149
[2021-08-19 16:11:43,027] [basehttp.py:154] [basehttp:log_message] [INFO]- "GET /DeviceLNV/R_Return/ HTTP/1.1" 200 38239
[2021-08-19 16:11:43,120] [basehttp.py:154] [basehttp:log_message] [INFO]- "GET /DeviceLNV/R_Return/ HTTP/1.1" 200 38239
[2021-08-19 16:11:43,169] [basehttp.py:154] [basehttp:log_message] [WARNING]- "GET /static/css/bootstrap.min.css.map HTTP/1.1" 404 1800
[2021-08-19 16:11:43,215] [basehttp.py:154] [basehttp:log_message] [WARNING]- "GET /static/js/lib/bootstrap.min.js.map HTTP/1.1" 404 1806
[2021-08-19 16:11:43,549] [basehttp.py:154] [basehttp:log_message] [WARNING]- "GET /static/js/axios.min.map HTTP/1.1" 404 1773
[2021-08-19 16:11:43,829] [UserIP.py:87] [UserIP:process_response] [INFO]- 2021-08-19 16:11:43 C1010S3>cao. edwin None>LAPTOP-VA9VPAO8>417 127.0.0.1 127.0.0.1 /DeviceLNV/R_Return/ POST
[2021-08-19 16:11:43,839] [basehttp.py:154] [basehttp:log_message] [INFO]- "POST /DeviceLNV/R_Return/ HTTP/1.1" 200 458
[2021-08-19 16:11:43,861] [basehttp.py:154] [basehttp:log_message] [INFO]- "GET /favicon.ico HTTP/1.1" 200 14289
[2021-08-19 16:14:51,821] [UserIP.py:87] [UserIP:process_response] [INFO]- 2021-08-19 16:14:51 C1010S3>cao. edwin None>LAPTOP-VA9VPAO8>417 127.0.0.1 127.0.0.1 /DeviceLNV/R_Return/ POST
[2021-08-19 16:14:51,831] [basehttp.py:154] [basehttp:log_message] [INFO]- "POST /DeviceLNV/R_Return/ HTTP/1.1" 200 1367
[2021-08-19 16:14:51,851] [basehttp.py:154] [basehttp:log_message] [WARNING]- "GET /static/images/1514.jpg HTTP/1.1" 404 1770
[2021-08-19 16:23:11,294] [UserIP.py:87] [UserIP:process_response] [INFO]- 2021-08-19 16:23:11 C1010S3>cao. edwin None>LAPTOP-VA9VPAO8>417 127.0.0.1 127.0.0.1 /DeviceLNV/R_Return/ POST
[2021-08-19 16:23:11,305] [basehttp.py:154] [basehttp:log_message] [INFO]- "POST /DeviceLNV/R_Return/ HTTP/1.1" 200 474
[2021-08-19 16:23:12,387] [UserIP.py:87] [UserIP:process_response] [INFO]- 2021-08-19 16:23:12 C1010S3>cao. edwin None>LAPTOP-VA9VPAO8>417 127.0.0.1 127.0.0.1 /DeviceLNV/R_Return/ POST
[2021-08-19 16:23:12,394] [basehttp.py:154] [basehttp:log_message] [INFO]- "POST /DeviceLNV/R_Return/ HTTP/1.1" 200 458
[2021-08-19 16:23:18,265] [UserIP.py:87] [UserIP:process_response] [INFO]- 2021-08-19 16:23:18 C1010S3>cao. edwin None>LAPTOP-VA9VPAO8>417 127.0.0.1 127.0.0.1 /DeviceLNV/R_Return/ POST
[2021-08-19 16:23:18,275] [basehttp.py:154] [basehttp:log_message] [INFO]- "POST /DeviceLNV/R_Return/ HTTP/1.1" 200 458
[2021-08-19 16:24:07,938] [basehttp.py:154] [basehttp:log_message] [INFO]- "GET /DeviceLNV/R_Borrowed/ HTTP/1.1" 200 43259
[2021-08-19 16:24:08,026] [basehttp.py:154] [basehttp:log_message] [INFO]- "GET /DeviceLNV/R_Borrowed/ HTTP/1.1" 200 43259
[2021-08-19 16:24:08,058] [basehttp.py:154] [basehttp:log_message] [WARNING]- "GET /static/css/bootstrap.min.css.map HTTP/1.1" 404 1800
[2021-08-19 16:24:08,069] [basehttp.py:154] [basehttp:log_message] [WARNING]- "GET /static/js/lib/bootstrap.min.js.map HTTP/1.1" 404 1806
[2021-08-19 16:24:08,249] [basehttp.py:154] [basehttp:log_message] [WARNING]- "GET /static/js/axios.min.map HTTP/1.1" 404 1773
[2021-08-19 16:24:08,423] [UserIP.py:87] [UserIP:process_response] [INFO]- 2021-08-19 16:24:08 C1010S3>cao. edwin None>LAPTOP-VA9VPAO8>417 127.0.0.1 127.0.0.1 /DeviceLNV/R_Borrowed/ POST
[2021-08-19 16:24:08,436] [basehttp.py:154] [basehttp:log_message] [INFO]- "POST /DeviceLNV/R_Borrowed/ HTTP/1.1" 200 1367
[2021-08-19 16:24:08,447] [basehttp.py:154] [basehttp:log_message] [INFO]- "GET /favicon.ico HTTP/1.1" 200 14289
[2021-08-19 16:24:08,458] [basehttp.py:154] [basehttp:log_message] [WARNING]- "GET /static/images/1514.jpg HTTP/1.1" 404 1770
[2021-08-19 16:24:13,186] [UserIP.py:87] [UserIP:process_response] [INFO]- 2021-08-19 16:24:13 C1010S3>cao. edwin None>LAPTOP-VA9VPAO8>417 127.0.0.1 127.0.0.1 /DeviceLNV/R_Borrowed/ POST
[2021-08-19 16:24:13,193] [basehttp.py:154] [basehttp:log_message] [INFO]- "POST /DeviceLNV/R_Borrowed/ HTTP/1.1" 200 458
[2021-08-19 16:24:17,856] [basehttp.py:154] [basehttp:log_message] [INFO]- "GET /DeviceLNV/R_Return/ HTTP/1.1" 200 38239
[2021-08-19 16:24:17,938] [basehttp.py:154] [basehttp:log_message] [INFO]- "GET /DeviceLNV/R_Return/ HTTP/1.1" 200 38239
[2021-08-19 16:24:17,964] [basehttp.py:154] [basehttp:log_message] [WARNING]- "GET /static/css/bootstrap.min.css.map HTTP/1.1" 404 1800
[2021-08-19 16:24:17,974] [basehttp.py:154] [basehttp:log_message] [WARNING]- "GET /static/js/lib/bootstrap.min.js.map HTTP/1.1" 404 1806
[2021-08-19 16:24:18,182] [basehttp.py:154] [basehttp:log_message] [WARNING]- "GET /static/js/axios.min.map HTTP/1.1" 404 1773
[2021-08-19 16:24:18,338] [UserIP.py:87] [UserIP:process_response] [INFO]- 2021-08-19 16:24:18 C1010S3>cao. edwin None>LAPTOP-VA9VPAO8>417 127.0.0.1 127.0.0.1 /DeviceLNV/R_Return/ POST
[2021-08-19 16:24:18,349] [basehttp.py:154] [basehttp:log_message] [INFO]- "POST /DeviceLNV/R_Return/ HTTP/1.1" 200 1379
[2021-08-19 16:24:18,366] [basehttp.py:154] [basehttp:log_message] [WARNING]- "GET /static/images/1514.jpg HTTP/1.1" 404 1770
[2021-08-19 16:24:18,378] [basehttp.py:154] [basehttp:log_message] [INFO]- "GET /favicon.ico HTTP/1.1" 200 14289
[2021-08-19 16:25:08,847] [log.py:228] [log:log_response] [ERROR]- Internal Server Error: /DeviceLNV/R_Return/
Traceback (most recent call last):
  File "C:\Python372\mecheck\lib\site-packages\django\core\handlers\exception.py", line 34, in inner
    response = get_response(request)
  File "C:\Python372\mecheck\lib\site-packages\django\core\handlers\base.py", line 126, in _get_response
    response = self.process_exception_by_middleware(e, request)
  File "C:\Python372\mecheck\lib\site-packages\django\core\handlers\base.py", line 124, in _get_response
    response = wrapped_callback(request, *callback_args, **callback_kwargs)
  File "C:\Python372\mecheck\lib\site-packages\django\views\decorators\csrf.py", line 54, in wrapped_view
    return view_func(*args, **kwargs)
  File "C:\djangoproject\DMS\DeviceLNV\views.py", line 1373, in R_Return
    Changjiasearch = responseData['Changjia']
KeyError: 'Changjia'
[2021-08-19 16:25:08,850] [UserIP.py:89] [UserIP:process_response] [CRITICAL]- 系统错误
[2021-08-19 16:25:08,850] [basehttp.py:154] [basehttp:log_message] [ERROR]- "POST /DeviceLNV/R_Return/ HTTP/1.1" 500 81061
[2021-08-19 16:28:08,696] [UserIP.py:87] [UserIP:process_response] [INFO]- 2021-08-19 16:28:08 C1010S3>cao. edwin None>LAPTOP-VA9VPAO8>417 127.0.0.1 127.0.0.1 /DeviceLNV/R_Return/ POST
[2021-08-19 16:28:08,706] [basehttp.py:154] [basehttp:log_message] [INFO]- "POST /DeviceLNV/R_Return/ HTTP/1.1" 200 458
[2021-08-19 16:28:13,008] [basehttp.py:154] [basehttp:log_message] [INFO]- "GET /DeviceLNV/BorrowedDeviceLNV/ HTTP/1.1" 200 40762
[2021-08-19 16:28:13,096] [basehttp.py:154] [basehttp:log_message] [INFO]- "GET /DeviceLNV/BorrowedDeviceLNV/ HTTP/1.1" 200 40762
[2021-08-19 16:28:13,130] [basehttp.py:154] [basehttp:log_message] [WARNING]- "GET /static/css/bootstrap.min.css.map HTTP/1.1" 404 1800
[2021-08-19 16:28:13,138] [basehttp.py:154] [basehttp:log_message] [WARNING]- "GET /static/js/lib/bootstrap.min.js.map HTTP/1.1" 404 1806
[2021-08-19 16:28:13,232] [basehttp.py:154] [basehttp:log_message] [WARNING]- "GET /static/js/axios.min.map HTTP/1.1" 404 1773
[2021-08-19 16:28:13,430] [basehttp.py:154] [basehttp:log_message] [INFO]- "GET /favicon.ico HTTP/1.1" 200 14289
[2021-08-19 16:28:13,433] [UserIP.py:87] [UserIP:process_response] [INFO]- 2021-08-19 16:28:13 C1010S3>cao. edwin None>LAPTOP-VA9VPAO8>417 127.0.0.1 127.0.0.1 /DeviceLNV/BorrowedDeviceLNV/ POST
[2021-08-19 16:28:13,440] [basehttp.py:154] [basehttp:log_message] [INFO]- "POST /DeviceLNV/BorrowedDeviceLNV/ HTTP/1.1" 200 4916
[2021-08-19 16:28:13,517] [basehttp.py:154] [basehttp:log_message] [INFO]- "GET /media/DeviceLNV/Device/1513.jpg HTTP/1.1" 200 215360
[2021-08-19 16:28:13,527] [log.py:228] [log:log_response] [WARNING]- Not Found: /media/DeviceLNV/Device/33333.jpg
[2021-08-19 16:28:13,527] [basehttp.py:154] [basehttp:log_message] [WARNING]- "GET /media/DeviceLNV/Device/33333.jpg HTTP/1.1" 404 1806
[2021-08-19 16:28:13,533] [basehttp.py:154] [basehttp:log_message] [INFO]- "GET /media/DeviceLNV/Device/2156.jpg HTTP/1.1" 200 201323
[2021-08-19 16:28:13,538] [log.py:228] [log:log_response] [WARNING]- Not Found: /media/DeviceLNV/Device/1515.jpg
[2021-08-19 16:28:13,538] [basehttp.py:154] [basehttp:log_message] [WARNING]- "GET /media/DeviceLNV/Device/1515.jpg HTTP/1.1" 404 1803
[2021-08-19 16:28:13,545] [log.py:228] [log:log_response] [WARNING]- Not Found: /media/DeviceLNV/Device/1514.jpg
[2021-08-19 16:28:13,545] [basehttp.py:154] [basehttp:log_message] [WARNING]- "GET /media/DeviceLNV/Device/1514.jpg HTTP/1.1" 404 1803
[2021-08-19 16:28:30,855] [basehttp.py:154] [basehttp:log_message] [INFO]- "GET /DeviceLNV/R_Borrowed/ HTTP/1.1" 200 43259
[2021-08-19 16:28:30,933] [basehttp.py:154] [basehttp:log_message] [INFO]- "GET /DeviceLNV/R_Borrowed/ HTTP/1.1" 200 43259
[2021-08-19 16:28:30,959] [basehttp.py:154] [basehttp:log_message] [WARNING]- "GET /static/css/bootstrap.min.css.map HTTP/1.1" 404 1800
[2021-08-19 16:28:30,969] [basehttp.py:154] [basehttp:log_message] [WARNING]- "GET /static/js/lib/bootstrap.min.js.map HTTP/1.1" 404 1806
[2021-08-19 16:28:31,055] [basehttp.py:154] [basehttp:log_message] [WARNING]- "GET /static/js/axios.min.map HTTP/1.1" 404 1773
[2021-08-19 16:28:31,232] [UserIP.py:87] [UserIP:process_response] [INFO]- 2021-08-19 16:28:31 C1010S3>cao. edwin None>LAPTOP-VA9VPAO8>417 127.0.0.1 127.0.0.1 /DeviceLNV/R_Borrowed/ POST
[2021-08-19 16:28:31,241] [basehttp.py:154] [basehttp:log_message] [INFO]- "POST /DeviceLNV/R_Borrowed/ HTTP/1.1" 200 1367
[2021-08-19 16:28:31,257] [basehttp.py:154] [basehttp:log_message] [INFO]- "GET /favicon.ico HTTP/1.1" 200 14289
[2021-08-19 16:28:31,266] [basehttp.py:154] [basehttp:log_message] [WARNING]- "GET /static/images/1514.jpg HTTP/1.1" 404 1770
[2021-08-19 16:28:52,242] [basehttp.py:154] [basehttp:log_message] [INFO]- "GET /DeviceLNV/R_Return/ HTTP/1.1" 200 38239
[2021-08-19 16:28:52,326] [basehttp.py:154] [basehttp:log_message] [INFO]- "GET /DeviceLNV/R_Return/ HTTP/1.1" 200 38239
[2021-08-19 16:28:52,355] [basehttp.py:154] [basehttp:log_message] [WARNING]- "GET /static/css/bootstrap.min.css.map HTTP/1.1" 404 1800
[2021-08-19 16:28:52,359] [basehttp.py:154] [basehttp:log_message] [WARNING]- "GET /static/js/lib/bootstrap.min.js.map HTTP/1.1" 404 1806
[2021-08-19 16:28:52,447] [basehttp.py:154] [basehttp:log_message] [WARNING]- "GET /static/js/axios.min.map HTTP/1.1" 404 1773
[2021-08-19 16:28:52,605] [UserIP.py:87] [UserIP:process_response] [INFO]- 2021-08-19 16:28:52 C1010S3>cao. edwin None>LAPTOP-VA9VPAO8>417 127.0.0.1 127.0.0.1 /DeviceLNV/R_Return/ POST
[2021-08-19 16:28:52,616] [basehttp.py:154] [basehttp:log_message] [INFO]- "POST /DeviceLNV/R_Return/ HTTP/1.1" 200 458
[2021-08-19 16:28:52,627] [basehttp.py:154] [basehttp:log_message] [INFO]- "GET /favicon.ico HTTP/1.1" 200 14289
[2021-08-19 16:28:57,351] [log.py:228] [log:log_response] [ERROR]- Internal Server Error: /DeviceLNV/R_Keep/
Traceback (most recent call last):
  File "C:\Python372\mecheck\lib\site-packages\django\db\models\sql\query.py", line 1735, in add_fields
    join_info = self.setup_joins(name.split(LOOKUP_SEP), opts, alias, allow_many=allow_m2m)
  File "C:\Python372\mecheck\lib\site-packages\django\db\models\sql\query.py", line 1473, in setup_joins
    names[:pivot], opts, allow_many, fail_on_missing=True,
  File "C:\Python372\mecheck\lib\site-packages\django\db\models\sql\query.py", line 1389, in names_to_path
    "Choices are: %s" % (name, ", ".join(available)))
django.core.exceptions.FieldError: Cannot resolve keyword 'Changjia' into field. Choices are: ApplicationNo, AssetNum, BR_per_code, BrwStatus, Btime, Comment, Customer, Declaration, DeclarationNo, DevCtgry, DevDescription, DevID, DevModel, DevName, DevPrice, DevStatus, DevVendor, Devproperties, Devsize, FWVer, HWVer, IntfCtgry, LSTA, Last_BR_per, Last_BR_per_code, Last_Borrow_date, Last_Phase, Last_Predict_return, Last_ProjectCode, Last_Return_date, NID, PN, Pchsdate, PckgIncludes, Phase, Photo, Plandate, Plant, ProjectCode, Rtime, Source, UsrTimes, Usrname, addnewdate, addnewname, expirdate, id, uscyc, useday

During handling of the above exception, another exception occurred:

Traceback (most recent call last):
  File "C:\Python372\mecheck\lib\site-packages\django\core\handlers\exception.py", line 34, in inner
    response = get_response(request)
  File "C:\Python372\mecheck\lib\site-packages\django\core\handlers\base.py", line 126, in _get_response
    response = self.process_exception_by_middleware(e, request)
  File "C:\Python372\mecheck\lib\site-packages\django\core\handlers\base.py", line 124, in _get_response
    response = wrapped_callback(request, *callback_args, **callback_kwargs)
  File "C:\Python372\mecheck\lib\site-packages\django\views\decorators\csrf.py", line 54, in wrapped_view
    return view_func(*args, **kwargs)
  File "C:\djangoproject\DMS\DeviceLNV\views.py", line 1573, in R_Keep
    for j in DeviceLNV.objects.filter(Customer=i["Customer"]).values("Changjia").distinct().order_by(
  File "C:\Python372\mecheck\lib\site-packages\django\db\models\query.py", line 750, in values
    clone = self._values(*fields, **expressions)
  File "C:\Python372\mecheck\lib\site-packages\django\db\models\query.py", line 745, in _values
    clone.query.set_values(fields)
  File "C:\Python372\mecheck\lib\site-packages\django\db\models\sql\query.py", line 1987, in set_values
    self.add_fields(field_names, True)
  File "C:\Python372\mecheck\lib\site-packages\django\db\models\sql\query.py", line 1758, in add_fields
    "Choices are: %s" % (name, ", ".join(names)))
django.core.exceptions.FieldError: Cannot resolve keyword 'Changjia' into field. Choices are: ApplicationNo, AssetNum, BR_per_code, BrwStatus, Btime, Comment, Customer, Declaration, DeclarationNo, DevCtgry, DevDescription, DevID, DevModel, DevName, DevPrice, DevStatus, DevVendor, Devproperties, Devsize, FWVer, HWVer, IntfCtgry, LSTA, Last_BR_per, Last_BR_per_code, Last_Borrow_date, Last_Phase, Last_Predict_return, Last_ProjectCode, Last_Return_date, NID, PN, Pchsdate, PckgIncludes, Phase, Photo, Plandate, Plant, ProjectCode, Rtime, Source, UsrTimes, Usrname, addnewdate, addnewname, expirdate, id, uscyc, useday
[2021-08-19 16:28:57,355] [basehttp.py:154] [basehttp:log_message] [ERROR]- "GET /DeviceLNV/R_Keep/ HTTP/1.1" 500 122447
[2021-08-19 16:28:57,416] [basehttp.py:154] [basehttp:log_message] [INFO]- "GET /favicon.ico HTTP/1.1" 200 14289
[2021-08-19 16:36:18,307] [basehttp.py:154] [basehttp:log_message] [INFO]- "GET /DeviceLNV/R_Keep/ HTTP/1.1" 200 38209
[2021-08-19 16:36:18,389] [basehttp.py:154] [basehttp:log_message] [INFO]- "GET /DeviceLNV/R_Keep/ HTTP/1.1" 200 38209
[2021-08-19 16:36:18,415] [basehttp.py:154] [basehttp:log_message] [WARNING]- "GET /static/css/bootstrap.min.css.map HTTP/1.1" 404 1800
[2021-08-19 16:36:18,433] [basehttp.py:154] [basehttp:log_message] [WARNING]- "GET /static/js/lib/bootstrap.min.js.map HTTP/1.1" 404 1806
[2021-08-19 16:36:18,514] [basehttp.py:154] [basehttp:log_message] [WARNING]- "GET /static/js/axios.min.map HTTP/1.1" 404 1773
[2021-08-19 16:36:18,717] [UserIP.py:87] [UserIP:process_response] [INFO]- 2021-08-19 16:36:18 C1010S3>cao. edwin None>LAPTOP-VA9VPAO8>417 127.0.0.1 127.0.0.1 /DeviceLNV/R_Keep/ POST
[2021-08-19 16:36:18,726] [basehttp.py:154] [basehttp:log_message] [INFO]- "POST /DeviceLNV/R_Keep/ HTTP/1.1" 200 458
[2021-08-19 16:36:18,743] [basehttp.py:154] [basehttp:log_message] [INFO]- "GET /favicon.ico HTTP/1.1" 200 14289
[2021-08-19 16:36:23,219] [UserIP.py:87] [UserIP:process_response] [INFO]- 2021-08-19 16:36:23 C1010S3>cao. edwin None>LAPTOP-VA9VPAO8>417 127.0.0.1 127.0.0.1 /DeviceLNV/R_Keep/ POST
[2021-08-19 16:36:23,230] [basehttp.py:154] [basehttp:log_message] [INFO]- "POST /DeviceLNV/R_Keep/ HTTP/1.1" 200 527
[2021-08-19 16:36:30,450] [UserIP.py:87] [UserIP:process_response] [INFO]- 2021-08-19 16:36:30 C1010S3>cao. edwin None>LAPTOP-VA9VPAO8>417 127.0.0.1 127.0.0.1 /DeviceLNV/R_Keep/ POST
[2021-08-19 16:36:30,461] [basehttp.py:154] [basehttp:log_message] [INFO]- "POST /DeviceLNV/R_Keep/ HTTP/1.1" 200 458
[2021-08-19 16:50:01,757] [basehttp.py:154] [basehttp:log_message] [INFO]- "GET /DeviceLNV/R_Keep/ HTTP/1.1" 200 38209
[2021-08-19 16:50:01,832] [basehttp.py:154] [basehttp:log_message] [INFO]- "GET /DeviceLNV/R_Keep/ HTTP/1.1" 200 38209
[2021-08-19 16:50:01,861] [basehttp.py:154] [basehttp:log_message] [WARNING]- "GET /static/css/bootstrap.min.css.map HTTP/1.1" 404 1800
[2021-08-19 16:50:01,885] [basehttp.py:154] [basehttp:log_message] [WARNING]- "GET /static/js/lib/bootstrap.min.js.map HTTP/1.1" 404 1806
[2021-08-19 16:50:02,066] [basehttp.py:154] [basehttp:log_message] [WARNING]- "GET /static/js/axios.min.map HTTP/1.1" 404 1773
[2021-08-19 16:50:02,225] [UserIP.py:87] [UserIP:process_response] [INFO]- 2021-08-19 16:50:02 C1010S3>cao. edwin None>LAPTOP-VA9VPAO8>417 127.0.0.1 127.0.0.1 /DeviceLNV/R_Keep/ POST
[2021-08-19 16:50:02,234] [basehttp.py:154] [basehttp:log_message] [INFO]- "POST /DeviceLNV/R_Keep/ HTTP/1.1" 200 458
[2021-08-19 16:50:02,248] [basehttp.py:154] [basehttp:log_message] [INFO]- "GET /favicon.ico HTTP/1.1" 200 14289
[2021-08-19 16:50:33,912] [basehttp.py:154] [basehttp:log_message] [INFO]- "GET /DeviceLNV/R_Borrowed/ HTTP/1.1" 200 43259
[2021-08-19 16:50:34,007] [basehttp.py:154] [basehttp:log_message] [INFO]- "GET /DeviceLNV/R_Borrowed/ HTTP/1.1" 200 43259
[2021-08-19 16:50:34,037] [basehttp.py:154] [basehttp:log_message] [WARNING]- "GET /static/css/bootstrap.min.css.map HTTP/1.1" 404 1800
[2021-08-19 16:50:34,044] [basehttp.py:154] [basehttp:log_message] [WARNING]- "GET /static/js/lib/bootstrap.min.js.map HTTP/1.1" 404 1806
[2021-08-19 16:50:34,250] [basehttp.py:154] [basehttp:log_message] [WARNING]- "GET /static/js/axios.min.map HTTP/1.1" 404 1773
[2021-08-19 16:50:34,422] [UserIP.py:87] [UserIP:process_response] [INFO]- 2021-08-19 16:50:34 C1010S3>cao. edwin None>LAPTOP-VA9VPAO8>417 127.0.0.1 127.0.0.1 /DeviceLNV/R_Borrowed/ POST
[2021-08-19 16:50:34,433] [basehttp.py:154] [basehttp:log_message] [INFO]- "POST /DeviceLNV/R_Borrowed/ HTTP/1.1" 200 1367
[2021-08-19 16:50:34,444] [basehttp.py:154] [basehttp:log_message] [INFO]- "GET /favicon.ico HTTP/1.1" 200 14289
[2021-08-19 16:50:34,455] [basehttp.py:154] [basehttp:log_message] [WARNING]- "GET /static/images/1514.jpg HTTP/1.1" 404 1770
[2021-08-19 16:50:39,359] [UserIP.py:87] [UserIP:process_response] [INFO]- 2021-08-19 16:50:39 C1010S3>cao. edwin None>LAPTOP-VA9VPAO8>417 127.0.0.1 127.0.0.1 /DeviceLNV/R_Borrowed/ POST
[2021-08-19 16:50:39,368] [basehttp.py:154] [basehttp:log_message] [INFO]- "POST /DeviceLNV/R_Borrowed/ HTTP/1.1" 200 458
[2021-08-19 16:50:56,512] [basehttp.py:154] [basehttp:log_message] [INFO]- "GET /DeviceLNV/R_Return/ HTTP/1.1" 200 38239
[2021-08-19 16:50:56,596] [basehttp.py:154] [basehttp:log_message] [INFO]- "GET /DeviceLNV/R_Return/ HTTP/1.1" 200 38239
[2021-08-19 16:50:56,624] [basehttp.py:154] [basehttp:log_message] [WARNING]- "GET /static/css/bootstrap.min.css.map HTTP/1.1" 404 1800
[2021-08-19 16:50:56,632] [basehttp.py:154] [basehttp:log_message] [WARNING]- "GET /static/js/lib/bootstrap.min.js.map HTTP/1.1" 404 1806
[2021-08-19 16:50:56,718] [basehttp.py:154] [basehttp:log_message] [WARNING]- "GET /static/js/axios.min.map HTTP/1.1" 404 1773
[2021-08-19 16:50:56,910] [UserIP.py:87] [UserIP:process_response] [INFO]- 2021-08-19 16:50:56 C1010S3>cao. edwin None>LAPTOP-VA9VPAO8>417 127.0.0.1 127.0.0.1 /DeviceLNV/R_Return/ POST
[2021-08-19 16:50:56,938] [basehttp.py:154] [basehttp:log_message] [INFO]- "POST /DeviceLNV/R_Return/ HTTP/1.1" 200 1379
[2021-08-19 16:50:56,945] [basehttp.py:154] [basehttp:log_message] [INFO]- "GET /favicon.ico HTTP/1.1" 200 14289
[2021-08-19 16:50:56,955] [basehttp.py:154] [basehttp:log_message] [WARNING]- "GET /static/images/1514.jpg HTTP/1.1" 404 1770
[2021-08-19 16:51:01,207] [UserIP.py:87] [UserIP:process_response] [INFO]- 2021-08-19 16:51:01 C1010S3>cao. edwin None>LAPTOP-VA9VPAO8>417 127.0.0.1 127.0.0.1 /DeviceLNV/R_Return/ POST
[2021-08-19 16:51:01,215] [basehttp.py:154] [basehttp:log_message] [INFO]- "POST /DeviceLNV/R_Return/ HTTP/1.1" 200 458
[2021-08-19 16:51:05,983] [basehttp.py:154] [basehttp:log_message] [INFO]- "GET /DeviceLNV/R_Borrowed/ HTTP/1.1" 200 43259
[2021-08-19 16:51:06,055] [basehttp.py:154] [basehttp:log_message] [INFO]- "GET /DeviceLNV/R_Borrowed/ HTTP/1.1" 200 43259
[2021-08-19 16:51:06,084] [basehttp.py:154] [basehttp:log_message] [WARNING]- "GET /static/css/bootstrap.min.css.map HTTP/1.1" 404 1800
[2021-08-19 16:51:06,088] [basehttp.py:154] [basehttp:log_message] [WARNING]- "GET /static/js/lib/bootstrap.min.js.map HTTP/1.1" 404 1806
[2021-08-19 16:51:06,179] [basehttp.py:154] [basehttp:log_message] [WARNING]- "GET /static/js/axios.min.map HTTP/1.1" 404 1773
[2021-08-19 16:51:06,353] [UserIP.py:87] [UserIP:process_response] [INFO]- 2021-08-19 16:51:06 C1010S3>cao. edwin None>LAPTOP-VA9VPAO8>417 127.0.0.1 127.0.0.1 /DeviceLNV/R_Borrowed/ POST
[2021-08-19 16:51:06,364] [basehttp.py:154] [basehttp:log_message] [INFO]- "POST /DeviceLNV/R_Borrowed/ HTTP/1.1" 200 1367
[2021-08-19 16:51:06,372] [basehttp.py:154] [basehttp:log_message] [INFO]- "GET /favicon.ico HTTP/1.1" 200 14289
[2021-08-19 16:51:06,385] [basehttp.py:154] [basehttp:log_message] [WARNING]- "GET /static/images/1514.jpg HTTP/1.1" 404 1770
[2021-08-19 16:51:35,248] [UserIP.py:87] [UserIP:process_response] [INFO]- 2021-08-19 16:51:35 C1010S3>cao. edwin None>LAPTOP-VA9VPAO8>417 127.0.0.1 127.0.0.1 /DeviceLNV/R_Borrowed/ POST
[2021-08-19 16:51:35,259] [basehttp.py:154] [basehttp:log_message] [INFO]- "POST /DeviceLNV/R_Borrowed/ HTTP/1.1" 200 458
[2021-08-19 16:52:04,302] [basehttp.py:154] [basehttp:log_message] [INFO]- "GET /DeviceLNV/R_Keep/ HTTP/1.1" 200 38209
[2021-08-19 16:52:04,374] [basehttp.py:154] [basehttp:log_message] [INFO]- "GET /DeviceLNV/R_Keep/ HTTP/1.1" 200 38209
[2021-08-19 16:52:04,403] [basehttp.py:154] [basehttp:log_message] [WARNING]- "GET /static/css/bootstrap.min.css.map HTTP/1.1" 404 1800
[2021-08-19 16:52:04,407] [basehttp.py:154] [basehttp:log_message] [WARNING]- "GET /static/js/lib/bootstrap.min.js.map HTTP/1.1" 404 1806
[2021-08-19 16:52:04,500] [basehttp.py:154] [basehttp:log_message] [WARNING]- "GET /static/js/axios.min.map HTTP/1.1" 404 1773
[2021-08-19 16:52:04,666] [UserIP.py:87] [UserIP:process_response] [INFO]- 2021-08-19 16:52:04 C1010S3>cao. edwin None>LAPTOP-VA9VPAO8>417 127.0.0.1 127.0.0.1 /DeviceLNV/R_Keep/ POST
[2021-08-19 16:52:04,674] [basehttp.py:154] [basehttp:log_message] [INFO]- "POST /DeviceLNV/R_Keep/ HTTP/1.1" 200 1369
[2021-08-19 16:52:04,688] [basehttp.py:154] [basehttp:log_message] [INFO]- "GET /favicon.ico HTTP/1.1" 200 14289
[2021-08-19 16:52:04,698] [basehttp.py:154] [basehttp:log_message] [WARNING]- "GET /static/images/1514.jpg HTTP/1.1" 404 1770
[2021-08-19 16:52:22,007] [basehttp.py:154] [basehttp:log_message] [INFO]- "GET /admin/DeviceLNV/devicelnvhis/ HTTP/1.1" 200 14588
[2021-08-19 16:52:22,031] [basehttp.py:154] [basehttp:log_message] [INFO]- "GET /admin/jsi18n/ HTTP/1.1" 200 7684
[2021-08-19 16:52:22,082] [basehttp.py:154] [basehttp:log_message] [INFO]- "GET /favicon.ico HTTP/1.1" 200 14289
[2021-08-19 16:52:28,922] [basehttp.py:154] [basehttp:log_message] [INFO]- "GET /admin/DeviceLNV/devicelnvhis/11/change/ HTTP/1.1" 200 9840
[2021-08-19 16:52:28,943] [basehttp.py:154] [basehttp:log_message] [INFO]- "GET /admin/jsi18n/ HTTP/1.1" 200 7684
[2021-08-19 16:52:28,981] [basehttp.py:154] [basehttp:log_message] [INFO]- "GET /favicon.ico HTTP/1.1" 200 14289
[2021-08-19 16:52:46,524] [basehttp.py:154] [basehttp:log_message] [INFO]- "GET /admin/DeviceLNV/ HTTP/1.1" 200 5476
[2021-08-19 16:52:46,567] [basehttp.py:154] [basehttp:log_message] [INFO]- "GET /favicon.ico HTTP/1.1" 200 14289
[2021-08-19 16:52:48,478] [basehttp.py:154] [basehttp:log_message] [INFO]- "GET /admin/DeviceLNV/devicelnv/ HTTP/1.1" 200 28923
[2021-08-19 16:52:48,501] [basehttp.py:154] [basehttp:log_message] [INFO]- "GET /admin/jsi18n/ HTTP/1.1" 200 7684
[2021-08-19 16:52:48,567] [basehttp.py:154] [basehttp:log_message] [INFO]- "GET /favicon.ico HTTP/1.1" 200 14289
[2021-08-19 16:52:50,371] [basehttp.py:154] [basehttp:log_message] [INFO]- "GET /admin/DeviceLNV/devicelnv/12/change/ HTTP/1.1" 200 27768
[2021-08-19 16:52:50,419] [basehttp.py:154] [basehttp:log_message] [INFO]- "GET /admin/jsi18n/ HTTP/1.1" 200 7684
[2021-08-19 16:52:50,479] [basehttp.py:154] [basehttp:log_message] [INFO]- "GET /favicon.ico HTTP/1.1" 200 14289
[2021-08-19 16:53:01,777] [UserIP.py:87] [UserIP:process_response] [INFO]- 2021-08-19 16:53:01 C1010S3>cao. edwin None>LAPTOP-VA9VPAO8>417 127.0.0.1 127.0.0.1 /DeviceLNV/R_Keep/ POST
[2021-08-19 16:53:01,786] [basehttp.py:154] [basehttp:log_message] [INFO]- "POST /DeviceLNV/R_Keep/ HTTP/1.1" 200 1369
[2021-08-19 16:53:07,561] [basehttp.py:154] [basehttp:log_message] [INFO]- "GET /admin/DeviceLNV/devicelnv/12/change/ HTTP/1.1" 200 27768
[2021-08-19 16:53:07,597] [basehttp.py:154] [basehttp:log_message] [INFO]- "GET /admin/jsi18n/ HTTP/1.1" 200 7684
[2021-08-19 16:53:07,639] [basehttp.py:154] [basehttp:log_message] [INFO]- "GET /favicon.ico HTTP/1.1" 200 14289
[2021-08-19 16:53:11,203] [basehttp.py:154] [basehttp:log_message] [INFO]- "GET /admin/DeviceLNV/devicelnv/12/change/ HTTP/1.1" 200 27768
[2021-08-19 16:53:11,242] [basehttp.py:154] [basehttp:log_message] [INFO]- "GET /admin/jsi18n/ HTTP/1.1" 200 7684
[2021-08-19 16:53:11,285] [basehttp.py:154] [basehttp:log_message] [INFO]- "GET /favicon.ico HTTP/1.1" 200 14289
[2021-08-19 16:53:11,876] [basehttp.py:154] [basehttp:log_message] [INFO]- "GET /admin/DeviceLNV/devicelnv/12/change/ HTTP/1.1" 200 27768
[2021-08-19 16:53:11,897] [basehttp.py:154] [basehttp:log_message] [INFO]- "GET /admin/jsi18n/ HTTP/1.1" 200 7684
[2021-08-19 16:53:11,938] [basehttp.py:154] [basehttp:log_message] [INFO]- "GET /favicon.ico HTTP/1.1" 200 14289
[2021-08-19 16:53:12,083] [basehttp.py:154] [basehttp:log_message] [INFO]- "GET /admin/DeviceLNV/devicelnv/12/change/ HTTP/1.1" 200 27768
[2021-08-19 16:53:12,131] [basehttp.py:154] [basehttp:log_message] [INFO]- "GET /admin/jsi18n/ HTTP/1.1" 200 7684
[2021-08-19 16:53:12,171] [basehttp.py:154] [basehttp:log_message] [INFO]- "GET /favicon.ico HTTP/1.1" 200 14289
[2021-08-19 16:53:21,943] [UserIP.py:87] [UserIP:process_response] [INFO]- 2021-08-19 16:53:21 C1010S3>cao. edwin None>LAPTOP-VA9VPAO8>417 127.0.0.1 127.0.0.1 /DeviceLNV/R_Keep/ POST
[2021-08-19 16:53:21,955] [basehttp.py:154] [basehttp:log_message] [INFO]- "POST /DeviceLNV/R_Keep/ HTTP/1.1" 200 1369
[2021-08-19 16:53:55,053] [UserIP.py:87] [UserIP:process_response] [INFO]- 2021-08-19 16:53:55 C1010S3>cao. edwin None>LAPTOP-VA9VPAO8>417 127.0.0.1 127.0.0.1 /DeviceLNV/R_Keep/ POST
[2021-08-19 16:53:55,064] [basehttp.py:154] [basehttp:log_message] [INFO]- "POST /DeviceLNV/R_Keep/ HTTP/1.1" 200 1369
[2021-08-19 16:54:35,319] [UserIP.py:87] [UserIP:process_response] [INFO]- 2021-08-19 16:54:35 C1010S3>cao. edwin None>LAPTOP-VA9VPAO8>417 127.0.0.1 127.0.0.1 /DeviceLNV/R_Keep/ POST
[2021-08-19 16:54:35,328] [basehttp.py:154] [basehttp:log_message] [INFO]- "POST /DeviceLNV/R_Keep/ HTTP/1.1" 200 1369
[2021-08-19 16:55:16,308] [UserIP.py:87] [UserIP:process_response] [INFO]- 2021-08-19 16:55:16 C1010S3>cao. edwin None>LAPTOP-VA9VPAO8>417 127.0.0.1 127.0.0.1 /DeviceLNV/R_Keep/ POST
[2021-08-19 16:55:16,319] [basehttp.py:154] [basehttp:log_message] [INFO]- "POST /DeviceLNV/R_Keep/ HTTP/1.1" 200 458
[2021-08-19 16:59:35,415] [basehttp.py:154] [basehttp:log_message] [INFO]- "GET /DeviceLNV/R_Borrowed/ HTTP/1.1" 200 43259
[2021-08-19 16:59:35,500] [basehttp.py:154] [basehttp:log_message] [INFO]- "GET /DeviceLNV/R_Borrowed/ HTTP/1.1" 200 43259
[2021-08-19 16:59:35,528] [basehttp.py:154] [basehttp:log_message] [WARNING]- "GET /static/css/bootstrap.min.css.map HTTP/1.1" 404 1800
[2021-08-19 16:59:35,536] [basehttp.py:154] [basehttp:log_message] [WARNING]- "GET /static/js/lib/bootstrap.min.js.map HTTP/1.1" 404 1806
[2021-08-19 16:59:35,713] [basehttp.py:154] [basehttp:log_message] [WARNING]- "GET /static/js/axios.min.map HTTP/1.1" 404 1773
[2021-08-19 16:59:35,890] [UserIP.py:87] [UserIP:process_response] [INFO]- 2021-08-19 16:59:35 C1010S3>cao. edwin None>LAPTOP-VA9VPAO8>417 127.0.0.1 127.0.0.1 /DeviceLNV/R_Borrowed/ POST
[2021-08-19 16:59:35,901] [basehttp.py:154] [basehttp:log_message] [INFO]- "POST /DeviceLNV/R_Borrowed/ HTTP/1.1" 200 1368
[2021-08-19 16:59:35,924] [basehttp.py:154] [basehttp:log_message] [WARNING]- "GET /static/images/1514.jpg HTTP/1.1" 404 1770
[2021-08-19 16:59:35,942] [basehttp.py:154] [basehttp:log_message] [INFO]- "GET /favicon.ico HTTP/1.1" 200 14289
[2021-08-20 08:07:17,519] [basehttp.py:154] [basehttp:log_message] [INFO]- "GET /DeviceLNV/R_Borrowed/ HTTP/1.1" 302 0
[2021-08-20 08:07:17,525] [basehttp.py:154] [basehttp:log_message] [INFO]- "GET /login/ HTTP/1.1" 200 4676
[2021-08-20 08:07:17,664] [basehttp.py:154] [basehttp:log_message] [INFO]- "GET /favicon.ico HTTP/1.1" 302 0
[2021-08-20 08:07:17,664] [basehttp.py:154] [basehttp:log_message] [WARNING]- "GET /static/css/bootstrap.min.css.map HTTP/1.1" 404 1800
[2021-08-20 08:07:17,668] [basehttp.py:154] [basehttp:log_message] [INFO]- "GET /login/ HTTP/1.1" 200 4676
[2021-08-20 08:07:17,668] [basehttp.py:154] [basehttp:log_message] [INFO]- "GET /static/vendor/bootstrap/js/bootstrap.bundle.min.js.map HTTP/1.1" 200 303386
[2021-08-20 08:07:20,872] [UserIP.py:89] [UserIP:process_response] [CRITICAL]- 系统错误
[2021-08-20 08:07:20,883] [basehttp.py:154] [basehttp:log_message] [INFO]- "POST /login/ HTTP/1.1" 302 0
[2021-08-20 08:07:20,918] [basehttp.py:154] [basehttp:log_message] [INFO]- "GET /index/ HTTP/1.1" 200 22950
[2021-08-20 08:07:21,040] [basehttp.py:154] [basehttp:log_message] [INFO]- "GET /index/ HTTP/1.1" 200 22950
[2021-08-20 08:07:21,079] [basehttp.py:154] [basehttp:log_message] [WARNING]- "GET /static/css/bootstrap.min.css.map HTTP/1.1" 404 1800
[2021-08-20 08:07:21,102] [basehttp.py:154] [basehttp:log_message] [WARNING]- "GET /static/js/lib/bootstrap.min.js.map HTTP/1.1" 404 1806
[2021-08-20 08:07:21,353] [basehttp.py:154] [basehttp:log_message] [WARNING]- "GET /static/js/lib/bootstrap.min.js.map HTTP/1.1" 404 1806
[2021-08-20 08:07:21,356] [basehttp.py:154] [basehttp:log_message] [WARNING]- "GET /static/js/axios.min.map HTTP/1.1" 404 1773
[2021-08-20 08:07:21,358] [basehttp.py:154] [basehttp:log_message] [WARNING]- "GET /static/js/xlsx/FileSaver.min.js.map HTTP/1.1" 404 1809
[2021-08-20 08:07:21,466] [UserIP.py:87] [UserIP:process_response] [INFO]- 2021-08-20 08:07:21 C1010S3>cao. edwin None>LAPTOP-VA9VPAO8>417 127.0.0.1 127.0.0.1 /index/ POST
[2021-08-20 08:07:21,477] [basehttp.py:154] [basehttp:log_message] [INFO]- "POST /index/ HTTP/1.1" 200 1302
[2021-08-20 08:07:21,514] [basehttp.py:154] [basehttp:log_message] [INFO]- "GET /media/img/UserInfo/u2393454652578938553fm26gp0.jpg HTTP/1.1" 200 34852
[2021-08-20 08:07:21,522] [basehttp.py:154] [basehttp:log_message] [INFO]- "GET /favicon.ico HTTP/1.1" 200 14289
[2021-08-20 08:15:18,403] [basehttp.py:154] [basehttp:log_message] [INFO]- "GET /DeviceLNV/M_Return/ HTTP/1.1" 200 36593
[2021-08-20 08:15:18,494] [basehttp.py:154] [basehttp:log_message] [INFO]- "GET /DeviceLNV/M_Return/ HTTP/1.1" 200 36593
[2021-08-20 08:15:18,530] [basehttp.py:154] [basehttp:log_message] [WARNING]- "GET /static/css/bootstrap.min.css.map HTTP/1.1" 404 1800
[2021-08-20 08:15:18,538] [basehttp.py:154] [basehttp:log_message] [WARNING]- "GET /static/js/lib/bootstrap.min.js.map HTTP/1.1" 404 1806
[2021-08-20 08:15:18,738] [basehttp.py:154] [basehttp:log_message] [WARNING]- "GET /static/js/axios.min.map HTTP/1.1" 404 1773
[2021-08-20 08:15:18,738] [basehttp.py:154] [basehttp:log_message] [WARNING]- "GET /static/js/xlsx/FileSaver.min.js.map HTTP/1.1" 404 1809
[2021-08-20 08:15:18,909] [UserIP.py:87] [UserIP:process_response] [INFO]- 2021-08-20 08:15:18 C1010S3>cao. edwin None>LAPTOP-VA9VPAO8>417 127.0.0.1 127.0.0.1 /DeviceLNV/M_Return/ POST
[2021-08-20 08:15:18,918] [basehttp.py:154] [basehttp:log_message] [INFO]- "POST /DeviceLNV/M_Return/ HTTP/1.1" 200 29
[2021-08-20 08:15:18,926] [basehttp.py:154] [basehttp:log_message] [INFO]- "GET /favicon.ico HTTP/1.1" 200 14289
[2021-08-20 08:15:29,341] [basehttp.py:154] [basehttp:log_message] [INFO]- "GET /DeviceLNV/R_Return/ HTTP/1.1" 200 38239
[2021-08-20 08:15:29,418] [basehttp.py:154] [basehttp:log_message] [INFO]- "GET /DeviceLNV/R_Return/ HTTP/1.1" 200 38239
[2021-08-20 08:15:29,441] [basehttp.py:154] [basehttp:log_message] [WARNING]- "GET /static/css/bootstrap.min.css.map HTTP/1.1" 404 1800
[2021-08-20 08:15:29,446] [basehttp.py:154] [basehttp:log_message] [WARNING]- "GET /static/js/lib/bootstrap.min.js.map HTTP/1.1" 404 1806
[2021-08-20 08:15:29,534] [basehttp.py:154] [basehttp:log_message] [WARNING]- "GET /static/js/axios.min.map HTTP/1.1" 404 1773
[2021-08-20 08:15:29,695] [UserIP.py:87] [UserIP:process_response] [INFO]- 2021-08-20 08:15:29 C1010S3>cao. edwin None>LAPTOP-VA9VPAO8>417 127.0.0.1 127.0.0.1 /DeviceLNV/R_Return/ POST
[2021-08-20 08:15:29,704] [basehttp.py:154] [basehttp:log_message] [INFO]- "POST /DeviceLNV/R_Return/ HTTP/1.1" 200 458
[2021-08-20 08:15:29,720] [basehttp.py:154] [basehttp:log_message] [INFO]- "GET /favicon.ico HTTP/1.1" 200 14289
[2021-08-20 08:15:37,361] [basehttp.py:154] [basehttp:log_message] [INFO]- "GET /DeviceLNV/R_Keep/ HTTP/1.1" 200 38209
[2021-08-20 08:15:37,439] [basehttp.py:154] [basehttp:log_message] [INFO]- "GET /DeviceLNV/R_Keep/ HTTP/1.1" 200 38209
[2021-08-20 08:15:37,469] [basehttp.py:154] [basehttp:log_message] [WARNING]- "GET /static/css/bootstrap.min.css.map HTTP/1.1" 404 1800
[2021-08-20 08:15:37,474] [basehttp.py:154] [basehttp:log_message] [WARNING]- "GET /static/js/lib/bootstrap.min.js.map HTTP/1.1" 404 1806
[2021-08-20 08:15:37,555] [basehttp.py:154] [basehttp:log_message] [WARNING]- "GET /static/js/axios.min.map HTTP/1.1" 404 1773
[2021-08-20 08:15:37,720] [UserIP.py:87] [UserIP:process_response] [INFO]- 2021-08-20 08:15:37 C1010S3>cao. edwin None>LAPTOP-VA9VPAO8>417 127.0.0.1 127.0.0.1 /DeviceLNV/R_Keep/ POST
[2021-08-20 08:15:37,729] [basehttp.py:154] [basehttp:log_message] [INFO]- "POST /DeviceLNV/R_Keep/ HTTP/1.1" 200 458
[2021-08-20 08:15:37,753] [basehttp.py:154] [basehttp:log_message] [INFO]- "GET /favicon.ico HTTP/1.1" 200 14289
[2021-08-20 08:16:45,257] [basehttp.py:154] [basehttp:log_message] [INFO]- "GET /DeviceLNV/BorrowedDeviceLNV/ HTTP/1.1" 200 40762
[2021-08-20 08:16:45,337] [basehttp.py:154] [basehttp:log_message] [INFO]- "GET /DeviceLNV/BorrowedDeviceLNV/ HTTP/1.1" 200 40762
[2021-08-20 08:16:45,369] [basehttp.py:154] [basehttp:log_message] [WARNING]- "GET /static/css/bootstrap.min.css.map HTTP/1.1" 404 1800
[2021-08-20 08:16:45,378] [basehttp.py:154] [basehttp:log_message] [WARNING]- "GET /static/js/lib/bootstrap.min.js.map HTTP/1.1" 404 1806
[2021-08-20 08:16:45,468] [basehttp.py:154] [basehttp:log_message] [WARNING]- "GET /static/js/axios.min.map HTTP/1.1" 404 1773
[2021-08-20 08:16:45,652] [UserIP.py:87] [UserIP:process_response] [INFO]- 2021-08-20 08:16:45 C1010S3>cao. edwin None>LAPTOP-VA9VPAO8>417 127.0.0.1 127.0.0.1 /DeviceLNV/BorrowedDeviceLNV/ POST
[2021-08-20 08:16:45,661] [basehttp.py:154] [basehttp:log_message] [INFO]- "POST /DeviceLNV/BorrowedDeviceLNV/ HTTP/1.1" 200 4917
[2021-08-20 08:16:45,676] [basehttp.py:154] [basehttp:log_message] [INFO]- "GET /favicon.ico HTTP/1.1" 200 14289
[2021-08-20 08:16:45,735] [log.py:228] [log:log_response] [WARNING]- Not Found: /media/DeviceLNV/Device/33333.jpg
[2021-08-20 08:16:45,736] [basehttp.py:154] [basehttp:log_message] [WARNING]- "GET /media/DeviceLNV/Device/33333.jpg HTTP/1.1" 404 1806
[2021-08-20 08:16:45,741] [basehttp.py:154] [basehttp:log_message] [INFO]- "GET /media/DeviceLNV/Device/2156.jpg HTTP/1.1" 200 201323
[2021-08-20 08:16:45,749] [log.py:228] [log:log_response] [WARNING]- Not Found: /media/DeviceLNV/Device/1515.jpg
[2021-08-20 08:16:45,750] [basehttp.py:154] [basehttp:log_message] [WARNING]- "GET /media/DeviceLNV/Device/1515.jpg HTTP/1.1" 404 1803
[2021-08-20 08:16:45,756] [log.py:228] [log:log_response] [WARNING]- Not Found: /media/DeviceLNV/Device/1514.jpg
[2021-08-20 08:16:45,757] [basehttp.py:154] [basehttp:log_message] [WARNING]- "GET /media/DeviceLNV/Device/1514.jpg HTTP/1.1" 404 1803
[2021-08-20 08:16:45,763] [basehttp.py:154] [basehttp:log_message] [INFO]- "GET /media/DeviceLNV/Device/1513.jpg HTTP/1.1" 200 215360
[2021-08-20 08:16:54,653] [basehttp.py:154] [basehttp:log_message] [INFO]- "GET /DeviceLNV/R_Borrowed/ HTTP/1.1" 200 43259
[2021-08-20 08:16:54,763] [basehttp.py:154] [basehttp:log_message] [INFO]- "GET /DeviceLNV/R_Borrowed/ HTTP/1.1" 200 43259
[2021-08-20 08:16:54,792] [basehttp.py:154] [basehttp:log_message] [WARNING]- "GET /static/css/bootstrap.min.css.map HTTP/1.1" 404 1800
[2021-08-20 08:16:54,800] [basehttp.py:154] [basehttp:log_message] [WARNING]- "GET /static/js/lib/bootstrap.min.js.map HTTP/1.1" 404 1806
[2021-08-20 08:16:54,886] [basehttp.py:154] [basehttp:log_message] [WARNING]- "GET /static/js/axios.min.map HTTP/1.1" 404 1773
[2021-08-20 08:16:55,062] [UserIP.py:87] [UserIP:process_response] [INFO]- 2021-08-20 08:16:55 C1010S3>cao. edwin None>LAPTOP-VA9VPAO8>417 127.0.0.1 127.0.0.1 /DeviceLNV/R_Borrowed/ POST
[2021-08-20 08:16:55,075] [basehttp.py:154] [basehttp:log_message] [INFO]- "POST /DeviceLNV/R_Borrowed/ HTTP/1.1" 200 1368
[2021-08-20 08:16:55,085] [basehttp.py:154] [basehttp:log_message] [INFO]- "GET /favicon.ico HTTP/1.1" 200 14289
[2021-08-20 08:16:55,103] [basehttp.py:154] [basehttp:log_message] [WARNING]- "GET /static/images/1514.jpg HTTP/1.1" 404 1770
[2021-08-20 08:17:00,873] [UserIP.py:87] [UserIP:process_response] [INFO]- 2021-08-20 08:17:00 C1010S3>cao. edwin None>LAPTOP-VA9VPAO8>417 127.0.0.1 127.0.0.1 /DeviceLNV/R_Borrowed/ POST
[2021-08-20 08:17:00,882] [basehttp.py:154] [basehttp:log_message] [INFO]- "POST /DeviceLNV/R_Borrowed/ HTTP/1.1" 200 458
[2021-08-20 08:17:06,850] [basehttp.py:154] [basehttp:log_message] [INFO]- "GET /DeviceLNV/R_Return/ HTTP/1.1" 200 38239
[2021-08-20 08:17:06,924] [basehttp.py:154] [basehttp:log_message] [INFO]- "GET /DeviceLNV/R_Return/ HTTP/1.1" 200 38239
[2021-08-20 08:17:06,953] [basehttp.py:154] [basehttp:log_message] [WARNING]- "GET /static/css/bootstrap.min.css.map HTTP/1.1" 404 1800
[2021-08-20 08:17:06,959] [basehttp.py:154] [basehttp:log_message] [WARNING]- "GET /static/js/lib/bootstrap.min.js.map HTTP/1.1" 404 1806
[2021-08-20 08:17:07,047] [basehttp.py:154] [basehttp:log_message] [WARNING]- "GET /static/js/axios.min.map HTTP/1.1" 404 1773
[2021-08-20 08:17:07,200] [UserIP.py:87] [UserIP:process_response] [INFO]- 2021-08-20 08:17:07 C1010S3>cao. edwin None>LAPTOP-VA9VPAO8>417 127.0.0.1 127.0.0.1 /DeviceLNV/R_Return/ POST
[2021-08-20 08:17:07,209] [basehttp.py:154] [basehttp:log_message] [INFO]- "POST /DeviceLNV/R_Return/ HTTP/1.1" 200 1380
[2021-08-20 08:17:07,231] [basehttp.py:154] [basehttp:log_message] [WARNING]- "GET /static/images/1514.jpg HTTP/1.1" 404 1770
[2021-08-20 08:17:07,250] [basehttp.py:154] [basehttp:log_message] [INFO]- "GET /favicon.ico HTTP/1.1" 200 14289
[2021-08-20 08:18:47,535] [UserIP.py:87] [UserIP:process_response] [INFO]- 2021-08-20 08:18:47 C1010S3>cao. edwin None>LAPTOP-VA9VPAO8>417 127.0.0.1 127.0.0.1 /DeviceLNV/R_Return/ POST
[2021-08-20 08:18:47,546] [basehttp.py:154] [basehttp:log_message] [INFO]- "POST /DeviceLNV/R_Return/ HTTP/1.1" 200 1380
[2021-08-20 08:19:03,345] [UserIP.py:87] [UserIP:process_response] [INFO]- 2021-08-20 08:19:03 C1010S3>cao. edwin None>LAPTOP-VA9VPAO8>417 127.0.0.1 127.0.0.1 /DeviceLNV/R_Return/ POST
[2021-08-20 08:19:03,355] [basehttp.py:154] [basehttp:log_message] [INFO]- "POST /DeviceLNV/R_Return/ HTTP/1.1" 200 474
[2021-08-20 08:19:11,615] [UserIP.py:87] [UserIP:process_response] [INFO]- 2021-08-20 08:19:11 C1010S3>cao. edwin None>LAPTOP-VA9VPAO8>417 127.0.0.1 127.0.0.1 /DeviceLNV/R_Return/ POST
[2021-08-20 08:19:11,625] [basehttp.py:154] [basehttp:log_message] [INFO]- "POST /DeviceLNV/R_Return/ HTTP/1.1" 200 2229
[2021-08-20 08:19:11,643] [basehttp.py:154] [basehttp:log_message] [WARNING]- "GET /static/images/2156.jpg HTTP/1.1" 404 1770
[2021-08-20 08:20:17,233] [UserIP.py:87] [UserIP:process_response] [INFO]- 2021-08-20 08:20:17 C1010S3>cao. edwin None>LAPTOP-VA9VPAO8>417 127.0.0.1 127.0.0.1 /DeviceLNV/R_Return/ POST
[2021-08-20 08:20:17,243] [basehttp.py:154] [basehttp:log_message] [INFO]- "POST /DeviceLNV/R_Return/ HTTP/1.1" 200 458
