[2021-03-18 14:28:31,805] [basehttp.py:154] [basehttp:log_message] [ERROR]- "GET /admin/AdapterPowerCode/adapterpowercodebr/ HTTP/1.1" 500 59
[2021-03-18 14:49:46,698] [log.py:228] [log:log_response] [ERROR]- Internal Server Error: /SysAdmin/UserInfo-edit/
Traceback (most recent call last):
  File "C:\Python372\mecheck\lib\site-packages\django\db\models\options.py", line 564, in get_field
    return self.fields_map[field_name]
KeyError: 'Email'

During handling of the above exception, another exception occurred:

Traceback (most recent call last):
  File "C:\Python372\mecheck\lib\site-packages\django\core\handlers\exception.py", line 34, in inner
    response = get_response(request)
  File "C:\Python372\mecheck\lib\site-packages\django\core\handlers\base.py", line 126, in _get_response
    response = self.process_exception_by_middleware(e, request)
  File "C:\Python372\mecheck\lib\site-packages\django\core\handlers\base.py", line 124, in _get_response
    response = wrapped_callback(request, *callback_args, **callback_kwargs)
  File "C:\Python372\mecheck\lib\site-packages\django\views\decorators\csrf.py", line 54, in wrapped_view
    return view_func(*args, **kwargs)
  File "C:\djangoproject\DMS\app01\views.py", line 235, in UserInfoedit
    UserInfo.objects.filter(id=id).update(**updatedic)
  File "C:\Python372\mecheck\lib\site-packages\django\db\models\query.py", line 689, in update
    query.add_update_values(kwargs)
  File "C:\Python372\mecheck\lib\site-packages\django\db\models\sql\subqueries.py", line 117, in add_update_values
    field = self.get_meta().get_field(name)
  File "C:\Python372\mecheck\lib\site-packages\django\db\models\options.py", line 566, in get_field
    raise FieldDoesNotExist("%s has no field named '%s'" % (self.object_name, field_name))
django.core.exceptions.FieldDoesNotExist: UserInfo has no field named 'Email'
[2021-03-18 14:49:46,710] [basehttp.py:154] [basehttp:log_message] [ERROR]- "POST /SysAdmin/UserInfo-edit/ HTTP/1.1" 500 100212
[2021-03-18 14:52:25,147] [log.py:228] [log:log_response] [ERROR]- Internal Server Error: /SysAdmin/UserInfo-edit/
Traceback (most recent call last):
  File "C:\Python372\mecheck\lib\site-packages\django\core\handlers\exception.py", line 34, in inner
    response = get_response(request)
  File "C:\Python372\mecheck\lib\site-packages\django\core\handlers\base.py", line 126, in _get_response
    response = self.process_exception_by_middleware(e, request)
  File "C:\Python372\mecheck\lib\site-packages\django\core\handlers\base.py", line 124, in _get_response
    response = wrapped_callback(request, *callback_args, **callback_kwargs)
  File "C:\Python372\mecheck\lib\site-packages\django\views\decorators\csrf.py", line 54, in wrapped_view
    return view_func(*args, **kwargs)
  File "C:\djangoproject\DMS\app01\views.py", line 238, in UserInfoedit
    id=id).first().Portrait.all():  # 每次接受图片前清除原来的图片，而不是叠加
AttributeError: 'UserInfo' object has no attribute 'Portrait'
[2021-03-18 14:52:25,148] [basehttp.py:154] [basehttp:log_message] [ERROR]- "POST /SysAdmin/UserInfo-edit/ HTTP/1.1" 500 83125
[2021-03-18 14:52:57,267] [log.py:228] [log:log_response] [ERROR]- Internal Server Error: /SysAdmin/UserInfo-edit/
Traceback (most recent call last):
  File "C:\Python372\mecheck\lib\site-packages\django\core\handlers\exception.py", line 34, in inner
    response = get_response(request)
  File "C:\Python372\mecheck\lib\site-packages\django\core\handlers\base.py", line 126, in _get_response
    response = self.process_exception_by_middleware(e, request)
  File "C:\Python372\mecheck\lib\site-packages\django\core\handlers\base.py", line 124, in _get_response
    response = wrapped_callback(request, *callback_args, **callback_kwargs)
  File "C:\Python372\mecheck\lib\site-packages\django\views\decorators\csrf.py", line 54, in wrapped_view
    return view_func(*args, **kwargs)
  File "C:\djangoproject\DMS\app01\views.py", line 249, in UserInfoedit
    UserInfo.objects.filter(id=id).first().Portrait.add(empt)
AttributeError: 'UserInfo' object has no attribute 'Portrait'
[2021-03-18 14:52:57,269] [basehttp.py:154] [basehttp:log_message] [ERROR]- "POST /SysAdmin/UserInfo-edit/ HTTP/1.1" 500 83251
[2021-03-18 15:45:27,719] [log.py:228] [log:log_response] [ERROR]- Internal Server Error: /index/
Traceback (most recent call last):
  File "C:\Python372\mecheck\lib\site-packages\django\core\handlers\exception.py", line 34, in inner
    response = get_response(request)
  File "C:\Python372\mecheck\lib\site-packages\django\core\handlers\base.py", line 126, in _get_response
    response = self.process_exception_by_middleware(e, request)
  File "C:\Python372\mecheck\lib\site-packages\django\core\handlers\base.py", line 124, in _get_response
    response = wrapped_callback(request, *callback_args, **callback_kwargs)
  File "C:\Python372\mecheck\lib\site-packages\django\views\decorators\csrf.py", line 54, in wrapped_view
    return view_func(*args, **kwargs)
  File "C:\djangoproject\DMS\app01\views.py", line 111, in index
    for i in Role.objects.all:
TypeError: 'method' object is not iterable
[2021-03-18 15:45:27,720] [basehttp.py:154] [basehttp:log_message] [ERROR]- "GET /index/ HTTP/1.1" 500 78483
[2021-03-18 15:47:49,260] [log.py:228] [log:log_response] [ERROR]- Internal Server Error: /index/
Traceback (most recent call last):
  File "C:\Python372\mecheck\lib\site-packages\django\core\handlers\exception.py", line 34, in inner
    response = get_response(request)
  File "C:\Python372\mecheck\lib\site-packages\django\core\handlers\base.py", line 126, in _get_response
    response = self.process_exception_by_middleware(e, request)
  File "C:\Python372\mecheck\lib\site-packages\django\core\handlers\base.py", line 124, in _get_response
    response = wrapped_callback(request, *callback_args, **callback_kwargs)
  File "C:\Python372\mecheck\lib\site-packages\django\views\decorators\csrf.py", line 54, in wrapped_view
    return view_func(*args, **kwargs)
  File "C:\djangoproject\DMS\app01\views.py", line 121, in index
    "pic": per_admin.Photo.all().first().img.name, "EnglishName": per_admin.username, "groupNumber": per_admin.account,
AttributeError: 'NoneType' object has no attribute 'img'
[2021-03-18 15:47:49,262] [basehttp.py:154] [basehttp:log_message] [ERROR]- "GET /index/ HTTP/1.1" 500 79073
[2021-03-18 15:51:14,769] [log.py:228] [log:log_response] [ERROR]- Internal Server Error: /index/
Traceback (most recent call last):
  File "C:\Python372\mecheck\lib\site-packages\django\core\handlers\exception.py", line 34, in inner
    response = get_response(request)
  File "C:\Python372\mecheck\lib\site-packages\django\core\handlers\base.py", line 126, in _get_response
    response = self.process_exception_by_middleware(e, request)
  File "C:\Python372\mecheck\lib\site-packages\django\core\handlers\base.py", line 124, in _get_response
    response = wrapped_callback(request, *callback_args, **callback_kwargs)
  File "C:\Python372\mecheck\lib\site-packages\django\views\decorators\csrf.py", line 54, in wrapped_view
    return view_func(*args, **kwargs)
  File "C:\djangoproject\DMS\app01\views.py", line 126, in index
    tableData['pic'] = per_admin.username
TypeError: list indices must be integers or slices, not str
[2021-03-18 15:51:14,771] [basehttp.py:154] [basehttp:log_message] [ERROR]- "GET /index/ HTTP/1.1" 500 79194
[2021-03-18 15:59:32,363] [log.py:228] [log:log_response] [ERROR]- Internal Server Error: /index/
Traceback (most recent call last):
  File "C:\Python372\mecheck\lib\site-packages\django\core\handlers\exception.py", line 34, in inner
    response = get_response(request)
  File "C:\Python372\mecheck\lib\site-packages\django\core\handlers\base.py", line 126, in _get_response
    response = self.process_exception_by_middleware(e, request)
  File "C:\Python372\mecheck\lib\site-packages\django\core\handlers\base.py", line 124, in _get_response
    response = wrapped_callback(request, *callback_args, **callback_kwargs)
  File "C:\Python372\mecheck\lib\site-packages\django\views\decorators\csrf.py", line 54, in wrapped_view
    return view_func(*args, **kwargs)
  File "C:\djangoproject\DMS\app01\views.py", line 127, in index
    peradmininfo['pic'] = '/media/' + per_admin.Photo.all().first().img
TypeError: can only concatenate str (not "ImageFieldFile") to str
[2021-03-18 15:59:32,364] [basehttp.py:154] [basehttp:log_message] [ERROR]- "GET /index/ HTTP/1.1" 500 79359
