[2020-06-04 12:18:07,416] [log.py:228] [log:log_response] [ERROR]- Internal Server Error: /mongotest/mongotest-upload/
Traceback (most recent call last):
  File "C:\Python372\mecheck\lib\site-packages\django\core\handlers\exception.py", line 34, in inner
    response = get_response(request)
  File "C:\Python372\mecheck\lib\site-packages\django\core\handlers\base.py", line 126, in _get_response
    response = self.process_exception_by_middleware(e, request)
  File "C:\Python372\mecheck\lib\site-packages\django\core\handlers\base.py", line 124, in _get_response
    response = wrapped_callback(request, *callback_args, **callback_kwargs)
TypeError: __init__() takes 1 positional argument but 2 were given
[2020-06-04 12:18:07,418] [basehttp.py:154] [basehttp:log_message] [ERROR]- "GET /mongotest/mongotest-upload/ HTTP/1.1" 500 70191
[2020-06-04 13:16:25,661] [log.py:228] [log:log_response] [ERROR]- Internal Server Error: /mongotest/mongotest-upload/
Traceback (most recent call last):
  File "C:\Python372\mecheck\lib\site-packages\django\core\handlers\exception.py", line 34, in inner
    response = get_response(request)
  File "C:\Python372\mecheck\lib\site-packages\django\core\handlers\base.py", line 126, in _get_response
    response = self.process_exception_by_middleware(e, request)
  File "C:\Python372\mecheck\lib\site-packages\django\core\handlers\base.py", line 124, in _get_response
    response = wrapped_callback(request, *callback_args, **callback_kwargs)
TypeError: __init__() takes 1 positional argument but 2 were given
[2020-06-04 13:16:25,662] [basehttp.py:154] [basehttp:log_message] [ERROR]- "GET /mongotest/mongotest-upload/ HTTP/1.1" 500 70245
[2020-06-04 13:16:59,812] [log.py:228] [log:log_response] [ERROR]- Internal Server Error: /mongotest/mongotest-upload/
Traceback (most recent call last):
  File "C:\Python372\mecheck\lib\site-packages\django\core\handlers\exception.py", line 34, in inner
    response = get_response(request)
  File "C:\Python372\mecheck\lib\site-packages\django\core\handlers\base.py", line 126, in _get_response
    response = self.process_exception_by_middleware(e, request)
  File "C:\Python372\mecheck\lib\site-packages\django\core\handlers\base.py", line 124, in _get_response
    response = wrapped_callback(request, *callback_args, **callback_kwargs)
TypeError: __init__() takes 1 positional argument but 2 were given
[2020-06-04 13:16:59,813] [basehttp.py:154] [basehttp:log_message] [ERROR]- "GET /mongotest/mongotest-upload/ HTTP/1.1" 500 70110
[2020-06-04 13:17:59,518] [log.py:228] [log:log_response] [ERROR]- Internal Server Error: /mongotest/mongotest-upload/
Traceback (most recent call last):
  File "C:\Python372\mecheck\lib\site-packages\django\core\handlers\exception.py", line 34, in inner
    response = get_response(request)
  File "C:\Python372\mecheck\lib\site-packages\django\core\handlers\base.py", line 126, in _get_response
    response = self.process_exception_by_middleware(e, request)
  File "C:\Python372\mecheck\lib\site-packages\django\core\handlers\base.py", line 124, in _get_response
    response = wrapped_callback(request, *callback_args, **callback_kwargs)
TypeError: __init__() takes 1 positional argument but 2 were given
[2020-06-04 13:17:59,518] [basehttp.py:154] [basehttp:log_message] [ERROR]- "GET /mongotest/mongotest-upload/ HTTP/1.1" 500 70245
[2020-06-04 13:23:08,331] [log.py:228] [log:log_response] [ERROR]- Internal Server Error: /mongotest/mongotest-upload/
Traceback (most recent call last):
  File "C:\Python372\mecheck\lib\site-packages\django\core\handlers\exception.py", line 34, in inner
    response = get_response(request)
  File "C:\Python372\mecheck\lib\site-packages\django\core\handlers\base.py", line 126, in _get_response
    response = self.process_exception_by_middleware(e, request)
  File "C:\Python372\mecheck\lib\site-packages\django\core\handlers\base.py", line 124, in _get_response
    response = wrapped_callback(request, *callback_args, **callback_kwargs)
TypeError: __init__() takes 1 positional argument but 2 were given
[2020-06-04 13:23:08,332] [basehttp.py:154] [basehttp:log_message] [ERROR]- "GET /mongotest/mongotest-upload/ HTTP/1.1" 500 70245
[2020-06-04 13:28:05,770] [log.py:228] [log:log_response] [ERROR]- Internal Server Error: /mongotest/mongotest-upload/
Traceback (most recent call last):
  File "C:\Python372\mecheck\lib\site-packages\django\core\handlers\exception.py", line 34, in inner
    response = get_response(request)
  File "C:\Python372\mecheck\lib\site-packages\django\core\handlers\base.py", line 126, in _get_response
    response = self.process_exception_by_middleware(e, request)
  File "C:\Python372\mecheck\lib\site-packages\django\core\handlers\base.py", line 124, in _get_response
    response = wrapped_callback(request, *callback_args, **callback_kwargs)
  File "C:\Python372\mecheck\lib\site-packages\django\views\decorators\csrf.py", line 54, in wrapped_view
    return view_func(*args, **kwargs)
  File "C:\Python372\mecheck\lib\site-packages\django\views\generic\base.py", line 68, in view
    return self.dispatch(request, *args, **kwargs)
  File "C:\Python372\mecheck\lib\site-packages\rest_framework\views.py", line 505, in dispatch
    response = self.handle_exception(exc)
  File "C:\Python372\mecheck\lib\site-packages\rest_framework\views.py", line 465, in handle_exception
    self.raise_uncaught_exception(exc)
  File "C:\Python372\mecheck\lib\site-packages\rest_framework\views.py", line 476, in raise_uncaught_exception
    raise exc
  File "C:\Python372\mecheck\lib\site-packages\rest_framework\views.py", line 502, in dispatch
    response = handler(request, *args, **kwargs)
  File "C:\djangoproject\Reliability_Row_data\mongotest\views.py", line 11, in post
    name = request.data["name"]
KeyError: 'name'
[2020-06-04 13:28:05,772] [basehttp.py:154] [basehttp:log_message] [ERROR]- "POST /mongotest/mongotest-upload/ HTTP/1.1" 500 99628
[2020-06-04 13:29:39,825] [log.py:228] [log:log_response] [ERROR]- Internal Server Error: /mongotest/mongotest-upload/
Traceback (most recent call last):
  File "C:\Python372\mecheck\lib\site-packages\django\core\handlers\exception.py", line 34, in inner
    response = get_response(request)
  File "C:\Python372\mecheck\lib\site-packages\django\core\handlers\base.py", line 126, in _get_response
    response = self.process_exception_by_middleware(e, request)
  File "C:\Python372\mecheck\lib\site-packages\django\core\handlers\base.py", line 124, in _get_response
    response = wrapped_callback(request, *callback_args, **callback_kwargs)
  File "C:\Python372\mecheck\lib\site-packages\django\views\decorators\csrf.py", line 54, in wrapped_view
    return view_func(*args, **kwargs)
  File "C:\Python372\mecheck\lib\site-packages\django\views\generic\base.py", line 68, in view
    return self.dispatch(request, *args, **kwargs)
  File "C:\Python372\mecheck\lib\site-packages\rest_framework\views.py", line 505, in dispatch
    response = self.handle_exception(exc)
  File "C:\Python372\mecheck\lib\site-packages\rest_framework\views.py", line 465, in handle_exception
    self.raise_uncaught_exception(exc)
  File "C:\Python372\mecheck\lib\site-packages\rest_framework\views.py", line 476, in raise_uncaught_exception
    raise exc
  File "C:\Python372\mecheck\lib\site-packages\rest_framework\views.py", line 502, in dispatch
    response = handler(request, *args, **kwargs)
  File "C:\djangoproject\Reliability_Row_data\mongotest\views.py", line 11, in post
    name = request.data["name"]
KeyError: 'name'
[2020-06-04 13:29:39,827] [basehttp.py:154] [basehttp:log_message] [ERROR]- "POST /mongotest/mongotest-upload/ HTTP/1.1" 500 99628
[2020-06-04 13:33:22,433] [log.py:228] [log:log_response] [ERROR]- Internal Server Error: /mongotest/mongotest-upload/
Traceback (most recent call last):
  File "C:\Python372\mecheck\lib\site-packages\django\core\handlers\exception.py", line 34, in inner
    response = get_response(request)
  File "C:\Python372\mecheck\lib\site-packages\django\core\handlers\base.py", line 126, in _get_response
    response = self.process_exception_by_middleware(e, request)
  File "C:\Python372\mecheck\lib\site-packages\django\core\handlers\base.py", line 124, in _get_response
    response = wrapped_callback(request, *callback_args, **callback_kwargs)
  File "C:\Python372\mecheck\lib\site-packages\django\views\decorators\csrf.py", line 54, in wrapped_view
    return view_func(*args, **kwargs)
  File "C:\Python372\mecheck\lib\site-packages\django\views\generic\base.py", line 68, in view
    return self.dispatch(request, *args, **kwargs)
  File "C:\Python372\mecheck\lib\site-packages\rest_framework\views.py", line 505, in dispatch
    response = self.handle_exception(exc)
  File "C:\Python372\mecheck\lib\site-packages\rest_framework\views.py", line 465, in handle_exception
    self.raise_uncaught_exception(exc)
  File "C:\Python372\mecheck\lib\site-packages\rest_framework\views.py", line 476, in raise_uncaught_exception
    raise exc
  File "C:\Python372\mecheck\lib\site-packages\rest_framework\views.py", line 502, in dispatch
    response = handler(request, *args, **kwargs)
  File "C:\djangoproject\Reliability_Row_data\mongotest\views.py", line 11, in post
    name = request.data["name"]
TypeError: 'int' object is not subscriptable
[2020-06-04 13:33:22,435] [basehttp.py:154] [basehttp:log_message] [ERROR]- "POST /mongotest/mongotest-upload/ HTTP/1.1" 500 99836
[2020-06-04 13:35:00,082] [log.py:228] [log:log_response] [ERROR]- Internal Server Error: /mongotest/mongotest-upload/
Traceback (most recent call last):
  File "C:\Python372\mecheck\lib\site-packages\mongoengine\document.py", line 408, in save
    object_id = self._save_create(doc, force_insert, write_concern)
  File "C:\Python372\mecheck\lib\site-packages\mongoengine\document.py", line 463, in _save_create
    return wc_collection.insert_one(doc).inserted_id
  File "C:\Python372\mecheck\lib\site-packages\pymongo\collection.py", line 698, in insert_one
    session=session),
  File "C:\Python372\mecheck\lib\site-packages\pymongo\collection.py", line 612, in _insert
    bypass_doc_val, session)
  File "C:\Python372\mecheck\lib\site-packages\pymongo\collection.py", line 600, in _insert_one
    acknowledged, _insert_command, session)
  File "C:\Python372\mecheck\lib\site-packages\pymongo\mongo_client.py", line 1491, in _retryable_write
    return self._retry_with_session(retryable, func, s, None)
  File "C:\Python372\mecheck\lib\site-packages\pymongo\mongo_client.py", line 1377, in _retry_with_session
    with self._get_socket(server, session) as sock_info:
  File "C:\Python372\lib\contextlib.py", line 112, in __enter__
    return next(self.gen)
  File "C:\Python372\mecheck\lib\site-packages\pymongo\mongo_client.py", line 1222, in _get_socket
    self.__all_credentials, checkout=exhaust) as sock_info:
  File "C:\Python372\lib\contextlib.py", line 112, in __enter__
    return next(self.gen)
  File "C:\Python372\mecheck\lib\site-packages\pymongo\pool.py", line 1138, in get_socket
    sock_info.check_auth(all_credentials)
  File "C:\Python372\mecheck\lib\site-packages\pymongo\pool.py", line 712, in check_auth
    auth.authenticate(credentials, self)
  File "C:\Python372\mecheck\lib\site-packages\pymongo\auth.py", line 564, in authenticate
    auth_func(credentials, sock_info)
  File "C:\Python372\mecheck\lib\site-packages\pymongo\auth.py", line 539, in _authenticate_default
    return _authenticate_scram(credentials, sock_info, 'SCRAM-SHA-1')
  File "C:\Python372\mecheck\lib\site-packages\pymongo\auth.py", line 263, in _authenticate_scram
    res = sock_info.command(source, cmd)
  File "C:\Python372\mecheck\lib\site-packages\pymongo\pool.py", line 613, in command
    user_fields=user_fields)
  File "C:\Python372\mecheck\lib\site-packages\pymongo\network.py", line 167, in command
    parse_write_concern_error=parse_write_concern_error)
  File "C:\Python372\mecheck\lib\site-packages\pymongo\helpers.py", line 159, in _check_command_response
    raise OperationFailure(msg % errmsg, code, response)
pymongo.errors.OperationFailure: Authentication failed.

During handling of the above exception, another exception occurred:

Traceback (most recent call last):
  File "C:\Python372\mecheck\lib\site-packages\django\core\handlers\exception.py", line 34, in inner
    response = get_response(request)
  File "C:\Python372\mecheck\lib\site-packages\django\core\handlers\base.py", line 126, in _get_response
    response = self.process_exception_by_middleware(e, request)
  File "C:\Python372\mecheck\lib\site-packages\django\core\handlers\base.py", line 124, in _get_response
    response = wrapped_callback(request, *callback_args, **callback_kwargs)
  File "C:\Python372\mecheck\lib\site-packages\django\views\decorators\csrf.py", line 54, in wrapped_view
    return view_func(*args, **kwargs)
  File "C:\Python372\mecheck\lib\site-packages\django\views\generic\base.py", line 68, in view
    return self.dispatch(request, *args, **kwargs)
  File "C:\Python372\mecheck\lib\site-packages\rest_framework\views.py", line 505, in dispatch
    response = self.handle_exception(exc)
  File "C:\Python372\mecheck\lib\site-packages\rest_framework\views.py", line 465, in handle_exception
    self.raise_uncaught_exception(exc)
  File "C:\Python372\mecheck\lib\site-packages\rest_framework\views.py", line 476, in raise_uncaught_exception
    raise exc
  File "C:\Python372\mecheck\lib\site-packages\rest_framework\views.py", line 502, in dispatch
    response = handler(request, *args, **kwargs)
  File "C:\djangoproject\Reliability_Row_data\mongotest\views.py", line 14, in post
    StudentModel.objects.create(name=name, age=age, password=password)
  File "C:\Python372\mecheck\lib\site-packages\mongoengine\queryset\base.py", line 281, in create
    return self._document(**kwargs).save(force_insert=True)
  File "C:\Python372\mecheck\lib\site-packages\mongoengine\document.py", line 439, in save
    raise OperationError(message % err)
mongoengine.errors.OperationError: Could not save document (Authentication failed.)
[2020-06-04 13:35:00,092] [basehttp.py:154] [basehttp:log_message] [ERROR]- "POST /mongotest/mongotest-upload/ HTTP/1.1" 500 211079
[2020-06-04 13:39:51,164] [log.py:228] [log:log_response] [ERROR]- Internal Server Error: /mongotest/mongotest-upload/
Traceback (most recent call last):
  File "C:\Python372\mecheck\lib\site-packages\django\core\handlers\exception.py", line 34, in inner
    response = get_response(request)
  File "C:\Python372\mecheck\lib\site-packages\django\core\handlers\base.py", line 126, in _get_response
    response = self.process_exception_by_middleware(e, request)
  File "C:\Python372\mecheck\lib\site-packages\django\core\handlers\base.py", line 124, in _get_response
    response = wrapped_callback(request, *callback_args, **callback_kwargs)
  File "C:\Python372\mecheck\lib\site-packages\django\views\decorators\csrf.py", line 54, in wrapped_view
    return view_func(*args, **kwargs)
  File "C:\Python372\mecheck\lib\site-packages\django\views\generic\base.py", line 68, in view
    return self.dispatch(request, *args, **kwargs)
  File "C:\Python372\mecheck\lib\site-packages\rest_framework\views.py", line 505, in dispatch
    response = self.handle_exception(exc)
  File "C:\Python372\mecheck\lib\site-packages\rest_framework\views.py", line 465, in handle_exception
    self.raise_uncaught_exception(exc)
  File "C:\Python372\mecheck\lib\site-packages\rest_framework\views.py", line 476, in raise_uncaught_exception
    raise exc
  File "C:\Python372\mecheck\lib\site-packages\rest_framework\views.py", line 502, in dispatch
    response = handler(request, *args, **kwargs)
  File "C:\djangoproject\Reliability_Row_data\mongotest\views.py", line 12, in post
    name = request.data["name"]
KeyError: 'name'
[2020-06-04 13:39:51,166] [basehttp.py:154] [basehttp:log_message] [ERROR]- "POST /mongotest/mongotest-upload/ HTTP/1.1" 500 99584
[2020-06-04 13:40:36,076] [log.py:228] [log:log_response] [ERROR]- Internal Server Error: /mongotest/mongotest-upload/
Traceback (most recent call last):
  File "C:\Python372\mecheck\lib\site-packages\django\core\handlers\exception.py", line 34, in inner
    response = get_response(request)
  File "C:\Python372\mecheck\lib\site-packages\django\core\handlers\base.py", line 126, in _get_response
    response = self.process_exception_by_middleware(e, request)
  File "C:\Python372\mecheck\lib\site-packages\django\core\handlers\base.py", line 124, in _get_response
    response = wrapped_callback(request, *callback_args, **callback_kwargs)
  File "C:\Python372\mecheck\lib\site-packages\django\views\decorators\csrf.py", line 54, in wrapped_view
    return view_func(*args, **kwargs)
  File "C:\Python372\mecheck\lib\site-packages\django\views\generic\base.py", line 68, in view
    return self.dispatch(request, *args, **kwargs)
  File "C:\Python372\mecheck\lib\site-packages\rest_framework\views.py", line 505, in dispatch
    response = self.handle_exception(exc)
  File "C:\Python372\mecheck\lib\site-packages\rest_framework\views.py", line 465, in handle_exception
    self.raise_uncaught_exception(exc)
  File "C:\Python372\mecheck\lib\site-packages\rest_framework\views.py", line 476, in raise_uncaught_exception
    raise exc
  File "C:\Python372\mecheck\lib\site-packages\rest_framework\views.py", line 502, in dispatch
    response = handler(request, *args, **kwargs)
  File "C:\djangoproject\Reliability_Row_data\mongotest\views.py", line 12, in post
    name = request.data["name"]
KeyError: 'name'
[2020-06-04 13:40:36,078] [basehttp.py:154] [basehttp:log_message] [ERROR]- "POST /mongotest/mongotest-upload/ HTTP/1.1" 500 99611
[2020-06-04 13:41:32,583] [log.py:228] [log:log_response] [ERROR]- Internal Server Error: /mongotest/mongotest-upload/
Traceback (most recent call last):
  File "C:\Python372\mecheck\lib\site-packages\django\core\handlers\exception.py", line 34, in inner
    response = get_response(request)
  File "C:\Python372\mecheck\lib\site-packages\django\core\handlers\base.py", line 126, in _get_response
    response = self.process_exception_by_middleware(e, request)
  File "C:\Python372\mecheck\lib\site-packages\django\core\handlers\base.py", line 124, in _get_response
    response = wrapped_callback(request, *callback_args, **callback_kwargs)
  File "C:\Python372\mecheck\lib\site-packages\django\views\decorators\csrf.py", line 54, in wrapped_view
    return view_func(*args, **kwargs)
  File "C:\Python372\mecheck\lib\site-packages\django\views\generic\base.py", line 68, in view
    return self.dispatch(request, *args, **kwargs)
  File "C:\Python372\mecheck\lib\site-packages\rest_framework\views.py", line 505, in dispatch
    response = self.handle_exception(exc)
  File "C:\Python372\mecheck\lib\site-packages\rest_framework\views.py", line 465, in handle_exception
    self.raise_uncaught_exception(exc)
  File "C:\Python372\mecheck\lib\site-packages\rest_framework\views.py", line 476, in raise_uncaught_exception
    raise exc
  File "C:\Python372\mecheck\lib\site-packages\rest_framework\views.py", line 502, in dispatch
    response = handler(request, *args, **kwargs)
  File "C:\djangoproject\Reliability_Row_data\mongotest\views.py", line 13, in post
    name = request.data["name"]
KeyError: 'name'
[2020-06-04 13:41:32,587] [basehttp.py:154] [basehttp:log_message] [ERROR]- "POST /mongotest/mongotest-upload/ HTTP/1.1" 500 99622
[2020-06-05 08:42:39,269] [log.py:228] [log:log_response] [ERROR]- Internal Server Error: /mongotest/mongotest-upload/
Traceback (most recent call last):
  File "C:\Python372\mecheck\lib\site-packages\django\core\handlers\exception.py", line 34, in inner
    response = get_response(request)
  File "C:\Python372\mecheck\lib\site-packages\django\core\handlers\base.py", line 126, in _get_response
    response = self.process_exception_by_middleware(e, request)
  File "C:\Python372\mecheck\lib\site-packages\django\core\handlers\base.py", line 124, in _get_response
    response = wrapped_callback(request, *callback_args, **callback_kwargs)
  File "C:\Python372\mecheck\lib\site-packages\django\views\decorators\csrf.py", line 54, in wrapped_view
    return view_func(*args, **kwargs)
  File "C:\Python372\mecheck\lib\site-packages\django\views\generic\base.py", line 68, in view
    return self.dispatch(request, *args, **kwargs)
  File "C:\Python372\mecheck\lib\site-packages\rest_framework\views.py", line 505, in dispatch
    response = self.handle_exception(exc)
  File "C:\Python372\mecheck\lib\site-packages\rest_framework\views.py", line 465, in handle_exception
    self.raise_uncaught_exception(exc)
  File "C:\Python372\mecheck\lib\site-packages\rest_framework\views.py", line 476, in raise_uncaught_exception
    raise exc
  File "C:\Python372\mecheck\lib\site-packages\rest_framework\views.py", line 502, in dispatch
    response = handler(request, *args, **kwargs)
  File "C:\djangoproject\Reliability_Row_data\mongotest\views.py", line 13, in post
    name = request.data["name"]
TypeError: string indices must be integers
[2020-06-05 08:42:39,270] [basehttp.py:154] [basehttp:log_message] [ERROR]- "POST /mongotest/mongotest-upload/ HTTP/1.1" 500 99762
