[2020-04-20 09:07:05,850] [log.py:228] [log:log_response] [ERROR]- Internal Server Error: /TestPlanSW/TestPlanSW-edit/
Traceback (most recent call last):
  File "C:\Python372\mecheck\lib\site-packages\django\core\handlers\exception.py", line 34, in inner
    response = get_response(request)
  File "C:\Python372\mecheck\lib\site-packages\django\core\handlers\base.py", line 126, in _get_response
    response = self.process_exception_by_middleware(e, request)
  File "C:\Python372\mecheck\lib\site-packages\django\core\handlers\base.py", line 124, in _get_response
    response = wrapped_callback(request, *callback_args, **callback_kwargs)
  File "C:\djangoproject\Reliability_Row_data\TestPlanSW\views.py", line 1445, in TestPlanSW_Edit
    RetestItemSW.objects.create(**updatedic)
  File "C:\Python372\mecheck\lib\site-packages\django\db\models\manager.py", line 82, in manager_method
    return getattr(self.get_queryset(), name)(*args, **kwargs)
  File "C:\Python372\mecheck\lib\site-packages\django\db\models\query.py", line 413, in create
    obj.save(force_insert=True, using=self.db)
  File "C:\Python372\mecheck\lib\site-packages\django\db\models\base.py", line 718, in save
    force_update=force_update, update_fields=update_fields)
  File "C:\Python372\mecheck\lib\site-packages\django\db\models\base.py", line 748, in save_base
    updated = self._save_table(raw, cls, force_insert, force_update, using, update_fields)
  File "C:\Python372\mecheck\lib\site-packages\django\db\models\base.py", line 831, in _save_table
    result = self._do_insert(cls._base_manager, using, fields, update_pk, raw)
  File "C:\Python372\mecheck\lib\site-packages\django\db\models\base.py", line 869, in _do_insert
    using=using, raw=raw)
  File "C:\Python372\mecheck\lib\site-packages\django\db\models\manager.py", line 82, in manager_method
    return getattr(self.get_queryset(), name)(*args, **kwargs)
  File "C:\Python372\mecheck\lib\site-packages\django\db\models\query.py", line 1136, in _insert
    return query.get_compiler(using=using).execute_sql(return_id)
  File "C:\Python372\mecheck\lib\site-packages\django\db\models\sql\compiler.py", line 1288, in execute_sql
    for sql, params in self.as_sql():
  File "C:\Python372\mecheck\lib\site-packages\django\db\models\sql\compiler.py", line 1241, in as_sql
    for obj in self.query.objs
  File "C:\Python372\mecheck\lib\site-packages\django\db\models\sql\compiler.py", line 1241, in <listcomp>
    for obj in self.query.objs
  File "C:\Python372\mecheck\lib\site-packages\django\db\models\sql\compiler.py", line 1240, in <listcomp>
    [self.prepare_value(field, self.pre_save_val(field, obj)) for field in fields]
  File "C:\Python372\mecheck\lib\site-packages\django\db\models\sql\compiler.py", line 1182, in prepare_value
    value = field.get_db_prep_save(value, connection=self.connection)
  File "C:\Python372\mecheck\lib\site-packages\django\db\models\fields\__init__.py", line 790, in get_db_prep_save
    return self.get_db_prep_value(value, connection=connection, prepared=False)
  File "C:\Python372\mecheck\lib\site-packages\django\db\models\fields\__init__.py", line 785, in get_db_prep_value
    value = self.get_prep_value(value)
  File "C:\Python372\mecheck\lib\site-packages\django\db\models\fields\__init__.py", line 1737, in get_prep_value
    return float(value)
ValueError: could not convert string to float: 
[2020-04-20 09:07:05,926] [basehttp.py:154] [basehttp:log_message] [ERROR]- "POST /TestPlanSW/TestPlanSW-edit/ HTTP/1.1" 500 27
[2020-04-20 10:19:33,795] [log.py:228] [log:log_response] [ERROR]- Internal Server Error: /TestPlanSW/TestPlanSW-edit/
Traceback (most recent call last):
  File "C:\Python372\mecheck\lib\site-packages\django\core\handlers\exception.py", line 34, in inner
    response = get_response(request)
  File "C:\Python372\mecheck\lib\site-packages\django\core\handlers\base.py", line 126, in _get_response
    response = self.process_exception_by_middleware(e, request)
  File "C:\Python372\mecheck\lib\site-packages\django\core\handlers\base.py", line 124, in _get_response
    response = wrapped_callback(request, *callback_args, **callback_kwargs)
  File "C:\djangoproject\Reliability_Row_data\TestPlanSW\views.py", line 1651, in TestPlanSW_Edit
    editplan = TestPlanSW.objects.filter(**check_list_plan).first()
TypeError: filter() argument after ** must be a mapping, not TestPlanSW
[2020-04-20 10:19:33,798] [basehttp.py:154] [basehttp:log_message] [ERROR]- "POST /TestPlanSW/TestPlanSW-edit/ HTTP/1.1" 500 27
[2020-04-20 10:24:09,970] [log.py:228] [log:log_response] [ERROR]- Internal Server Error: /TestPlanSW/TestPlanSW-search/
Traceback (most recent call last):
  File "C:\Python372\mecheck\lib\site-packages\django\core\handlers\exception.py", line 34, in inner
    response = get_response(request)
  File "C:\Python372\mecheck\lib\site-packages\django\core\handlers\base.py", line 126, in _get_response
    response = self.process_exception_by_middleware(e, request)
  File "C:\Python372\mecheck\lib\site-packages\django\core\handlers\base.py", line 124, in _get_response
    response = wrapped_callback(request, *callback_args, **callback_kwargs)
  File "C:\djangoproject\Reliability_Row_data\TestPlanSW\views.py", line 2424, in TestPlanSW_search
    HCR = round(RetestItemSW.objects.filter(**dicSum_check).aggregate(Sum('AttendTimeOptimize'))['AttendTimeOptimize__sum'] / 60 / 6 / TestProjectSW.objects.filter(
TypeError: unsupported operand type(s) for /: 'NoneType' and 'int'
[2020-04-20 10:24:09,973] [basehttp.py:154] [basehttp:log_message] [ERROR]- "GET /TestPlanSW/TestPlanSW-search/?action=getContent&customer=C38(NB)&project=EL4C2&phase=2&category=Game HTTP/1.1" 500 27
[2020-04-20 10:55:46,524] [log.py:228] [log:log_response] [ERROR]- Internal Server Error: /TestPlanSW/TestPlanSW-search/
Traceback (most recent call last):
  File "C:\Python372\mecheck\lib\site-packages\django\core\handlers\exception.py", line 34, in inner
    response = get_response(request)
  File "C:\Python372\mecheck\lib\site-packages\django\core\handlers\base.py", line 126, in _get_response
    response = self.process_exception_by_middleware(e, request)
  File "C:\Python372\mecheck\lib\site-packages\django\core\handlers\base.py", line 124, in _get_response
    response = wrapped_callback(request, *callback_args, **callback_kwargs)
  File "C:\djangoproject\Reliability_Row_data\TestPlanSW\views.py", line 2424, in TestPlanSW_search
    HCR = round(RetestItemSW.objects.filter(**dicSum_check).aggregate(Sum('AttendTimeOptimize'))['AttendTimeOptimize__sum'] / 60 / 6 / TestProjectSW.objects.filter(
TypeError: unsupported operand type(s) for /: 'NoneType' and 'int'
[2020-04-20 10:55:46,528] [basehttp.py:154] [basehttp:log_message] [ERROR]- "GET /TestPlanSW/TestPlanSW-search/?action=getContent&customer=C38(NB)&project=EL4C2&phase=2&category=Game HTTP/1.1" 500 27
[2020-04-20 10:56:55,573] [log.py:228] [log:log_response] [ERROR]- Internal Server Error: /TestPlanSW/TestPlanSW-search/
Traceback (most recent call last):
  File "C:\Python372\mecheck\lib\site-packages\django\core\handlers\exception.py", line 34, in inner
    response = get_response(request)
  File "C:\Python372\mecheck\lib\site-packages\django\core\handlers\base.py", line 126, in _get_response
    response = self.process_exception_by_middleware(e, request)
  File "C:\Python372\mecheck\lib\site-packages\django\core\handlers\base.py", line 124, in _get_response
    response = wrapped_callback(request, *callback_args, **callback_kwargs)
  File "C:\djangoproject\Reliability_Row_data\TestPlanSW\views.py", line 2425, in TestPlanSW_search
    HCR = round(RetestItemSW.objects.filter(**dicSum_check).aggregate(Sum('AttendTimeOptimize'))['AttendTimeOptimize__sum'] / 60 / 6 / TestProjectSW.objects.filter(
TypeError: unsupported operand type(s) for /: 'NoneType' and 'int'
[2020-04-20 10:56:55,576] [basehttp.py:154] [basehttp:log_message] [ERROR]- "GET /TestPlanSW/TestPlanSW-search/?action=getContent&customer=C38(NB)&project=EL4C2&phase=2&category=Game HTTP/1.1" 500 27
[2020-04-20 11:07:52,589] [log.py:228] [log:log_response] [ERROR]- Internal Server Error: /TestPlanSW/TestPlanSW-search/
Traceback (most recent call last):
  File "C:\Python372\mecheck\lib\site-packages\django\core\handlers\exception.py", line 34, in inner
    response = get_response(request)
  File "C:\Python372\mecheck\lib\site-packages\django\core\handlers\base.py", line 126, in _get_response
    response = self.process_exception_by_middleware(e, request)
  File "C:\Python372\mecheck\lib\site-packages\django\core\handlers\base.py", line 124, in _get_response
    response = wrapped_callback(request, *callback_args, **callback_kwargs)
  File "C:\djangoproject\Reliability_Row_data\TestPlanSW\views.py", line 2426, in TestPlanSW_search
    HCR = round(RetestItemSW.objects.filter(**dicSum_check).aggregate(Sum('AttendTimeOptimize'))['AttendTimeOptimize__sum'] / 60 / 6 / TestProjectSW.objects.filter(
TypeError: unsupported operand type(s) for /: 'NoneType' and 'int'
[2020-04-20 11:07:52,592] [basehttp.py:154] [basehttp:log_message] [ERROR]- "GET /TestPlanSW/TestPlanSW-search/?action=getContent&customer=C38(NB)&project=EL4C2&phase=2&category=Game HTTP/1.1" 500 27
[2020-04-20 11:13:44,706] [log.py:228] [log:log_response] [ERROR]- Internal Server Error: /TestPlanSW/TestPlanSW-search/
Traceback (most recent call last):
  File "C:\Python372\mecheck\lib\site-packages\django\core\handlers\exception.py", line 34, in inner
    response = get_response(request)
  File "C:\Python372\mecheck\lib\site-packages\django\core\handlers\base.py", line 126, in _get_response
    response = self.process_exception_by_middleware(e, request)
  File "C:\Python372\mecheck\lib\site-packages\django\core\handlers\base.py", line 124, in _get_response
    response = wrapped_callback(request, *callback_args, **callback_kwargs)
  File "C:\djangoproject\Reliability_Row_data\TestPlanSW\views.py", line 2428, in TestPlanSW_search
    HCR = round(RetestItemSW.objects.filter(**dicSum_check).aggregate(Sum('AttendTimeOptimize'))['AttendTimeOptimize__sum'] / 60 / 6 / TestProjectSW.objects.filter(
TypeError: unsupported operand type(s) for /: 'NoneType' and 'int'
[2020-04-20 11:13:44,709] [basehttp.py:154] [basehttp:log_message] [ERROR]- "GET /TestPlanSW/TestPlanSW-search/?action=getContent&customer=C38(NB)&project=EL4C2&phase=2&category=Game HTTP/1.1" 500 27
[2020-04-20 13:16:19,223] [basehttp.py:154] [basehttp:log_message] [ERROR]- "GET /admin/TestPlanSW/testplansw/?q=FFRT HTTP/1.1" 500 59
[2020-04-20 14:14:53,989] [log.py:228] [log:log_response] [ERROR]- Internal Server Error: /TestPlanSW/TestPlanSW-search/
Traceback (most recent call last):
  File "C:\Python372\mecheck\lib\site-packages\django\core\handlers\exception.py", line 34, in inner
    response = get_response(request)
  File "C:\Python372\mecheck\lib\site-packages\django\core\handlers\base.py", line 126, in _get_response
    response = self.process_exception_by_middleware(e, request)
  File "C:\Python372\mecheck\lib\site-packages\django\core\handlers\base.py", line 124, in _get_response
    response = wrapped_callback(request, *callback_args, **callback_kwargs)
  File "C:\djangoproject\Reliability_Row_data\TestPlanSW\views.py", line 2438, in TestPlanSW_search
    'basetime': round(RetestItemSW.objects.filter(**dicSum_check).aggregate(Sum('BaseTime'))['BaseTime__sum'] / 60, 2), 'BTS': round(RetestItemSW.objects.filter(**dicSum_check).aggregate(Sum('BaseTimeSupport'))['BaseTimeSupport__sum'] / 60, 2),
TypeError: unsupported operand type(s) for /: 'NoneType' and 'int'
[2020-04-20 14:14:54,012] [basehttp.py:154] [basehttp:log_message] [ERROR]- "GET /TestPlanSW/TestPlanSW-search/?action=getContent&customer=C38(NB)&project=EL4C2&phase=2&category=Others%20(Project%20Leader%20update)(1.%20Base%20on%20Golden%20BIOS/Image%27s%20change%20list)(2.%20Retest%20for%20w/o%20solution%27s%20issue%20)%20for%20full%20function%20test HTTP/1.1" 500 27
[2020-04-20 14:16:55,117] [log.py:228] [log:log_response] [ERROR]- Internal Server Error: /TestPlanSW/TestPlanSW-search/
Traceback (most recent call last):
  File "C:\Python372\mecheck\lib\site-packages\django\core\handlers\exception.py", line 34, in inner
    response = get_response(request)
  File "C:\Python372\mecheck\lib\site-packages\django\core\handlers\base.py", line 126, in _get_response
    response = self.process_exception_by_middleware(e, request)
  File "C:\Python372\mecheck\lib\site-packages\django\core\handlers\base.py", line 124, in _get_response
    response = wrapped_callback(request, *callback_args, **callback_kwargs)
  File "C:\djangoproject\Reliability_Row_data\TestPlanSW\views.py", line 2439, in TestPlanSW_search
    'basetime': round(RetestItemSW.objects.filter(**dicSum_check).aggregate(Sum('BaseTime'))['BaseTime__sum'] / 60, 2), 'BTS': round(RetestItemSW.objects.filter(**dicSum_check).aggregate(Sum('BaseTimeSupport'))['BaseTimeSupport__sum'] / 60, 2),
TypeError: unsupported operand type(s) for /: 'NoneType' and 'int'
[2020-04-20 14:16:55,120] [basehttp.py:154] [basehttp:log_message] [ERROR]- "GET /TestPlanSW/TestPlanSW-search/?action=getContent&customer=C38(NB)&project=EL4C2&phase=2&category=Others%20(Project%20Leader%20update)(1.%20Base%20on%20Golden%20BIOS/Image%27s%20change%20list)(2.%20Retest%20for%20w/o%20solution%27s%20issue%20)%20for%20full%20function%20test HTTP/1.1" 500 27
[2020-04-20 14:17:46,637] [log.py:228] [log:log_response] [ERROR]- Internal Server Error: /TestPlanSW/TestPlanSW-search/
Traceback (most recent call last):
  File "C:\Python372\mecheck\lib\site-packages\django\core\handlers\exception.py", line 34, in inner
    response = get_response(request)
  File "C:\Python372\mecheck\lib\site-packages\django\core\handlers\base.py", line 126, in _get_response
    response = self.process_exception_by_middleware(e, request)
  File "C:\Python372\mecheck\lib\site-packages\django\core\handlers\base.py", line 124, in _get_response
    response = wrapped_callback(request, *callback_args, **callback_kwargs)
  File "C:\djangoproject\Reliability_Row_data\TestPlanSW\views.py", line 2439, in TestPlanSW_search
    'basetime': round(RetestItemSW.objects.filter(**dicSum_check).aggregate(Sum('BaseTime'))['BaseTime__sum'] / 60, 2), 'BTS': round(RetestItemSW.objects.filter(**dicSum_check).aggregate(Sum('BaseTimeSupport'))['BaseTimeSupport__sum'] / 60, 2),
TypeError: unsupported operand type(s) for /: 'NoneType' and 'int'
[2020-04-20 14:17:46,640] [basehttp.py:154] [basehttp:log_message] [ERROR]- "GET /TestPlanSW/TestPlanSW-search/?action=getContent&customer=C38(NB)&project=EL4C2&phase=2&category=Others%20(Project%20Leader%20update)(1.%20Base%20on%20Golden%20BIOS/Image%27s%20change%20list)(2.%20Retest%20for%20w/o%20solution%27s%20issue%20)%20for%20full%20function%20test HTTP/1.1" 500 27
[2020-04-20 14:19:34,857] [log.py:228] [log:log_response] [ERROR]- Internal Server Error: /TestPlanSW/TestPlanSW-search/
Traceback (most recent call last):
  File "C:\Python372\mecheck\lib\site-packages\django\core\handlers\exception.py", line 34, in inner
    response = get_response(request)
  File "C:\Python372\mecheck\lib\site-packages\django\core\handlers\base.py", line 126, in _get_response
    response = self.process_exception_by_middleware(e, request)
  File "C:\Python372\mecheck\lib\site-packages\django\core\handlers\base.py", line 124, in _get_response
    response = wrapped_callback(request, *callback_args, **callback_kwargs)
  File "C:\djangoproject\Reliability_Row_data\TestPlanSW\views.py", line 2439, in TestPlanSW_search
    'basetime': round(RetestItemSW.objects.filter(**dicSum_check).aggregate(Sum('BaseTime'))['BaseTime__sum'] / 60, 2), 'BTS': round(RetestItemSW.objects.filter(**dicSum_check).aggregate(Sum('BaseTimeSupport'))['BaseTimeSupport__sum'] / 60, 2),
TypeError: unsupported operand type(s) for /: 'NoneType' and 'int'
[2020-04-20 14:19:34,862] [basehttp.py:154] [basehttp:log_message] [ERROR]- "GET /TestPlanSW/TestPlanSW-search/?action=getContent&customer=C38(NB)&project=EL4C2&phase=2&category=Others%20(Project%20Leader%20update)(1.%20Base%20on%20Golden%20BIOS/Image%27s%20change%20list)(2.%20Retest%20for%20w/o%20solution%27s%20issue%20)%20for%20full%20function%20test HTTP/1.1" 500 27
[2020-04-20 14:21:25,924] [log.py:228] [log:log_response] [ERROR]- Internal Server Error: /TestPlanSW/TestPlanSW-search/
Traceback (most recent call last):
  File "C:\Python372\mecheck\lib\site-packages\django\core\handlers\exception.py", line 34, in inner
    response = get_response(request)
  File "C:\Python372\mecheck\lib\site-packages\django\core\handlers\base.py", line 126, in _get_response
    response = self.process_exception_by_middleware(e, request)
  File "C:\Python372\mecheck\lib\site-packages\django\core\handlers\base.py", line 124, in _get_response
    response = wrapped_callback(request, *callback_args, **callback_kwargs)
  File "C:\djangoproject\Reliability_Row_data\TestPlanSW\views.py", line 2441, in TestPlanSW_search
    'basetime': round(RetestItemSW.objects.filter(**dicSum_check).aggregate(Sum('BaseTime'))['BaseTime__sum'] / 60, 2), 'BTS': round(RetestItemSW.objects.filter(**dicSum_check).aggregate(Sum('BaseTimeSupport'))['BaseTimeSupport__sum'] / 60, 2),
TypeError: unsupported operand type(s) for /: 'NoneType' and 'int'
[2020-04-20 14:21:25,928] [basehttp.py:154] [basehttp:log_message] [ERROR]- "GET /TestPlanSW/TestPlanSW-search/?action=getContent&customer=C38(NB)&project=EL4C2&phase=2&category=Others%20(Project%20Leader%20update)(1.%20Base%20on%20Golden%20BIOS/Image%27s%20change%20list)(2.%20Retest%20for%20w/o%20solution%27s%20issue%20)%20for%20full%20function%20test HTTP/1.1" 500 27
[2020-04-20 14:22:25,854] [log.py:228] [log:log_response] [ERROR]- Internal Server Error: /TestPlanSW/TestPlanSW-search/
Traceback (most recent call last):
  File "C:\Python372\mecheck\lib\site-packages\django\core\handlers\exception.py", line 34, in inner
    response = get_response(request)
  File "C:\Python372\mecheck\lib\site-packages\django\core\handlers\base.py", line 126, in _get_response
    response = self.process_exception_by_middleware(e, request)
  File "C:\Python372\mecheck\lib\site-packages\django\core\handlers\base.py", line 124, in _get_response
    response = wrapped_callback(request, *callback_args, **callback_kwargs)
  File "C:\djangoproject\Reliability_Row_data\TestPlanSW\views.py", line 2438, in TestPlanSW_search
    'basetime': round(RetestItemSW.objects.filter(**dicSum_check).aggregate(Sum('BaseTime'))['BaseTime__sum'] / 60, 2), 'BTS': round(RetestItemSW.objects.filter(**dicSum_check).aggregate(Sum('BaseTimeSupport'))['BaseTimeSupport__sum'] / 60, 2),
TypeError: unsupported operand type(s) for /: 'NoneType' and 'int'
[2020-04-20 14:22:25,857] [basehttp.py:154] [basehttp:log_message] [ERROR]- "GET /TestPlanSW/TestPlanSW-search/?action=getContent&customer=C38(NB)&project=EL4C2&phase=2&category=Others%20(Project%20Leader%20update)(1.%20Base%20on%20Golden%20BIOS/Image%27s%20change%20list)(2.%20Retest%20for%20w/o%20solution%27s%20issue%20)%20for%20full%20function%20test HTTP/1.1" 500 27
[2020-04-20 14:25:23,459] [log.py:228] [log:log_response] [ERROR]- Internal Server Error: /TestPlanSW/TestPlanSW-search/
Traceback (most recent call last):
  File "C:\Python372\mecheck\lib\site-packages\django\core\handlers\exception.py", line 34, in inner
    response = get_response(request)
  File "C:\Python372\mecheck\lib\site-packages\django\core\handlers\base.py", line 126, in _get_response
    response = self.process_exception_by_middleware(e, request)
  File "C:\Python372\mecheck\lib\site-packages\django\core\handlers\base.py", line 124, in _get_response
    response = wrapped_callback(request, *callback_args, **callback_kwargs)
  File "C:\djangoproject\Reliability_Row_data\TestPlanSW\views.py", line 2438, in TestPlanSW_search
    'basetime': round(RetestItemSW.objects.filter(**dicSum_check).aggregate(Sum('BaseTime'))['BaseTime__sum'] / 60, 2), 'BTS': round(RetestItemSW.objects.filter(**dicSum_check).aggregate(Sum('BaseTimeSupport'))['BaseTimeSupport__sum'] / 60, 2),
TypeError: unsupported operand type(s) for /: 'NoneType' and 'int'
[2020-04-20 14:25:23,462] [basehttp.py:154] [basehttp:log_message] [ERROR]- "GET /TestPlanSW/TestPlanSW-search/?action=getContent&customer=C38(NB)&project=EL4C2&phase=2&category=Others%20(Project%20Leader%20update)(1.%20Base%20on%20Golden%20BIOS/Image%27s%20change%20list)(2.%20Retest%20for%20w/o%20solution%27s%20issue%20)%20for%20full%20function%20test HTTP/1.1" 500 27
[2020-04-20 16:19:25,781] [log.py:228] [log:log_response] [ERROR]- Internal Server Error: /CQM/CQM_search/
Traceback (most recent call last):
  File "C:\Python372\mecheck\lib\site-packages\django\db\models\sql\query.py", line 1735, in add_fields
    join_info = self.setup_joins(name.split(LOOKUP_SEP), opts, alias, allow_many=allow_m2m)
  File "C:\Python372\mecheck\lib\site-packages\django\db\models\sql\query.py", line 1473, in setup_joins
    names[:pivot], opts, allow_many, fail_on_missing=True,
  File "C:\Python372\mecheck\lib\site-packages\django\db\models\sql\query.py", line 1389, in names_to_path
    "Choices are: %s" % (name, ", ".join(available)))
django.core.exceptions.FieldError: Cannot resolve keyword 'Category' into field. Choices are: Character, Comments, Compal_R1_PN, Compal_R3_PN, Compatibility, Controlrun, Customer, EMI, ESD, FW, HW, Keyparts, Material_Group, PID, PMsummary, Phase, Project, Projectinfo, Projectinfo_id, R1_PN_Description, RD1, RD2, RD3, RD4, RD5, RD6, RF, Reliability, Supplier, Testresult, VID, cqm_history, edit_time, editor, id

During handling of the above exception, another exception occurred:

Traceback (most recent call last):
  File "C:\Python372\mecheck\lib\site-packages\django\core\handlers\exception.py", line 34, in inner
    response = get_response(request)
  File "C:\Python372\mecheck\lib\site-packages\django\core\handlers\base.py", line 126, in _get_response
    response = self.process_exception_by_middleware(e, request)
  File "C:\Python372\mecheck\lib\site-packages\django\core\handlers\base.py", line 124, in _get_response
    response = wrapped_callback(request, *callback_args, **callback_kwargs)
  File "C:\Python372\mecheck\lib\site-packages\django\views\decorators\csrf.py", line 54, in wrapped_view
    return view_func(*args, **kwargs)
  File "C:\djangoproject\Reliability_Row_data\CQM\views.py", line 469, in CQM_search
    for i in CQM.objects.all().values('Category').distinct().order_by('Category'):
  File "C:\Python372\mecheck\lib\site-packages\django\db\models\query.py", line 750, in values
    clone = self._values(*fields, **expressions)
  File "C:\Python372\mecheck\lib\site-packages\django\db\models\query.py", line 745, in _values
    clone.query.set_values(fields)
  File "C:\Python372\mecheck\lib\site-packages\django\db\models\sql\query.py", line 1987, in set_values
    self.add_fields(field_names, True)
  File "C:\Python372\mecheck\lib\site-packages\django\db\models\sql\query.py", line 1758, in add_fields
    "Choices are: %s" % (name, ", ".join(names)))
django.core.exceptions.FieldError: Cannot resolve keyword 'Category' into field. Choices are: Character, Comments, Compal_R1_PN, Compal_R3_PN, Compatibility, Controlrun, Customer, EMI, ESD, FW, HW, Keyparts, Material_Group, PID, PMsummary, Phase, Project, Projectinfo, Projectinfo_id, R1_PN_Description, RD1, RD2, RD3, RD4, RD5, RD6, RF, Reliability, Supplier, Testresult, VID, cqm_history, edit_time, editor, id
[2020-04-20 16:19:25,806] [basehttp.py:154] [basehttp:log_message] [ERROR]- "GET /CQM/CQM_search/ HTTP/1.1" 500 27
