[2020-03-23 12:07:58,515] [log.py:228] [log:log_response] [ERROR]- Internal Server Error: /TestPlanSW/TestPlanSW-search/
Traceback (most recent call last):
  File "C:\Python372\mecheck\lib\site-packages\django\core\handlers\exception.py", line 34, in inner
    response = get_response(request)
  File "C:\Python372\mecheck\lib\site-packages\django\core\handlers\base.py", line 126, in _get_response
    response = self.process_exception_by_middleware(e, request)
  File "C:\Python372\mecheck\lib\site-packages\django\core\handlers\base.py", line 124, in _get_response
    response = wrapped_callback(request, *callback_args, **callback_kwargs)
  File "C:\djangoproject\Reliability_Row_data\TestPlanSW\views.py", line 1925, in TestPlanSW_search
    dicSum_check = {'Customer': Customer, 'Project': Project, 'Phase': Phase, 'Category2': i['Category']}
KeyError: 'Category'
[2020-03-23 12:07:58,540] [basehttp.py:154] [basehttp:log_message] [ERROR]- "GET /TestPlanSW/TestPlanSW-search/?action=getContent&customer=C38(NB)&project=EL4C2&phase=2&category=Basic HTTP/1.1" 500 27
[2020-03-23 12:08:43,029] [log.py:228] [log:log_response] [ERROR]- Internal Server Error: /TestPlanSW/TestPlanSW-search/
Traceback (most recent call last):
  File "C:\Python372\mecheck\lib\site-packages\django\core\handlers\exception.py", line 34, in inner
    response = get_response(request)
  File "C:\Python372\mecheck\lib\site-packages\django\core\handlers\base.py", line 126, in _get_response
    response = self.process_exception_by_middleware(e, request)
  File "C:\Python372\mecheck\lib\site-packages\django\core\handlers\base.py", line 124, in _get_response
    response = wrapped_callback(request, *callback_args, **callback_kwargs)
  File "C:\djangoproject\Reliability_Row_data\TestPlanSW\views.py", line 1926, in TestPlanSW_search
    CategoryItemSum = TestItemSW.objects.filter(**dicSum_check)
  File "C:\Python372\mecheck\lib\site-packages\django\db\models\manager.py", line 82, in manager_method
    return getattr(self.get_queryset(), name)(*args, **kwargs)
  File "C:\Python372\mecheck\lib\site-packages\django\db\models\query.py", line 844, in filter
    return self._filter_or_exclude(False, *args, **kwargs)
  File "C:\Python372\mecheck\lib\site-packages\django\db\models\query.py", line 862, in _filter_or_exclude
    clone.query.add_q(Q(*args, **kwargs))
  File "C:\Python372\mecheck\lib\site-packages\django\db\models\sql\query.py", line 1263, in add_q
    clause, _ = self._add_q(q_object, self.used_aliases)
  File "C:\Python372\mecheck\lib\site-packages\django\db\models\sql\query.py", line 1287, in _add_q
    split_subq=split_subq,
  File "C:\Python372\mecheck\lib\site-packages\django\db\models\sql\query.py", line 1164, in build_filter
    lookups, parts, reffed_expression = self.solve_lookup_type(arg)
  File "C:\Python372\mecheck\lib\site-packages\django\db\models\sql\query.py", line 1028, in solve_lookup_type
    _, field, _, lookup_parts = self.names_to_path(lookup_splitted, self.get_meta())
  File "C:\Python372\mecheck\lib\site-packages\django\db\models\sql\query.py", line 1389, in names_to_path
    "Choices are: %s" % (name, ", ".join(available)))
django.core.exceptions.FieldError: Cannot resolve keyword 'Project' into field. Choices are: BaseAotomationTime1SKU, BaseTime, Category, Category2, Chramshell, ConvertibaleNBMode, ConvertibaleYogaPadMode, Coverage, Customer, DetachablePadMode, DetachableWDockmode, ItemNo_d, Item_d, Owner, Phase, PhaseFFRT, PhaseFVT, PhaseSIT, Priority, ReleaseDate, TDMSTotalTime, TDMSUnattendedTime, TestItems, Version, id, testplansw
[2020-03-23 12:08:43,076] [basehttp.py:154] [basehttp:log_message] [ERROR]- "GET /TestPlanSW/TestPlanSW-search/?action=getContent&customer=C38(NB)&project=EL4C2&phase=2&category=Basic HTTP/1.1" 500 27
[2020-03-23 12:09:40,328] [log.py:228] [log:log_response] [ERROR]- Internal Server Error: /TestPlanSW/TestPlanSW-search/
Traceback (most recent call last):
  File "C:\Python372\mecheck\lib\site-packages\django\core\handlers\exception.py", line 34, in inner
    response = get_response(request)
  File "C:\Python372\mecheck\lib\site-packages\django\core\handlers\base.py", line 126, in _get_response
    response = self.process_exception_by_middleware(e, request)
  File "C:\Python372\mecheck\lib\site-packages\django\core\handlers\base.py", line 124, in _get_response
    response = wrapped_callback(request, *callback_args, **callback_kwargs)
  File "C:\djangoproject\Reliability_Row_data\TestPlanSW\views.py", line 1927, in TestPlanSW_search
    i['basetime'] = CategoryItemSum.aggregate(Sum('BaseTime'))['BaseTime__sum']
TypeError: 'dict' object is not callable
[2020-03-23 12:09:40,331] [basehttp.py:154] [basehttp:log_message] [ERROR]- "GET /TestPlanSW/TestPlanSW-search/?action=getContent&customer=C38(NB)&project=EL4C2&phase=2&category=Basic HTTP/1.1" 500 27
[2020-03-23 12:10:44,454] [log.py:228] [log:log_response] [ERROR]- Internal Server Error: /TestPlanSW/TestPlanSW-search/
Traceback (most recent call last):
  File "C:\Python372\mecheck\lib\site-packages\django\core\handlers\exception.py", line 34, in inner
    response = get_response(request)
  File "C:\Python372\mecheck\lib\site-packages\django\core\handlers\base.py", line 126, in _get_response
    response = self.process_exception_by_middleware(e, request)
  File "C:\Python372\mecheck\lib\site-packages\django\core\handlers\base.py", line 124, in _get_response
    response = wrapped_callback(request, *callback_args, **callback_kwargs)
  File "C:\djangoproject\Reliability_Row_data\TestPlanSW\views.py", line 1928, in TestPlanSW_search
    i['basetime'] = CategoryItemSum.aggregate(Sum('BaseTime'))['BaseTime__sum']
TypeError: 'dict' object is not callable
[2020-03-23 12:10:44,457] [basehttp.py:154] [basehttp:log_message] [ERROR]- "GET /TestPlanSW/TestPlanSW-search/?action=getContent&customer=C38(NB)&project=EL4C2&phase=2&category=Basic HTTP/1.1" 500 27
[2020-03-23 12:12:30,063] [log.py:228] [log:log_response] [ERROR]- Internal Server Error: /TestPlanSW/TestPlanSW-search/
Traceback (most recent call last):
  File "C:\Python372\mecheck\lib\site-packages\django\core\handlers\exception.py", line 34, in inner
    response = get_response(request)
  File "C:\Python372\mecheck\lib\site-packages\django\core\handlers\base.py", line 126, in _get_response
    response = self.process_exception_by_middleware(e, request)
  File "C:\Python372\mecheck\lib\site-packages\django\core\handlers\base.py", line 124, in _get_response
    response = wrapped_callback(request, *callback_args, **callback_kwargs)
  File "C:\djangoproject\Reliability_Row_data\TestPlanSW\views.py", line 1929, in TestPlanSW_search
    i['basetime'] = CategoryItemSum.aggregate(Sum('BaseTime'))['BaseTime__sum']
TypeError: 'dict' object is not callable
[2020-03-23 12:12:30,065] [basehttp.py:154] [basehttp:log_message] [ERROR]- "GET /TestPlanSW/TestPlanSW-search/?action=getContent&customer=C38(NB)&project=EL4C2&phase=2&category=Basic HTTP/1.1" 500 27
[2020-03-23 12:14:38,429] [log.py:228] [log:log_response] [ERROR]- Internal Server Error: /TestPlanSW/TestPlanSW-search/
Traceback (most recent call last):
  File "C:\Python372\mecheck\lib\site-packages\django\core\handlers\exception.py", line 34, in inner
    response = get_response(request)
  File "C:\Python372\mecheck\lib\site-packages\django\core\handlers\base.py", line 126, in _get_response
    response = self.process_exception_by_middleware(e, request)
  File "C:\Python372\mecheck\lib\site-packages\django\core\handlers\base.py", line 124, in _get_response
    response = wrapped_callback(request, *callback_args, **callback_kwargs)
  File "C:\djangoproject\Reliability_Row_data\TestPlanSW\views.py", line 1929, in TestPlanSW_search
    i['basetime'] = CategoryItemSum.aggregate(Sum('BaseTime'))['BaseTime__sum']
TypeError: 'dict' object is not callable
[2020-03-23 12:14:38,432] [basehttp.py:154] [basehttp:log_message] [ERROR]- "GET /TestPlanSW/TestPlanSW-search/?action=getContent&customer=C38(NB)&project=EL4C2&phase=2&category=Basic HTTP/1.1" 500 27
[2020-03-23 12:15:35,279] [log.py:228] [log:log_response] [ERROR]- Internal Server Error: /TestPlanSW/TestPlanSW-search/
Traceback (most recent call last):
  File "C:\Python372\mecheck\lib\site-packages\django\core\handlers\exception.py", line 34, in inner
    response = get_response(request)
  File "C:\Python372\mecheck\lib\site-packages\django\core\handlers\base.py", line 126, in _get_response
    response = self.process_exception_by_middleware(e, request)
  File "C:\Python372\mecheck\lib\site-packages\django\core\handlers\base.py", line 124, in _get_response
    response = wrapped_callback(request, *callback_args, **callback_kwargs)
  File "C:\djangoproject\Reliability_Row_data\TestPlanSW\views.py", line 1930, in TestPlanSW_search
    i['basetime'] = CategoryItemSum.aggregate(Sum('BaseTime'))['BaseTime__sum']
TypeError: 'dict' object is not callable
[2020-03-23 12:15:35,283] [basehttp.py:154] [basehttp:log_message] [ERROR]- "GET /TestPlanSW/TestPlanSW-search/?action=getContent&customer=C38(NB)&project=EL4C2&phase=2&category=Basic HTTP/1.1" 500 27
[2020-03-23 13:11:04,542] [log.py:228] [log:log_response] [ERROR]- Internal Server Error: /TestPlanSW/TestPlanSW-search/
Traceback (most recent call last):
  File "C:\Python372\mecheck\lib\site-packages\django\core\handlers\exception.py", line 34, in inner
    response = get_response(request)
  File "C:\Python372\mecheck\lib\site-packages\django\core\handlers\base.py", line 126, in _get_response
    response = self.process_exception_by_middleware(e, request)
  File "C:\Python372\mecheck\lib\site-packages\django\core\handlers\base.py", line 124, in _get_response
    response = wrapped_callback(request, *callback_args, **callback_kwargs)
  File "C:\djangoproject\Reliability_Row_data\TestPlanSW\views.py", line 1932, in TestPlanSW_search
    i['BTS'] = CategoryItemSum.testplansw_set.all().aggregate(Sum('BaseTimeSupport'))[
AttributeError: 'QuerySet' object has no attribute 'testplansw_set'
[2020-03-23 13:11:04,545] [basehttp.py:154] [basehttp:log_message] [ERROR]- "GET /TestPlanSW/TestPlanSW-search/?action=getContent&customer=C38(NB)&project=EL4C2&phase=2&category=Basic HTTP/1.1" 500 27
[2020-03-23 13:37:57,759] [log.py:228] [log:log_response] [ERROR]- Internal Server Error: /TestPlanSW/TestPlanSW-search/
Traceback (most recent call last):
  File "C:\Python372\mecheck\lib\site-packages\django\core\handlers\exception.py", line 34, in inner
    response = get_response(request)
  File "C:\Python372\mecheck\lib\site-packages\django\core\handlers\base.py", line 126, in _get_response
    response = self.process_exception_by_middleware(e, request)
  File "C:\Python372\mecheck\lib\site-packages\django\core\handlers\base.py", line 124, in _get_response
    response = wrapped_callback(request, *callback_args, **callback_kwargs)
  File "C:\djangoproject\Reliability_Row_data\TestPlanSW\views.py", line 1934, in TestPlanSW_search
    i['BTS'] += TestPlanSW.objects.filter(Items=j).BaseTimeSupport
AttributeError: 'QuerySet' object has no attribute 'BaseTimeSupport'
[2020-03-23 13:37:57,762] [basehttp.py:154] [basehttp:log_message] [ERROR]- "GET /TestPlanSW/TestPlanSW-search/?action=getContent&customer=C38(NB)&project=EL4C2&phase=2&category=Basic HTTP/1.1" 500 27
[2020-03-23 13:39:23,333] [log.py:228] [log:log_response] [ERROR]- Internal Server Error: /TestPlanSW/TestPlanSW-search/
Traceback (most recent call last):
  File "C:\Python372\mecheck\lib\site-packages\django\core\handlers\exception.py", line 34, in inner
    response = get_response(request)
  File "C:\Python372\mecheck\lib\site-packages\django\core\handlers\base.py", line 126, in _get_response
    response = self.process_exception_by_middleware(e, request)
  File "C:\Python372\mecheck\lib\site-packages\django\core\handlers\base.py", line 124, in _get_response
    response = wrapped_callback(request, *callback_args, **callback_kwargs)
  File "C:\djangoproject\Reliability_Row_data\TestPlanSW\views.py", line 1940, in TestPlanSW_search
    i['BTS'] += TestPlanSW.objects.get(Items=j).BaseTimeSupport
TypeError: unsupported operand type(s) for +=: 'float' and 'NoneType'
[2020-03-23 13:39:23,336] [basehttp.py:154] [basehttp:log_message] [ERROR]- "GET /TestPlanSW/TestPlanSW-search/?action=getContent&customer=C38(NB)&project=EL4C2&phase=2&category=Basic HTTP/1.1" 500 27
[2020-03-23 14:19:53,473] [log.py:228] [log:log_response] [ERROR]- Internal Server Error: /TestPlanSW/TestPlanSW-search/
Traceback (most recent call last):
  File "C:\Python372\mecheck\lib\site-packages\django\core\handlers\exception.py", line 34, in inner
    response = get_response(request)
  File "C:\Python372\mecheck\lib\site-packages\django\core\handlers\base.py", line 126, in _get_response
    response = self.process_exception_by_middleware(e, request)
  File "C:\Python372\mecheck\lib\site-packages\django\core\handlers\base.py", line 124, in _get_response
    response = wrapped_callback(request, *callback_args, **callback_kwargs)
  File "C:\djangoproject\Reliability_Row_data\TestPlanSW\views.py", line 2168, in TestPlanSW_search
    Sums['basetimeSum'] = Iteminfos.aggregate()(Sum('BaseTime'))[
TypeError: 'dict' object is not callable
[2020-03-23 14:19:53,476] [basehttp.py:154] [basehttp:log_message] [ERROR]- "GET /TestPlanSW/TestPlanSW-search/?action=getContent&customer=C38(NB)&project=EL4C2&phase=2&category=Basic HTTP/1.1" 500 27
[2020-03-23 16:47:36,396] [log.py:228] [log:log_response] [ERROR]- Internal Server Error: /TestPlanSW/TestPlanSW-search/
Traceback (most recent call last):
  File "C:\Python372\mecheck\lib\site-packages\django\core\handlers\exception.py", line 34, in inner
    response = get_response(request)
  File "C:\Python372\mecheck\lib\site-packages\django\core\handlers\base.py", line 126, in _get_response
    response = self.process_exception_by_middleware(e, request)
  File "C:\Python372\mecheck\lib\site-packages\django\core\handlers\base.py", line 124, in _get_response
    response = wrapped_callback(request, *callback_args, **callback_kwargs)
  File "C:\djangoproject\Reliability_Row_data\TestPlanSW\views.py", line 1942, in TestPlanSW_search
    i['BTS'] = TestPlanSW.objects.filter(testitemsw__Customer=Customer,testitemsw__Phase=Phase,testitemsw__Category2=i['category'],testprojectsw__Project=Project,testprojectsw__Phase=Phase).aggregate(Sum('BaseTime'))['BaseTime__sum']
  File "C:\Python372\mecheck\lib\site-packages\django\db\models\manager.py", line 82, in manager_method
    return getattr(self.get_queryset(), name)(*args, **kwargs)
  File "C:\Python372\mecheck\lib\site-packages\django\db\models\query.py", line 844, in filter
    return self._filter_or_exclude(False, *args, **kwargs)
  File "C:\Python372\mecheck\lib\site-packages\django\db\models\query.py", line 862, in _filter_or_exclude
    clone.query.add_q(Q(*args, **kwargs))
  File "C:\Python372\mecheck\lib\site-packages\django\db\models\sql\query.py", line 1263, in add_q
    clause, _ = self._add_q(q_object, self.used_aliases)
  File "C:\Python372\mecheck\lib\site-packages\django\db\models\sql\query.py", line 1287, in _add_q
    split_subq=split_subq,
  File "C:\Python372\mecheck\lib\site-packages\django\db\models\sql\query.py", line 1164, in build_filter
    lookups, parts, reffed_expression = self.solve_lookup_type(arg)
  File "C:\Python372\mecheck\lib\site-packages\django\db\models\sql\query.py", line 1028, in solve_lookup_type
    _, field, _, lookup_parts = self.names_to_path(lookup_splitted, self.get_meta())
  File "C:\Python372\mecheck\lib\site-packages\django\db\models\sql\query.py", line 1389, in names_to_path
    "Choices are: %s" % (name, ", ".join(available)))
django.core.exceptions.FieldError: Cannot resolve keyword 'testitemsw' into field. Choices are: AttendTimeOptimize, BaseTimeSupport, CommentsLeverage, CommentsSmart, ConfigAutomationItem, ConfigAutomationTime, ConfigLeverageItem, ConfigLeverageTime, ConfigRetestCycle, ConfigRetestSKU, ConfigRetestTime, ConfigSmartItem, ConfigSmartItemPer, ConfigSmartTime, FeatureSupport, Items, Items_id, ProjectTestSKUOptimize, ProjectTestSKUfollowMatrix, Projectinfo, Projectinfo_id, SKU1, SKU10, SKU11, SKU12, SKU13, SKU14, SKU15, SKU16, SKU17, SKU18, SKU19, SKU2, SKU20, SKU3, SKU4, SKU5, SKU6, SKU7, SKU8, SKU9, Schedule, TE, TimewConfigFollowmatrix, edit_time, editor, id
[2020-03-23 16:47:36,435] [basehttp.py:154] [basehttp:log_message] [ERROR]- "GET /TestPlanSW/TestPlanSW-search/?action=getContent&customer=C38(NB)&project=EL4C2&phase=2&category=Others%20(Project%20Leader%20update)(1.%20Base%20on%20Golden%20BIOS/Image%27s%20change%20list)(2.%20Retest%20for%20w/o%20solution%E2%80%99s%20issue%20)%20for%20full%20function%20test HTTP/1.1" 500 27
[2020-03-23 16:58:08,229] [log.py:228] [log:log_response] [ERROR]- Internal Server Error: /TestPlanSW/TestPlanSW-search/
Traceback (most recent call last):
  File "C:\Python372\mecheck\lib\site-packages\django\core\handlers\exception.py", line 34, in inner
    response = get_response(request)
  File "C:\Python372\mecheck\lib\site-packages\django\core\handlers\base.py", line 126, in _get_response
    response = self.process_exception_by_middleware(e, request)
  File "C:\Python372\mecheck\lib\site-packages\django\core\handlers\base.py", line 124, in _get_response
    response = wrapped_callback(request, *callback_args, **callback_kwargs)
  File "C:\djangoproject\Reliability_Row_data\TestPlanSW\views.py", line 1942, in TestPlanSW_search
    i['BTS'] = TestPlanSW.objects.filter(items__Customer=Customer,items__Phase=Phase,items__Category2=i['category'],projectinfo__Project=Project,projectinfo__Phase=Phase).aggregate(Sum('BaseTime'))['BaseTime__sum']
  File "C:\Python372\mecheck\lib\site-packages\django\db\models\manager.py", line 82, in manager_method
    return getattr(self.get_queryset(), name)(*args, **kwargs)
  File "C:\Python372\mecheck\lib\site-packages\django\db\models\query.py", line 844, in filter
    return self._filter_or_exclude(False, *args, **kwargs)
  File "C:\Python372\mecheck\lib\site-packages\django\db\models\query.py", line 862, in _filter_or_exclude
    clone.query.add_q(Q(*args, **kwargs))
  File "C:\Python372\mecheck\lib\site-packages\django\db\models\sql\query.py", line 1263, in add_q
    clause, _ = self._add_q(q_object, self.used_aliases)
  File "C:\Python372\mecheck\lib\site-packages\django\db\models\sql\query.py", line 1287, in _add_q
    split_subq=split_subq,
  File "C:\Python372\mecheck\lib\site-packages\django\db\models\sql\query.py", line 1164, in build_filter
    lookups, parts, reffed_expression = self.solve_lookup_type(arg)
  File "C:\Python372\mecheck\lib\site-packages\django\db\models\sql\query.py", line 1028, in solve_lookup_type
    _, field, _, lookup_parts = self.names_to_path(lookup_splitted, self.get_meta())
  File "C:\Python372\mecheck\lib\site-packages\django\db\models\sql\query.py", line 1389, in names_to_path
    "Choices are: %s" % (name, ", ".join(available)))
django.core.exceptions.FieldError: Cannot resolve keyword 'items' into field. Choices are: AttendTimeOptimize, BaseTimeSupport, CommentsLeverage, CommentsSmart, ConfigAutomationItem, ConfigAutomationTime, ConfigLeverageItem, ConfigLeverageTime, ConfigRetestCycle, ConfigRetestSKU, ConfigRetestTime, ConfigSmartItem, ConfigSmartItemPer, ConfigSmartTime, FeatureSupport, Items, Items_id, ProjectTestSKUOptimize, ProjectTestSKUfollowMatrix, Projectinfo, Projectinfo_id, SKU1, SKU10, SKU11, SKU12, SKU13, SKU14, SKU15, SKU16, SKU17, SKU18, SKU19, SKU2, SKU20, SKU3, SKU4, SKU5, SKU6, SKU7, SKU8, SKU9, Schedule, TE, TimewConfigFollowmatrix, edit_time, editor, id
[2020-03-23 16:58:08,234] [basehttp.py:154] [basehttp:log_message] [ERROR]- "GET /TestPlanSW/TestPlanSW-search/?action=getContent&customer=C38(NB)&project=EL4C2&phase=2&category=Basic HTTP/1.1" 500 27
[2020-03-23 17:04:32,500] [log.py:228] [log:log_response] [ERROR]- Internal Server Error: /TestPlanSW/TestPlanSW-search/
Traceback (most recent call last):
  File "C:\Python372\mecheck\lib\site-packages\django\core\handlers\exception.py", line 34, in inner
    response = get_response(request)
  File "C:\Python372\mecheck\lib\site-packages\django\core\handlers\base.py", line 126, in _get_response
    response = self.process_exception_by_middleware(e, request)
  File "C:\Python372\mecheck\lib\site-packages\django\core\handlers\base.py", line 124, in _get_response
    response = wrapped_callback(request, *callback_args, **callback_kwargs)
  File "C:\djangoproject\Reliability_Row_data\TestPlanSW\views.py", line 1942, in TestPlanSW_search
    i['BTS'] = TestPlanSW.objects.filter(Items__Customer=Customer,Items__Phase=Phase,Items__Category2=i['category'],Projectinfo__Project=Project,Projectinfo__Phase=Phase).aggregate(Sum('BaseTime'))['BaseTime__sum']
  File "C:\Python372\mecheck\lib\site-packages\django\db\models\query.py", line 367, in aggregate
    query.add_annotation(aggregate_expr, alias, is_summary=True)
  File "C:\Python372\mecheck\lib\site-packages\django\db\models\sql\query.py", line 988, in add_annotation
    summarize=is_summary)
  File "C:\Python372\mecheck\lib\site-packages\django\db\models\aggregates.py", line 39, in resolve_expression
    c = super().resolve_expression(query, allow_joins, reuse, summarize)
  File "C:\Python372\mecheck\lib\site-packages\django\db\models\expressions.py", line 597, in resolve_expression
    c.source_expressions[pos] = arg.resolve_expression(query, allow_joins, reuse, summarize, for_save)
  File "C:\Python372\mecheck\lib\site-packages\django\db\models\expressions.py", line 509, in resolve_expression
    return query.resolve_ref(self.name, allow_joins, reuse, summarize)
  File "C:\Python372\mecheck\lib\site-packages\django\db\models\sql\query.py", line 1570, in resolve_ref
    join_info = self.setup_joins(field_list, self.get_meta(), self.get_initial_alias(), can_reuse=reuse)
  File "C:\Python372\mecheck\lib\site-packages\django\db\models\sql\query.py", line 1473, in setup_joins
    names[:pivot], opts, allow_many, fail_on_missing=True,
  File "C:\Python372\mecheck\lib\site-packages\django\db\models\sql\query.py", line 1389, in names_to_path
    "Choices are: %s" % (name, ", ".join(available)))
django.core.exceptions.FieldError: Cannot resolve keyword 'BaseTime' into field. Choices are: AttendTimeOptimize, BaseTimeSupport, CommentsLeverage, CommentsSmart, ConfigAutomationItem, ConfigAutomationTime, ConfigLeverageItem, ConfigLeverageTime, ConfigRetestCycle, ConfigRetestSKU, ConfigRetestTime, ConfigSmartItem, ConfigSmartItemPer, ConfigSmartTime, FeatureSupport, Items, Items_id, ProjectTestSKUOptimize, ProjectTestSKUfollowMatrix, Projectinfo, Projectinfo_id, SKU1, SKU10, SKU11, SKU12, SKU13, SKU14, SKU15, SKU16, SKU17, SKU18, SKU19, SKU2, SKU20, SKU3, SKU4, SKU5, SKU6, SKU7, SKU8, SKU9, Schedule, TE, TimewConfigFollowmatrix, edit_time, editor, id
[2020-03-23 17:04:32,535] [basehttp.py:154] [basehttp:log_message] [ERROR]- "GET /TestPlanSW/TestPlanSW-search/?action=getContent&customer=C38(NB)&project=EL4C2&phase=2&category=Basic HTTP/1.1" 500 27
