[2023-10-16 10:39:01,493] [log.py:228] [log:log_response] [ERROR]- Internal Server Error: /TUMHistory/SummaryMateria/
Traceback (most recent call last):
  File "C:\Python372\mecheck\lib\site-packages\django\core\handlers\exception.py", line 34, in inner
    response = get_response(request)
  File "C:\Python372\mecheck\lib\site-packages\django\core\handlers\base.py", line 126, in _get_response
    response = self.process_exception_by_middleware(e, request)
  File "C:\Python372\mecheck\lib\site-packages\django\core\handlers\base.py", line 124, in _get_response
    response = wrapped_callback(request, *callback_args, **callback_kwargs)
  File "C:\Python372\mecheck\lib\site-packages\django\views\decorators\csrf.py", line 54, in wrapped_view
    return view_func(*args, **kwargs)
  File "C:\djangoproject\DMS\TUMHistory\views.py", line 633, in SummaryMateria
    return HttpResponse(json.dumps(data), content_type="application/json")
  File "C:\Python372\lib\json\__init__.py", line 231, in dumps
    return _default_encoder.encode(obj)
  File "C:\Python372\lib\json\encoder.py", line 199, in encode
    chunks = self.iterencode(o, _one_shot=True)
  File "C:\Python372\lib\json\encoder.py", line 257, in iterencode
    return _iterencode(o, 0)
  File "C:\Python372\lib\json\encoder.py", line 179, in default
    raise TypeError(f'Object of type {o.__class__.__name__} '
TypeError: Object of type date is not JSON serializable
[2023-10-16 10:39:01,500] [UserIP.py:89] [UserIP:process_response] [CRITICAL]- 系统错误
[2023-10-16 10:39:01,502] [basehttp.py:154] [basehttp:log_message] [ERROR]- "POST /TUMHistory/SummaryMateria/ HTTP/1.1" 500 142756
[2023-10-16 10:40:11,713] [log.py:228] [log:log_response] [ERROR]- Internal Server Error: /TUMHistory/SummaryMateria/
Traceback (most recent call last):
  File "C:\Python372\mecheck\lib\site-packages\django\core\handlers\exception.py", line 34, in inner
    response = get_response(request)
  File "C:\Python372\mecheck\lib\site-packages\django\core\handlers\base.py", line 126, in _get_response
    response = self.process_exception_by_middleware(e, request)
  File "C:\Python372\mecheck\lib\site-packages\django\core\handlers\base.py", line 124, in _get_response
    response = wrapped_callback(request, *callback_args, **callback_kwargs)
  File "C:\Python372\mecheck\lib\site-packages\django\views\decorators\csrf.py", line 54, in wrapped_view
    return view_func(*args, **kwargs)
  File "C:\djangoproject\DMS\TUMHistory\views.py", line 633, in SummaryMateria
    return HttpResponse(json.dumps(data), content_type="application/json")
  File "C:\Python372\lib\json\__init__.py", line 231, in dumps
    return _default_encoder.encode(obj)
  File "C:\Python372\lib\json\encoder.py", line 199, in encode
    chunks = self.iterencode(o, _one_shot=True)
  File "C:\Python372\lib\json\encoder.py", line 257, in iterencode
    return _iterencode(o, 0)
  File "C:\Python372\lib\json\encoder.py", line 179, in default
    raise TypeError(f'Object of type {o.__class__.__name__} '
TypeError: Object of type date is not JSON serializable
[2023-10-16 10:40:11,721] [UserIP.py:89] [UserIP:process_response] [CRITICAL]- 系统错误
[2023-10-16 10:40:11,723] [basehttp.py:154] [basehttp:log_message] [ERROR]- "POST /TUMHistory/SummaryMateria/ HTTP/1.1" 500 142640
[2023-10-16 10:43:19,647] [log.py:228] [log:log_response] [ERROR]- Internal Server Error: /TUMHistory/SummaryMateria/
Traceback (most recent call last):
  File "C:\Python372\mecheck\lib\site-packages\django\core\handlers\exception.py", line 34, in inner
    response = get_response(request)
  File "C:\Python372\mecheck\lib\site-packages\django\core\handlers\base.py", line 126, in _get_response
    response = self.process_exception_by_middleware(e, request)
  File "C:\Python372\mecheck\lib\site-packages\django\core\handlers\base.py", line 124, in _get_response
    response = wrapped_callback(request, *callback_args, **callback_kwargs)
  File "C:\Python372\mecheck\lib\site-packages\django\views\decorators\csrf.py", line 54, in wrapped_view
    return view_func(*args, **kwargs)
  File "C:\djangoproject\DMS\TUMHistory\views.py", line 578, in SummaryMateria
    sectionProject.append(i["sectionProject"])
KeyError: 'sectionProject'
[2023-10-16 10:43:19,650] [basehttp.py:154] [basehttp:log_message] [ERROR]- "GET /TUMHistory/SummaryMateria/ HTTP/1.1" 500 84344
[2023-10-16 10:44:41,086] [UserIP.py:89] [UserIP:process_response] [CRITICAL]- 系统错误
[2023-10-16 11:37:26,933] [basehttp.py:154] [basehttp:log_message] [ERROR]- "GET /admin/TUMHistory/materiaindqa_tum/15903/change/ HTTP/1.1" 500 59
[2023-10-16 11:40:33,225] [log.py:228] [log:log_response] [ERROR]- Internal Server Error: /TUMHistory/SummaryMateria/
Traceback (most recent call last):
  File "C:\Python372\mecheck\lib\site-packages\django\db\models\query.py", line 64, in __iter__
    obj = model_cls.from_db(db, init_list, row[model_fields_start:model_fields_end])
  File "C:\Python372\mecheck\lib\site-packages\django\db\models\base.py", line 495, in from_db
    for f in cls._meta.concrete_fields
  File "C:\Python372\mecheck\lib\site-packages\django\db\models\base.py", line 495, in <listcomp>
    for f in cls._meta.concrete_fields
StopIteration

The above exception was the direct cause of the following exception:

Traceback (most recent call last):
  File "C:\Python372\mecheck\lib\site-packages\django\core\handlers\exception.py", line 34, in inner
    response = get_response(request)
  File "C:\Python372\mecheck\lib\site-packages\django\core\handlers\base.py", line 126, in _get_response
    response = self.process_exception_by_middleware(e, request)
  File "C:\Python372\mecheck\lib\site-packages\django\core\handlers\base.py", line 124, in _get_response
    response = wrapped_callback(request, *callback_args, **callback_kwargs)
  File "C:\Python372\mecheck\lib\site-packages\django\views\decorators\csrf.py", line 54, in wrapped_view
    return view_func(*args, **kwargs)
  File "C:\djangoproject\DMS\TUMHistory\views.py", line 601, in SummaryMateria
    for i in all_queryset:
  File "C:\Python372\mecheck\lib\site-packages\django\db\models\query.py", line 268, in __iter__
    self._fetch_all()
  File "C:\Python372\mecheck\lib\site-packages\django\db\models\query.py", line 1186, in _fetch_all
    self._result_cache = list(self._iterable_class(self))
RuntimeError: generator raised StopIteration
[2023-10-16 11:40:33,227] [basehttp.py:154] [basehttp:log_message] [ERROR]- "GET /TUMHistory/SummaryMateria/ HTTP/1.1" 500 131196
[2023-10-16 11:41:44,285] [log.py:228] [log:log_response] [ERROR]- Internal Server Error: /TUMHistory/SummaryMateria/
Traceback (most recent call last):
  File "C:\Python372\mecheck\lib\site-packages\django\db\models\query.py", line 64, in __iter__
    obj = model_cls.from_db(db, init_list, row[model_fields_start:model_fields_end])
  File "C:\Python372\mecheck\lib\site-packages\django\db\models\base.py", line 495, in from_db
    for f in cls._meta.concrete_fields
  File "C:\Python372\mecheck\lib\site-packages\django\db\models\base.py", line 495, in <listcomp>
    for f in cls._meta.concrete_fields
StopIteration

The above exception was the direct cause of the following exception:

Traceback (most recent call last):
  File "C:\Python372\mecheck\lib\site-packages\django\core\handlers\exception.py", line 34, in inner
    response = get_response(request)
  File "C:\Python372\mecheck\lib\site-packages\django\core\handlers\base.py", line 126, in _get_response
    response = self.process_exception_by_middleware(e, request)
  File "C:\Python372\mecheck\lib\site-packages\django\core\handlers\base.py", line 124, in _get_response
    response = wrapped_callback(request, *callback_args, **callback_kwargs)
  File "C:\Python372\mecheck\lib\site-packages\django\views\decorators\csrf.py", line 54, in wrapped_view
    return view_func(*args, **kwargs)
  File "C:\djangoproject\DMS\TUMHistory\views.py", line 601, in SummaryMateria
    for i in all_queryset.filter():
  File "C:\Python372\mecheck\lib\site-packages\django\db\models\query.py", line 268, in __iter__
    self._fetch_all()
  File "C:\Python372\mecheck\lib\site-packages\django\db\models\query.py", line 1186, in _fetch_all
    self._result_cache = list(self._iterable_class(self))
RuntimeError: generator raised StopIteration
[2023-10-16 11:41:44,288] [basehttp.py:154] [basehttp:log_message] [ERROR]- "GET /TUMHistory/SummaryMateria/ HTTP/1.1" 500 131214
[2023-10-16 11:41:58,578] [log.py:228] [log:log_response] [ERROR]- Internal Server Error: /TUMHistory/SummaryMateria/
Traceback (most recent call last):
  File "C:\Python372\mecheck\lib\site-packages\django\db\models\query.py", line 64, in __iter__
    obj = model_cls.from_db(db, init_list, row[model_fields_start:model_fields_end])
  File "C:\Python372\mecheck\lib\site-packages\django\db\models\base.py", line 495, in from_db
    for f in cls._meta.concrete_fields
  File "C:\Python372\mecheck\lib\site-packages\django\db\models\base.py", line 495, in <listcomp>
    for f in cls._meta.concrete_fields
StopIteration

The above exception was the direct cause of the following exception:

Traceback (most recent call last):
  File "C:\Python372\mecheck\lib\site-packages\django\core\handlers\exception.py", line 34, in inner
    response = get_response(request)
  File "C:\Python372\mecheck\lib\site-packages\django\core\handlers\base.py", line 126, in _get_response
    response = self.process_exception_by_middleware(e, request)
  File "C:\Python372\mecheck\lib\site-packages\django\core\handlers\base.py", line 124, in _get_response
    response = wrapped_callback(request, *callback_args, **callback_kwargs)
  File "C:\Python372\mecheck\lib\site-packages\django\views\decorators\csrf.py", line 54, in wrapped_view
    return view_func(*args, **kwargs)
  File "C:\djangoproject\DMS\TUMHistory\views.py", line 601, in SummaryMateria
    for i in all_queryset.all():
  File "C:\Python372\mecheck\lib\site-packages\django\db\models\query.py", line 268, in __iter__
    self._fetch_all()
  File "C:\Python372\mecheck\lib\site-packages\django\db\models\query.py", line 1186, in _fetch_all
    self._result_cache = list(self._iterable_class(self))
RuntimeError: generator raised StopIteration
[2023-10-16 11:41:58,581] [basehttp.py:154] [basehttp:log_message] [ERROR]- "GET /TUMHistory/SummaryMateria/ HTTP/1.1" 500 131208
[2023-10-16 11:43:17,771] [log.py:228] [log:log_response] [ERROR]- Internal Server Error: /TUMHistory/SummaryMateria/
Traceback (most recent call last):
  File "C:\Python372\mecheck\lib\site-packages\django\db\models\query.py", line 64, in __iter__
    obj = model_cls.from_db(db, init_list, row[model_fields_start:model_fields_end])
  File "C:\Python372\mecheck\lib\site-packages\django\db\models\base.py", line 495, in from_db
    for f in cls._meta.concrete_fields
  File "C:\Python372\mecheck\lib\site-packages\django\db\models\base.py", line 495, in <listcomp>
    for f in cls._meta.concrete_fields
StopIteration

The above exception was the direct cause of the following exception:

Traceback (most recent call last):
  File "C:\Python372\mecheck\lib\site-packages\django\core\handlers\exception.py", line 34, in inner
    response = get_response(request)
  File "C:\Python372\mecheck\lib\site-packages\django\core\handlers\base.py", line 126, in _get_response
    response = self.process_exception_by_middleware(e, request)
  File "C:\Python372\mecheck\lib\site-packages\django\core\handlers\base.py", line 124, in _get_response
    response = wrapped_callback(request, *callback_args, **callback_kwargs)
  File "C:\Python372\mecheck\lib\site-packages\django\views\decorators\csrf.py", line 54, in wrapped_view
    return view_func(*args, **kwargs)
  File "C:\djangoproject\DMS\TUMHistory\views.py", line 601, in SummaryMateria
    print(all_queryset)
  File "C:\Python372\mecheck\lib\site-packages\django\db\models\query.py", line 244, in __repr__
    data = list(self[:REPR_OUTPUT_SIZE + 1])
  File "C:\Python372\mecheck\lib\site-packages\django\db\models\query.py", line 268, in __iter__
    self._fetch_all()
  File "C:\Python372\mecheck\lib\site-packages\django\db\models\query.py", line 1186, in _fetch_all
    self._result_cache = list(self._iterable_class(self))
RuntimeError: generator raised StopIteration
[2023-10-16 11:43:17,773] [basehttp.py:154] [basehttp:log_message] [ERROR]- "GET /TUMHistory/SummaryMateria/ HTTP/1.1" 500 134863
[2023-10-16 12:02:01,705] [log.py:228] [log:log_response] [ERROR]- Internal Server Error: /TUMHistory/SummaryMateria/
Traceback (most recent call last):
  File "C:\Python372\mecheck\lib\site-packages\django\core\handlers\exception.py", line 34, in inner
    response = get_response(request)
  File "C:\Python372\mecheck\lib\site-packages\django\core\handlers\base.py", line 126, in _get_response
    response = self.process_exception_by_middleware(e, request)
  File "C:\Python372\mecheck\lib\site-packages\django\core\handlers\base.py", line 124, in _get_response
    response = wrapped_callback(request, *callback_args, **callback_kwargs)
  File "C:\Python372\mecheck\lib\site-packages\django\views\decorators\csrf.py", line 54, in wrapped_view
    return view_func(*args, **kwargs)
  File "C:\djangoproject\DMS\TUMHistory\views.py", line 699, in SummaryMateria
    return HttpResponse(json.dumps(data), content_type="application/json")
  File "C:\Python372\lib\json\__init__.py", line 231, in dumps
    return _default_encoder.encode(obj)
  File "C:\Python372\lib\json\encoder.py", line 199, in encode
    chunks = self.iterencode(o, _one_shot=True)
  File "C:\Python372\lib\json\encoder.py", line 257, in iterencode
    return _iterencode(o, 0)
  File "C:\Python372\lib\json\encoder.py", line 179, in default
    raise TypeError(f'Object of type {o.__class__.__name__} '
TypeError: Object of type date is not JSON serializable
[2023-10-16 12:02:01,721] [UserIP.py:89] [UserIP:process_response] [CRITICAL]- 系统错误
[2023-10-16 12:02:01,724] [basehttp.py:154] [basehttp:log_message] [ERROR]- "POST /TUMHistory/SummaryMateria/ HTTP/1.1" 500 160215
[2023-10-16 12:04:49,203] [basehttp.py:154] [basehttp:log_message] [ERROR]- "GET /admin/TUMHistory/unitindqa_tum/ HTTP/1.1" 500 59
[2023-10-16 13:35:26,231] [UserIP.py:89] [UserIP:process_response] [CRITICAL]- 系统错误
[2023-10-16 13:35:31,840] [UserIP.py:89] [UserIP:process_response] [CRITICAL]- 系统错误
