[2021-08-10 08:17:56,479] [log.py:228] [log:log_response] [ERROR]- Internal Server Error: /DeviceLNV/M_Category/
Traceback (most recent call last):
  File "C:\djangoproject\DMS\DeviceLNV\views.py", line 2889, in M_Category
    DeviceDevCtgryList.objects.filter(id=i).delete()
  File "C:\Python372\mecheck\lib\site-packages\django\db\models\query.py", line 662, in delete
    collector.collect(del_query)
  File "C:\Python372\mecheck\lib\site-packages\django\db\models\deletion.py", line 221, in collect
    field.remote_field.on_delete(self, field, sub_objs, self.using)
TypeError: 'bool' object is not callable

During handling of the above exception, another exception occurred:

Traceback (most recent call last):
  File "C:\Python372\mecheck\lib\site-packages\django\core\handlers\exception.py", line 34, in inner
    response = get_response(request)
  File "C:\Python372\mecheck\lib\site-packages\django\core\handlers\base.py", line 126, in _get_response
    response = self.process_exception_by_middleware(e, request)
  File "C:\Python372\mecheck\lib\site-packages\django\core\handlers\base.py", line 124, in _get_response
    response = wrapped_callback(request, *callback_args, **callback_kwargs)
  File "C:\Python372\mecheck\lib\site-packages\django\views\decorators\csrf.py", line 54, in wrapped_view
    return view_func(*args, **kwargs)
  File "C:\djangoproject\DMS\DeviceLNV\views.py", line 2891, in M_Category
    errormessae += """IntfCtgry:%s>DevCtgry:%s 有下层关联数据<br/>""" % (IntfCtgry, DeviceDevCtgryList.objects.filter(id=i).first().IntfCtgry)
AttributeError: 'DeviceDevCtgryList' object has no attribute 'IntfCtgry'
[2021-08-10 08:17:56,483] [UserIP.py:89] [UserIP:process_response] [CRITICAL]- 系统错误
[2021-08-10 08:17:56,483] [basehttp.py:154] [basehttp:log_message] [ERROR]- "POST /DeviceLNV/M_Category/ HTTP/1.1" 500 103374
[2021-08-10 09:30:10,026] [basehttp.py:154] [basehttp:log_message] [ERROR]- "POST /DeviceLNV/M_Category/ HTTP/1.1" 500 59
[2021-08-10 09:30:13,861] [basehttp.py:154] [basehttp:log_message] [ERROR]- "POST /DeviceLNV/M_Category/ HTTP/1.1" 500 59
[2021-08-10 09:30:52,249] [basehttp.py:154] [basehttp:log_message] [ERROR]- "POST /DeviceLNV/M_Category/ HTTP/1.1" 500 59
[2021-08-10 09:31:43,826] [basehttp.py:154] [basehttp:log_message] [ERROR]- "POST /DeviceLNV/M_Category/ HTTP/1.1" 500 59
[2021-08-10 09:32:42,183] [basehttp.py:154] [basehttp:log_message] [ERROR]- "POST /DeviceLNV/M_Category/ HTTP/1.1" 500 59
[2021-08-10 12:09:10,532] [basehttp.py:154] [basehttp:log_message] [ERROR]- "POST /DeviceLNV/M_Category/ HTTP/1.1" 500 59
[2021-08-10 13:07:12,457] [basehttp.py:154] [basehttp:log_message] [ERROR]- "POST /DeviceLNV/M_Category/ HTTP/1.1" 500 59
[2021-08-10 13:14:10,452] [basehttp.py:154] [basehttp:log_message] [ERROR]- "POST /DeviceLNV/M_Category/ HTTP/1.1" 500 59
[2021-08-10 13:15:53,991] [log.py:228] [log:log_response] [ERROR]- Internal Server Error: /DeviceLNV/M_Category/
Traceback (most recent call last):
  File "C:\Python372\mecheck\lib\site-packages\django\core\handlers\exception.py", line 34, in inner
    response = get_response(request)
  File "C:\Python372\mecheck\lib\site-packages\django\core\handlers\base.py", line 126, in _get_response
    response = self.process_exception_by_middleware(e, request)
  File "C:\Python372\mecheck\lib\site-packages\django\core\handlers\base.py", line 124, in _get_response
    response = wrapped_callback(request, *callback_args, **callback_kwargs)
  File "C:\Python372\mecheck\lib\site-packages\django\views\decorators\csrf.py", line 54, in wrapped_view
    return view_func(*args, **kwargs)
  File "C:\djangoproject\DMS\DeviceLNV\views.py", line 3459, in M_Category
    if DevVendor:
UnboundLocalError: local variable 'DevVendor' referenced before assignment
[2021-08-10 13:15:53,994] [UserIP.py:89] [UserIP:process_response] [CRITICAL]- 系统错误
[2021-08-10 13:15:53,994] [basehttp.py:154] [basehttp:log_message] [ERROR]- "POST /DeviceLNV/M_Category/ HTTP/1.1" 500 84743
[2021-08-10 13:36:07,791] [log.py:228] [log:log_response] [ERROR]- Internal Server Error: /DeviceLNV/M_Category/
Traceback (most recent call last):
  File "C:\Python372\mecheck\lib\site-packages\django\core\handlers\exception.py", line 34, in inner
    response = get_response(request)
  File "C:\Python372\mecheck\lib\site-packages\django\core\handlers\base.py", line 126, in _get_response
    response = self.process_exception_by_middleware(e, request)
  File "C:\Python372\mecheck\lib\site-packages\django\core\handlers\base.py", line 124, in _get_response
    response = wrapped_callback(request, *callback_args, **callback_kwargs)
  File "C:\Python372\mecheck\lib\site-packages\django\views\decorators\csrf.py", line 54, in wrapped_view
    return view_func(*args, **kwargs)
  File "C:\djangoproject\DMS\DeviceLNV\views.py", line 3549, in M_Category
    **DeviceDevsizecheck)
  File "C:\Python372\mecheck\lib\site-packages\django\db\models\manager.py", line 82, in manager_method
    return getattr(self.get_queryset(), name)(*args, **kwargs)
  File "C:\Python372\mecheck\lib\site-packages\django\db\models\query.py", line 844, in filter
    return self._filter_or_exclude(False, *args, **kwargs)
  File "C:\Python372\mecheck\lib\site-packages\django\db\models\query.py", line 862, in _filter_or_exclude
    clone.query.add_q(Q(*args, **kwargs))
  File "C:\Python372\mecheck\lib\site-packages\django\db\models\sql\query.py", line 1263, in add_q
    clause, _ = self._add_q(q_object, self.used_aliases)
  File "C:\Python372\mecheck\lib\site-packages\django\db\models\sql\query.py", line 1287, in _add_q
    split_subq=split_subq,
  File "C:\Python372\mecheck\lib\site-packages\django\db\models\sql\query.py", line 1164, in build_filter
    lookups, parts, reffed_expression = self.solve_lookup_type(arg)
  File "C:\Python372\mecheck\lib\site-packages\django\db\models\sql\query.py", line 1028, in solve_lookup_type
    _, field, _, lookup_parts = self.names_to_path(lookup_splitted, self.get_meta())
  File "C:\Python372\mecheck\lib\site-packages\django\db\models\sql\query.py", line 1389, in names_to_path
    "Choices are: %s" % (name, ", ".join(available)))
django.core.exceptions.FieldError: Cannot resolve keyword 'Devproperties_P' into field. Choices are: DevVendor_P, DevVendor_P_id, Devsize, id
[2021-08-10 13:36:07,796] [UserIP.py:89] [UserIP:process_response] [CRITICAL]- 系统错误
[2021-08-10 13:36:07,796] [basehttp.py:154] [basehttp:log_message] [ERROR]- "POST /DeviceLNV/M_Category/ HTTP/1.1" 500 126432
